--------------- Build Started: 04/27/2016 20:53:07 Project: PS2Keyboard, Configuration: ARM GCC 4.9-2015-q1-update Debug ---------------
The code generation step is up to date.
arm-none-eabi-gcc.exe -mcpu=cortex-m3 -mthumb -Wno-main -I. -IGenerated_Source\PSoC5 -Wa,-alh=.\CortexM3\ARM_GCC_493\Debug/keyboard.lst -g -D DEBUG -Wall -ffunction-sections -Og -ffat-lto-objects -c .\keyboard.c -o .\CortexM3\ARM_GCC_493\Debug\keyboard.o
.\keyboard.c:44:2: warning: missing braces around initializer [-Wmissing-braces]
  '`', '~', 0x0E,
  ^
.\keyboard.c:44:2: warning: (near initialization for 'ShiftableScancode[0]') [-Wmissing-braces]
.\keyboard.c:81:2: warning: missing braces around initializer [-Wmissing-braces]
  'a', 'A', 0x1C,
  ^
.\keyboard.c:81:2: warning: (near initialization for 'AlphabetScancode[0]') [-Wmissing-braces]
.\keyboard.c:121:2: warning: missing braces around initializer [-Wmissing-braces]
  0x01, 0x1C, // ^A, SOH
  ^
.\keyboard.c:121:2: warning: (near initialization for 'ControlScancode[0]') [-Wmissing-braces]
.\keyboard.c:165:2: warning: missing braces around initializer [-Wmissing-braces]
  '0', 0x70,
  ^
.\keyboard.c:165:2: warning: (near initialization for 'KeypadScancode[0]') [-Wmissing-braces]
.\keyboard.c:192:2: warning: missing braces around initializer [-Wmissing-braces]
  0x1A, 61155, 30577, // 'z' C3 Low C
  ^
.\keyboard.c:192:2: warning: (near initialization for 'PianoScancode[0]') [-Wmissing-braces]
.\keyboard.c: In function 'KeyboardAction':
.\keyboard.c:401:15: warning: variable 'altIndex' set but not used [-Wunused-but-set-variable]
  static uint8 altIndex = 0;
               ^
.\keyboard.c:400:15: warning: unused variable 'altStr' [-Wunused-variable]
  static uint8 altStr[12];
               ^
.\keyboard.c:395:15: warning: unused variable 'pwm_on' [-Wunused-variable]
  static uint8 pwm_on = 1;  // PWM User Module on or off
               ^
.\keyboard.c:394:15: warning: unused variable 'brightindex' [-Wunused-variable]
  static uint8 brightindex = 127; // PWM LED brightness index
               ^
.\keyboard.c:393:6: warning: unused variable 'i' [-Wunused-variable]
  int i;
      ^
arm-none-eabi-ar.exe -rs .\CortexM3\ARM_GCC_493\Debug\PS2Keyboard.a .\CortexM3\ARM_GCC_493\Debug\cyfitter_cfg.o .\CortexM3\ARM_GCC_493\Debug\CyBootAsmGnu.o .\CortexM3\ARM_GCC_493\Debug\CyDmac.o .\CortexM3\ARM_GCC_493\Debug\CyFlash.o .\CortexM3\ARM_GCC_493\Debug\CyLib.o .\CortexM3\ARM_GCC_493\Debug\cyPm.o .\CortexM3\ARM_GCC_493\Debug\CySpc.o .\CortexM3\ARM_GCC_493\Debug\cyutils.o .\CortexM3\ARM_GCC_493\Debug\UART.o .\CortexM3\ARM_GCC_493\Debug\UART_PM.o .\CortexM3\ARM_GCC_493\Debug\UART_INT.o .\CortexM3\ARM_GCC_493\Debug\UART_BOOT.o .\CortexM3\ARM_GCC_493\Debug\PS2.o .\CortexM3\ARM_GCC_493\Debug\ps2_data.o .\CortexM3\ARM_GCC_493\Debug\ps2_clock.o .\CortexM3\ARM_GCC_493\Debug\UART_IntClock.o .\CortexM3\ARM_GCC_493\Debug\PS2_controlReg.o .\CortexM3\ARM_GCC_493\Debug\PS2_controlReg_PM.o .\CortexM3\ARM_GCC_493\Debug\PS2_statusReg.o .\CortexM3\ARM_GCC_493\Debug\PS2_stateReg.o .\CortexM3\ARM_GCC_493\Debug\PS2_dataIn.o .\CortexM3\ARM_GCC_493\Debug\PS2_dataIn_PM.o .\CortexM3\ARM_GCC_493\Debug\PS2_dataOut.o .\CortexM3\ARM_GCC_493\Debug\PS2_Timer.o .\CortexM3\ARM_GCC_493\Debug\PS2_Timer_PM.o .\CortexM3\ARM_GCC_493\Debug\PS2_Timer_ISR.o .\CortexM3\ARM_GCC_493\Debug\mainClock.o .\CortexM3\ARM_GCC_493\Debug\clock10us.o
arm-none-eabi-ar.exe: creating .\CortexM3\ARM_GCC_493\Debug\PS2Keyboard.a
arm-none-eabi-gcc.exe -Wl,--start-group -o .\CortexM3\ARM_GCC_493\Debug\PS2Keyboard.elf .\CortexM3\ARM_GCC_493\Debug\main.o .\CortexM3\ARM_GCC_493\Debug\keyboard.o .\CortexM3\ARM_GCC_493\Debug\cymetadata.o .\CortexM3\ARM_GCC_493\Debug\Cm3Start.o .\CortexM3\ARM_GCC_493\Debug\PS2Keyboard.a "C:\Program Files (x86)\Cypress\PSoC Creator\3.3\PSoC Creator\psoc\content\cycomponentlibrary\CyComponentLibrary.cylib\CortexM3\ARM_GCC_493\Debug\CyComponentLibrary.a" -mcpu=cortex-m3 -mthumb -g -ffunction-sections -Og -L Generated_Source\PSoC5 -Wl,-Map,.\CortexM3\ARM_GCC_493\Debug/PS2Keyboard.map -T Generated_Source\PSoC5\cm3gcc.ld -specs=nano.specs -Wl,--gc-sections -Wl,--end-group
cyelftool.exe -C "C:\Users\addis\Documents\PSoC Creator\Workspace02\PS2Keyboard.cydsn\CortexM3\ARM_GCC_493\Debug\PS2Keyboard.elf" --flash_row_size 256 --flash_size 262144
cyelftool.exe -S "C:\Users\addis\Documents\PSoC Creator\Workspace02\PS2Keyboard.cydsn\CortexM3\ARM_GCC_493\Debug\PS2Keyboard.elf"
Flash used: 5120 of 262144 bytes (2.0 %).
SRAM used: 2517 of 65536 bytes (3.8 %). Stack: 2048 bytes. Heap: 128 bytes.
--------------- Build Succeeded: 04/27/2016 20:53:08 ---------------
