--------------- Clean Started: 04/21/2016 00:31:57 Project: PS2Keyboard, Configuration: ARM GCC 4.9-2015-q1-update Debug ---------------
Deleting file ".\CortexM3\ARM_GCC_493\Debug\main.o"
Deleting file ".\CortexM3\ARM_GCC_493\Debug\cyfitter_cfg.o"
Deleting file ".\CortexM3\ARM_GCC_493\Debug\cymetadata.o"
Deleting file ".\CortexM3\ARM_GCC_493\Debug\Pin_1.o"
Deleting file ".\CortexM3\ARM_GCC_493\Debug\Pin_2.o"
Deleting file ".\CortexM3\ARM_GCC_493\Debug\Control_Reg_1.o"
Deleting file ".\CortexM3\ARM_GCC_493\Debug\Control_Reg_1_PM.o"
Deleting file ".\CortexM3\ARM_GCC_493\Debug\Clock_1.o"
Deleting file ".\CortexM3\ARM_GCC_493\Debug\Cm3Start.o"
Deleting file ".\CortexM3\ARM_GCC_493\Debug\CyBootAsmGnu.o"
Deleting file ".\CortexM3\ARM_GCC_493\Debug\CyDmac.o"
Deleting file ".\CortexM3\ARM_GCC_493\Debug\CyFlash.o"
Deleting file ".\CortexM3\ARM_GCC_493\Debug\CyLib.o"
Deleting file ".\CortexM3\ARM_GCC_493\Debug\cyPm.o"
Deleting file ".\CortexM3\ARM_GCC_493\Debug\CySpc.o"
Deleting file ".\CortexM3\ARM_GCC_493\Debug\cyutils.o"
Deleting file ".\CortexM3\ARM_GCC_493\Debug\Counter.o"
Deleting file ".\CortexM3\ARM_GCC_493\Debug\Counter_PM.o"
Deleting file ".\CortexM3\ARM_GCC_493\Debug\PS2Keyboard.hex"
Deleting file ".\CortexM3\ARM_GCC_493\Debug\PS2Keyboard.elf"
Deleting file ".\CortexM3\ARM_GCC_493\Debug\PS2Keyboard.map"
Deleting file ".\PS2Keyboard.cycdx"
Deleting file ".\PS2Keyboard.rpt"
Deleting file ".\PS2Keyboard_timing.html"
Deleting file ".\CortexM3\ARM_GCC_493\Debug\.deps\C_FILE.P"
Deleting file ".\CortexM3\ARM_GCC_493\Debug\.deps\ARM_C_FILE.P"
Deleting file ".\CortexM3\ARM_GCC_493\Debug\.deps\GNU_ARM_ASM_FILE.P"
--------------- Clean Succeeded: 04/21/2016 00:31:57 ---------------
