ARM GAS  C:\Users\addis\AppData\Local\Temp\ccuCeQWn.s 			page 1


   1              		.syntax unified
   2              		.cpu cortex-m3
   3              		.fpu softvfp
   4              		.eabi_attribute 20, 1
   5              		.eabi_attribute 21, 1
   6              		.eabi_attribute 23, 3
   7              		.eabi_attribute 24, 1
   8              		.eabi_attribute 25, 1
   9              		.eabi_attribute 26, 1
  10              		.eabi_attribute 30, 1
  11              		.eabi_attribute 34, 1
  12              		.eabi_attribute 18, 4
  13              		.thumb
  14              		.file	"Counter.c"
  15              		.text
  16              	.Ltext0:
  17              		.cfi_sections	.debug_frame
  18              		.section	.text.Counter_Enable,"ax",%progbits
  19              		.align	2
  20              		.global	Counter_Enable
  21              		.thumb
  22              		.thumb_func
  23              		.type	Counter_Enable, %function
  24              	Counter_Enable:
  25              	.LFB1:
  26              		.file 1 ".\\Generated_Source\\PSoC5\\Counter.c"
   1:.\Generated_Source\PSoC5/Counter.c **** /*******************************************************************************
   2:.\Generated_Source\PSoC5/Counter.c **** * File Name: Counter.c  
   3:.\Generated_Source\PSoC5/Counter.c **** * Version 3.0
   4:.\Generated_Source\PSoC5/Counter.c **** *
   5:.\Generated_Source\PSoC5/Counter.c **** *  Description:
   6:.\Generated_Source\PSoC5/Counter.c **** *     The Counter component consists of a 8, 16, 24 or 32-bit counter with
   7:.\Generated_Source\PSoC5/Counter.c **** *     a selectable period between 2 and 2^Width - 1.  
   8:.\Generated_Source\PSoC5/Counter.c **** *
   9:.\Generated_Source\PSoC5/Counter.c **** *   Note:
  10:.\Generated_Source\PSoC5/Counter.c **** *     None
  11:.\Generated_Source\PSoC5/Counter.c **** *
  12:.\Generated_Source\PSoC5/Counter.c **** ********************************************************************************
  13:.\Generated_Source\PSoC5/Counter.c **** * Copyright 2008-2012, Cypress Semiconductor Corporation.  All rights reserved.
  14:.\Generated_Source\PSoC5/Counter.c **** * You may use this file only in accordance with the license, terms, conditions, 
  15:.\Generated_Source\PSoC5/Counter.c **** * disclaimers, and limitations in the end user license agreement accompanying 
  16:.\Generated_Source\PSoC5/Counter.c **** * the software package with which this file was provided.
  17:.\Generated_Source\PSoC5/Counter.c **** *******************************************************************************/
  18:.\Generated_Source\PSoC5/Counter.c **** 
  19:.\Generated_Source\PSoC5/Counter.c **** #include "Counter.h"
  20:.\Generated_Source\PSoC5/Counter.c **** 
  21:.\Generated_Source\PSoC5/Counter.c **** uint8 Counter_initVar = 0u;
  22:.\Generated_Source\PSoC5/Counter.c **** 
  23:.\Generated_Source\PSoC5/Counter.c **** 
  24:.\Generated_Source\PSoC5/Counter.c **** /*******************************************************************************
  25:.\Generated_Source\PSoC5/Counter.c **** * Function Name: Counter_Init
  26:.\Generated_Source\PSoC5/Counter.c **** ********************************************************************************
  27:.\Generated_Source\PSoC5/Counter.c **** * Summary:
  28:.\Generated_Source\PSoC5/Counter.c **** *     Initialize to the schematic state
  29:.\Generated_Source\PSoC5/Counter.c **** * 
  30:.\Generated_Source\PSoC5/Counter.c **** * Parameters:  
  31:.\Generated_Source\PSoC5/Counter.c **** *  void  
ARM GAS  C:\Users\addis\AppData\Local\Temp\ccuCeQWn.s 			page 2


  32:.\Generated_Source\PSoC5/Counter.c **** *
  33:.\Generated_Source\PSoC5/Counter.c **** * Return: 
  34:.\Generated_Source\PSoC5/Counter.c **** *  void
  35:.\Generated_Source\PSoC5/Counter.c **** *
  36:.\Generated_Source\PSoC5/Counter.c **** *******************************************************************************/
  37:.\Generated_Source\PSoC5/Counter.c **** void Counter_Init(void) 
  38:.\Generated_Source\PSoC5/Counter.c **** {
  39:.\Generated_Source\PSoC5/Counter.c ****         #if (!Counter_UsingFixedFunction && !Counter_ControlRegRemoved)
  40:.\Generated_Source\PSoC5/Counter.c ****             uint8 ctrl;
  41:.\Generated_Source\PSoC5/Counter.c ****         #endif /* (!Counter_UsingFixedFunction && !Counter_ControlRegRemoved) */
  42:.\Generated_Source\PSoC5/Counter.c ****         
  43:.\Generated_Source\PSoC5/Counter.c ****         #if(!Counter_UsingFixedFunction) 
  44:.\Generated_Source\PSoC5/Counter.c ****             /* Interrupt State Backup for Critical Region*/
  45:.\Generated_Source\PSoC5/Counter.c ****             uint8 Counter_interruptState;
  46:.\Generated_Source\PSoC5/Counter.c ****         #endif /* (!Counter_UsingFixedFunction) */
  47:.\Generated_Source\PSoC5/Counter.c ****         
  48:.\Generated_Source\PSoC5/Counter.c ****         #if (Counter_UsingFixedFunction)
  49:.\Generated_Source\PSoC5/Counter.c ****             /* Clear all bits but the enable bit (if it's already set for Timer operation */
  50:.\Generated_Source\PSoC5/Counter.c ****             Counter_CONTROL &= Counter_CTRL_ENABLE;
  51:.\Generated_Source\PSoC5/Counter.c ****             
  52:.\Generated_Source\PSoC5/Counter.c ****             /* Clear the mode bits for continuous run mode */
  53:.\Generated_Source\PSoC5/Counter.c ****             #if (CY_PSOC5A)
  54:.\Generated_Source\PSoC5/Counter.c ****                 Counter_CONTROL2 &= ((uint8)(~Counter_CTRL_MODE_MASK));
  55:.\Generated_Source\PSoC5/Counter.c ****             #endif /* (CY_PSOC5A) */
  56:.\Generated_Source\PSoC5/Counter.c ****             #if (CY_PSOC3 || CY_PSOC5LP)
  57:.\Generated_Source\PSoC5/Counter.c ****                 Counter_CONTROL3 &= ((uint8)(~Counter_CTRL_MODE_MASK));                
  58:.\Generated_Source\PSoC5/Counter.c ****             #endif /* (CY_PSOC3 || CY_PSOC5LP) */
  59:.\Generated_Source\PSoC5/Counter.c ****             /* Check if One Shot mode is enabled i.e. RunMode !=0*/
  60:.\Generated_Source\PSoC5/Counter.c ****             #if (Counter_RunModeUsed != 0x0u)
  61:.\Generated_Source\PSoC5/Counter.c ****                 /* Set 3rd bit of Control register to enable one shot mode */
  62:.\Generated_Source\PSoC5/Counter.c ****                 Counter_CONTROL |= Counter_ONESHOT;
  63:.\Generated_Source\PSoC5/Counter.c ****             #endif /* (Counter_RunModeUsed != 0x0u) */
  64:.\Generated_Source\PSoC5/Counter.c ****             
  65:.\Generated_Source\PSoC5/Counter.c ****             /* Set the IRQ to use the status register interrupts */
  66:.\Generated_Source\PSoC5/Counter.c ****             Counter_CONTROL2 |= Counter_CTRL2_IRQ_SEL;
  67:.\Generated_Source\PSoC5/Counter.c ****             
  68:.\Generated_Source\PSoC5/Counter.c ****             /* Clear and Set SYNCTC and SYNCCMP bits of RT1 register */
  69:.\Generated_Source\PSoC5/Counter.c ****             Counter_RT1 &= ((uint8)(~Counter_RT1_MASK));
  70:.\Generated_Source\PSoC5/Counter.c ****             Counter_RT1 |= Counter_SYNC;     
  71:.\Generated_Source\PSoC5/Counter.c ****                     
  72:.\Generated_Source\PSoC5/Counter.c ****             /*Enable DSI Sync all all inputs of the Timer*/
  73:.\Generated_Source\PSoC5/Counter.c ****             Counter_RT1 &= ((uint8)(~Counter_SYNCDSI_MASK));
  74:.\Generated_Source\PSoC5/Counter.c ****             Counter_RT1 |= Counter_SYNCDSI_EN;
  75:.\Generated_Source\PSoC5/Counter.c **** 
  76:.\Generated_Source\PSoC5/Counter.c ****         #else
  77:.\Generated_Source\PSoC5/Counter.c ****             #if(!Counter_ControlRegRemoved)
  78:.\Generated_Source\PSoC5/Counter.c ****             /* Set the default compare mode defined in the parameter */
  79:.\Generated_Source\PSoC5/Counter.c ****             ctrl = Counter_CONTROL & ((uint8)(~Counter_CTRL_CMPMODE_MASK));
  80:.\Generated_Source\PSoC5/Counter.c ****             Counter_CONTROL = ctrl | Counter_DEFAULT_COMPARE_MODE;
  81:.\Generated_Source\PSoC5/Counter.c ****             
  82:.\Generated_Source\PSoC5/Counter.c ****             /* Set the default capture mode defined in the parameter */
  83:.\Generated_Source\PSoC5/Counter.c ****             ctrl = Counter_CONTROL & ((uint8)(~Counter_CTRL_CAPMODE_MASK));
  84:.\Generated_Source\PSoC5/Counter.c ****             
  85:.\Generated_Source\PSoC5/Counter.c ****             #if( 0 != Counter_CAPTURE_MODE_CONF)
  86:.\Generated_Source\PSoC5/Counter.c ****                 Counter_CONTROL = ctrl | Counter_DEFAULT_CAPTURE_MODE;
  87:.\Generated_Source\PSoC5/Counter.c ****             #else
  88:.\Generated_Source\PSoC5/Counter.c ****                 Counter_CONTROL = ctrl;
ARM GAS  C:\Users\addis\AppData\Local\Temp\ccuCeQWn.s 			page 3


  89:.\Generated_Source\PSoC5/Counter.c ****             #endif /* 0 != Counter_CAPTURE_MODE */ 
  90:.\Generated_Source\PSoC5/Counter.c ****             
  91:.\Generated_Source\PSoC5/Counter.c ****             #endif /* (!Counter_ControlRegRemoved) */
  92:.\Generated_Source\PSoC5/Counter.c ****         #endif /* (Counter_UsingFixedFunction) */
  93:.\Generated_Source\PSoC5/Counter.c ****         
  94:.\Generated_Source\PSoC5/Counter.c ****         /* Clear all data in the FIFO's */
  95:.\Generated_Source\PSoC5/Counter.c ****         #if (!Counter_UsingFixedFunction)
  96:.\Generated_Source\PSoC5/Counter.c ****             Counter_ClearFIFO();
  97:.\Generated_Source\PSoC5/Counter.c ****         #endif /* (!Counter_UsingFixedFunction) */
  98:.\Generated_Source\PSoC5/Counter.c ****         
  99:.\Generated_Source\PSoC5/Counter.c ****         /* Set Initial values from Configuration */
 100:.\Generated_Source\PSoC5/Counter.c ****         Counter_WritePeriod(Counter_INIT_PERIOD_VALUE);
 101:.\Generated_Source\PSoC5/Counter.c ****         #if (!(Counter_UsingFixedFunction && (CY_PSOC5A)))
 102:.\Generated_Source\PSoC5/Counter.c ****             Counter_WriteCounter(Counter_INIT_COUNTER_VALUE);
 103:.\Generated_Source\PSoC5/Counter.c ****         #endif /* (!(Counter_UsingFixedFunction && (CY_PSOC5A))) */
 104:.\Generated_Source\PSoC5/Counter.c ****         Counter_SetInterruptMode(Counter_INIT_INTERRUPTS_MASK);
 105:.\Generated_Source\PSoC5/Counter.c ****         
 106:.\Generated_Source\PSoC5/Counter.c ****         #if (!Counter_UsingFixedFunction)
 107:.\Generated_Source\PSoC5/Counter.c ****             /* Read the status register to clear the unwanted interrupts */
 108:.\Generated_Source\PSoC5/Counter.c ****             (void)Counter_ReadStatusRegister();
 109:.\Generated_Source\PSoC5/Counter.c ****             /* Set the compare value (only available to non-fixed function implementation */
 110:.\Generated_Source\PSoC5/Counter.c ****             Counter_WriteCompare(Counter_INIT_COMPARE_VALUE);
 111:.\Generated_Source\PSoC5/Counter.c ****             /* Use the interrupt output of the status register for IRQ output */
 112:.\Generated_Source\PSoC5/Counter.c ****             
 113:.\Generated_Source\PSoC5/Counter.c ****             /* CyEnterCriticalRegion and CyExitCriticalRegion are used to mark following region cri
 114:.\Generated_Source\PSoC5/Counter.c ****             /* Enter Critical Region*/
 115:.\Generated_Source\PSoC5/Counter.c ****             Counter_interruptState = CyEnterCriticalSection();
 116:.\Generated_Source\PSoC5/Counter.c ****             
 117:.\Generated_Source\PSoC5/Counter.c ****             Counter_STATUS_AUX_CTRL |= Counter_STATUS_ACTL_INT_EN_MASK;
 118:.\Generated_Source\PSoC5/Counter.c ****             
 119:.\Generated_Source\PSoC5/Counter.c ****             /* Exit Critical Region*/
 120:.\Generated_Source\PSoC5/Counter.c ****             CyExitCriticalSection(Counter_interruptState);
 121:.\Generated_Source\PSoC5/Counter.c ****             
 122:.\Generated_Source\PSoC5/Counter.c ****         #endif /* (!Counter_UsingFixedFunction) */
 123:.\Generated_Source\PSoC5/Counter.c **** }
 124:.\Generated_Source\PSoC5/Counter.c **** 
 125:.\Generated_Source\PSoC5/Counter.c **** 
 126:.\Generated_Source\PSoC5/Counter.c **** /*******************************************************************************
 127:.\Generated_Source\PSoC5/Counter.c **** * Function Name: Counter_Enable
 128:.\Generated_Source\PSoC5/Counter.c **** ********************************************************************************
 129:.\Generated_Source\PSoC5/Counter.c **** * Summary:
 130:.\Generated_Source\PSoC5/Counter.c **** *     Enable the Counter
 131:.\Generated_Source\PSoC5/Counter.c **** * 
 132:.\Generated_Source\PSoC5/Counter.c **** * Parameters:  
 133:.\Generated_Source\PSoC5/Counter.c **** *  void  
 134:.\Generated_Source\PSoC5/Counter.c **** *
 135:.\Generated_Source\PSoC5/Counter.c **** * Return: 
 136:.\Generated_Source\PSoC5/Counter.c **** *  void
 137:.\Generated_Source\PSoC5/Counter.c **** *
 138:.\Generated_Source\PSoC5/Counter.c **** * Side Effects: 
 139:.\Generated_Source\PSoC5/Counter.c **** *   If the Enable mode is set to Hardware only then this function has no effect 
 140:.\Generated_Source\PSoC5/Counter.c **** *   on the operation of the counter.
 141:.\Generated_Source\PSoC5/Counter.c **** *
 142:.\Generated_Source\PSoC5/Counter.c **** *******************************************************************************/
 143:.\Generated_Source\PSoC5/Counter.c **** void Counter_Enable(void) 
 144:.\Generated_Source\PSoC5/Counter.c **** {
  27              		.loc 1 144 0
ARM GAS  C:\Users\addis\AppData\Local\Temp\ccuCeQWn.s 			page 4


  28              		.cfi_startproc
  29              		@ args = 0, pretend = 0, frame = 0
  30              		@ frame_needed = 0, uses_anonymous_args = 0
  31              		@ link register save eliminated.
 145:.\Generated_Source\PSoC5/Counter.c ****     /* Globally Enable the Fixed Function Block chosen */
 146:.\Generated_Source\PSoC5/Counter.c ****     #if (Counter_UsingFixedFunction)
 147:.\Generated_Source\PSoC5/Counter.c ****         Counter_GLOBAL_ENABLE |= Counter_BLOCK_EN_MASK;
  32              		.loc 1 147 0
  33 0000 084A     		ldr	r2, .L2
  34 0002 1378     		ldrb	r3, [r2]	@ zero_extendqisi2
  35 0004 43F00103 		orr	r3, r3, #1
  36 0008 1370     		strb	r3, [r2]
 148:.\Generated_Source\PSoC5/Counter.c ****         Counter_GLOBAL_STBY_ENABLE |= Counter_BLOCK_STBY_EN_MASK;
  37              		.loc 1 148 0
  38 000a 1032     		adds	r2, r2, #16
  39 000c 1378     		ldrb	r3, [r2]	@ zero_extendqisi2
  40 000e 43F00103 		orr	r3, r3, #1
  41 0012 1370     		strb	r3, [r2]
 149:.\Generated_Source\PSoC5/Counter.c ****     #endif /* (Counter_UsingFixedFunction) */  
 150:.\Generated_Source\PSoC5/Counter.c ****         
 151:.\Generated_Source\PSoC5/Counter.c ****     /* Enable the counter from the control register  */
 152:.\Generated_Source\PSoC5/Counter.c ****     /* If Fixed Function then make sure Mode is set correctly */
 153:.\Generated_Source\PSoC5/Counter.c ****     /* else make sure reset is clear */
 154:.\Generated_Source\PSoC5/Counter.c ****     #if(!Counter_ControlRegRemoved || Counter_UsingFixedFunction)
 155:.\Generated_Source\PSoC5/Counter.c ****         Counter_CONTROL |= Counter_CTRL_ENABLE;                
  42              		.loc 1 155 0
  43 0014 02F64D32 		addw	r2, r2, #2893
  44 0018 1378     		ldrb	r3, [r2]	@ zero_extendqisi2
  45 001a 43F00103 		orr	r3, r3, #1
  46 001e 1370     		strb	r3, [r2]
  47 0020 7047     		bx	lr
  48              	.L3:
  49 0022 00BF     		.align	2
  50              	.L2:
  51 0024 A3430040 		.word	1073759139
  52              		.cfi_endproc
  53              	.LFE1:
  54              		.size	Counter_Enable, .-Counter_Enable
  55              		.section	.text.Counter_Stop,"ax",%progbits
  56              		.align	2
  57              		.global	Counter_Stop
  58              		.thumb
  59              		.thumb_func
  60              		.type	Counter_Stop, %function
  61              	Counter_Stop:
  62              	.LFB3:
 156:.\Generated_Source\PSoC5/Counter.c ****     #endif /* (!Counter_ControlRegRemoved || Counter_UsingFixedFunction) */
 157:.\Generated_Source\PSoC5/Counter.c ****     
 158:.\Generated_Source\PSoC5/Counter.c **** }
 159:.\Generated_Source\PSoC5/Counter.c **** 
 160:.\Generated_Source\PSoC5/Counter.c **** 
 161:.\Generated_Source\PSoC5/Counter.c **** /*******************************************************************************
 162:.\Generated_Source\PSoC5/Counter.c **** * Function Name: Counter_Start
 163:.\Generated_Source\PSoC5/Counter.c **** ********************************************************************************
 164:.\Generated_Source\PSoC5/Counter.c **** * Summary:
 165:.\Generated_Source\PSoC5/Counter.c **** *  Enables the counter for operation 
 166:.\Generated_Source\PSoC5/Counter.c **** *
ARM GAS  C:\Users\addis\AppData\Local\Temp\ccuCeQWn.s 			page 5


 167:.\Generated_Source\PSoC5/Counter.c **** * Parameters:  
 168:.\Generated_Source\PSoC5/Counter.c **** *  void  
 169:.\Generated_Source\PSoC5/Counter.c **** *
 170:.\Generated_Source\PSoC5/Counter.c **** * Return: 
 171:.\Generated_Source\PSoC5/Counter.c **** *  void
 172:.\Generated_Source\PSoC5/Counter.c **** *
 173:.\Generated_Source\PSoC5/Counter.c **** * Global variables:
 174:.\Generated_Source\PSoC5/Counter.c **** *  Counter_initVar: Is modified when this function is called for the  
 175:.\Generated_Source\PSoC5/Counter.c **** *   first time. Is used to ensure that initialization happens only once.
 176:.\Generated_Source\PSoC5/Counter.c **** *
 177:.\Generated_Source\PSoC5/Counter.c **** *******************************************************************************/
 178:.\Generated_Source\PSoC5/Counter.c **** void Counter_Start(void) 
 179:.\Generated_Source\PSoC5/Counter.c **** {
 180:.\Generated_Source\PSoC5/Counter.c ****     if(Counter_initVar == 0u)
 181:.\Generated_Source\PSoC5/Counter.c ****     {
 182:.\Generated_Source\PSoC5/Counter.c ****         Counter_Init();
 183:.\Generated_Source\PSoC5/Counter.c ****         
 184:.\Generated_Source\PSoC5/Counter.c ****         Counter_initVar = 1u; /* Clear this bit for Initialization */        
 185:.\Generated_Source\PSoC5/Counter.c ****     }
 186:.\Generated_Source\PSoC5/Counter.c ****     
 187:.\Generated_Source\PSoC5/Counter.c ****     /* Enable the Counter */
 188:.\Generated_Source\PSoC5/Counter.c ****     Counter_Enable();        
 189:.\Generated_Source\PSoC5/Counter.c **** }
 190:.\Generated_Source\PSoC5/Counter.c **** 
 191:.\Generated_Source\PSoC5/Counter.c **** 
 192:.\Generated_Source\PSoC5/Counter.c **** /*******************************************************************************
 193:.\Generated_Source\PSoC5/Counter.c **** * Function Name: Counter_Stop
 194:.\Generated_Source\PSoC5/Counter.c **** ********************************************************************************
 195:.\Generated_Source\PSoC5/Counter.c **** * Summary:
 196:.\Generated_Source\PSoC5/Counter.c **** * Halts the counter, but does not change any modes or disable interrupts.
 197:.\Generated_Source\PSoC5/Counter.c **** *
 198:.\Generated_Source\PSoC5/Counter.c **** * Parameters:  
 199:.\Generated_Source\PSoC5/Counter.c **** *  void  
 200:.\Generated_Source\PSoC5/Counter.c **** *
 201:.\Generated_Source\PSoC5/Counter.c **** * Return: 
 202:.\Generated_Source\PSoC5/Counter.c **** *  void
 203:.\Generated_Source\PSoC5/Counter.c **** *
 204:.\Generated_Source\PSoC5/Counter.c **** * Side Effects: If the Enable mode is set to Hardware only then this function
 205:.\Generated_Source\PSoC5/Counter.c **** *               has no effect on the operation of the counter.
 206:.\Generated_Source\PSoC5/Counter.c **** *
 207:.\Generated_Source\PSoC5/Counter.c **** *******************************************************************************/
 208:.\Generated_Source\PSoC5/Counter.c **** void Counter_Stop(void) 
 209:.\Generated_Source\PSoC5/Counter.c **** {
  63              		.loc 1 209 0
  64              		.cfi_startproc
  65              		@ args = 0, pretend = 0, frame = 0
  66              		@ frame_needed = 0, uses_anonymous_args = 0
  67              		@ link register save eliminated.
 210:.\Generated_Source\PSoC5/Counter.c ****     /* Disable Counter */
 211:.\Generated_Source\PSoC5/Counter.c ****     #if(!Counter_ControlRegRemoved || Counter_UsingFixedFunction)
 212:.\Generated_Source\PSoC5/Counter.c ****         Counter_CONTROL &= ((uint8)(~Counter_CTRL_ENABLE));        
  68              		.loc 1 212 0
  69 0000 084A     		ldr	r2, .L5
  70 0002 1378     		ldrb	r3, [r2]	@ zero_extendqisi2
  71 0004 03F0FE03 		and	r3, r3, #254
  72 0008 1370     		strb	r3, [r2]
 213:.\Generated_Source\PSoC5/Counter.c ****     #endif /* (!Counter_ControlRegRemoved || Counter_UsingFixedFunction) */
ARM GAS  C:\Users\addis\AppData\Local\Temp\ccuCeQWn.s 			page 6


 214:.\Generated_Source\PSoC5/Counter.c ****     
 215:.\Generated_Source\PSoC5/Counter.c ****     /* Globally disable the Fixed Function Block chosen */
 216:.\Generated_Source\PSoC5/Counter.c ****     #if (Counter_UsingFixedFunction)
 217:.\Generated_Source\PSoC5/Counter.c ****         Counter_GLOBAL_ENABLE &= ((uint8)(~Counter_BLOCK_EN_MASK));
  73              		.loc 1 217 0
  74 000a A2F65D32 		subw	r2, r2, #2909
  75 000e 1378     		ldrb	r3, [r2]	@ zero_extendqisi2
  76 0010 03F0FE03 		and	r3, r3, #254
  77 0014 1370     		strb	r3, [r2]
 218:.\Generated_Source\PSoC5/Counter.c ****         Counter_GLOBAL_STBY_ENABLE &= ((uint8)(~Counter_BLOCK_STBY_EN_MASK));
  78              		.loc 1 218 0
  79 0016 1032     		adds	r2, r2, #16
  80 0018 1378     		ldrb	r3, [r2]	@ zero_extendqisi2
  81 001a 03F0FE03 		and	r3, r3, #254
  82 001e 1370     		strb	r3, [r2]
  83 0020 7047     		bx	lr
  84              	.L6:
  85 0022 00BF     		.align	2
  86              	.L5:
  87 0024 004F0040 		.word	1073762048
  88              		.cfi_endproc
  89              	.LFE3:
  90              		.size	Counter_Stop, .-Counter_Stop
  91              		.section	.text.Counter_SetInterruptMode,"ax",%progbits
  92              		.align	2
  93              		.global	Counter_SetInterruptMode
  94              		.thumb
  95              		.thumb_func
  96              		.type	Counter_SetInterruptMode, %function
  97              	Counter_SetInterruptMode:
  98              	.LFB4:
 219:.\Generated_Source\PSoC5/Counter.c ****     #endif /* (Counter_UsingFixedFunction) */
 220:.\Generated_Source\PSoC5/Counter.c **** }
 221:.\Generated_Source\PSoC5/Counter.c **** 
 222:.\Generated_Source\PSoC5/Counter.c **** 
 223:.\Generated_Source\PSoC5/Counter.c **** /*******************************************************************************
 224:.\Generated_Source\PSoC5/Counter.c **** * Function Name: Counter_SetInterruptMode
 225:.\Generated_Source\PSoC5/Counter.c **** ********************************************************************************
 226:.\Generated_Source\PSoC5/Counter.c **** * Summary:
 227:.\Generated_Source\PSoC5/Counter.c **** * Configures which interrupt sources are enabled to generate the final interrupt
 228:.\Generated_Source\PSoC5/Counter.c **** *
 229:.\Generated_Source\PSoC5/Counter.c **** * Parameters:  
 230:.\Generated_Source\PSoC5/Counter.c **** *  InterruptsMask: This parameter is an or'd collection of the status bits
 231:.\Generated_Source\PSoC5/Counter.c **** *                   which will be allowed to generate the counters interrupt.   
 232:.\Generated_Source\PSoC5/Counter.c **** *
 233:.\Generated_Source\PSoC5/Counter.c **** * Return: 
 234:.\Generated_Source\PSoC5/Counter.c **** *  void
 235:.\Generated_Source\PSoC5/Counter.c **** *
 236:.\Generated_Source\PSoC5/Counter.c **** *******************************************************************************/
 237:.\Generated_Source\PSoC5/Counter.c **** void Counter_SetInterruptMode(uint8 interruptsMask) 
 238:.\Generated_Source\PSoC5/Counter.c **** {
  99              		.loc 1 238 0
 100              		.cfi_startproc
 101              		@ args = 0, pretend = 0, frame = 0
 102              		@ frame_needed = 0, uses_anonymous_args = 0
 103              		@ link register save eliminated.
 104              	.LVL0:
ARM GAS  C:\Users\addis\AppData\Local\Temp\ccuCeQWn.s 			page 7


 239:.\Generated_Source\PSoC5/Counter.c ****     Counter_STATUS_MASK = interruptsMask;
 105              		.loc 1 239 0
 106 0000 014B     		ldr	r3, .L8
 107 0002 1870     		strb	r0, [r3]
 108 0004 7047     		bx	lr
 109              	.L9:
 110 0006 00BF     		.align	2
 111              	.L8:
 112 0008 034F0040 		.word	1073762051
 113              		.cfi_endproc
 114              	.LFE4:
 115              		.size	Counter_SetInterruptMode, .-Counter_SetInterruptMode
 116              		.section	.text.Counter_ReadStatusRegister,"ax",%progbits
 117              		.align	2
 118              		.global	Counter_ReadStatusRegister
 119              		.thumb
 120              		.thumb_func
 121              		.type	Counter_ReadStatusRegister, %function
 122              	Counter_ReadStatusRegister:
 123              	.LFB5:
 240:.\Generated_Source\PSoC5/Counter.c **** }
 241:.\Generated_Source\PSoC5/Counter.c **** 
 242:.\Generated_Source\PSoC5/Counter.c **** 
 243:.\Generated_Source\PSoC5/Counter.c **** /*******************************************************************************
 244:.\Generated_Source\PSoC5/Counter.c **** * Function Name: Counter_ReadStatusRegister
 245:.\Generated_Source\PSoC5/Counter.c **** ********************************************************************************
 246:.\Generated_Source\PSoC5/Counter.c **** * Summary:
 247:.\Generated_Source\PSoC5/Counter.c **** *   Reads the status register and returns it's state. This function should use
 248:.\Generated_Source\PSoC5/Counter.c **** *       defined types for the bit-field information as the bits in this
 249:.\Generated_Source\PSoC5/Counter.c **** *       register may be permuteable.
 250:.\Generated_Source\PSoC5/Counter.c **** *
 251:.\Generated_Source\PSoC5/Counter.c **** * Parameters:  
 252:.\Generated_Source\PSoC5/Counter.c **** *  void
 253:.\Generated_Source\PSoC5/Counter.c **** *
 254:.\Generated_Source\PSoC5/Counter.c **** * Return: 
 255:.\Generated_Source\PSoC5/Counter.c **** *  (uint8) The contents of the status register
 256:.\Generated_Source\PSoC5/Counter.c **** *
 257:.\Generated_Source\PSoC5/Counter.c **** * Side Effects:
 258:.\Generated_Source\PSoC5/Counter.c **** *   Status register bits may be clear on read. 
 259:.\Generated_Source\PSoC5/Counter.c **** *
 260:.\Generated_Source\PSoC5/Counter.c **** *******************************************************************************/
 261:.\Generated_Source\PSoC5/Counter.c **** uint8   Counter_ReadStatusRegister(void) 
 262:.\Generated_Source\PSoC5/Counter.c **** {
 124              		.loc 1 262 0
 125              		.cfi_startproc
 126              		@ args = 0, pretend = 0, frame = 0
 127              		@ frame_needed = 0, uses_anonymous_args = 0
 128              		@ link register save eliminated.
 263:.\Generated_Source\PSoC5/Counter.c ****     return Counter_STATUS;
 129              		.loc 1 263 0
 130 0000 014B     		ldr	r3, .L11
 131 0002 1878     		ldrb	r0, [r3]	@ zero_extendqisi2
 264:.\Generated_Source\PSoC5/Counter.c **** }
 132              		.loc 1 264 0
 133 0004 7047     		bx	lr
 134              	.L12:
 135 0006 00BF     		.align	2
ARM GAS  C:\Users\addis\AppData\Local\Temp\ccuCeQWn.s 			page 8


 136              	.L11:
 137 0008 034F0040 		.word	1073762051
 138              		.cfi_endproc
 139              	.LFE5:
 140              		.size	Counter_ReadStatusRegister, .-Counter_ReadStatusRegister
 141              		.section	.text.Counter_ReadControlRegister,"ax",%progbits
 142              		.align	2
 143              		.global	Counter_ReadControlRegister
 144              		.thumb
 145              		.thumb_func
 146              		.type	Counter_ReadControlRegister, %function
 147              	Counter_ReadControlRegister:
 148              	.LFB6:
 265:.\Generated_Source\PSoC5/Counter.c **** 
 266:.\Generated_Source\PSoC5/Counter.c **** 
 267:.\Generated_Source\PSoC5/Counter.c **** #if(!Counter_ControlRegRemoved)
 268:.\Generated_Source\PSoC5/Counter.c **** /*******************************************************************************
 269:.\Generated_Source\PSoC5/Counter.c **** * Function Name: Counter_ReadControlRegister
 270:.\Generated_Source\PSoC5/Counter.c **** ********************************************************************************
 271:.\Generated_Source\PSoC5/Counter.c **** * Summary:
 272:.\Generated_Source\PSoC5/Counter.c **** *   Reads the control register and returns it's state. This function should use
 273:.\Generated_Source\PSoC5/Counter.c **** *       defined types for the bit-field information as the bits in this
 274:.\Generated_Source\PSoC5/Counter.c **** *       register may be permuteable.
 275:.\Generated_Source\PSoC5/Counter.c **** *
 276:.\Generated_Source\PSoC5/Counter.c **** * Parameters:  
 277:.\Generated_Source\PSoC5/Counter.c **** *  void
 278:.\Generated_Source\PSoC5/Counter.c **** *
 279:.\Generated_Source\PSoC5/Counter.c **** * Return: 
 280:.\Generated_Source\PSoC5/Counter.c **** *  (uint8) The contents of the control register
 281:.\Generated_Source\PSoC5/Counter.c **** *
 282:.\Generated_Source\PSoC5/Counter.c **** *******************************************************************************/
 283:.\Generated_Source\PSoC5/Counter.c **** uint8   Counter_ReadControlRegister(void) 
 284:.\Generated_Source\PSoC5/Counter.c **** {
 149              		.loc 1 284 0
 150              		.cfi_startproc
 151              		@ args = 0, pretend = 0, frame = 0
 152              		@ frame_needed = 0, uses_anonymous_args = 0
 153              		@ link register save eliminated.
 285:.\Generated_Source\PSoC5/Counter.c ****     return Counter_CONTROL;
 154              		.loc 1 285 0
 155 0000 014B     		ldr	r3, .L14
 156 0002 1878     		ldrb	r0, [r3]	@ zero_extendqisi2
 286:.\Generated_Source\PSoC5/Counter.c **** }
 157              		.loc 1 286 0
 158 0004 7047     		bx	lr
 159              	.L15:
 160 0006 00BF     		.align	2
 161              	.L14:
 162 0008 004F0040 		.word	1073762048
 163              		.cfi_endproc
 164              	.LFE6:
 165              		.size	Counter_ReadControlRegister, .-Counter_ReadControlRegister
 166              		.section	.text.Counter_WriteControlRegister,"ax",%progbits
 167              		.align	2
 168              		.global	Counter_WriteControlRegister
 169              		.thumb
 170              		.thumb_func
ARM GAS  C:\Users\addis\AppData\Local\Temp\ccuCeQWn.s 			page 9


 171              		.type	Counter_WriteControlRegister, %function
 172              	Counter_WriteControlRegister:
 173              	.LFB7:
 287:.\Generated_Source\PSoC5/Counter.c **** 
 288:.\Generated_Source\PSoC5/Counter.c **** 
 289:.\Generated_Source\PSoC5/Counter.c **** /*******************************************************************************
 290:.\Generated_Source\PSoC5/Counter.c **** * Function Name: Counter_WriteControlRegister
 291:.\Generated_Source\PSoC5/Counter.c **** ********************************************************************************
 292:.\Generated_Source\PSoC5/Counter.c **** * Summary:
 293:.\Generated_Source\PSoC5/Counter.c **** *   Sets the bit-field of the control register.  This function should use
 294:.\Generated_Source\PSoC5/Counter.c **** *       defined types for the bit-field information as the bits in this
 295:.\Generated_Source\PSoC5/Counter.c **** *       register may be permuteable.
 296:.\Generated_Source\PSoC5/Counter.c **** *
 297:.\Generated_Source\PSoC5/Counter.c **** * Parameters:  
 298:.\Generated_Source\PSoC5/Counter.c **** *  void
 299:.\Generated_Source\PSoC5/Counter.c **** *
 300:.\Generated_Source\PSoC5/Counter.c **** * Return: 
 301:.\Generated_Source\PSoC5/Counter.c **** *  (uint8) The contents of the control register
 302:.\Generated_Source\PSoC5/Counter.c **** *
 303:.\Generated_Source\PSoC5/Counter.c **** *******************************************************************************/
 304:.\Generated_Source\PSoC5/Counter.c **** void    Counter_WriteControlRegister(uint8 control) 
 305:.\Generated_Source\PSoC5/Counter.c **** {
 174              		.loc 1 305 0
 175              		.cfi_startproc
 176              		@ args = 0, pretend = 0, frame = 0
 177              		@ frame_needed = 0, uses_anonymous_args = 0
 178              		@ link register save eliminated.
 179              	.LVL1:
 306:.\Generated_Source\PSoC5/Counter.c ****     Counter_CONTROL = control;
 180              		.loc 1 306 0
 181 0000 014B     		ldr	r3, .L17
 182 0002 1870     		strb	r0, [r3]
 183 0004 7047     		bx	lr
 184              	.L18:
 185 0006 00BF     		.align	2
 186              	.L17:
 187 0008 004F0040 		.word	1073762048
 188              		.cfi_endproc
 189              	.LFE7:
 190              		.size	Counter_WriteControlRegister, .-Counter_WriteControlRegister
 191              		.section	.text.Counter_WriteCounter,"ax",%progbits
 192              		.align	2
 193              		.global	Counter_WriteCounter
 194              		.thumb
 195              		.thumb_func
 196              		.type	Counter_WriteCounter, %function
 197              	Counter_WriteCounter:
 198              	.LFB8:
 307:.\Generated_Source\PSoC5/Counter.c **** }
 308:.\Generated_Source\PSoC5/Counter.c **** 
 309:.\Generated_Source\PSoC5/Counter.c **** #endif  /* (!Counter_ControlRegRemoved) */
 310:.\Generated_Source\PSoC5/Counter.c **** 
 311:.\Generated_Source\PSoC5/Counter.c **** 
 312:.\Generated_Source\PSoC5/Counter.c **** #if (!(Counter_UsingFixedFunction && (CY_PSOC5A)))
 313:.\Generated_Source\PSoC5/Counter.c **** /*******************************************************************************
 314:.\Generated_Source\PSoC5/Counter.c **** * Function Name: Counter_WriteCounter
 315:.\Generated_Source\PSoC5/Counter.c **** ********************************************************************************
ARM GAS  C:\Users\addis\AppData\Local\Temp\ccuCeQWn.s 			page 10


 316:.\Generated_Source\PSoC5/Counter.c **** * Summary:
 317:.\Generated_Source\PSoC5/Counter.c **** *   This funtion is used to set the counter to a specific value
 318:.\Generated_Source\PSoC5/Counter.c **** *
 319:.\Generated_Source\PSoC5/Counter.c **** * Parameters:  
 320:.\Generated_Source\PSoC5/Counter.c **** *  counter:  New counter value. 
 321:.\Generated_Source\PSoC5/Counter.c **** *
 322:.\Generated_Source\PSoC5/Counter.c **** * Return: 
 323:.\Generated_Source\PSoC5/Counter.c **** *  void 
 324:.\Generated_Source\PSoC5/Counter.c **** *
 325:.\Generated_Source\PSoC5/Counter.c **** *******************************************************************************/
 326:.\Generated_Source\PSoC5/Counter.c **** void Counter_WriteCounter(uint8 counter) \
 327:.\Generated_Source\PSoC5/Counter.c ****                                    
 328:.\Generated_Source\PSoC5/Counter.c **** {
 199              		.loc 1 328 0
 200              		.cfi_startproc
 201              		@ args = 0, pretend = 0, frame = 0
 202              		@ frame_needed = 0, uses_anonymous_args = 0
 203              	.LVL2:
 204 0000 10B5     		push	{r4, lr}
 205              		.cfi_def_cfa_offset 8
 206              		.cfi_offset 4, -8
 207              		.cfi_offset 14, -4
 208 0002 0446     		mov	r4, r0
 329:.\Generated_Source\PSoC5/Counter.c ****     #if(Counter_UsingFixedFunction)
 330:.\Generated_Source\PSoC5/Counter.c ****         /* assert if block is already enabled */
 331:.\Generated_Source\PSoC5/Counter.c ****         CYASSERT (0u == (Counter_GLOBAL_ENABLE & Counter_BLOCK_EN_MASK));
 209              		.loc 1 331 0
 210 0004 0A4B     		ldr	r3, .L22
 211 0006 1B78     		ldrb	r3, [r3]	@ zero_extendqisi2
 212 0008 13F0010F 		tst	r3, #1
 213 000c 02D0     		beq	.L20
 214              		.loc 1 331 0 is_stmt 0 discriminator 1
 215 000e 0020     		movs	r0, #0
 216              	.LVL3:
 217 0010 FFF7FEFF 		bl	CyHalt
 218              	.LVL4:
 219              	.L20:
 332:.\Generated_Source\PSoC5/Counter.c ****         /* If block is disabled, enable it and then write the counter */
 333:.\Generated_Source\PSoC5/Counter.c ****         Counter_GLOBAL_ENABLE |= Counter_BLOCK_EN_MASK;
 220              		.loc 1 333 0 is_stmt 1
 221 0014 064B     		ldr	r3, .L22
 222 0016 1A78     		ldrb	r2, [r3]	@ zero_extendqisi2
 223 0018 42F00102 		orr	r2, r2, #1
 224 001c 1A70     		strb	r2, [r3]
 334:.\Generated_Source\PSoC5/Counter.c ****         CY_SET_REG16(Counter_COUNTER_LSB_PTR, (uint16)counter);
 225              		.loc 1 334 0
 226 001e A4B2     		uxth	r4, r4
 227 0020 044A     		ldr	r2, .L22+4
 228 0022 1480     		strh	r4, [r2]	@ movhi
 335:.\Generated_Source\PSoC5/Counter.c ****         Counter_GLOBAL_ENABLE &= ((uint8)(~Counter_BLOCK_EN_MASK));
 229              		.loc 1 335 0
 230 0024 1A78     		ldrb	r2, [r3]	@ zero_extendqisi2
 231 0026 02F0FE02 		and	r2, r2, #254
 232 002a 1A70     		strb	r2, [r3]
 233 002c 10BD     		pop	{r4, pc}
 234              	.L23:
 235 002e 00BF     		.align	2
ARM GAS  C:\Users\addis\AppData\Local\Temp\ccuCeQWn.s 			page 11


 236              	.L22:
 237 0030 A3430040 		.word	1073759139
 238 0034 064F0040 		.word	1073762054
 239              		.cfi_endproc
 240              	.LFE8:
 241              		.size	Counter_WriteCounter, .-Counter_WriteCounter
 242              		.section	.text.Counter_ReadCounter,"ax",%progbits
 243              		.align	2
 244              		.global	Counter_ReadCounter
 245              		.thumb
 246              		.thumb_func
 247              		.type	Counter_ReadCounter, %function
 248              	Counter_ReadCounter:
 249              	.LFB9:
 336:.\Generated_Source\PSoC5/Counter.c ****     #else
 337:.\Generated_Source\PSoC5/Counter.c ****         CY_SET_REG8(Counter_COUNTER_LSB_PTR, counter);
 338:.\Generated_Source\PSoC5/Counter.c ****     #endif /* (Counter_UsingFixedFunction) */
 339:.\Generated_Source\PSoC5/Counter.c **** }
 340:.\Generated_Source\PSoC5/Counter.c **** #endif /* (!(Counter_UsingFixedFunction && (CY_PSOC5A))) */
 341:.\Generated_Source\PSoC5/Counter.c **** 
 342:.\Generated_Source\PSoC5/Counter.c **** 
 343:.\Generated_Source\PSoC5/Counter.c **** /*******************************************************************************
 344:.\Generated_Source\PSoC5/Counter.c **** * Function Name: Counter_ReadCounter
 345:.\Generated_Source\PSoC5/Counter.c **** ********************************************************************************
 346:.\Generated_Source\PSoC5/Counter.c **** * Summary:
 347:.\Generated_Source\PSoC5/Counter.c **** * Returns the current value of the counter.  It doesn't matter
 348:.\Generated_Source\PSoC5/Counter.c **** * if the counter is enabled or running.
 349:.\Generated_Source\PSoC5/Counter.c **** *
 350:.\Generated_Source\PSoC5/Counter.c **** * Parameters:  
 351:.\Generated_Source\PSoC5/Counter.c **** *  void:  
 352:.\Generated_Source\PSoC5/Counter.c **** *
 353:.\Generated_Source\PSoC5/Counter.c **** * Return: 
 354:.\Generated_Source\PSoC5/Counter.c **** *  (uint8) The present value of the counter.
 355:.\Generated_Source\PSoC5/Counter.c **** *
 356:.\Generated_Source\PSoC5/Counter.c **** *******************************************************************************/
 357:.\Generated_Source\PSoC5/Counter.c **** uint8 Counter_ReadCounter(void) 
 358:.\Generated_Source\PSoC5/Counter.c **** {
 250              		.loc 1 358 0
 251              		.cfi_startproc
 252              		@ args = 0, pretend = 0, frame = 0
 253              		@ frame_needed = 0, uses_anonymous_args = 0
 254              		@ link register save eliminated.
 359:.\Generated_Source\PSoC5/Counter.c ****     /* Force capture by reading Accumulator */
 360:.\Generated_Source\PSoC5/Counter.c ****     /* Must first do a software capture to be able to read the counter */
 361:.\Generated_Source\PSoC5/Counter.c ****     /* It is up to the user code to make sure there isn't already captured data in the FIFO */
 362:.\Generated_Source\PSoC5/Counter.c ****     #if(Counter_UsingFixedFunction)
 363:.\Generated_Source\PSoC5/Counter.c **** 		(void)CY_GET_REG16(Counter_COUNTER_LSB_PTR);
 255              		.loc 1 363 0
 256 0000 024B     		ldr	r3, .L25
 257 0002 1B88     		ldrh	r3, [r3]
 364:.\Generated_Source\PSoC5/Counter.c **** 	#else
 365:.\Generated_Source\PSoC5/Counter.c **** 		(void)CY_GET_REG8(Counter_COUNTER_LSB_PTR_8BIT);
 366:.\Generated_Source\PSoC5/Counter.c **** 	#endif/* (Counter_UsingFixedFunction) */
 367:.\Generated_Source\PSoC5/Counter.c ****     
 368:.\Generated_Source\PSoC5/Counter.c ****     /* Read the data from the FIFO (or capture register for Fixed Function)*/
 369:.\Generated_Source\PSoC5/Counter.c ****     #if(Counter_UsingFixedFunction)
 370:.\Generated_Source\PSoC5/Counter.c ****         return ((uint8)CY_GET_REG16(Counter_STATICCOUNT_LSB_PTR));
ARM GAS  C:\Users\addis\AppData\Local\Temp\ccuCeQWn.s 			page 12


 258              		.loc 1 370 0
 259 0004 024B     		ldr	r3, .L25+4
 260 0006 1888     		ldrh	r0, [r3]
 371:.\Generated_Source\PSoC5/Counter.c ****     #else
 372:.\Generated_Source\PSoC5/Counter.c ****         return (CY_GET_REG8(Counter_STATICCOUNT_LSB_PTR));
 373:.\Generated_Source\PSoC5/Counter.c ****     #endif /* (Counter_UsingFixedFunction) */
 374:.\Generated_Source\PSoC5/Counter.c **** }
 261              		.loc 1 374 0
 262 0008 C0B2     		uxtb	r0, r0
 263 000a 7047     		bx	lr
 264              	.L26:
 265              		.align	2
 266              	.L25:
 267 000c 064F0040 		.word	1073762054
 268 0010 084F0040 		.word	1073762056
 269              		.cfi_endproc
 270              	.LFE9:
 271              		.size	Counter_ReadCounter, .-Counter_ReadCounter
 272              		.section	.text.Counter_ReadCapture,"ax",%progbits
 273              		.align	2
 274              		.global	Counter_ReadCapture
 275              		.thumb
 276              		.thumb_func
 277              		.type	Counter_ReadCapture, %function
 278              	Counter_ReadCapture:
 279              	.LFB10:
 375:.\Generated_Source\PSoC5/Counter.c **** 
 376:.\Generated_Source\PSoC5/Counter.c **** 
 377:.\Generated_Source\PSoC5/Counter.c **** /*******************************************************************************
 378:.\Generated_Source\PSoC5/Counter.c **** * Function Name: Counter_ReadCapture
 379:.\Generated_Source\PSoC5/Counter.c **** ********************************************************************************
 380:.\Generated_Source\PSoC5/Counter.c **** * Summary:
 381:.\Generated_Source\PSoC5/Counter.c **** *   This function returns the last value captured.
 382:.\Generated_Source\PSoC5/Counter.c **** *
 383:.\Generated_Source\PSoC5/Counter.c **** * Parameters:  
 384:.\Generated_Source\PSoC5/Counter.c **** *  void
 385:.\Generated_Source\PSoC5/Counter.c **** *
 386:.\Generated_Source\PSoC5/Counter.c **** * Return: 
 387:.\Generated_Source\PSoC5/Counter.c **** *  (uint8) Present Capture value.
 388:.\Generated_Source\PSoC5/Counter.c **** *
 389:.\Generated_Source\PSoC5/Counter.c **** *******************************************************************************/
 390:.\Generated_Source\PSoC5/Counter.c **** uint8 Counter_ReadCapture(void) 
 391:.\Generated_Source\PSoC5/Counter.c **** {
 280              		.loc 1 391 0
 281              		.cfi_startproc
 282              		@ args = 0, pretend = 0, frame = 0
 283              		@ frame_needed = 0, uses_anonymous_args = 0
 284              		@ link register save eliminated.
 392:.\Generated_Source\PSoC5/Counter.c ****     #if(Counter_UsingFixedFunction)
 393:.\Generated_Source\PSoC5/Counter.c ****         return ((uint8)CY_GET_REG16(Counter_STATICCOUNT_LSB_PTR));
 285              		.loc 1 393 0
 286 0000 014B     		ldr	r3, .L28
 287 0002 1888     		ldrh	r0, [r3]
 394:.\Generated_Source\PSoC5/Counter.c ****     #else
 395:.\Generated_Source\PSoC5/Counter.c ****         return (CY_GET_REG8(Counter_STATICCOUNT_LSB_PTR));
 396:.\Generated_Source\PSoC5/Counter.c ****     #endif /* (Counter_UsingFixedFunction) */
 397:.\Generated_Source\PSoC5/Counter.c **** }
ARM GAS  C:\Users\addis\AppData\Local\Temp\ccuCeQWn.s 			page 13


 288              		.loc 1 397 0
 289 0004 C0B2     		uxtb	r0, r0
 290 0006 7047     		bx	lr
 291              	.L29:
 292              		.align	2
 293              	.L28:
 294 0008 084F0040 		.word	1073762056
 295              		.cfi_endproc
 296              	.LFE10:
 297              		.size	Counter_ReadCapture, .-Counter_ReadCapture
 298              		.section	.text.Counter_WritePeriod,"ax",%progbits
 299              		.align	2
 300              		.global	Counter_WritePeriod
 301              		.thumb
 302              		.thumb_func
 303              		.type	Counter_WritePeriod, %function
 304              	Counter_WritePeriod:
 305              	.LFB11:
 398:.\Generated_Source\PSoC5/Counter.c **** 
 399:.\Generated_Source\PSoC5/Counter.c **** 
 400:.\Generated_Source\PSoC5/Counter.c **** /*******************************************************************************
 401:.\Generated_Source\PSoC5/Counter.c **** * Function Name: Counter_WritePeriod
 402:.\Generated_Source\PSoC5/Counter.c **** ********************************************************************************
 403:.\Generated_Source\PSoC5/Counter.c **** * Summary:
 404:.\Generated_Source\PSoC5/Counter.c **** * Changes the period of the counter.  The new period 
 405:.\Generated_Source\PSoC5/Counter.c **** * will be loaded the next time terminal count is detected.
 406:.\Generated_Source\PSoC5/Counter.c **** *
 407:.\Generated_Source\PSoC5/Counter.c **** * Parameters:  
 408:.\Generated_Source\PSoC5/Counter.c **** *  period: (uint8) A value of 0 will result in
 409:.\Generated_Source\PSoC5/Counter.c **** *         the counter remaining at zero.  
 410:.\Generated_Source\PSoC5/Counter.c **** *
 411:.\Generated_Source\PSoC5/Counter.c **** * Return: 
 412:.\Generated_Source\PSoC5/Counter.c **** *  void
 413:.\Generated_Source\PSoC5/Counter.c **** *
 414:.\Generated_Source\PSoC5/Counter.c **** *******************************************************************************/
 415:.\Generated_Source\PSoC5/Counter.c **** void Counter_WritePeriod(uint8 period) 
 416:.\Generated_Source\PSoC5/Counter.c **** {
 306              		.loc 1 416 0
 307              		.cfi_startproc
 308              		@ args = 0, pretend = 0, frame = 0
 309              		@ frame_needed = 0, uses_anonymous_args = 0
 310              		@ link register save eliminated.
 311              	.LVL5:
 417:.\Generated_Source\PSoC5/Counter.c ****     #if(Counter_UsingFixedFunction)
 418:.\Generated_Source\PSoC5/Counter.c ****         CY_SET_REG16(Counter_PERIOD_LSB_PTR,(uint16)period);
 312              		.loc 1 418 0
 313 0000 014B     		ldr	r3, .L31
 314 0002 1880     		strh	r0, [r3]	@ movhi
 315 0004 7047     		bx	lr
 316              	.L32:
 317 0006 00BF     		.align	2
 318              	.L31:
 319 0008 044F0040 		.word	1073762052
 320              		.cfi_endproc
 321              	.LFE11:
 322              		.size	Counter_WritePeriod, .-Counter_WritePeriod
 323              		.section	.text.Counter_Init,"ax",%progbits
ARM GAS  C:\Users\addis\AppData\Local\Temp\ccuCeQWn.s 			page 14


 324              		.align	2
 325              		.global	Counter_Init
 326              		.thumb
 327              		.thumb_func
 328              		.type	Counter_Init, %function
 329              	Counter_Init:
 330              	.LFB0:
  38:.\Generated_Source\PSoC5/Counter.c ****         #if (!Counter_UsingFixedFunction && !Counter_ControlRegRemoved)
 331              		.loc 1 38 0
 332              		.cfi_startproc
 333              		@ args = 0, pretend = 0, frame = 0
 334              		@ frame_needed = 0, uses_anonymous_args = 0
 335 0000 08B5     		push	{r3, lr}
 336              		.cfi_def_cfa_offset 8
 337              		.cfi_offset 3, -8
 338              		.cfi_offset 14, -4
  50:.\Generated_Source\PSoC5/Counter.c ****             
 339              		.loc 1 50 0
 340 0002 174B     		ldr	r3, .L35
 341 0004 1A78     		ldrb	r2, [r3]	@ zero_extendqisi2
 342 0006 02F00102 		and	r2, r2, #1
 343 000a 1A70     		strb	r2, [r3]
  57:.\Generated_Source\PSoC5/Counter.c ****             #endif /* (CY_PSOC3 || CY_PSOC5LP) */
 344              		.loc 1 57 0
 345 000c 1549     		ldr	r1, .L35+4
 346 000e 0A78     		ldrb	r2, [r1]	@ zero_extendqisi2
 347 0010 02F0FC02 		and	r2, r2, #252
 348 0014 0A70     		strb	r2, [r1]
  62:.\Generated_Source\PSoC5/Counter.c ****             #endif /* (Counter_RunModeUsed != 0x0u) */
 349              		.loc 1 62 0
 350 0016 1A78     		ldrb	r2, [r3]	@ zero_extendqisi2
 351 0018 42F00402 		orr	r2, r2, #4
 352 001c 1A70     		strb	r2, [r3]
  66:.\Generated_Source\PSoC5/Counter.c ****             
 353              		.loc 1 66 0
 354 001e 124A     		ldr	r2, .L35+8
 355 0020 1378     		ldrb	r3, [r2]	@ zero_extendqisi2
 356 0022 43F00103 		orr	r3, r3, #1
 357 0026 1370     		strb	r3, [r2]
  69:.\Generated_Source\PSoC5/Counter.c ****             Counter_RT1 |= Counter_SYNC;     
 358              		.loc 1 69 0
 359 0028 104B     		ldr	r3, .L35+12
 360 002a 1A78     		ldrb	r2, [r3]	@ zero_extendqisi2
 361 002c 02F0CF02 		and	r2, r2, #207
 362 0030 1A70     		strb	r2, [r3]
  70:.\Generated_Source\PSoC5/Counter.c ****                     
 363              		.loc 1 70 0
 364 0032 1A78     		ldrb	r2, [r3]	@ zero_extendqisi2
 365 0034 42F03002 		orr	r2, r2, #48
 366 0038 1A70     		strb	r2, [r3]
  73:.\Generated_Source\PSoC5/Counter.c ****             Counter_RT1 |= Counter_SYNCDSI_EN;
 367              		.loc 1 73 0
 368 003a 1A78     		ldrb	r2, [r3]	@ zero_extendqisi2
 369 003c 02F0F002 		and	r2, r2, #240
 370 0040 1A70     		strb	r2, [r3]
  74:.\Generated_Source\PSoC5/Counter.c **** 
 371              		.loc 1 74 0
ARM GAS  C:\Users\addis\AppData\Local\Temp\ccuCeQWn.s 			page 15


 372 0042 1A78     		ldrb	r2, [r3]	@ zero_extendqisi2
 373 0044 42F00F02 		orr	r2, r2, #15
 374 0048 1A70     		strb	r2, [r3]
 100:.\Generated_Source\PSoC5/Counter.c ****         #if (!(Counter_UsingFixedFunction && (CY_PSOC5A)))
 375              		.loc 1 100 0
 376 004a FF20     		movs	r0, #255
 377 004c FFF7FEFF 		bl	Counter_WritePeriod
 378              	.LVL6:
 102:.\Generated_Source\PSoC5/Counter.c ****         #endif /* (!(Counter_UsingFixedFunction && (CY_PSOC5A))) */
 379              		.loc 1 102 0
 380 0050 0020     		movs	r0, #0
 381 0052 FFF7FEFF 		bl	Counter_WriteCounter
 382              	.LVL7:
 104:.\Generated_Source\PSoC5/Counter.c ****         
 383              		.loc 1 104 0
 384 0056 0020     		movs	r0, #0
 385 0058 FFF7FEFF 		bl	Counter_SetInterruptMode
 386              	.LVL8:
 387 005c 08BD     		pop	{r3, pc}
 388              	.L36:
 389 005e 00BF     		.align	2
 390              	.L35:
 391 0060 004F0040 		.word	1073762048
 392 0064 024F0040 		.word	1073762050
 393 0068 014F0040 		.word	1073762049
 394 006c 0B4F0040 		.word	1073762059
 395              		.cfi_endproc
 396              	.LFE0:
 397              		.size	Counter_Init, .-Counter_Init
 398              		.section	.text.Counter_Start,"ax",%progbits
 399              		.align	2
 400              		.global	Counter_Start
 401              		.thumb
 402              		.thumb_func
 403              		.type	Counter_Start, %function
 404              	Counter_Start:
 405              	.LFB2:
 179:.\Generated_Source\PSoC5/Counter.c ****     if(Counter_initVar == 0u)
 406              		.loc 1 179 0
 407              		.cfi_startproc
 408              		@ args = 0, pretend = 0, frame = 0
 409              		@ frame_needed = 0, uses_anonymous_args = 0
 410 0000 08B5     		push	{r3, lr}
 411              		.cfi_def_cfa_offset 8
 412              		.cfi_offset 3, -8
 413              		.cfi_offset 14, -4
 180:.\Generated_Source\PSoC5/Counter.c ****     {
 414              		.loc 1 180 0
 415 0002 054B     		ldr	r3, .L40
 416 0004 1B78     		ldrb	r3, [r3]	@ zero_extendqisi2
 417 0006 23B9     		cbnz	r3, .L38
 182:.\Generated_Source\PSoC5/Counter.c ****         
 418              		.loc 1 182 0
 419 0008 FFF7FEFF 		bl	Counter_Init
 420              	.LVL9:
 184:.\Generated_Source\PSoC5/Counter.c ****     }
 421              		.loc 1 184 0
ARM GAS  C:\Users\addis\AppData\Local\Temp\ccuCeQWn.s 			page 16


 422 000c 0122     		movs	r2, #1
 423 000e 024B     		ldr	r3, .L40
 424 0010 1A70     		strb	r2, [r3]
 425              	.L38:
 188:.\Generated_Source\PSoC5/Counter.c **** }
 426              		.loc 1 188 0
 427 0012 FFF7FEFF 		bl	Counter_Enable
 428              	.LVL10:
 429 0016 08BD     		pop	{r3, pc}
 430              	.L41:
 431              		.align	2
 432              	.L40:
 433 0018 00000000 		.word	.LANCHOR0
 434              		.cfi_endproc
 435              	.LFE2:
 436              		.size	Counter_Start, .-Counter_Start
 437              		.section	.text.Counter_ReadPeriod,"ax",%progbits
 438              		.align	2
 439              		.global	Counter_ReadPeriod
 440              		.thumb
 441              		.thumb_func
 442              		.type	Counter_ReadPeriod, %function
 443              	Counter_ReadPeriod:
 444              	.LFB12:
 419:.\Generated_Source\PSoC5/Counter.c ****     #else
 420:.\Generated_Source\PSoC5/Counter.c ****         CY_SET_REG8(Counter_PERIOD_LSB_PTR, period);
 421:.\Generated_Source\PSoC5/Counter.c ****     #endif /* (Counter_UsingFixedFunction) */
 422:.\Generated_Source\PSoC5/Counter.c **** }
 423:.\Generated_Source\PSoC5/Counter.c **** 
 424:.\Generated_Source\PSoC5/Counter.c **** 
 425:.\Generated_Source\PSoC5/Counter.c **** /*******************************************************************************
 426:.\Generated_Source\PSoC5/Counter.c **** * Function Name: Counter_ReadPeriod
 427:.\Generated_Source\PSoC5/Counter.c **** ********************************************************************************
 428:.\Generated_Source\PSoC5/Counter.c **** * Summary:
 429:.\Generated_Source\PSoC5/Counter.c **** * Reads the current period value without affecting counter operation.
 430:.\Generated_Source\PSoC5/Counter.c **** *
 431:.\Generated_Source\PSoC5/Counter.c **** * Parameters:  
 432:.\Generated_Source\PSoC5/Counter.c **** *  void:  
 433:.\Generated_Source\PSoC5/Counter.c **** *
 434:.\Generated_Source\PSoC5/Counter.c **** * Return: 
 435:.\Generated_Source\PSoC5/Counter.c **** *  (uint8) Present period value.
 436:.\Generated_Source\PSoC5/Counter.c **** *
 437:.\Generated_Source\PSoC5/Counter.c **** *******************************************************************************/
 438:.\Generated_Source\PSoC5/Counter.c **** uint8 Counter_ReadPeriod(void) 
 439:.\Generated_Source\PSoC5/Counter.c **** {
 445              		.loc 1 439 0
 446              		.cfi_startproc
 447              		@ args = 0, pretend = 0, frame = 0
 448              		@ frame_needed = 0, uses_anonymous_args = 0
 449              		@ link register save eliminated.
 440:.\Generated_Source\PSoC5/Counter.c ****     #if(Counter_UsingFixedFunction)
 441:.\Generated_Source\PSoC5/Counter.c ****         return ((uint8)CY_GET_REG16(Counter_PERIOD_LSB_PTR));
 450              		.loc 1 441 0
 451 0000 014B     		ldr	r3, .L43
 452 0002 1888     		ldrh	r0, [r3]
 442:.\Generated_Source\PSoC5/Counter.c ****     #else
 443:.\Generated_Source\PSoC5/Counter.c ****         return (CY_GET_REG8(Counter_PERIOD_LSB_PTR));
ARM GAS  C:\Users\addis\AppData\Local\Temp\ccuCeQWn.s 			page 17


 444:.\Generated_Source\PSoC5/Counter.c ****     #endif /* (Counter_UsingFixedFunction) */
 445:.\Generated_Source\PSoC5/Counter.c **** }
 453              		.loc 1 445 0
 454 0004 C0B2     		uxtb	r0, r0
 455 0006 7047     		bx	lr
 456              	.L44:
 457              		.align	2
 458              	.L43:
 459 0008 044F0040 		.word	1073762052
 460              		.cfi_endproc
 461              	.LFE12:
 462              		.size	Counter_ReadPeriod, .-Counter_ReadPeriod
 463              		.global	Counter_initVar
 464              		.bss
 465              		.set	.LANCHOR0,. + 0
 466              		.type	Counter_initVar, %object
 467              		.size	Counter_initVar, 1
 468              	Counter_initVar:
 469 0000 00       		.space	1
 470              		.text
 471              	.Letext0:
 472              		.file 2 ".\\Generated_Source\\PSoC5\\cytypes.h"
 473              		.file 3 ".\\Generated_Source\\PSoC5\\CyLib.h"
 474              		.section	.debug_info,"",%progbits
 475              	.Ldebug_info0:
 476 0000 83020000 		.4byte	0x283
 477 0004 0400     		.2byte	0x4
 478 0006 00000000 		.4byte	.Ldebug_abbrev0
 479 000a 04       		.byte	0x4
 480 000b 01       		.uleb128 0x1
 481 000c 92010000 		.4byte	.LASF34
 482 0010 01       		.byte	0x1
 483 0011 58020000 		.4byte	.LASF35
 484 0015 15000000 		.4byte	.LASF36
 485 0019 00000000 		.4byte	.Ldebug_ranges0+0
 486 001d 00000000 		.4byte	0
 487 0021 00000000 		.4byte	.Ldebug_line0
 488 0025 02       		.uleb128 0x2
 489 0026 01       		.byte	0x1
 490 0027 06       		.byte	0x6
 491 0028 CC020000 		.4byte	.LASF0
 492 002c 02       		.uleb128 0x2
 493 002d 01       		.byte	0x1
 494 002e 08       		.byte	0x8
 495 002f 04010000 		.4byte	.LASF1
 496 0033 02       		.uleb128 0x2
 497 0034 02       		.byte	0x2
 498 0035 05       		.byte	0x5
 499 0036 9E020000 		.4byte	.LASF2
 500 003a 02       		.uleb128 0x2
 501 003b 02       		.byte	0x2
 502 003c 07       		.byte	0x7
 503 003d AA000000 		.4byte	.LASF3
 504 0041 02       		.uleb128 0x2
 505 0042 04       		.byte	0x4
 506 0043 05       		.byte	0x5
 507 0044 C3020000 		.4byte	.LASF4
ARM GAS  C:\Users\addis\AppData\Local\Temp\ccuCeQWn.s 			page 18


 508 0048 02       		.uleb128 0x2
 509 0049 04       		.byte	0x4
 510 004a 07       		.byte	0x7
 511 004b 17010000 		.4byte	.LASF5
 512 004f 02       		.uleb128 0x2
 513 0050 08       		.byte	0x8
 514 0051 05       		.byte	0x5
 515 0052 8B020000 		.4byte	.LASF6
 516 0056 02       		.uleb128 0x2
 517 0057 08       		.byte	0x8
 518 0058 07       		.byte	0x7
 519 0059 41020000 		.4byte	.LASF7
 520 005d 03       		.uleb128 0x3
 521 005e 04       		.byte	0x4
 522 005f 05       		.byte	0x5
 523 0060 696E7400 		.ascii	"int\000"
 524 0064 02       		.uleb128 0x2
 525 0065 04       		.byte	0x4
 526 0066 07       		.byte	0x7
 527 0067 20020000 		.4byte	.LASF8
 528 006b 04       		.uleb128 0x4
 529 006c 29010000 		.4byte	.LASF9
 530 0070 02       		.byte	0x2
 531 0071 3801     		.2byte	0x138
 532 0073 2C000000 		.4byte	0x2c
 533 0077 04       		.uleb128 0x4
 534 0078 8B010000 		.4byte	.LASF10
 535 007c 02       		.byte	0x2
 536 007d 3901     		.2byte	0x139
 537 007f 3A000000 		.4byte	0x3a
 538 0083 02       		.uleb128 0x2
 539 0084 04       		.byte	0x4
 540 0085 04       		.byte	0x4
 541 0086 7C000000 		.4byte	.LASF11
 542 008a 02       		.uleb128 0x2
 543 008b 08       		.byte	0x8
 544 008c 04       		.byte	0x4
 545 008d 5A010000 		.4byte	.LASF12
 546 0091 02       		.uleb128 0x2
 547 0092 01       		.byte	0x1
 548 0093 08       		.byte	0x8
 549 0094 99020000 		.4byte	.LASF13
 550 0098 04       		.uleb128 0x4
 551 0099 12010000 		.4byte	.LASF14
 552 009d 02       		.byte	0x2
 553 009e E201     		.2byte	0x1e2
 554 00a0 A4000000 		.4byte	0xa4
 555 00a4 05       		.uleb128 0x5
 556 00a5 6B000000 		.4byte	0x6b
 557 00a9 04       		.uleb128 0x4
 558 00aa 00000000 		.4byte	.LASF15
 559 00ae 02       		.byte	0x2
 560 00af E301     		.2byte	0x1e3
 561 00b1 B5000000 		.4byte	0xb5
 562 00b5 05       		.uleb128 0x5
 563 00b6 77000000 		.4byte	0x77
 564 00ba 02       		.uleb128 0x2
ARM GAS  C:\Users\addis\AppData\Local\Temp\ccuCeQWn.s 			page 19


 565 00bb 04       		.byte	0x4
 566 00bc 07       		.byte	0x7
 567 00bd 82020000 		.4byte	.LASF16
 568 00c1 06       		.uleb128 0x6
 569 00c2 06000000 		.4byte	.LASF17
 570 00c6 01       		.byte	0x1
 571 00c7 8F       		.byte	0x8f
 572 00c8 00000000 		.4byte	.LFB1
 573 00cc 28000000 		.4byte	.LFE1-.LFB1
 574 00d0 01       		.uleb128 0x1
 575 00d1 9C       		.byte	0x9c
 576 00d2 06       		.uleb128 0x6
 577 00d3 7E010000 		.4byte	.LASF18
 578 00d7 01       		.byte	0x1
 579 00d8 D0       		.byte	0xd0
 580 00d9 00000000 		.4byte	.LFB3
 581 00dd 28000000 		.4byte	.LFE3-.LFB3
 582 00e1 01       		.uleb128 0x1
 583 00e2 9C       		.byte	0x9c
 584 00e3 07       		.uleb128 0x7
 585 00e4 D8020000 		.4byte	.LASF21
 586 00e8 01       		.byte	0x1
 587 00e9 ED       		.byte	0xed
 588 00ea 00000000 		.4byte	.LFB4
 589 00ee 0C000000 		.4byte	.LFE4-.LFB4
 590 00f2 01       		.uleb128 0x1
 591 00f3 9C       		.byte	0x9c
 592 00f4 06010000 		.4byte	0x106
 593 00f8 08       		.uleb128 0x8
 594 00f9 37010000 		.4byte	.LASF23
 595 00fd 01       		.byte	0x1
 596 00fe ED       		.byte	0xed
 597 00ff 6B000000 		.4byte	0x6b
 598 0103 01       		.uleb128 0x1
 599 0104 50       		.byte	0x50
 600 0105 00       		.byte	0
 601 0106 09       		.uleb128 0x9
 602 0107 A8020000 		.4byte	.LASF19
 603 010b 01       		.byte	0x1
 604 010c 0501     		.2byte	0x105
 605 010e 6B000000 		.4byte	0x6b
 606 0112 00000000 		.4byte	.LFB5
 607 0116 0C000000 		.4byte	.LFE5-.LFB5
 608 011a 01       		.uleb128 0x1
 609 011b 9C       		.byte	0x9c
 610 011c 09       		.uleb128 0x9
 611 011d BD000000 		.4byte	.LASF20
 612 0121 01       		.byte	0x1
 613 0122 1B01     		.2byte	0x11b
 614 0124 6B000000 		.4byte	0x6b
 615 0128 00000000 		.4byte	.LFB6
 616 012c 0C000000 		.4byte	.LFE6-.LFB6
 617 0130 01       		.uleb128 0x1
 618 0131 9C       		.byte	0x9c
 619 0132 0A       		.uleb128 0xa
 620 0133 61010000 		.4byte	.LASF22
 621 0137 01       		.byte	0x1
ARM GAS  C:\Users\addis\AppData\Local\Temp\ccuCeQWn.s 			page 20


 622 0138 3001     		.2byte	0x130
 623 013a 00000000 		.4byte	.LFB7
 624 013e 0C000000 		.4byte	.LFE7-.LFB7
 625 0142 01       		.uleb128 0x1
 626 0143 9C       		.byte	0x9c
 627 0144 57010000 		.4byte	0x157
 628 0148 0B       		.uleb128 0xb
 629 0149 2F010000 		.4byte	.LASF24
 630 014d 01       		.byte	0x1
 631 014e 3001     		.2byte	0x130
 632 0150 6B000000 		.4byte	0x6b
 633 0154 01       		.uleb128 0x1
 634 0155 50       		.byte	0x50
 635 0156 00       		.byte	0
 636 0157 0A       		.uleb128 0xa
 637 0158 EF000000 		.4byte	.LASF25
 638 015c 01       		.byte	0x1
 639 015d 4601     		.2byte	0x146
 640 015f 00000000 		.4byte	.LFB8
 641 0163 38000000 		.4byte	.LFE8-.LFB8
 642 0167 01       		.uleb128 0x1
 643 0168 9C       		.byte	0x9c
 644 0169 8D010000 		.4byte	0x18d
 645 016d 0C       		.uleb128 0xc
 646 016e E7000000 		.4byte	.LASF26
 647 0172 01       		.byte	0x1
 648 0173 4601     		.2byte	0x146
 649 0175 6B000000 		.4byte	0x6b
 650 0179 00000000 		.4byte	.LLST0
 651 017d 0D       		.uleb128 0xd
 652 017e 14000000 		.4byte	.LVL4
 653 0182 79020000 		.4byte	0x279
 654 0186 0E       		.uleb128 0xe
 655 0187 01       		.uleb128 0x1
 656 0188 50       		.byte	0x50
 657 0189 01       		.uleb128 0x1
 658 018a 30       		.byte	0x30
 659 018b 00       		.byte	0
 660 018c 00       		.byte	0
 661 018d 09       		.uleb128 0x9
 662 018e 46010000 		.4byte	.LASF27
 663 0192 01       		.byte	0x1
 664 0193 6501     		.2byte	0x165
 665 0195 6B000000 		.4byte	0x6b
 666 0199 00000000 		.4byte	.LFB9
 667 019d 14000000 		.4byte	.LFE9-.LFB9
 668 01a1 01       		.uleb128 0x1
 669 01a2 9C       		.byte	0x9c
 670 01a3 09       		.uleb128 0x9
 671 01a4 82000000 		.4byte	.LASF28
 672 01a8 01       		.byte	0x1
 673 01a9 8601     		.2byte	0x186
 674 01ab 6B000000 		.4byte	0x6b
 675 01af 00000000 		.4byte	.LFB10
 676 01b3 0C000000 		.4byte	.LFE10-.LFB10
 677 01b7 01       		.uleb128 0x1
 678 01b8 9C       		.byte	0x9c
ARM GAS  C:\Users\addis\AppData\Local\Temp\ccuCeQWn.s 			page 21


 679 01b9 0A       		.uleb128 0xa
 680 01ba 2D020000 		.4byte	.LASF29
 681 01be 01       		.byte	0x1
 682 01bf 9F01     		.2byte	0x19f
 683 01c1 00000000 		.4byte	.LFB11
 684 01c5 0C000000 		.4byte	.LFE11-.LFB11
 685 01c9 01       		.uleb128 0x1
 686 01ca 9C       		.byte	0x9c
 687 01cb DE010000 		.4byte	0x1de
 688 01cf 0B       		.uleb128 0xb
 689 01d0 96000000 		.4byte	.LASF30
 690 01d4 01       		.byte	0x1
 691 01d5 9F01     		.2byte	0x19f
 692 01d7 6B000000 		.4byte	0x6b
 693 01db 01       		.uleb128 0x1
 694 01dc 50       		.byte	0x50
 695 01dd 00       		.byte	0
 696 01de 07       		.uleb128 0x7
 697 01df 9D000000 		.4byte	.LASF31
 698 01e3 01       		.byte	0x1
 699 01e4 25       		.byte	0x25
 700 01e5 00000000 		.4byte	.LFB0
 701 01e9 70000000 		.4byte	.LFE0-.LFB0
 702 01ed 01       		.uleb128 0x1
 703 01ee 9C       		.byte	0x9c
 704 01ef 2A020000 		.4byte	0x22a
 705 01f3 0F       		.uleb128 0xf
 706 01f4 50000000 		.4byte	.LVL6
 707 01f8 B9010000 		.4byte	0x1b9
 708 01fc 07020000 		.4byte	0x207
 709 0200 0E       		.uleb128 0xe
 710 0201 01       		.uleb128 0x1
 711 0202 50       		.byte	0x50
 712 0203 02       		.uleb128 0x2
 713 0204 09       		.byte	0x9
 714 0205 FF       		.byte	0xff
 715 0206 00       		.byte	0
 716 0207 0F       		.uleb128 0xf
 717 0208 56000000 		.4byte	.LVL7
 718 020c 57010000 		.4byte	0x157
 719 0210 1A020000 		.4byte	0x21a
 720 0214 0E       		.uleb128 0xe
 721 0215 01       		.uleb128 0x1
 722 0216 50       		.byte	0x50
 723 0217 01       		.uleb128 0x1
 724 0218 30       		.byte	0x30
 725 0219 00       		.byte	0
 726 021a 0D       		.uleb128 0xd
 727 021b 5C000000 		.4byte	.LVL8
 728 021f E3000000 		.4byte	0xe3
 729 0223 0E       		.uleb128 0xe
 730 0224 01       		.uleb128 0x1
 731 0225 50       		.byte	0x50
 732 0226 01       		.uleb128 0x1
 733 0227 30       		.byte	0x30
 734 0228 00       		.byte	0
 735 0229 00       		.byte	0
ARM GAS  C:\Users\addis\AppData\Local\Temp\ccuCeQWn.s 			page 22


 736 022a 07       		.uleb128 0x7
 737 022b D9000000 		.4byte	.LASF32
 738 022f 01       		.byte	0x1
 739 0230 B2       		.byte	0xb2
 740 0231 00000000 		.4byte	.LFB2
 741 0235 1C000000 		.4byte	.LFE2-.LFB2
 742 0239 01       		.uleb128 0x1
 743 023a 9C       		.byte	0x9c
 744 023b 52020000 		.4byte	0x252
 745 023f 10       		.uleb128 0x10
 746 0240 0C000000 		.4byte	.LVL9
 747 0244 DE010000 		.4byte	0x1de
 748 0248 10       		.uleb128 0x10
 749 0249 16000000 		.4byte	.LVL10
 750 024d C1000000 		.4byte	0xc1
 751 0251 00       		.byte	0
 752 0252 09       		.uleb128 0x9
 753 0253 59000000 		.4byte	.LASF33
 754 0257 01       		.byte	0x1
 755 0258 B601     		.2byte	0x1b6
 756 025a 6B000000 		.4byte	0x6b
 757 025e 00000000 		.4byte	.LFB12
 758 0262 0C000000 		.4byte	.LFE12-.LFB12
 759 0266 01       		.uleb128 0x1
 760 0267 9C       		.byte	0x9c
 761 0268 11       		.uleb128 0x11
 762 0269 6C000000 		.4byte	.LASF37
 763 026d 01       		.byte	0x1
 764 026e 15       		.byte	0x15
 765 026f 6B000000 		.4byte	0x6b
 766 0273 05       		.uleb128 0x5
 767 0274 03       		.byte	0x3
 768 0275 00000000 		.4byte	Counter_initVar
 769 0279 12       		.uleb128 0x12
 770 027a 7B020000 		.4byte	.LASF38
 771 027e 03       		.byte	0x3
 772 027f 80       		.byte	0x80
 773 0280 13       		.uleb128 0x13
 774 0281 6B000000 		.4byte	0x6b
 775 0285 00       		.byte	0
 776 0286 00       		.byte	0
 777              		.section	.debug_abbrev,"",%progbits
 778              	.Ldebug_abbrev0:
 779 0000 01       		.uleb128 0x1
 780 0001 11       		.uleb128 0x11
 781 0002 01       		.byte	0x1
 782 0003 25       		.uleb128 0x25
 783 0004 0E       		.uleb128 0xe
 784 0005 13       		.uleb128 0x13
 785 0006 0B       		.uleb128 0xb
 786 0007 03       		.uleb128 0x3
 787 0008 0E       		.uleb128 0xe
 788 0009 1B       		.uleb128 0x1b
 789 000a 0E       		.uleb128 0xe
 790 000b 55       		.uleb128 0x55
 791 000c 17       		.uleb128 0x17
 792 000d 11       		.uleb128 0x11
ARM GAS  C:\Users\addis\AppData\Local\Temp\ccuCeQWn.s 			page 23


 793 000e 01       		.uleb128 0x1
 794 000f 10       		.uleb128 0x10
 795 0010 17       		.uleb128 0x17
 796 0011 00       		.byte	0
 797 0012 00       		.byte	0
 798 0013 02       		.uleb128 0x2
 799 0014 24       		.uleb128 0x24
 800 0015 00       		.byte	0
 801 0016 0B       		.uleb128 0xb
 802 0017 0B       		.uleb128 0xb
 803 0018 3E       		.uleb128 0x3e
 804 0019 0B       		.uleb128 0xb
 805 001a 03       		.uleb128 0x3
 806 001b 0E       		.uleb128 0xe
 807 001c 00       		.byte	0
 808 001d 00       		.byte	0
 809 001e 03       		.uleb128 0x3
 810 001f 24       		.uleb128 0x24
 811 0020 00       		.byte	0
 812 0021 0B       		.uleb128 0xb
 813 0022 0B       		.uleb128 0xb
 814 0023 3E       		.uleb128 0x3e
 815 0024 0B       		.uleb128 0xb
 816 0025 03       		.uleb128 0x3
 817 0026 08       		.uleb128 0x8
 818 0027 00       		.byte	0
 819 0028 00       		.byte	0
 820 0029 04       		.uleb128 0x4
 821 002a 16       		.uleb128 0x16
 822 002b 00       		.byte	0
 823 002c 03       		.uleb128 0x3
 824 002d 0E       		.uleb128 0xe
 825 002e 3A       		.uleb128 0x3a
 826 002f 0B       		.uleb128 0xb
 827 0030 3B       		.uleb128 0x3b
 828 0031 05       		.uleb128 0x5
 829 0032 49       		.uleb128 0x49
 830 0033 13       		.uleb128 0x13
 831 0034 00       		.byte	0
 832 0035 00       		.byte	0
 833 0036 05       		.uleb128 0x5
 834 0037 35       		.uleb128 0x35
 835 0038 00       		.byte	0
 836 0039 49       		.uleb128 0x49
 837 003a 13       		.uleb128 0x13
 838 003b 00       		.byte	0
 839 003c 00       		.byte	0
 840 003d 06       		.uleb128 0x6
 841 003e 2E       		.uleb128 0x2e
 842 003f 00       		.byte	0
 843 0040 3F       		.uleb128 0x3f
 844 0041 19       		.uleb128 0x19
 845 0042 03       		.uleb128 0x3
 846 0043 0E       		.uleb128 0xe
 847 0044 3A       		.uleb128 0x3a
 848 0045 0B       		.uleb128 0xb
 849 0046 3B       		.uleb128 0x3b
ARM GAS  C:\Users\addis\AppData\Local\Temp\ccuCeQWn.s 			page 24


 850 0047 0B       		.uleb128 0xb
 851 0048 27       		.uleb128 0x27
 852 0049 19       		.uleb128 0x19
 853 004a 11       		.uleb128 0x11
 854 004b 01       		.uleb128 0x1
 855 004c 12       		.uleb128 0x12
 856 004d 06       		.uleb128 0x6
 857 004e 40       		.uleb128 0x40
 858 004f 18       		.uleb128 0x18
 859 0050 9742     		.uleb128 0x2117
 860 0052 19       		.uleb128 0x19
 861 0053 00       		.byte	0
 862 0054 00       		.byte	0
 863 0055 07       		.uleb128 0x7
 864 0056 2E       		.uleb128 0x2e
 865 0057 01       		.byte	0x1
 866 0058 3F       		.uleb128 0x3f
 867 0059 19       		.uleb128 0x19
 868 005a 03       		.uleb128 0x3
 869 005b 0E       		.uleb128 0xe
 870 005c 3A       		.uleb128 0x3a
 871 005d 0B       		.uleb128 0xb
 872 005e 3B       		.uleb128 0x3b
 873 005f 0B       		.uleb128 0xb
 874 0060 27       		.uleb128 0x27
 875 0061 19       		.uleb128 0x19
 876 0062 11       		.uleb128 0x11
 877 0063 01       		.uleb128 0x1
 878 0064 12       		.uleb128 0x12
 879 0065 06       		.uleb128 0x6
 880 0066 40       		.uleb128 0x40
 881 0067 18       		.uleb128 0x18
 882 0068 9742     		.uleb128 0x2117
 883 006a 19       		.uleb128 0x19
 884 006b 01       		.uleb128 0x1
 885 006c 13       		.uleb128 0x13
 886 006d 00       		.byte	0
 887 006e 00       		.byte	0
 888 006f 08       		.uleb128 0x8
 889 0070 05       		.uleb128 0x5
 890 0071 00       		.byte	0
 891 0072 03       		.uleb128 0x3
 892 0073 0E       		.uleb128 0xe
 893 0074 3A       		.uleb128 0x3a
 894 0075 0B       		.uleb128 0xb
 895 0076 3B       		.uleb128 0x3b
 896 0077 0B       		.uleb128 0xb
 897 0078 49       		.uleb128 0x49
 898 0079 13       		.uleb128 0x13
 899 007a 02       		.uleb128 0x2
 900 007b 18       		.uleb128 0x18
 901 007c 00       		.byte	0
 902 007d 00       		.byte	0
 903 007e 09       		.uleb128 0x9
 904 007f 2E       		.uleb128 0x2e
 905 0080 00       		.byte	0
 906 0081 3F       		.uleb128 0x3f
ARM GAS  C:\Users\addis\AppData\Local\Temp\ccuCeQWn.s 			page 25


 907 0082 19       		.uleb128 0x19
 908 0083 03       		.uleb128 0x3
 909 0084 0E       		.uleb128 0xe
 910 0085 3A       		.uleb128 0x3a
 911 0086 0B       		.uleb128 0xb
 912 0087 3B       		.uleb128 0x3b
 913 0088 05       		.uleb128 0x5
 914 0089 27       		.uleb128 0x27
 915 008a 19       		.uleb128 0x19
 916 008b 49       		.uleb128 0x49
 917 008c 13       		.uleb128 0x13
 918 008d 11       		.uleb128 0x11
 919 008e 01       		.uleb128 0x1
 920 008f 12       		.uleb128 0x12
 921 0090 06       		.uleb128 0x6
 922 0091 40       		.uleb128 0x40
 923 0092 18       		.uleb128 0x18
 924 0093 9742     		.uleb128 0x2117
 925 0095 19       		.uleb128 0x19
 926 0096 00       		.byte	0
 927 0097 00       		.byte	0
 928 0098 0A       		.uleb128 0xa
 929 0099 2E       		.uleb128 0x2e
 930 009a 01       		.byte	0x1
 931 009b 3F       		.uleb128 0x3f
 932 009c 19       		.uleb128 0x19
 933 009d 03       		.uleb128 0x3
 934 009e 0E       		.uleb128 0xe
 935 009f 3A       		.uleb128 0x3a
 936 00a0 0B       		.uleb128 0xb
 937 00a1 3B       		.uleb128 0x3b
 938 00a2 05       		.uleb128 0x5
 939 00a3 27       		.uleb128 0x27
 940 00a4 19       		.uleb128 0x19
 941 00a5 11       		.uleb128 0x11
 942 00a6 01       		.uleb128 0x1
 943 00a7 12       		.uleb128 0x12
 944 00a8 06       		.uleb128 0x6
 945 00a9 40       		.uleb128 0x40
 946 00aa 18       		.uleb128 0x18
 947 00ab 9742     		.uleb128 0x2117
 948 00ad 19       		.uleb128 0x19
 949 00ae 01       		.uleb128 0x1
 950 00af 13       		.uleb128 0x13
 951 00b0 00       		.byte	0
 952 00b1 00       		.byte	0
 953 00b2 0B       		.uleb128 0xb
 954 00b3 05       		.uleb128 0x5
 955 00b4 00       		.byte	0
 956 00b5 03       		.uleb128 0x3
 957 00b6 0E       		.uleb128 0xe
 958 00b7 3A       		.uleb128 0x3a
 959 00b8 0B       		.uleb128 0xb
 960 00b9 3B       		.uleb128 0x3b
 961 00ba 05       		.uleb128 0x5
 962 00bb 49       		.uleb128 0x49
 963 00bc 13       		.uleb128 0x13
ARM GAS  C:\Users\addis\AppData\Local\Temp\ccuCeQWn.s 			page 26


 964 00bd 02       		.uleb128 0x2
 965 00be 18       		.uleb128 0x18
 966 00bf 00       		.byte	0
 967 00c0 00       		.byte	0
 968 00c1 0C       		.uleb128 0xc
 969 00c2 05       		.uleb128 0x5
 970 00c3 00       		.byte	0
 971 00c4 03       		.uleb128 0x3
 972 00c5 0E       		.uleb128 0xe
 973 00c6 3A       		.uleb128 0x3a
 974 00c7 0B       		.uleb128 0xb
 975 00c8 3B       		.uleb128 0x3b
 976 00c9 05       		.uleb128 0x5
 977 00ca 49       		.uleb128 0x49
 978 00cb 13       		.uleb128 0x13
 979 00cc 02       		.uleb128 0x2
 980 00cd 17       		.uleb128 0x17
 981 00ce 00       		.byte	0
 982 00cf 00       		.byte	0
 983 00d0 0D       		.uleb128 0xd
 984 00d1 898201   		.uleb128 0x4109
 985 00d4 01       		.byte	0x1
 986 00d5 11       		.uleb128 0x11
 987 00d6 01       		.uleb128 0x1
 988 00d7 31       		.uleb128 0x31
 989 00d8 13       		.uleb128 0x13
 990 00d9 00       		.byte	0
 991 00da 00       		.byte	0
 992 00db 0E       		.uleb128 0xe
 993 00dc 8A8201   		.uleb128 0x410a
 994 00df 00       		.byte	0
 995 00e0 02       		.uleb128 0x2
 996 00e1 18       		.uleb128 0x18
 997 00e2 9142     		.uleb128 0x2111
 998 00e4 18       		.uleb128 0x18
 999 00e5 00       		.byte	0
 1000 00e6 00       		.byte	0
 1001 00e7 0F       		.uleb128 0xf
 1002 00e8 898201   		.uleb128 0x4109
 1003 00eb 01       		.byte	0x1
 1004 00ec 11       		.uleb128 0x11
 1005 00ed 01       		.uleb128 0x1
 1006 00ee 31       		.uleb128 0x31
 1007 00ef 13       		.uleb128 0x13
 1008 00f0 01       		.uleb128 0x1
 1009 00f1 13       		.uleb128 0x13
 1010 00f2 00       		.byte	0
 1011 00f3 00       		.byte	0
 1012 00f4 10       		.uleb128 0x10
 1013 00f5 898201   		.uleb128 0x4109
 1014 00f8 00       		.byte	0
 1015 00f9 11       		.uleb128 0x11
 1016 00fa 01       		.uleb128 0x1
 1017 00fb 31       		.uleb128 0x31
 1018 00fc 13       		.uleb128 0x13
 1019 00fd 00       		.byte	0
 1020 00fe 00       		.byte	0
ARM GAS  C:\Users\addis\AppData\Local\Temp\ccuCeQWn.s 			page 27


 1021 00ff 11       		.uleb128 0x11
 1022 0100 34       		.uleb128 0x34
 1023 0101 00       		.byte	0
 1024 0102 03       		.uleb128 0x3
 1025 0103 0E       		.uleb128 0xe
 1026 0104 3A       		.uleb128 0x3a
 1027 0105 0B       		.uleb128 0xb
 1028 0106 3B       		.uleb128 0x3b
 1029 0107 0B       		.uleb128 0xb
 1030 0108 49       		.uleb128 0x49
 1031 0109 13       		.uleb128 0x13
 1032 010a 3F       		.uleb128 0x3f
 1033 010b 19       		.uleb128 0x19
 1034 010c 02       		.uleb128 0x2
 1035 010d 18       		.uleb128 0x18
 1036 010e 00       		.byte	0
 1037 010f 00       		.byte	0
 1038 0110 12       		.uleb128 0x12
 1039 0111 2E       		.uleb128 0x2e
 1040 0112 01       		.byte	0x1
 1041 0113 3F       		.uleb128 0x3f
 1042 0114 19       		.uleb128 0x19
 1043 0115 03       		.uleb128 0x3
 1044 0116 0E       		.uleb128 0xe
 1045 0117 3A       		.uleb128 0x3a
 1046 0118 0B       		.uleb128 0xb
 1047 0119 3B       		.uleb128 0x3b
 1048 011a 0B       		.uleb128 0xb
 1049 011b 27       		.uleb128 0x27
 1050 011c 19       		.uleb128 0x19
 1051 011d 3C       		.uleb128 0x3c
 1052 011e 19       		.uleb128 0x19
 1053 011f 00       		.byte	0
 1054 0120 00       		.byte	0
 1055 0121 13       		.uleb128 0x13
 1056 0122 05       		.uleb128 0x5
 1057 0123 00       		.byte	0
 1058 0124 49       		.uleb128 0x49
 1059 0125 13       		.uleb128 0x13
 1060 0126 00       		.byte	0
 1061 0127 00       		.byte	0
 1062 0128 00       		.byte	0
 1063              		.section	.debug_loc,"",%progbits
 1064              	.Ldebug_loc0:
 1065              	.LLST0:
 1066 0000 00000000 		.4byte	.LVL2
 1067 0004 10000000 		.4byte	.LVL3
 1068 0008 0100     		.2byte	0x1
 1069 000a 50       		.byte	0x50
 1070 000b 10000000 		.4byte	.LVL3
 1071 000f 38000000 		.4byte	.LFE8
 1072 0013 0400     		.2byte	0x4
 1073 0015 F3       		.byte	0xf3
 1074 0016 01       		.uleb128 0x1
 1075 0017 50       		.byte	0x50
 1076 0018 9F       		.byte	0x9f
 1077 0019 00000000 		.4byte	0
ARM GAS  C:\Users\addis\AppData\Local\Temp\ccuCeQWn.s 			page 28


 1078 001d 00000000 		.4byte	0
 1079              		.section	.debug_aranges,"",%progbits
 1080 0000 7C000000 		.4byte	0x7c
 1081 0004 0200     		.2byte	0x2
 1082 0006 00000000 		.4byte	.Ldebug_info0
 1083 000a 04       		.byte	0x4
 1084 000b 00       		.byte	0
 1085 000c 0000     		.2byte	0
 1086 000e 0000     		.2byte	0
 1087 0010 00000000 		.4byte	.LFB1
 1088 0014 28000000 		.4byte	.LFE1-.LFB1
 1089 0018 00000000 		.4byte	.LFB3
 1090 001c 28000000 		.4byte	.LFE3-.LFB3
 1091 0020 00000000 		.4byte	.LFB4
 1092 0024 0C000000 		.4byte	.LFE4-.LFB4
 1093 0028 00000000 		.4byte	.LFB5
 1094 002c 0C000000 		.4byte	.LFE5-.LFB5
 1095 0030 00000000 		.4byte	.LFB6
 1096 0034 0C000000 		.4byte	.LFE6-.LFB6
 1097 0038 00000000 		.4byte	.LFB7
 1098 003c 0C000000 		.4byte	.LFE7-.LFB7
 1099 0040 00000000 		.4byte	.LFB8
 1100 0044 38000000 		.4byte	.LFE8-.LFB8
 1101 0048 00000000 		.4byte	.LFB9
 1102 004c 14000000 		.4byte	.LFE9-.LFB9
 1103 0050 00000000 		.4byte	.LFB10
 1104 0054 0C000000 		.4byte	.LFE10-.LFB10
 1105 0058 00000000 		.4byte	.LFB11
 1106 005c 0C000000 		.4byte	.LFE11-.LFB11
 1107 0060 00000000 		.4byte	.LFB0
 1108 0064 70000000 		.4byte	.LFE0-.LFB0
 1109 0068 00000000 		.4byte	.LFB2
 1110 006c 1C000000 		.4byte	.LFE2-.LFB2
 1111 0070 00000000 		.4byte	.LFB12
 1112 0074 0C000000 		.4byte	.LFE12-.LFB12
 1113 0078 00000000 		.4byte	0
 1114 007c 00000000 		.4byte	0
 1115              		.section	.debug_ranges,"",%progbits
 1116              	.Ldebug_ranges0:
 1117 0000 00000000 		.4byte	.LFB1
 1118 0004 28000000 		.4byte	.LFE1
 1119 0008 00000000 		.4byte	.LFB3
 1120 000c 28000000 		.4byte	.LFE3
 1121 0010 00000000 		.4byte	.LFB4
 1122 0014 0C000000 		.4byte	.LFE4
 1123 0018 00000000 		.4byte	.LFB5
 1124 001c 0C000000 		.4byte	.LFE5
 1125 0020 00000000 		.4byte	.LFB6
 1126 0024 0C000000 		.4byte	.LFE6
 1127 0028 00000000 		.4byte	.LFB7
 1128 002c 0C000000 		.4byte	.LFE7
 1129 0030 00000000 		.4byte	.LFB8
 1130 0034 38000000 		.4byte	.LFE8
 1131 0038 00000000 		.4byte	.LFB9
 1132 003c 14000000 		.4byte	.LFE9
 1133 0040 00000000 		.4byte	.LFB10
 1134 0044 0C000000 		.4byte	.LFE10
ARM GAS  C:\Users\addis\AppData\Local\Temp\ccuCeQWn.s 			page 29


 1135 0048 00000000 		.4byte	.LFB11
 1136 004c 0C000000 		.4byte	.LFE11
 1137 0050 00000000 		.4byte	.LFB0
 1138 0054 70000000 		.4byte	.LFE0
 1139 0058 00000000 		.4byte	.LFB2
 1140 005c 1C000000 		.4byte	.LFE2
 1141 0060 00000000 		.4byte	.LFB12
 1142 0064 0C000000 		.4byte	.LFE12
 1143 0068 00000000 		.4byte	0
 1144 006c 00000000 		.4byte	0
 1145              		.section	.debug_line,"",%progbits
 1146              	.Ldebug_line0:
 1147 0000 58010000 		.section	.debug_str,"MS",%progbits,1
 1147      02005100 
 1147      00000201 
 1147      FB0E0D00 
 1147      01010101 
 1148              	.LASF15:
 1149 0000 72656731 		.ascii	"reg16\000"
 1149      3600
 1150              	.LASF17:
 1151 0006 436F756E 		.ascii	"Counter_Enable\000"
 1151      7465725F 
 1151      456E6162 
 1151      6C6500
 1152              	.LASF36:
 1153 0015 433A5C55 		.ascii	"C:\\Users\\addis\\Documents\\PSoC Creator\\Workspac"
 1153      73657273 
 1153      5C616464 
 1153      69735C44 
 1153      6F63756D 
 1154 0043 6530325C 		.ascii	"e02\\PS2Keyboard.cydsn\000"
 1154      5053324B 
 1154      6579626F 
 1154      6172642E 
 1154      63796473 
 1155              	.LASF33:
 1156 0059 436F756E 		.ascii	"Counter_ReadPeriod\000"
 1156      7465725F 
 1156      52656164 
 1156      50657269 
 1156      6F6400
 1157              	.LASF37:
 1158 006c 436F756E 		.ascii	"Counter_initVar\000"
 1158      7465725F 
 1158      696E6974 
 1158      56617200 
 1159              	.LASF11:
 1160 007c 666C6F61 		.ascii	"float\000"
 1160      7400
 1161              	.LASF28:
 1162 0082 436F756E 		.ascii	"Counter_ReadCapture\000"
 1162      7465725F 
 1162      52656164 
 1162      43617074 
 1162      75726500 
 1163              	.LASF30:
ARM GAS  C:\Users\addis\AppData\Local\Temp\ccuCeQWn.s 			page 30


 1164 0096 70657269 		.ascii	"period\000"
 1164      6F6400
 1165              	.LASF31:
 1166 009d 436F756E 		.ascii	"Counter_Init\000"
 1166      7465725F 
 1166      496E6974 
 1166      00
 1167              	.LASF3:
 1168 00aa 73686F72 		.ascii	"short unsigned int\000"
 1168      7420756E 
 1168      7369676E 
 1168      65642069 
 1168      6E7400
 1169              	.LASF20:
 1170 00bd 436F756E 		.ascii	"Counter_ReadControlRegister\000"
 1170      7465725F 
 1170      52656164 
 1170      436F6E74 
 1170      726F6C52 
 1171              	.LASF32:
 1172 00d9 436F756E 		.ascii	"Counter_Start\000"
 1172      7465725F 
 1172      53746172 
 1172      7400
 1173              	.LASF26:
 1174 00e7 636F756E 		.ascii	"counter\000"
 1174      74657200 
 1175              	.LASF25:
 1176 00ef 436F756E 		.ascii	"Counter_WriteCounter\000"
 1176      7465725F 
 1176      57726974 
 1176      65436F75 
 1176      6E746572 
 1177              	.LASF1:
 1178 0104 756E7369 		.ascii	"unsigned char\000"
 1178      676E6564 
 1178      20636861 
 1178      7200
 1179              	.LASF14:
 1180 0112 72656738 		.ascii	"reg8\000"
 1180      00
 1181              	.LASF5:
 1182 0117 6C6F6E67 		.ascii	"long unsigned int\000"
 1182      20756E73 
 1182      69676E65 
 1182      6420696E 
 1182      7400
 1183              	.LASF9:
 1184 0129 75696E74 		.ascii	"uint8\000"
 1184      3800
 1185              	.LASF24:
 1186 012f 636F6E74 		.ascii	"control\000"
 1186      726F6C00 
 1187              	.LASF23:
 1188 0137 696E7465 		.ascii	"interruptsMask\000"
 1188      72727570 
 1188      74734D61 
ARM GAS  C:\Users\addis\AppData\Local\Temp\ccuCeQWn.s 			page 31


 1188      736B00
 1189              	.LASF27:
 1190 0146 436F756E 		.ascii	"Counter_ReadCounter\000"
 1190      7465725F 
 1190      52656164 
 1190      436F756E 
 1190      74657200 
 1191              	.LASF12:
 1192 015a 646F7562 		.ascii	"double\000"
 1192      6C6500
 1193              	.LASF22:
 1194 0161 436F756E 		.ascii	"Counter_WriteControlRegister\000"
 1194      7465725F 
 1194      57726974 
 1194      65436F6E 
 1194      74726F6C 
 1195              	.LASF18:
 1196 017e 436F756E 		.ascii	"Counter_Stop\000"
 1196      7465725F 
 1196      53746F70 
 1196      00
 1197              	.LASF10:
 1198 018b 75696E74 		.ascii	"uint16\000"
 1198      313600
 1199              	.LASF34:
 1200 0192 474E5520 		.ascii	"GNU C 4.9.3 20150303 (release) [ARM/embedded-4_9-br"
 1200      4320342E 
 1200      392E3320 
 1200      32303135 
 1200      30333033 
 1201 01c5 616E6368 		.ascii	"anch revision 221220] -mcpu=cortex-m3 -mthumb -g -O"
 1201      20726576 
 1201      6973696F 
 1201      6E203232 
 1201      31323230 
 1202 01f8 67202D66 		.ascii	"g -ffunction-sections -ffat-lto-objects\000"
 1202      66756E63 
 1202      74696F6E 
 1202      2D736563 
 1202      74696F6E 
 1203              	.LASF8:
 1204 0220 756E7369 		.ascii	"unsigned int\000"
 1204      676E6564 
 1204      20696E74 
 1204      00
 1205              	.LASF29:
 1206 022d 436F756E 		.ascii	"Counter_WritePeriod\000"
 1206      7465725F 
 1206      57726974 
 1206      65506572 
 1206      696F6400 
 1207              	.LASF7:
 1208 0241 6C6F6E67 		.ascii	"long long unsigned int\000"
 1208      206C6F6E 
 1208      6720756E 
 1208      7369676E 
 1208      65642069 
ARM GAS  C:\Users\addis\AppData\Local\Temp\ccuCeQWn.s 			page 32


 1209              	.LASF35:
 1210 0258 2E5C4765 		.ascii	".\\Generated_Source\\PSoC5\\Counter.c\000"
 1210      6E657261 
 1210      7465645F 
 1210      536F7572 
 1210      63655C50 
 1211              	.LASF38:
 1212 027b 43794861 		.ascii	"CyHalt\000"
 1212      6C7400
 1213              	.LASF16:
 1214 0282 73697A65 		.ascii	"sizetype\000"
 1214      74797065 
 1214      00
 1215              	.LASF6:
 1216 028b 6C6F6E67 		.ascii	"long long int\000"
 1216      206C6F6E 
 1216      6720696E 
 1216      7400
 1217              	.LASF13:
 1218 0299 63686172 		.ascii	"char\000"
 1218      00
 1219              	.LASF2:
 1220 029e 73686F72 		.ascii	"short int\000"
 1220      7420696E 
 1220      7400
 1221              	.LASF19:
 1222 02a8 436F756E 		.ascii	"Counter_ReadStatusRegister\000"
 1222      7465725F 
 1222      52656164 
 1222      53746174 
 1222      75735265 
 1223              	.LASF4:
 1224 02c3 6C6F6E67 		.ascii	"long int\000"
 1224      20696E74 
 1224      00
 1225              	.LASF0:
 1226 02cc 7369676E 		.ascii	"signed char\000"
 1226      65642063 
 1226      68617200 
 1227              	.LASF21:
 1228 02d8 436F756E 		.ascii	"Counter_SetInterruptMode\000"
 1228      7465725F 
 1228      53657449 
 1228      6E746572 
 1228      72757074 
 1229              		.ident	"GCC: (GNU Tools for ARM Embedded Processors) 4.9.3 20150303 (release) [ARM/embedded-4_9-br
