ARM GAS  C:\Users\addis\AppData\Local\Temp\ccoH2uzJ.s 			page 1


   1              		.syntax unified
   2              		.cpu cortex-m3
   3              		.fpu softvfp
   4              		.eabi_attribute 20, 1
   5              		.eabi_attribute 21, 1
   6              		.eabi_attribute 23, 3
   7              		.eabi_attribute 24, 1
   8              		.eabi_attribute 25, 1
   9              		.eabi_attribute 26, 1
  10              		.eabi_attribute 30, 1
  11              		.eabi_attribute 34, 1
  12              		.eabi_attribute 18, 4
  13              		.thumb
  14              		.file	"cymetadata.c"
  15              		.text
  16              	.Ltext0:
  17              		.cfi_sections	.debug_frame
  18              		.global	cy_metadata
  19              		.global	cy_meta_flashprotect
  20              		.global	cy_meta_wonvl
  21              		.global	cy_meta_custnvl
  22              		.global	cy_meta_configecc
  23              		.section	.cyconfigecc,"a",%progbits
  24              		.align	2
  25              		.type	cy_meta_configecc, %object
  26              		.size	cy_meta_configecc, 2028
  27              	cy_meta_configecc:
  28 0000 02       		.byte	2
  29 0001 4F       		.byte	79
  30 0002 00       		.byte	0
  31 0003 40       		.byte	64
  32 0004 02       		.byte	2
  33 0005 52       		.byte	82
  34 0006 00       		.byte	0
  35 0007 40       		.byte	64
  36 0008 03       		.byte	3
  37 0009 65       		.byte	101
  38 000a 00       		.byte	0
  39 000b 40       		.byte	64
  40 000c 04       		.byte	4
  41 000d 02       		.byte	2
  42 000e 01       		.byte	1
  43 000f 40       		.byte	64
  44 0010 01       		.byte	1
  45 0011 03       		.byte	3
  46 0012 01       		.byte	1
  47 0013 40       		.byte	64
  48 0014 01       		.byte	1
  49 0015 05       		.byte	5
  50 0016 01       		.byte	1
  51 0017 40       		.byte	64
  52 0018 01       		.byte	1
  53 0019 07       		.byte	7
  54 001a 01       		.byte	1
  55 001b 40       		.byte	64
  56 001c 50       		.byte	80
  57 001d 08       		.byte	8
ARM GAS  C:\Users\addis\AppData\Local\Temp\ccoH2uzJ.s 			page 2


  58 001e 01       		.byte	1
  59 001f 40       		.byte	64
  60 0020 48       		.byte	72
  61 0021 09       		.byte	9
  62 0022 01       		.byte	1
  63 0023 40       		.byte	64
  64 0024 53       		.byte	83
  65 0025 0A       		.byte	10
  66 0026 01       		.byte	1
  67 0027 40       		.byte	64
  68 0028 49       		.byte	73
  69 0029 0B       		.byte	11
  70 002a 01       		.byte	1
  71 002b 40       		.byte	64
  72 002c 48       		.byte	72
  73 002d 0C       		.byte	12
  74 002e 01       		.byte	1
  75 002f 40       		.byte	64
  76 0030 46       		.byte	70
  77 0031 0D       		.byte	13
  78 0032 01       		.byte	1
  79 0033 40       		.byte	64
  80 0034 4E       		.byte	78
  81 0035 0E       		.byte	14
  82 0036 01       		.byte	1
  83 0037 40       		.byte	64
  84 0038 33       		.byte	51
  85 0039 0F       		.byte	15
  86 003a 01       		.byte	1
  87 003b 40       		.byte	64
  88 003c 65       		.byte	101
  89 003d 18       		.byte	24
  90 003e 01       		.byte	1
  91 003f 40       		.byte	64
  92 0040 41       		.byte	65
  93 0041 19       		.byte	25
  94 0042 01       		.byte	1
  95 0043 40       		.byte	64
  96 0044 52       		.byte	82
  97 0045 1A       		.byte	26
  98 0046 01       		.byte	1
  99 0047 40       		.byte	64
 100 0048 46       		.byte	70
 101 0049 1B       		.byte	27
 102 004a 01       		.byte	1
 103 004b 40       		.byte	64
 104 004c 05       		.byte	5
 105 004d 42       		.byte	66
 106 004e 01       		.byte	1
 107 004f 40       		.byte	64
 108 0050 04       		.byte	4
 109 0051 43       		.byte	67
 110 0052 01       		.byte	1
 111 0053 40       		.byte	64
 112 0054 04       		.byte	4
 113 0055 45       		.byte	69
 114 0056 01       		.byte	1
ARM GAS  C:\Users\addis\AppData\Local\Temp\ccoH2uzJ.s 			page 3


 115 0057 40       		.byte	64
 116 0058 03       		.byte	3
 117 0059 46       		.byte	70
 118 005a 01       		.byte	1
 119 005b 40       		.byte	64
 120 005c 02       		.byte	2
 121 005d 47       		.byte	71
 122 005e 01       		.byte	1
 123 005f 40       		.byte	64
 124 0060 05       		.byte	5
 125 0061 4C       		.byte	76
 126 0062 01       		.byte	1
 127 0063 40       		.byte	64
 128 0064 07       		.byte	7
 129 0065 4D       		.byte	77
 130 0066 01       		.byte	1
 131 0067 40       		.byte	64
 132 0068 04       		.byte	4
 133 0069 50       		.byte	80
 134 006a 01       		.byte	1
 135 006b 40       		.byte	64
 136 006c 01       		.byte	1
 137 006d 20       		.byte	32
 138 006e 0A       		.byte	10
 139 006f 87       		.byte	-121
 140 0070 61       		.byte	97
 141 0071 80       		.byte	-128
 142 0072 64       		.byte	100
 143 0073 40       		.byte	64
 144 0074 88       		.byte	-120
 145 0075 0F       		.byte	15
 146 0076 89       		.byte	-119
 147 0077 38       		.byte	56
 148 0078 8A       		.byte	-118
 149 0079 72       		.byte	114
 150 007a B9       		.byte	-71
 151 007b 80       		.byte	-128
 152 007c BF       		.byte	-65
 153 007d 40       		.byte	64
 154 007e D9       		.byte	-39
 155 007f 04       		.byte	4
 156 0080 DF       		.byte	-33
 157 0081 01       		.byte	1
 158 0082 21       		.byte	33
 159 0083 80       		.byte	-128
 160 0084 A9       		.byte	-87
 161 0085 80       		.byte	-128
 162 0086 E2       		.byte	-30
 163 0087 02       		.byte	2
 164 0088 01       		.byte	1
 165 0089 23       		.byte	35
 166 008a 02       		.byte	2
 167 008b 02       		.byte	2
 168 008c 03       		.byte	3
 169 008d 18       		.byte	24
 170 008e 05       		.byte	5
 171 008f E3       		.byte	-29
ARM GAS  C:\Users\addis\AppData\Local\Temp\ccoH2uzJ.s 			page 4


 172 0090 06       		.byte	6
 173 0091 08       		.byte	8
 174 0092 07       		.byte	7
 175 0093 18       		.byte	24
 176 0094 08       		.byte	8
 177 0095 0E       		.byte	14
 178 0096 09       		.byte	9
 179 0097 43       		.byte	67
 180 0098 0B       		.byte	11
 181 0099 08       		.byte	8
 182 009a 0E       		.byte	14
 183 009b 04       		.byte	4
 184 009c 0F       		.byte	15
 185 009d 04       		.byte	4
 186 009e 10       		.byte	16
 187 009f 01       		.byte	1
 188 00a0 11       		.byte	17
 189 00a1 FB       		.byte	-5
 190 00a2 14       		.byte	20
 191 00a3 01       		.byte	1
 192 00a4 15       		.byte	21
 193 00a5 03       		.byte	3
 194 00a6 18       		.byte	24
 195 00a7 0E       		.byte	14
 196 00a8 19       		.byte	25
 197 00a9 FB       		.byte	-5
 198 00aa 1C       		.byte	28
 199 00ab 0E       		.byte	14
 200 00ac 1D       		.byte	29
 201 00ad 1B       		.byte	27
 202 00ae 20       		.byte	32
 203 00af 0E       		.byte	14
 204 00b0 23       		.byte	35
 205 00b1 01       		.byte	1
 206 00b2 24       		.byte	36
 207 00b3 01       		.byte	1
 208 00b4 27       		.byte	39
 209 00b5 02       		.byte	2
 210 00b6 28       		.byte	40
 211 00b7 01       		.byte	1
 212 00b8 2C       		.byte	44
 213 00b9 01       		.byte	1
 214 00ba 2D       		.byte	45
 215 00bb 83       		.byte	-125
 216 00bc 2F       		.byte	47
 217 00bd 10       		.byte	16
 218 00be 30       		.byte	48
 219 00bf 0E       		.byte	14
 220 00c0 34       		.byte	52
 221 00c1 01       		.byte	1
 222 00c2 35       		.byte	53
 223 00c3 03       		.byte	3
 224 00c4 37       		.byte	55
 225 00c5 FC       		.byte	-4
 226 00c6 39       		.byte	57
 227 00c7 80       		.byte	-128
 228 00c8 3A       		.byte	58
ARM GAS  C:\Users\addis\AppData\Local\Temp\ccoH2uzJ.s 			page 5


 229 00c9 B0       		.byte	-80
 230 00ca 3F       		.byte	63
 231 00cb 50       		.byte	80
 232 00cc 40       		.byte	64
 233 00cd 02       		.byte	2
 234 00ce 47       		.byte	71
 235 00cf 40       		.byte	64
 236 00d0 49       		.byte	73
 237 00d1 FF       		.byte	-1
 238 00d2 4A       		.byte	74
 239 00d3 07       		.byte	7
 240 00d4 4B       		.byte	75
 241 00d5 FF       		.byte	-1
 242 00d6 4C       		.byte	76
 243 00d7 40       		.byte	64
 244 00d8 4D       		.byte	77
 245 00d9 20       		.byte	32
 246 00da 4E       		.byte	78
 247 00db F0       		.byte	-16
 248 00dc 4F       		.byte	79
 249 00dd 05       		.byte	5
 250 00de 50       		.byte	80
 251 00df 08       		.byte	8
 252 00e0 58       		.byte	88
 253 00e1 24       		.byte	36
 254 00e2 59       		.byte	89
 255 00e3 04       		.byte	4
 256 00e4 5A       		.byte	90
 257 00e5 04       		.byte	4
 258 00e6 5B       		.byte	91
 259 00e7 04       		.byte	4
 260 00e8 5C       		.byte	92
 261 00e9 08       		.byte	8
 262 00ea 5D       		.byte	93
 263 00eb 01       		.byte	1
 264 00ec 5F       		.byte	95
 265 00ed 11       		.byte	17
 266 00ee 60       		.byte	96
 267 00ef 40       		.byte	64
 268 00f0 61       		.byte	97
 269 00f1 A8       		.byte	-88
 270 00f2 62       		.byte	98
 271 00f3 40       		.byte	64
 272 00f4 63       		.byte	99
 273 00f5 20       		.byte	32
 274 00f6 81       		.byte	-127
 275 00f7 F6       		.byte	-10
 276 00f8 83       		.byte	-125
 277 00f9 09       		.byte	9
 278 00fa 85       		.byte	-123
 279 00fb C0       		.byte	-64
 280 00fc 89       		.byte	-119
 281 00fd F6       		.byte	-10
 282 00fe 8B       		.byte	-117
 283 00ff 09       		.byte	9
 284 0100 8D       		.byte	-115
 285 0101 C9       		.byte	-55
ARM GAS  C:\Users\addis\AppData\Local\Temp\ccoH2uzJ.s 			page 6


 286 0102 8F       		.byte	-113
 287 0103 36       		.byte	54
 288 0104 91       		.byte	-111
 289 0105 10       		.byte	16
 290 0106 93       		.byte	-109
 291 0107 82       		.byte	-126
 292 0108 95       		.byte	-107
 293 0109 08       		.byte	8
 294 010a 97       		.byte	-105
 295 010b 41       		.byte	65
 296 010c 9D       		.byte	-99
 297 010d 20       		.byte	32
 298 010e 9F       		.byte	-97
 299 010f 04       		.byte	4
 300 0110 A1       		.byte	-95
 301 0111 FF       		.byte	-1
 302 0112 A5       		.byte	-91
 303 0113 F6       		.byte	-10
 304 0114 A7       		.byte	-89
 305 0115 09       		.byte	9
 306 0116 A9       		.byte	-87
 307 0117 FF       		.byte	-1
 308 0118 AD       		.byte	-83
 309 0119 D2       		.byte	-46
 310 011a AF       		.byte	-81
 311 011b 2D       		.byte	45
 312 011c B1       		.byte	-79
 313 011d 07       		.byte	7
 314 011e B5       		.byte	-75
 315 011f C0       		.byte	-64
 316 0120 B7       		.byte	-73
 317 0121 38       		.byte	56
 318 0122 BF       		.byte	-65
 319 0123 51       		.byte	81
 320 0124 D9       		.byte	-39
 321 0125 04       		.byte	4
 322 0126 DF       		.byte	-33
 323 0127 01       		.byte	1
 324 0128 04       		.byte	4
 325 0129 04       		.byte	4
 326 012a 05       		.byte	5
 327 012b 61       		.byte	97
 328 012c 0D       		.byte	13
 329 012d 08       		.byte	8
 330 012e 0E       		.byte	14
 331 012f 48       		.byte	72
 332 0130 0F       		.byte	15
 333 0131 01       		.byte	1
 334 0132 15       		.byte	21
 335 0133 20       		.byte	32
 336 0134 17       		.byte	23
 337 0135 4A       		.byte	74
 338 0136 1C       		.byte	28
 339 0137 8A       		.byte	-118
 340 0138 1D       		.byte	29
 341 0139 11       		.byte	17
 342 013a 1E       		.byte	30
ARM GAS  C:\Users\addis\AppData\Local\Temp\ccoH2uzJ.s 			page 7


 343 013b 02       		.byte	2
 344 013c 1F       		.byte	31
 345 013d 80       		.byte	-128
 346 013e 21       		.byte	33
 347 013f 10       		.byte	16
 348 0140 22       		.byte	34
 349 0141 02       		.byte	2
 350 0142 23       		.byte	35
 351 0143 01       		.byte	1
 352 0144 27       		.byte	39
 353 0145 0A       		.byte	10
 354 0146 29       		.byte	41
 355 0147 10       		.byte	16
 356 0148 2B       		.byte	43
 357 0149 92       		.byte	-110
 358 014a 2C       		.byte	44
 359 014b 60       		.byte	96
 360 014c 2E       		.byte	46
 361 014d 02       		.byte	2
 362 014e 2F       		.byte	47
 363 014f 02       		.byte	2
 364 0150 30       		.byte	48
 365 0151 40       		.byte	64
 366 0152 32       		.byte	50
 367 0153 05       		.byte	5
 368 0154 35       		.byte	53
 369 0155 50       		.byte	80
 370 0156 36       		.byte	54
 371 0157 01       		.byte	1
 372 0158 37       		.byte	55
 373 0159 04       		.byte	4
 374 015a 38       		.byte	56
 375 015b 18       		.byte	24
 376 015c 39       		.byte	57
 377 015d 01       		.byte	1
 378 015e 3B       		.byte	59
 379 015f 40       		.byte	64
 380 0160 3C       		.byte	60
 381 0161 B0       		.byte	-80
 382 0162 3D       		.byte	61
 383 0163 01       		.byte	1
 384 0164 3E       		.byte	62
 385 0165 04       		.byte	4
 386 0166 46       		.byte	70
 387 0167 08       		.byte	8
 388 0168 49       		.byte	73
 389 0169 40       		.byte	64
 390 016a 4B       		.byte	75
 391 016b 40       		.byte	64
 392 016c 4D       		.byte	77
 393 016d 04       		.byte	4
 394 016e 55       		.byte	85
 395 016f 01       		.byte	1
 396 0170 5C       		.byte	92
 397 0171 80       		.byte	-128
 398 0172 5D       		.byte	93
 399 0173 10       		.byte	16
ARM GAS  C:\Users\addis\AppData\Local\Temp\ccoH2uzJ.s 			page 8


 400 0174 6C       		.byte	108
 401 0175 04       		.byte	4
 402 0176 6D       		.byte	109
 403 0177 80       		.byte	-128
 404 0178 6F       		.byte	111
 405 0179 04       		.byte	4
 406 017a 7C       		.byte	124
 407 017b 20       		.byte	32
 408 017c 7F       		.byte	127
 409 017d 08       		.byte	8
 410 017e 85       		.byte	-123
 411 017f 40       		.byte	64
 412 0180 87       		.byte	-121
 413 0181 08       		.byte	8
 414 0182 90       		.byte	-112
 415 0183 04       		.byte	4
 416 0184 91       		.byte	-111
 417 0185 11       		.byte	17
 418 0186 92       		.byte	-110
 419 0187 4E       		.byte	78
 420 0188 99       		.byte	-103
 421 0189 60       		.byte	96
 422 018a 9A       		.byte	-102
 423 018b 02       		.byte	2
 424 018c 9B       		.byte	-101
 425 018d 40       		.byte	64
 426 018e 9C       		.byte	-100
 427 018f 20       		.byte	32
 428 0190 9D       		.byte	-99
 429 0191 10       		.byte	16
 430 0192 9F       		.byte	-97
 431 0193 04       		.byte	4
 432 0194 A0       		.byte	-96
 433 0195 30       		.byte	48
 434 0196 A1       		.byte	-95
 435 0197 08       		.byte	8
 436 0198 A2       		.byte	-94
 437 0199 04       		.byte	4
 438 019a A3       		.byte	-93
 439 019b 12       		.byte	18
 440 019c A4       		.byte	-92
 441 019d 05       		.byte	5
 442 019e A6       		.byte	-90
 443 019f 03       		.byte	3
 444 01a0 AD       		.byte	-83
 445 01a1 10       		.byte	16
 446 01a2 AE       		.byte	-82
 447 01a3 80       		.byte	-128
 448 01a4 C0       		.byte	-64
 449 01a5 F0       		.byte	-16
 450 01a6 C2       		.byte	-62
 451 01a7 F0       		.byte	-16
 452 01a8 C4       		.byte	-60
 453 01a9 F0       		.byte	-16
 454 01aa CA       		.byte	-54
 455 01ab DF       		.byte	-33
 456 01ac CC       		.byte	-52
ARM GAS  C:\Users\addis\AppData\Local\Temp\ccoH2uzJ.s 			page 9


 457 01ad FB       		.byte	-5
 458 01ae CE       		.byte	-50
 459 01af FF       		.byte	-1
 460 01b0 D0       		.byte	-48
 461 01b1 20       		.byte	32
 462 01b2 D6       		.byte	-42
 463 01b3 30       		.byte	48
 464 01b4 DE       		.byte	-34
 465 01b5 20       		.byte	32
 466 01b6 E6       		.byte	-26
 467 01b7 02       		.byte	2
 468 01b8 00       		.byte	0
 469 01b9 FF       		.byte	-1
 470 01ba 04       		.byte	4
 471 01bb C9       		.byte	-55
 472 01bc 05       		.byte	5
 473 01bd 01       		.byte	1
 474 01be 06       		.byte	6
 475 01bf 36       		.byte	54
 476 01c0 08       		.byte	8
 477 01c1 DB       		.byte	-37
 478 01c2 0A       		.byte	10
 479 01c3 24       		.byte	36
 480 01c4 0C       		.byte	12
 481 01c5 09       		.byte	9
 482 01c6 0D       		.byte	13
 483 01c7 01       		.byte	1
 484 01c8 10       		.byte	16
 485 01c9 E5       		.byte	-27
 486 01ca 11       		.byte	17
 487 01cb 01       		.byte	1
 488 01cc 12       		.byte	18
 489 01cd 1A       		.byte	26
 490 01ce 15       		.byte	21
 491 01cf 01       		.byte	1
 492 01d0 18       		.byte	24
 493 01d1 C0       		.byte	-64
 494 01d2 19       		.byte	25
 495 01d3 01       		.byte	1
 496 01d4 1C       		.byte	28
 497 01d5 F7       		.byte	-9
 498 01d6 1D       		.byte	29
 499 01d7 01       		.byte	1
 500 01d8 1E       		.byte	30
 501 01d9 08       		.byte	8
 502 01da 20       		.byte	32
 503 01db C1       		.byte	-63
 504 01dc 22       		.byte	34
 505 01dd 3E       		.byte	62
 506 01de 24       		.byte	36
 507 01df 20       		.byte	32
 508 01e0 25       		.byte	37
 509 01e1 01       		.byte	1
 510 01e2 26       		.byte	38
 511 01e3 84       		.byte	-124
 512 01e4 28       		.byte	40
 513 01e5 FF       		.byte	-1
ARM GAS  C:\Users\addis\AppData\Local\Temp\ccoH2uzJ.s 			page 10


 514 01e6 2C       		.byte	44
 515 01e7 10       		.byte	16
 516 01e8 2E       		.byte	46
 517 01e9 42       		.byte	66
 518 01ea 30       		.byte	48
 519 01eb C0       		.byte	-64
 520 01ec 31       		.byte	49
 521 01ed 01       		.byte	1
 522 01ee 32       		.byte	50
 523 01ef 07       		.byte	7
 524 01f0 34       		.byte	52
 525 01f1 38       		.byte	56
 526 01f2 3E       		.byte	62
 527 01f3 15       		.byte	21
 528 01f4 3F       		.byte	63
 529 01f5 01       		.byte	1
 530 01f6 58       		.byte	88
 531 01f7 04       		.byte	4
 532 01f8 59       		.byte	89
 533 01f9 04       		.byte	4
 534 01fa 5B       		.byte	91
 535 01fb 04       		.byte	4
 536 01fc 5F       		.byte	95
 537 01fd 01       		.byte	1
 538 01fe 80       		.byte	-128
 539 01ff ED       		.byte	-19
 540 0200 81       		.byte	-127
 541 0201 3F       		.byte	63
 542 0202 82       		.byte	-126
 543 0203 12       		.byte	18
 544 0204 84       		.byte	-124
 545 0205 FF       		.byte	-1
 546 0206 85       		.byte	-123
 547 0207 15       		.byte	21
 548 0208 87       		.byte	-121
 549 0209 2A       		.byte	42
 550 020a 88       		.byte	-120
 551 020b FF       		.byte	-1
 552 020c 89       		.byte	-119
 553 020d 09       		.byte	9
 554 020e 8B       		.byte	-117
 555 020f 12       		.byte	18
 556 0210 8C       		.byte	-116
 557 0211 C0       		.byte	-64
 558 0212 8D       		.byte	-115
 559 0213 20       		.byte	32
 560 0214 8E       		.byte	-114
 561 0215 3F       		.byte	63
 562 0216 8F       		.byte	-113
 563 0217 02       		.byte	2
 564 0218 90       		.byte	-112
 565 0219 20       		.byte	32
 566 021a 91       		.byte	-111
 567 021b 2E       		.byte	46
 568 021c 92       		.byte	-110
 569 021d 84       		.byte	-124
 570 021e 93       		.byte	-109
ARM GAS  C:\Users\addis\AppData\Local\Temp\ccoH2uzJ.s 			page 11


 571 021f 11       		.byte	17
 572 0220 98       		.byte	-104
 573 0221 08       		.byte	8
 574 0222 99       		.byte	-103
 575 0223 3F       		.byte	63
 576 0224 9A       		.byte	-102
 577 0225 01       		.byte	1
 578 0226 9C       		.byte	-100
 579 0227 FF       		.byte	-1
 580 0228 9D       		.byte	-99
 581 0229 03       		.byte	3
 582 022a 9F       		.byte	-97
 583 022b 04       		.byte	4
 584 022c A0       		.byte	-96
 585 022d DB       		.byte	-37
 586 022e A1       		.byte	-95
 587 022f 2E       		.byte	46
 588 0230 A2       		.byte	-94
 589 0231 24       		.byte	36
 590 0232 A3       		.byte	-93
 591 0233 11       		.byte	17
 592 0234 A4       		.byte	-92
 593 0235 C0       		.byte	-64
 594 0236 A8       		.byte	-88
 595 0237 10       		.byte	16
 596 0238 A9       		.byte	-87
 597 0239 04       		.byte	4
 598 023a AA       		.byte	-86
 599 023b 42       		.byte	66
 600 023c AB       		.byte	-85
 601 023d 3B       		.byte	59
 602 023e AC       		.byte	-84
 603 023f E4       		.byte	-28
 604 0240 AD       		.byte	-83
 605 0241 04       		.byte	4
 606 0242 AE       		.byte	-82
 607 0243 1B       		.byte	27
 608 0244 AF       		.byte	-81
 609 0245 3B       		.byte	59
 610 0246 B1       		.byte	-79
 611 0247 38       		.byte	56
 612 0248 B2       		.byte	-78
 613 0249 C0       		.byte	-64
 614 024a B4       		.byte	-76
 615 024b 38       		.byte	56
 616 024c B6       		.byte	-74
 617 024d 07       		.byte	7
 618 024e B7       		.byte	-73
 619 024f 07       		.byte	7
 620 0250 BB       		.byte	-69
 621 0251 80       		.byte	-128
 622 0252 BE       		.byte	-66
 623 0253 54       		.byte	84
 624 0254 BF       		.byte	-65
 625 0255 01       		.byte	1
 626 0256 D8       		.byte	-40
 627 0257 04       		.byte	4
ARM GAS  C:\Users\addis\AppData\Local\Temp\ccoH2uzJ.s 			page 12


 628 0258 D9       		.byte	-39
 629 0259 24       		.byte	36
 630 025a DC       		.byte	-36
 631 025b 80       		.byte	-128
 632 025c DF       		.byte	-33
 633 025d 11       		.byte	17
 634 025e 00       		.byte	0
 635 025f A6       		.byte	-90
 636 0260 01       		.byte	1
 637 0261 02       		.byte	2
 638 0262 04       		.byte	4
 639 0263 04       		.byte	4
 640 0264 05       		.byte	5
 641 0265 50       		.byte	80
 642 0266 06       		.byte	6
 643 0267 84       		.byte	-124
 644 0268 08       		.byte	8
 645 0269 11       		.byte	17
 646 026a 0A       		.byte	10
 647 026b 01       		.byte	1
 648 026c 0C       		.byte	12
 649 026d 20       		.byte	32
 650 026e 0E       		.byte	14
 651 026f 02       		.byte	2
 652 0270 0F       		.byte	15
 653 0271 40       		.byte	64
 654 0272 10       		.byte	16
 655 0273 02       		.byte	2
 656 0274 11       		.byte	17
 657 0275 01       		.byte	1
 658 0276 12       		.byte	18
 659 0277 04       		.byte	4
 660 0278 13       		.byte	19
 661 0279 0A       		.byte	10
 662 027a 14       		.byte	20
 663 027b 12       		.byte	18
 664 027c 17       		.byte	23
 665 027d 26       		.byte	38
 666 027e 19       		.byte	25
 667 027f 20       		.byte	32
 668 0280 1A       		.byte	26
 669 0281 40       		.byte	64
 670 0282 1B       		.byte	27
 671 0283 04       		.byte	4
 672 0284 1D       		.byte	29
 673 0285 88       		.byte	-120
 674 0286 1E       		.byte	30
 675 0287 08       		.byte	8
 676 0288 23       		.byte	35
 677 0289 80       		.byte	-128
 678 028a 26       		.byte	38
 679 028b 80       		.byte	-128
 680 028c 27       		.byte	39
 681 028d 40       		.byte	64
 682 028e 29       		.byte	41
 683 028f 04       		.byte	4
 684 0290 2C       		.byte	44
ARM GAS  C:\Users\addis\AppData\Local\Temp\ccoH2uzJ.s 			page 13


 685 0291 01       		.byte	1
 686 0292 2E       		.byte	46
 687 0293 81       		.byte	-127
 688 0294 2F       		.byte	47
 689 0295 0A       		.byte	10
 690 0296 30       		.byte	48
 691 0297 AA       		.byte	-86
 692 0298 35       		.byte	53
 693 0299 10       		.byte	16
 694 029a 36       		.byte	54
 695 029b 80       		.byte	-128
 696 029c 37       		.byte	55
 697 029d 02       		.byte	2
 698 029e 38       		.byte	56
 699 029f 80       		.byte	-128
 700 02a0 39       		.byte	57
 701 02a1 04       		.byte	4
 702 02a2 3C       		.byte	60
 703 02a3 82       		.byte	-126
 704 02a4 3E       		.byte	62
 705 02a5 14       		.byte	20
 706 02a6 68       		.byte	104
 707 02a7 8A       		.byte	-118
 708 02a8 69       		.byte	105
 709 02a9 04       		.byte	4
 710 02aa 6A       		.byte	106
 711 02ab 0A       		.byte	10
 712 02ac 6B       		.byte	107
 713 02ad 08       		.byte	8
 714 02ae 70       		.byte	112
 715 02af 60       		.byte	96
 716 02b0 71       		.byte	113
 717 02b1 04       		.byte	4
 718 02b2 72       		.byte	114
 719 02b3 02       		.byte	2
 720 02b4 73       		.byte	115
 721 02b5 60       		.byte	96
 722 02b6 7C       		.byte	124
 723 02b7 20       		.byte	32
 724 02b8 88       		.byte	-120
 725 02b9 02       		.byte	2
 726 02ba 8B       		.byte	-117
 727 02bb 08       		.byte	8
 728 02bc 90       		.byte	-112
 729 02bd 04       		.byte	4
 730 02be 92       		.byte	-110
 731 02bf 15       		.byte	21
 732 02c0 97       		.byte	-105
 733 02c1 40       		.byte	64
 734 02c2 99       		.byte	-103
 735 02c3 40       		.byte	64
 736 02c4 9B       		.byte	-101
 737 02c5 02       		.byte	2
 738 02c6 9C       		.byte	-100
 739 02c7 20       		.byte	32
 740 02c8 9D       		.byte	-99
 741 02c9 12       		.byte	18
ARM GAS  C:\Users\addis\AppData\Local\Temp\ccoH2uzJ.s 			page 14


 742 02ca 9F       		.byte	-97
 743 02cb 84       		.byte	-124
 744 02cc A0       		.byte	-96
 745 02cd 50       		.byte	80
 746 02ce A3       		.byte	-93
 747 02cf 1A       		.byte	26
 748 02d0 A4       		.byte	-92
 749 02d1 04       		.byte	4
 750 02d2 A5       		.byte	-91
 751 02d3 80       		.byte	-128
 752 02d4 A6       		.byte	-90
 753 02d5 03       		.byte	3
 754 02d6 A7       		.byte	-89
 755 02d7 04       		.byte	4
 756 02d8 B0       		.byte	-80
 757 02d9 08       		.byte	8
 758 02da B2       		.byte	-78
 759 02db 80       		.byte	-128
 760 02dc B4       		.byte	-76
 761 02dd 20       		.byte	32
 762 02de B5       		.byte	-75
 763 02df 4C       		.byte	76
 764 02e0 B6       		.byte	-74
 765 02e1 11       		.byte	17
 766 02e2 C0       		.byte	-64
 767 02e3 FF       		.byte	-1
 768 02e4 C2       		.byte	-62
 769 02e5 DB       		.byte	-37
 770 02e6 C4       		.byte	-60
 771 02e7 FF       		.byte	-1
 772 02e8 CA       		.byte	-54
 773 02e9 B2       		.byte	-78
 774 02ea CC       		.byte	-52
 775 02eb BF       		.byte	-65
 776 02ec CE       		.byte	-50
 777 02ed FA       		.byte	-6
 778 02ee DE       		.byte	-34
 779 02ef 20       		.byte	32
 780 02f0 00       		.byte	0
 781 02f1 DB       		.byte	-37
 782 02f2 01       		.byte	1
 783 02f3 07       		.byte	7
 784 02f4 03       		.byte	3
 785 02f5 08       		.byte	8
 786 02f6 05       		.byte	5
 787 02f7 FF       		.byte	-1
 788 02f8 06       		.byte	6
 789 02f9 04       		.byte	4
 790 02fa 08       		.byte	8
 791 02fb 49       		.byte	73
 792 02fc 0A       		.byte	10
 793 02fd 80       		.byte	-128
 794 02fe 0B       		.byte	11
 795 02ff 01       		.byte	1
 796 0300 0E       		.byte	14
 797 0301 20       		.byte	32
 798 0302 0F       		.byte	15
ARM GAS  C:\Users\addis\AppData\Local\Temp\ccoH2uzJ.s 			page 15


 799 0303 01       		.byte	1
 800 0304 11       		.byte	17
 801 0305 FF       		.byte	-1
 802 0306 12       		.byte	18
 803 0307 10       		.byte	16
 804 0308 17       		.byte	23
 805 0309 80       		.byte	-128
 806 030a 18       		.byte	24
 807 030b 92       		.byte	-110
 808 030c 1A       		.byte	26
 809 030d 40       		.byte	64
 810 030e 1C       		.byte	28
 811 030f 49       		.byte	73
 812 0310 1D       		.byte	29
 813 0311 1A       		.byte	26
 814 0312 1E       		.byte	30
 815 0313 10       		.byte	16
 816 0314 1F       		.byte	31
 817 0315 20       		.byte	32
 818 0316 22       		.byte	34
 819 0317 C2       		.byte	-62
 820 0318 24       		.byte	36
 821 0319 DB       		.byte	-37
 822 031a 25       		.byte	37
 823 031b F8       		.byte	-8
 824 031c 27       		.byte	39
 825 031d 02       		.byte	2
 826 031e 29       		.byte	41
 827 031f 22       		.byte	34
 828 0320 2A       		.byte	42
 829 0321 D9       		.byte	-39
 830 0322 2B       		.byte	43
 831 0323 55       		.byte	85
 832 0324 2D       		.byte	45
 833 0325 C4       		.byte	-60
 834 0326 2E       		.byte	46
 835 0327 DA       		.byte	-38
 836 0328 30       		.byte	48
 837 0329 07       		.byte	7
 838 032a 32       		.byte	50
 839 032b 38       		.byte	56
 840 032c 33       		.byte	51
 841 032d FF       		.byte	-1
 842 032e 34       		.byte	52
 843 032f C0       		.byte	-64
 844 0330 36       		.byte	54
 845 0331 C0       		.byte	-64
 846 0332 3A       		.byte	58
 847 0333 AA       		.byte	-86
 848 0334 3F       		.byte	63
 849 0335 04       		.byte	4
 850 0336 58       		.byte	88
 851 0337 24       		.byte	36
 852 0338 59       		.byte	89
 853 0339 04       		.byte	4
 854 033a 5B       		.byte	91
 855 033b 04       		.byte	4
ARM GAS  C:\Users\addis\AppData\Local\Temp\ccoH2uzJ.s 			page 16


 856 033c 5C       		.byte	92
 857 033d 08       		.byte	8
 858 033e 5F       		.byte	95
 859 033f 11       		.byte	17
 860 0340 80       		.byte	-128
 861 0341 FF       		.byte	-1
 862 0342 84       		.byte	-124
 863 0343 FF       		.byte	-1
 864 0344 85       		.byte	-123
 865 0345 01       		.byte	1
 866 0346 88       		.byte	-120
 867 0347 4B       		.byte	75
 868 0348 8A       		.byte	-118
 869 0349 B0       		.byte	-80
 870 034a 8C       		.byte	-116
 871 034b 41       		.byte	65
 872 034c 8E       		.byte	-114
 873 034d BE       		.byte	-66
 874 034e 90       		.byte	-112
 875 034f 01       		.byte	1
 876 0350 91       		.byte	-111
 877 0351 01       		.byte	1
 878 0352 94       		.byte	-108
 879 0353 59       		.byte	89
 880 0354 96       		.byte	-106
 881 0355 22       		.byte	34
 882 0356 98       		.byte	-104
 883 0357 E7       		.byte	-25
 884 0358 9A       		.byte	-102
 885 0359 08       		.byte	8
 886 035a 9D       		.byte	-99
 887 035b 01       		.byte	1
 888 035c 9E       		.byte	-98
 889 035d 20       		.byte	32
 890 035e A0       		.byte	-96
 891 035f 51       		.byte	81
 892 0360 A2       		.byte	-94
 893 0361 84       		.byte	-124
 894 0362 A6       		.byte	-90
 895 0363 20       		.byte	32
 896 0364 A8       		.byte	-88
 897 0365 01       		.byte	1
 898 0366 A9       		.byte	-87
 899 0367 01       		.byte	1
 900 0368 AA       		.byte	-86
 901 0369 40       		.byte	64
 902 036a AE       		.byte	-82
 903 036b 01       		.byte	1
 904 036c B0       		.byte	-80
 905 036d 1F       		.byte	31
 906 036e B1       		.byte	-79
 907 036f 01       		.byte	1
 908 0370 B4       		.byte	-76
 909 0371 E0       		.byte	-32
 910 0372 BA       		.byte	-70
 911 0373 20       		.byte	32
 912 0374 BB       		.byte	-69
ARM GAS  C:\Users\addis\AppData\Local\Temp\ccoH2uzJ.s 			page 17


 913 0375 03       		.byte	3
 914 0376 BE       		.byte	-66
 915 0377 01       		.byte	1
 916 0378 D8       		.byte	-40
 917 0379 24       		.byte	36
 918 037a D9       		.byte	-39
 919 037b 24       		.byte	36
 920 037c DC       		.byte	-36
 921 037d 88       		.byte	-120
 922 037e DF       		.byte	-33
 923 037f 11       		.byte	17
 924 0380 00       		.byte	0
 925 0381 28       		.byte	40
 926 0382 01       		.byte	1
 927 0383 02       		.byte	2
 928 0384 03       		.byte	3
 929 0385 02       		.byte	2
 930 0386 04       		.byte	4
 931 0387 90       		.byte	-112
 932 0388 05       		.byte	5
 933 0389 22       		.byte	34
 934 038a 07       		.byte	7
 935 038b 10       		.byte	16
 936 038c 09       		.byte	9
 937 038d 20       		.byte	32
 938 038e 0A       		.byte	10
 939 038f 02       		.byte	2
 940 0390 0B       		.byte	11
 941 0391 60       		.byte	96
 942 0392 0D       		.byte	13
 943 0393 61       		.byte	97
 944 0394 10       		.byte	16
 945 0395 28       		.byte	40
 946 0396 12       		.byte	18
 947 0397 88       		.byte	-120
 948 0398 13       		.byte	19
 949 0399 82       		.byte	-126
 950 039a 15       		.byte	21
 951 039b 54       		.byte	84
 952 039c 17       		.byte	23
 953 039d 02       		.byte	2
 954 039e 18       		.byte	24
 955 039f 84       		.byte	-124
 956 03a0 19       		.byte	25
 957 03a1 20       		.byte	32
 958 03a2 1A       		.byte	26
 959 03a3 04       		.byte	4
 960 03a4 1B       		.byte	27
 961 03a5 10       		.byte	16
 962 03a6 1C       		.byte	28
 963 03a7 20       		.byte	32
 964 03a8 1D       		.byte	29
 965 03a9 60       		.byte	96
 966 03aa 1E       		.byte	30
 967 03ab 01       		.byte	1
 968 03ac 1F       		.byte	31
 969 03ad 4E       		.byte	78
ARM GAS  C:\Users\addis\AppData\Local\Temp\ccoH2uzJ.s 			page 18


 970 03ae 20       		.byte	32
 971 03af 80       		.byte	-128
 972 03b0 21       		.byte	33
 973 03b1 01       		.byte	1
 974 03b2 22       		.byte	34
 975 03b3 01       		.byte	1
 976 03b4 27       		.byte	39
 977 03b5 10       		.byte	16
 978 03b6 2B       		.byte	43
 979 03b7 04       		.byte	4
 980 03b8 2D       		.byte	45
 981 03b9 50       		.byte	80
 982 03ba 2E       		.byte	46
 983 03bb 04       		.byte	4
 984 03bc 2F       		.byte	47
 985 03bd 1A       		.byte	26
 986 03be 30       		.byte	48
 987 03bf 04       		.byte	4
 988 03c0 31       		.byte	49
 989 03c1 84       		.byte	-124
 990 03c2 32       		.byte	50
 991 03c3 02       		.byte	2
 992 03c4 35       		.byte	53
 993 03c5 02       		.byte	2
 994 03c6 36       		.byte	54
 995 03c7 88       		.byte	-120
 996 03c8 37       		.byte	55
 997 03c9 04       		.byte	4
 998 03ca 39       		.byte	57
 999 03cb 08       		.byte	8
 1000 03cc 3C       		.byte	60
 1001 03cd 88       		.byte	-120
 1002 03ce 3D       		.byte	61
 1003 03cf 04       		.byte	4
 1004 03d0 3E       		.byte	62
 1005 03d1 11       		.byte	17
 1006 03d2 5C       		.byte	92
 1007 03d3 0A       		.byte	10
 1008 03d4 5D       		.byte	93
 1009 03d5 50       		.byte	80
 1010 03d6 64       		.byte	100
 1011 03d7 04       		.byte	4
 1012 03d8 65       		.byte	101
 1013 03d9 46       		.byte	70
 1014 03da 78       		.byte	120
 1015 03db 20       		.byte	32
 1016 03dc 7C       		.byte	124
 1017 03dd 20       		.byte	32
 1018 03de 80       		.byte	-128
 1019 03df 12       		.byte	18
 1020 03e0 88       		.byte	-120
 1021 03e1 12       		.byte	18
 1022 03e2 91       		.byte	-111
 1023 03e3 08       		.byte	8
 1024 03e4 95       		.byte	-107
 1025 03e5 40       		.byte	64
 1026 03e6 97       		.byte	-105
ARM GAS  C:\Users\addis\AppData\Local\Temp\ccoH2uzJ.s 			page 19


 1027 03e7 88       		.byte	-120
 1028 03e8 9B       		.byte	-101
 1029 03e9 02       		.byte	2
 1030 03ea 9C       		.byte	-100
 1031 03eb 20       		.byte	32
 1032 03ec 9D       		.byte	-99
 1033 03ed 32       		.byte	50
 1034 03ee A4       		.byte	-92
 1035 03ef 2E       		.byte	46
 1036 03f0 A5       		.byte	-91
 1037 03f1 08       		.byte	8
 1038 03f2 A7       		.byte	-89
 1039 03f3 12       		.byte	18
 1040 03f4 AA       		.byte	-86
 1041 03f5 48       		.byte	72
 1042 03f6 B4       		.byte	-76
 1043 03f7 10       		.byte	16
 1044 03f8 B7       		.byte	-73
 1045 03f9 40       		.byte	64
 1046 03fa C0       		.byte	-64
 1047 03fb FF       		.byte	-1
 1048 03fc C2       		.byte	-62
 1049 03fd DF       		.byte	-33
 1050 03fe C4       		.byte	-60
 1051 03ff FF       		.byte	-1
 1052 0400 CA       		.byte	-54
 1053 0401 74       		.byte	116
 1054 0402 CC       		.byte	-52
 1055 0403 D9       		.byte	-39
 1056 0404 CE       		.byte	-50
 1057 0405 F2       		.byte	-14
 1058 0406 D6       		.byte	-42
 1059 0407 F0       		.byte	-16
 1060 0408 D8       		.byte	-40
 1061 0409 F0       		.byte	-16
 1062 040a DE       		.byte	-34
 1063 040b 24       		.byte	36
 1064 040c 00       		.byte	0
 1065 040d FF       		.byte	-1
 1066 040e 01       		.byte	1
 1067 040f 80       		.byte	-128
 1068 0410 03       		.byte	3
 1069 0411 40       		.byte	64
 1070 0412 04       		.byte	4
 1071 0413 08       		.byte	8
 1072 0414 05       		.byte	5
 1073 0415 10       		.byte	16
 1074 0416 06       		.byte	6
 1075 0417 04       		.byte	4
 1076 0418 07       		.byte	7
 1077 0419 EB       		.byte	-21
 1078 041a 08       		.byte	8
 1079 041b CF       		.byte	-49
 1080 041c 0A       		.byte	10
 1081 041d 30       		.byte	48
 1082 041e 0C       		.byte	12
 1083 041f FF       		.byte	-1
ARM GAS  C:\Users\addis\AppData\Local\Temp\ccoH2uzJ.s 			page 20


 1084 0420 0D       		.byte	13
 1085 0421 FF       		.byte	-1
 1086 0422 10       		.byte	16
 1087 0423 20       		.byte	32
 1088 0424 11       		.byte	17
 1089 0425 E0       		.byte	-32
 1090 0426 12       		.byte	18
 1091 0427 10       		.byte	16
 1092 0428 13       		.byte	19
 1093 0429 03       		.byte	3
 1094 042a 14       		.byte	20
 1095 042b 80       		.byte	-128
 1096 042c 15       		.byte	21
 1097 042d 41       		.byte	65
 1098 042e 16       		.byte	22
 1099 042f 40       		.byte	64
 1100 0430 17       		.byte	23
 1101 0431 BE       		.byte	-66
 1102 0432 18       		.byte	24
 1103 0433 3C       		.byte	60
 1104 0434 19       		.byte	25
 1105 0435 02       		.byte	2
 1106 0436 1A       		.byte	26
 1107 0437 C3       		.byte	-61
 1108 0438 1B       		.byte	27
 1109 0439 01       		.byte	1
 1110 043a 1C       		.byte	28
 1111 043b 02       		.byte	2
 1112 043c 1D       		.byte	29
 1113 043d 33       		.byte	51
 1114 043e 1E       		.byte	30
 1115 043f 01       		.byte	1
 1116 0440 1F       		.byte	31
 1117 0441 C4       		.byte	-60
 1118 0442 20       		.byte	32
 1119 0443 33       		.byte	51
 1120 0444 21       		.byte	33
 1121 0445 FF       		.byte	-1
 1122 0446 22       		.byte	34
 1123 0447 CC       		.byte	-52
 1124 0448 24       		.byte	36
 1125 0449 55       		.byte	85
 1126 044a 25       		.byte	37
 1127 044b CF       		.byte	-49
 1128 044c 26       		.byte	38
 1129 044d AA       		.byte	-86
 1130 044e 27       		.byte	39
 1131 044f 10       		.byte	16
 1132 0450 28       		.byte	40
 1133 0451 FF       		.byte	-1
 1134 0452 29       		.byte	41
 1135 0453 FF       		.byte	-1
 1136 0454 2C       		.byte	44
 1137 0455 33       		.byte	51
 1138 0456 2E       		.byte	46
 1139 0457 CC       		.byte	-52
 1140 0458 30       		.byte	48
ARM GAS  C:\Users\addis\AppData\Local\Temp\ccoH2uzJ.s 			page 21


 1141 0459 30       		.byte	48
 1142 045a 31       		.byte	49
 1143 045b C0       		.byte	-64
 1144 045c 32       		.byte	50
 1145 045d C0       		.byte	-64
 1146 045e 33       		.byte	51
 1147 045f 3C       		.byte	60
 1148 0460 34       		.byte	52
 1149 0461 0C       		.byte	12
 1150 0462 35       		.byte	53
 1151 0463 03       		.byte	3
 1152 0464 36       		.byte	54
 1153 0465 03       		.byte	3
 1154 0466 3A       		.byte	58
 1155 0467 AA       		.byte	-86
 1156 0468 3B       		.byte	59
 1157 0469 22       		.byte	34
 1158 046a 3F       		.byte	63
 1159 046b 04       		.byte	4
 1160 046c 58       		.byte	88
 1161 046d 24       		.byte	36
 1162 046e 59       		.byte	89
 1163 046f 24       		.byte	36
 1164 0470 5B       		.byte	91
 1165 0471 04       		.byte	4
 1166 0472 5C       		.byte	92
 1167 0473 88       		.byte	-120
 1168 0474 5F       		.byte	95
 1169 0475 11       		.byte	17
 1170 0476 81       		.byte	-127
 1171 0477 FF       		.byte	-1
 1172 0478 85       		.byte	-123
 1173 0479 FF       		.byte	-1
 1174 047a 89       		.byte	-119
 1175 047b 20       		.byte	32
 1176 047c 8B       		.byte	-117
 1177 047d 10       		.byte	16
 1178 047e 8D       		.byte	-115
 1179 047f CA       		.byte	-54
 1180 0480 8F       		.byte	-113
 1181 0481 34       		.byte	52
 1182 0482 91       		.byte	-111
 1183 0483 32       		.byte	50
 1184 0484 93       		.byte	-109
 1185 0485 CD       		.byte	-51
 1186 0486 95       		.byte	-107
 1187 0487 3B       		.byte	59
 1188 0488 97       		.byte	-105
 1189 0489 C0       		.byte	-64
 1190 048a 99       		.byte	-103
 1191 048b 80       		.byte	-128
 1192 048c 9B       		.byte	-101
 1193 048d 40       		.byte	64
 1194 048e A1       		.byte	-95
 1195 048f F6       		.byte	-10
 1196 0490 A5       		.byte	-91
 1197 0491 51       		.byte	81
ARM GAS  C:\Users\addis\AppData\Local\Temp\ccoH2uzJ.s 			page 22


 1198 0492 A7       		.byte	-89
 1199 0493 A0       		.byte	-96
 1200 0494 AB       		.byte	-85
 1201 0495 02       		.byte	2
 1202 0496 AD       		.byte	-83
 1203 0497 F2       		.byte	-14
 1204 0498 AF       		.byte	-81
 1205 0499 0D       		.byte	13
 1206 049a B3       		.byte	-77
 1207 049b C0       		.byte	-64
 1208 049c B5       		.byte	-75
 1209 049d 30       		.byte	48
 1210 049e B7       		.byte	-73
 1211 049f 0F       		.byte	15
 1212 04a0 BB       		.byte	-69
 1213 04a1 A8       		.byte	-88
 1214 04a2 D9       		.byte	-39
 1215 04a3 24       		.byte	36
 1216 04a4 DC       		.byte	-36
 1217 04a5 80       		.byte	-128
 1218 04a6 DF       		.byte	-33
 1219 04a7 11       		.byte	17
 1220 04a8 00       		.byte	0
 1221 04a9 04       		.byte	4
 1222 04aa 01       		.byte	1
 1223 04ab 20       		.byte	32
 1224 04ac 02       		.byte	2
 1225 04ad 41       		.byte	65
 1226 04ae 03       		.byte	3
 1227 04af 04       		.byte	4
 1228 04b0 0A       		.byte	10
 1229 04b1 51       		.byte	81
 1230 04b2 0B       		.byte	11
 1231 04b3 08       		.byte	8
 1232 04b4 10       		.byte	16
 1233 04b5 24       		.byte	36
 1234 04b6 11       		.byte	17
 1235 04b7 40       		.byte	64
 1236 04b8 13       		.byte	19
 1237 04b9 02       		.byte	2
 1238 04ba 18       		.byte	24
 1239 04bb 04       		.byte	4
 1240 04bc 19       		.byte	25
 1241 04bd 80       		.byte	-128
 1242 04be 1A       		.byte	26
 1243 04bf 51       		.byte	81
 1244 04c0 1B       		.byte	27
 1245 04c1 04       		.byte	4
 1246 04c2 21       		.byte	33
 1247 04c3 25       		.byte	37
 1248 04c4 22       		.byte	34
 1249 04c5 10       		.byte	16
 1250 04c6 24       		.byte	36
 1251 04c7 20       		.byte	32
 1252 04c8 25       		.byte	37
 1253 04c9 D0       		.byte	-48
 1254 04ca 27       		.byte	39
ARM GAS  C:\Users\addis\AppData\Local\Temp\ccoH2uzJ.s 			page 23


 1255 04cb 1A       		.byte	26
 1256 04cc 28       		.byte	40
 1257 04cd 04       		.byte	4
 1258 04ce 29       		.byte	41
 1259 04cf 12       		.byte	18
 1260 04d0 2A       		.byte	42
 1261 04d1 03       		.byte	3
 1262 04d2 2B       		.byte	43
 1263 04d3 10       		.byte	16
 1264 04d4 2C       		.byte	44
 1265 04d5 2A       		.byte	42
 1266 04d6 2F       		.byte	47
 1267 04d7 40       		.byte	64
 1268 04d8 31       		.byte	49
 1269 04d9 A8       		.byte	-88
 1270 04da 33       		.byte	51
 1271 04db 03       		.byte	3
 1272 04dc 37       		.byte	55
 1273 04dd 15       		.byte	21
 1274 04de 39       		.byte	57
 1275 04df 02       		.byte	2
 1276 04e0 3A       		.byte	58
 1277 04e1 40       		.byte	64
 1278 04e2 3B       		.byte	59
 1279 04e3 89       		.byte	-119
 1280 04e4 3C       		.byte	60
 1281 04e5 08       		.byte	8
 1282 04e6 3D       		.byte	61
 1283 04e7 A0       		.byte	-96
 1284 04e8 3E       		.byte	62
 1285 04e9 02       		.byte	2
 1286 04ea 59       		.byte	89
 1287 04eb 81       		.byte	-127
 1288 04ec 5A       		.byte	90
 1289 04ed 20       		.byte	32
 1290 04ee 5B       		.byte	91
 1291 04ef 08       		.byte	8
 1292 04f0 62       		.byte	98
 1293 04f1 08       		.byte	8
 1294 04f2 63       		.byte	99
 1295 04f3 89       		.byte	-119
 1296 04f4 78       		.byte	120
 1297 04f5 20       		.byte	32
 1298 04f6 7C       		.byte	124
 1299 04f7 20       		.byte	32
 1300 04f8 8C       		.byte	-116
 1301 04f9 04       		.byte	4
 1302 04fa 8D       		.byte	-115
 1303 04fb 01       		.byte	1
 1304 04fc C0       		.byte	-64
 1305 04fd 0F       		.byte	15
 1306 04fe C2       		.byte	-62
 1307 04ff 0F       		.byte	15
 1308 0500 C4       		.byte	-60
 1309 0501 0F       		.byte	15
 1310 0502 CA       		.byte	-54
 1311 0503 F7       		.byte	-9
ARM GAS  C:\Users\addis\AppData\Local\Temp\ccoH2uzJ.s 			page 24


 1312 0504 CC       		.byte	-52
 1313 0505 EF       		.byte	-17
 1314 0506 CE       		.byte	-50
 1315 0507 FB       		.byte	-5
 1316 0508 D6       		.byte	-42
 1317 0509 0F       		.byte	15
 1318 050a D8       		.byte	-40
 1319 050b 0F       		.byte	15
 1320 050c DE       		.byte	-34
 1321 050d 24       		.byte	36
 1322 050e 04       		.byte	4
 1323 050f 4F       		.byte	79
 1324 0510 06       		.byte	6
 1325 0511 30       		.byte	48
 1326 0512 08       		.byte	8
 1327 0513 2A       		.byte	42
 1328 0514 09       		.byte	9
 1329 0515 01       		.byte	1
 1330 0516 0A       		.byte	10
 1331 0517 50       		.byte	80
 1332 0518 14       		.byte	20
 1333 0519 4F       		.byte	79
 1334 051a 16       		.byte	22
 1335 051b 10       		.byte	16
 1336 051c 1E       		.byte	30
 1337 051d 20       		.byte	32
 1338 051e 26       		.byte	38
 1339 051f 55       		.byte	85
 1340 0520 28       		.byte	40
 1341 0521 0C       		.byte	12
 1342 0522 2A       		.byte	42
 1343 0523 50       		.byte	80
 1344 0524 30       		.byte	48
 1345 0525 40       		.byte	64
 1346 0526 32       		.byte	50
 1347 0527 3C       		.byte	60
 1348 0528 34       		.byte	52
 1349 0529 03       		.byte	3
 1350 052a 35       		.byte	53
 1351 052b 01       		.byte	1
 1352 052c 38       		.byte	56
 1353 052d 20       		.byte	32
 1354 052e 3A       		.byte	58
 1355 052f 08       		.byte	8
 1356 0530 3B       		.byte	59
 1357 0531 08       		.byte	8
 1358 0532 3E       		.byte	62
 1359 0533 11       		.byte	17
 1360 0534 3F       		.byte	63
 1361 0535 10       		.byte	16
 1362 0536 40       		.byte	64
 1363 0537 26       		.byte	38
 1364 0538 41       		.byte	65
 1365 0539 03       		.byte	3
 1366 053a 45       		.byte	69
 1367 053b 0B       		.byte	11
 1368 053c 46       		.byte	70
ARM GAS  C:\Users\addis\AppData\Local\Temp\ccoH2uzJ.s 			page 25


 1369 053d E0       		.byte	-32
 1370 053e 47       		.byte	71
 1371 053f 0C       		.byte	12
 1372 0540 48       		.byte	72
 1373 0541 19       		.byte	25
 1374 0542 49       		.byte	73
 1375 0543 FF       		.byte	-1
 1376 0544 4A       		.byte	74
 1377 0545 FF       		.byte	-1
 1378 0546 4B       		.byte	75
 1379 0547 FF       		.byte	-1
 1380 0548 4E       		.byte	78
 1381 0549 F0       		.byte	-16
 1382 054a 4F       		.byte	79
 1383 054b 44       		.byte	68
 1384 054c 50       		.byte	80
 1385 054d 0C       		.byte	12
 1386 054e 54       		.byte	84
 1387 054f 01       		.byte	1
 1388 0550 58       		.byte	88
 1389 0551 04       		.byte	4
 1390 0552 59       		.byte	89
 1391 0553 04       		.byte	4
 1392 0554 5A       		.byte	90
 1393 0555 04       		.byte	4
 1394 0556 5B       		.byte	91
 1395 0557 04       		.byte	4
 1396 0558 5C       		.byte	92
 1397 0559 11       		.byte	17
 1398 055a 5D       		.byte	93
 1399 055b 11       		.byte	17
 1400 055c 5F       		.byte	95
 1401 055d 01       		.byte	1
 1402 055e 66       		.byte	102
 1403 055f C0       		.byte	-64
 1404 0560 6A       		.byte	106
 1405 0561 40       		.byte	64
 1406 0562 6B       		.byte	107
 1407 0563 02       		.byte	2
 1408 0564 81       		.byte	-127
 1409 0565 44       		.byte	68
 1410 0566 83       		.byte	-125
 1411 0567 A2       		.byte	-94
 1412 0568 84       		.byte	-124
 1413 0569 02       		.byte	2
 1414 056a 89       		.byte	-119
 1415 056b 88       		.byte	-120
 1416 056c 8B       		.byte	-117
 1417 056d 62       		.byte	98
 1418 056e 8D       		.byte	-115
 1419 056f 02       		.byte	2
 1420 0570 8E       		.byte	-114
 1421 0571 01       		.byte	1
 1422 0572 8F       		.byte	-113
 1423 0573 1C       		.byte	28
 1424 0574 91       		.byte	-111
 1425 0575 01       		.byte	1
ARM GAS  C:\Users\addis\AppData\Local\Temp\ccoH2uzJ.s 			page 26


 1426 0576 92       		.byte	-110
 1427 0577 02       		.byte	2
 1428 0578 95       		.byte	-107
 1429 0579 CF       		.byte	-49
 1430 057a 96       		.byte	-106
 1431 057b 04       		.byte	4
 1432 057c 99       		.byte	-103
 1433 057d CF       		.byte	-49
 1434 057e 9A       		.byte	-102
 1435 057f 04       		.byte	4
 1436 0580 9E       		.byte	-98
 1437 0581 01       		.byte	1
 1438 0582 A2       		.byte	-94
 1439 0583 02       		.byte	2
 1440 0584 A8       		.byte	-88
 1441 0585 02       		.byte	2
 1442 0586 B0       		.byte	-80
 1443 0587 01       		.byte	1
 1444 0588 B1       		.byte	-79
 1445 0589 0E       		.byte	14
 1446 058a B2       		.byte	-78
 1447 058b 02       		.byte	2
 1448 058c B3       		.byte	-77
 1449 058d C0       		.byte	-64
 1450 058e B4       		.byte	-76
 1451 058f 04       		.byte	4
 1452 0590 B5       		.byte	-75
 1453 0591 30       		.byte	48
 1454 0592 B7       		.byte	-73
 1455 0593 01       		.byte	1
 1456 0594 B8       		.byte	-72
 1457 0595 08       		.byte	8
 1458 0596 BE       		.byte	-66
 1459 0597 11       		.byte	17
 1460 0598 BF       		.byte	-65
 1461 0599 10       		.byte	16
 1462 059a C0       		.byte	-64
 1463 059b 25       		.byte	37
 1464 059c C1       		.byte	-63
 1465 059d 06       		.byte	6
 1466 059e C2       		.byte	-62
 1467 059f 04       		.byte	4
 1468 05a0 C4       		.byte	-60
 1469 05a1 03       		.byte	3
 1470 05a2 C5       		.byte	-59
 1471 05a3 C0       		.byte	-64
 1472 05a4 C7       		.byte	-57
 1473 05a5 0E       		.byte	14
 1474 05a6 C8       		.byte	-56
 1475 05a7 12       		.byte	18
 1476 05a8 C9       		.byte	-55
 1477 05a9 FF       		.byte	-1
 1478 05aa CA       		.byte	-54
 1479 05ab FF       		.byte	-1
 1480 05ac CB       		.byte	-53
 1481 05ad FF       		.byte	-1
 1482 05ae CC       		.byte	-52
ARM GAS  C:\Users\addis\AppData\Local\Temp\ccoH2uzJ.s 			page 27


 1483 05af 62       		.byte	98
 1484 05b0 CD       		.byte	-51
 1485 05b1 A0       		.byte	-96
 1486 05b2 CE       		.byte	-50
 1487 05b3 F0       		.byte	-16
 1488 05b4 CF       		.byte	-49
 1489 05b5 41       		.byte	65
 1490 05b6 D0       		.byte	-48
 1491 05b7 0C       		.byte	12
 1492 05b8 D4       		.byte	-44
 1493 05b9 18       		.byte	24
 1494 05ba D8       		.byte	-40
 1495 05bb 04       		.byte	4
 1496 05bc D9       		.byte	-39
 1497 05bd 04       		.byte	4
 1498 05be DA       		.byte	-38
 1499 05bf 04       		.byte	4
 1500 05c0 DB       		.byte	-37
 1501 05c1 04       		.byte	4
 1502 05c2 DC       		.byte	-36
 1503 05c3 11       		.byte	17
 1504 05c4 DD       		.byte	-35
 1505 05c5 11       		.byte	17
 1506 05c6 DF       		.byte	-33
 1507 05c7 01       		.byte	1
 1508 05c8 E6       		.byte	-26
 1509 05c9 40       		.byte	64
 1510 05ca E7       		.byte	-25
 1511 05cb 02       		.byte	2
 1512 05cc E9       		.byte	-23
 1513 05cd 10       		.byte	16
 1514 05ce EA       		.byte	-22
 1515 05cf 30       		.byte	48
 1516 05d0 EB       		.byte	-21
 1517 05d1 10       		.byte	16
 1518 05d2 ED       		.byte	-19
 1519 05d3 10       		.byte	16
 1520 05d4 EE       		.byte	-18
 1521 05d5 10       		.byte	16
 1522 05d6 EF       		.byte	-17
 1523 05d7 12       		.byte	18
 1524 05d8 00       		.byte	0
 1525 05d9 80       		.byte	-128
 1526 05da 03       		.byte	3
 1527 05db 20       		.byte	32
 1528 05dc 05       		.byte	5
 1529 05dd 14       		.byte	20
 1530 05de 07       		.byte	7
 1531 05df 20       		.byte	32
 1532 05e0 08       		.byte	8
 1533 05e1 80       		.byte	-128
 1534 05e2 0A       		.byte	10
 1535 05e3 91       		.byte	-111
 1536 05e4 0B       		.byte	11
 1537 05e5 08       		.byte	8
 1538 05e6 0D       		.byte	13
 1539 05e7 08       		.byte	8
ARM GAS  C:\Users\addis\AppData\Local\Temp\ccoH2uzJ.s 			page 28


 1540 05e8 0E       		.byte	14
 1541 05e9 02       		.byte	2
 1542 05ea 12       		.byte	18
 1543 05eb 08       		.byte	8
 1544 05ec 13       		.byte	19
 1545 05ed 02       		.byte	2
 1546 05ee 15       		.byte	21
 1547 05ef 14       		.byte	20
 1548 05f0 16       		.byte	22
 1549 05f1 04       		.byte	4
 1550 05f2 18       		.byte	24
 1551 05f3 04       		.byte	4
 1552 05f4 1A       		.byte	26
 1553 05f5 10       		.byte	16
 1554 05f6 1B       		.byte	27
 1555 05f7 01       		.byte	1
 1556 05f8 1D       		.byte	29
 1557 05f9 04       		.byte	4
 1558 05fa 1E       		.byte	30
 1559 05fb 44       		.byte	68
 1560 05fc 20       		.byte	32
 1561 05fd 42       		.byte	66
 1562 05fe 22       		.byte	34
 1563 05ff 20       		.byte	32
 1564 0600 23       		.byte	35
 1565 0601 10       		.byte	16
 1566 0602 26       		.byte	38
 1567 0603 08       		.byte	8
 1568 0604 27       		.byte	39
 1569 0605 08       		.byte	8
 1570 0606 33       		.byte	51
 1571 0607 15       		.byte	21
 1572 0608 38       		.byte	56
 1573 0609 4A       		.byte	74
 1574 060a 39       		.byte	57
 1575 060b 04       		.byte	4
 1576 060c 3A       		.byte	58
 1577 060d 10       		.byte	16
 1578 060e 3B       		.byte	59
 1579 060f 10       		.byte	16
 1580 0610 3D       		.byte	61
 1581 0611 20       		.byte	32
 1582 0612 3E       		.byte	62
 1583 0613 0C       		.byte	12
 1584 0614 40       		.byte	64
 1585 0615 80       		.byte	-128
 1586 0616 41       		.byte	65
 1587 0617 04       		.byte	4
 1588 0618 43       		.byte	67
 1589 0619 20       		.byte	32
 1590 061a 45       		.byte	69
 1591 061b 08       		.byte	8
 1592 061c 47       		.byte	71
 1593 061d 20       		.byte	32
 1594 061e 48       		.byte	72
 1595 061f 41       		.byte	65
 1596 0620 49       		.byte	73
ARM GAS  C:\Users\addis\AppData\Local\Temp\ccoH2uzJ.s 			page 29


 1597 0621 80       		.byte	-128
 1598 0622 4A       		.byte	74
 1599 0623 08       		.byte	8
 1600 0624 4C       		.byte	76
 1601 0625 04       		.byte	4
 1602 0626 4F       		.byte	79
 1603 0627 04       		.byte	4
 1604 0628 53       		.byte	83
 1605 0629 04       		.byte	4
 1606 062a 55       		.byte	85
 1607 062b 10       		.byte	16
 1608 062c 56       		.byte	86
 1609 062d 04       		.byte	4
 1610 062e 5A       		.byte	90
 1611 062f 02       		.byte	2
 1612 0630 5D       		.byte	93
 1613 0631 10       		.byte	16
 1614 0632 5E       		.byte	94
 1615 0633 40       		.byte	64
 1616 0634 5F       		.byte	95
 1617 0635 09       		.byte	9
 1618 0636 60       		.byte	96
 1619 0637 04       		.byte	4
 1620 0638 63       		.byte	99
 1621 0639 02       		.byte	2
 1622 063a 79       		.byte	121
 1623 063b 08       		.byte	8
 1624 063c 7A       		.byte	122
 1625 063d 20       		.byte	32
 1626 063e 91       		.byte	-111
 1627 063f 04       		.byte	4
 1628 0640 9E       		.byte	-98
 1629 0641 08       		.byte	8
 1630 0642 A1       		.byte	-95
 1631 0643 01       		.byte	1
 1632 0644 AC       		.byte	-84
 1633 0645 84       		.byte	-124
 1634 0646 B5       		.byte	-75
 1635 0647 01       		.byte	1
 1636 0648 C0       		.byte	-64
 1637 0649 65       		.byte	101
 1638 064a C2       		.byte	-62
 1639 064b AF       		.byte	-81
 1640 064c C4       		.byte	-60
 1641 064d 6A       		.byte	106
 1642 064e CC       		.byte	-52
 1643 064f 07       		.byte	7
 1644 0650 CE       		.byte	-50
 1645 0651 2D       		.byte	45
 1646 0652 D0       		.byte	-48
 1647 0653 67       		.byte	103
 1648 0654 D2       		.byte	-46
 1649 0655 2C       		.byte	44
 1650 0656 D6       		.byte	-42
 1651 0657 F1       		.byte	-15
 1652 0658 D8       		.byte	-40
 1653 0659 0C       		.byte	12
ARM GAS  C:\Users\addis\AppData\Local\Temp\ccoH2uzJ.s 			page 30


 1654 065a 00       		.byte	0
 1655 065b 4C       		.byte	76
 1656 065c 01       		.byte	1
 1657 065d 24       		.byte	36
 1658 065e 02       		.byte	2
 1659 065f 23       		.byte	35
 1660 0660 04       		.byte	4
 1661 0661 63       		.byte	99
 1662 0662 05       		.byte	5
 1663 0663 08       		.byte	8
 1664 0664 06       		.byte	6
 1665 0665 0C       		.byte	12
 1666 0666 09       		.byte	9
 1667 0667 18       		.byte	24
 1668 0668 0C       		.byte	12
 1669 0669 03       		.byte	3
 1670 066a 0D       		.byte	13
 1671 066b 9C       		.byte	-100
 1672 066c 0F       		.byte	15
 1673 066d 62       		.byte	98
 1674 066e 10       		.byte	16
 1675 066f 0F       		.byte	15
 1676 0670 11       		.byte	17
 1677 0671 60       		.byte	96
 1678 0672 12       		.byte	18
 1679 0673 60       		.byte	96
 1680 0674 14       		.byte	20
 1681 0675 0C       		.byte	12
 1682 0676 15       		.byte	21
 1683 0677 FF       		.byte	-1
 1684 0678 18       		.byte	24
 1685 0679 04       		.byte	4
 1686 067a 19       		.byte	25
 1687 067b E7       		.byte	-25
 1688 067c 1B       		.byte	27
 1689 067d 18       		.byte	24
 1690 067e 1C       		.byte	28
 1691 067f 01       		.byte	1
 1692 0680 1D       		.byte	29
 1693 0681 9C       		.byte	-100
 1694 0682 1E       		.byte	30
 1695 0683 10       		.byte	16
 1696 0684 1F       		.byte	31
 1697 0685 61       		.byte	97
 1698 0686 20       		.byte	32
 1699 0687 08       		.byte	8
 1700 0688 21       		.byte	33
 1701 0689 10       		.byte	16
 1702 068a 24       		.byte	36
 1703 068b 02       		.byte	2
 1704 068c 27       		.byte	39
 1705 068d 04       		.byte	4
 1706 068e 28       		.byte	40
 1707 068f 6F       		.byte	111
 1708 0690 29       		.byte	41
 1709 0691 40       		.byte	64
 1710 0692 2E       		.byte	46
ARM GAS  C:\Users\addis\AppData\Local\Temp\ccoH2uzJ.s 			page 31


 1711 0693 63       		.byte	99
 1712 0694 2F       		.byte	47
 1713 0695 63       		.byte	99
 1714 0696 30       		.byte	48
 1715 0697 2C       		.byte	44
 1716 0698 31       		.byte	49
 1717 0699 60       		.byte	96
 1718 069a 32       		.byte	50
 1719 069b 10       		.byte	16
 1720 069c 33       		.byte	51
 1721 069d 80       		.byte	-128
 1722 069e 34       		.byte	52
 1723 069f 0F       		.byte	15
 1724 06a0 36       		.byte	54
 1725 06a1 4C       		.byte	76
 1726 06a2 37       		.byte	55
 1727 06a3 1F       		.byte	31
 1728 06a4 3A       		.byte	58
 1729 06a5 22       		.byte	34
 1730 06a6 3B       		.byte	59
 1731 06a7 80       		.byte	-128
 1732 06a8 3F       		.byte	63
 1733 06a9 04       		.byte	4
 1734 06aa 56       		.byte	86
 1735 06ab 02       		.byte	2
 1736 06ac 57       		.byte	87
 1737 06ad 12       		.byte	18
 1738 06ae 58       		.byte	88
 1739 06af 04       		.byte	4
 1740 06b0 59       		.byte	89
 1741 06b1 04       		.byte	4
 1742 06b2 5B       		.byte	91
 1743 06b3 04       		.byte	4
 1744 06b4 5C       		.byte	92
 1745 06b5 11       		.byte	17
 1746 06b6 5D       		.byte	93
 1747 06b7 10       		.byte	16
 1748 06b8 5F       		.byte	95
 1749 06b9 01       		.byte	1
 1750 06ba 81       		.byte	-127
 1751 06bb 10       		.byte	16
 1752 06bc 84       		.byte	-124
 1753 06bd 11       		.byte	17
 1754 06be 85       		.byte	-123
 1755 06bf 14       		.byte	20
 1756 06c0 86       		.byte	-122
 1757 06c1 0E       		.byte	14
 1758 06c2 88       		.byte	-120
 1759 06c3 4C       		.byte	76
 1760 06c4 89       		.byte	-119
 1761 06c5 20       		.byte	32
 1762 06c6 8A       		.byte	-118
 1763 06c7 13       		.byte	19
 1764 06c8 8B       		.byte	-117
 1765 06c9 03       		.byte	3
 1766 06ca 91       		.byte	-111
 1767 06cb 09       		.byte	9
ARM GAS  C:\Users\addis\AppData\Local\Temp\ccoH2uzJ.s 			page 32


 1768 06cc 93       		.byte	-109
 1769 06cd 10       		.byte	16
 1770 06ce 95       		.byte	-107
 1771 06cf 10       		.byte	16
 1772 06d0 97       		.byte	-105
 1773 06d1 0C       		.byte	12
 1774 06d2 99       		.byte	-103
 1775 06d3 1C       		.byte	28
 1776 06d4 9B       		.byte	-101
 1777 06d5 02       		.byte	2
 1778 06d6 9E       		.byte	-98
 1779 06d7 4C       		.byte	76
 1780 06d8 A2       		.byte	-94
 1781 06d9 08       		.byte	8
 1782 06da A4       		.byte	-92
 1783 06db 20       		.byte	32
 1784 06dc A6       		.byte	-90
 1785 06dd 03       		.byte	3
 1786 06de A8       		.byte	-88
 1787 06df 11       		.byte	17
 1788 06e0 A9       		.byte	-87
 1789 06e1 0C       		.byte	12
 1790 06e2 AA       		.byte	-86
 1791 06e3 46       		.byte	70
 1792 06e4 AB       		.byte	-85
 1793 06e5 11       		.byte	17
 1794 06e6 B2       		.byte	-78
 1795 06e7 4A       		.byte	74
 1796 06e8 B3       		.byte	-77
 1797 06e9 20       		.byte	32
 1798 06ea B4       		.byte	-76
 1799 06eb 0F       		.byte	15
 1800 06ec B5       		.byte	-75
 1801 06ed 1F       		.byte	31
 1802 06ee B6       		.byte	-74
 1803 06ef 30       		.byte	48
 1804 06f0 B8       		.byte	-72
 1805 06f1 80       		.byte	-128
 1806 06f2 BA       		.byte	-70
 1807 06f3 28       		.byte	40
 1808 06f4 BF       		.byte	-65
 1809 06f5 04       		.byte	4
 1810 06f6 D8       		.byte	-40
 1811 06f7 04       		.byte	4
 1812 06f8 D9       		.byte	-39
 1813 06f9 04       		.byte	4
 1814 06fa DC       		.byte	-36
 1815 06fb 11       		.byte	17
 1816 06fc DF       		.byte	-33
 1817 06fd 01       		.byte	1
 1818 06fe 00       		.byte	0
 1819 06ff 40       		.byte	64
 1820 0700 02       		.byte	2
 1821 0701 80       		.byte	-128
 1822 0702 03       		.byte	3
 1823 0703 22       		.byte	34
 1824 0704 05       		.byte	5
ARM GAS  C:\Users\addis\AppData\Local\Temp\ccoH2uzJ.s 			page 33


 1825 0705 14       		.byte	20
 1826 0706 0A       		.byte	10
 1827 0707 84       		.byte	-124
 1828 0708 0B       		.byte	11
 1829 0709 12       		.byte	18
 1830 070a 0E       		.byte	14
 1831 070b 02       		.byte	2
 1832 070c 10       		.byte	16
 1833 070d 41       		.byte	65
 1834 070e 12       		.byte	18
 1835 070f 18       		.byte	24
 1836 0710 13       		.byte	19
 1837 0711 01       		.byte	1
 1838 0712 14       		.byte	20
 1839 0713 04       		.byte	4
 1840 0714 15       		.byte	21
 1841 0715 05       		.byte	5
 1842 0716 17       		.byte	23
 1843 0717 20       		.byte	32
 1844 0718 19       		.byte	25
 1845 0719 08       		.byte	8
 1846 071a 1A       		.byte	26
 1847 071b 81       		.byte	-127
 1848 071c 1B       		.byte	27
 1849 071d 20       		.byte	32
 1850 071e 1D       		.byte	29
 1851 071f 1C       		.byte	28
 1852 0720 1E       		.byte	30
 1853 0721 02       		.byte	2
 1854 0722 1F       		.byte	31
 1855 0723 08       		.byte	8
 1856 0724 21       		.byte	33
 1857 0725 40       		.byte	64
 1858 0726 22       		.byte	34
 1859 0727 85       		.byte	-123
 1860 0728 23       		.byte	35
 1861 0729 02       		.byte	2
 1862 072a 25       		.byte	37
 1863 072b 10       		.byte	16
 1864 072c 26       		.byte	38
 1865 072d 04       		.byte	4
 1866 072e 28       		.byte	40
 1867 072f 41       		.byte	65
 1868 0730 29       		.byte	41
 1869 0731 88       		.byte	-120
 1870 0732 2A       		.byte	42
 1871 0733 10       		.byte	16
 1872 0734 2F       		.byte	47
 1873 0735 08       		.byte	8
 1874 0736 32       		.byte	50
 1875 0737 48       		.byte	72
 1876 0738 33       		.byte	51
 1877 0739 22       		.byte	34
 1878 073a 34       		.byte	52
 1879 073b 04       		.byte	4
 1880 073c 35       		.byte	53
 1881 073d 10       		.byte	16
ARM GAS  C:\Users\addis\AppData\Local\Temp\ccoH2uzJ.s 			page 34


 1882 073e 36       		.byte	54
 1883 073f 01       		.byte	1
 1884 0740 38       		.byte	56
 1885 0741 02       		.byte	2
 1886 0742 39       		.byte	57
 1887 0743 80       		.byte	-128
 1888 0744 3A       		.byte	58
 1889 0745 08       		.byte	8
 1890 0746 3B       		.byte	59
 1891 0747 12       		.byte	18
 1892 0748 3D       		.byte	61
 1893 0749 23       		.byte	35
 1894 074a 3F       		.byte	63
 1895 074b 04       		.byte	4
 1896 074c 5A       		.byte	90
 1897 074d 08       		.byte	8
 1898 074e 6B       		.byte	107
 1899 074f 15       		.byte	21
 1900 0750 72       		.byte	114
 1901 0751 0C       		.byte	12
 1902 0752 73       		.byte	115
 1903 0753 11       		.byte	17
 1904 0754 82       		.byte	-126
 1905 0755 04       		.byte	4
 1906 0756 8C       		.byte	-116
 1907 0757 01       		.byte	1
 1908 0758 90       		.byte	-112
 1909 0759 40       		.byte	64
 1910 075a 91       		.byte	-111
 1911 075b 04       		.byte	4
 1912 075c 93       		.byte	-109
 1913 075d 04       		.byte	4
 1914 075e 94       		.byte	-108
 1915 075f 02       		.byte	2
 1916 0760 96       		.byte	-106
 1917 0761 83       		.byte	-125
 1918 0762 99       		.byte	-103
 1919 0763 80       		.byte	-128
 1920 0764 9A       		.byte	-102
 1921 0765 10       		.byte	16
 1922 0766 9B       		.byte	-101
 1923 0767 20       		.byte	32
 1924 0768 9D       		.byte	-99
 1925 0769 10       		.byte	16
 1926 076a 9F       		.byte	-97
 1927 076b 17       		.byte	23
 1928 076c A1       		.byte	-95
 1929 076d 01       		.byte	1
 1930 076e A2       		.byte	-94
 1931 076f 08       		.byte	8
 1932 0770 A5       		.byte	-91
 1933 0771 08       		.byte	8
 1934 0772 A6       		.byte	-90
 1935 0773 01       		.byte	1
 1936 0774 A7       		.byte	-89
 1937 0775 20       		.byte	32
 1938 0776 B5       		.byte	-75
ARM GAS  C:\Users\addis\AppData\Local\Temp\ccoH2uzJ.s 			page 35


 1939 0777 10       		.byte	16
 1940 0778 B7       		.byte	-73
 1941 0779 01       		.byte	1
 1942 077a C0       		.byte	-64
 1943 077b 6D       		.byte	109
 1944 077c C2       		.byte	-62
 1945 077d 8F       		.byte	-113
 1946 077e C4       		.byte	-60
 1947 077f 7F       		.byte	127
 1948 0780 CA       		.byte	-54
 1949 0781 2F       		.byte	47
 1950 0782 CC       		.byte	-52
 1951 0783 EF       		.byte	-17
 1952 0784 CE       		.byte	-50
 1953 0785 EF       		.byte	-17
 1954 0786 D6       		.byte	-42
 1955 0787 02       		.byte	2
 1956 0788 E4       		.byte	-28
 1957 0789 04       		.byte	4
 1958 078a 5B       		.byte	91
 1959 078b 02       		.byte	2
 1960 078c 9B       		.byte	-101
 1961 078d 02       		.byte	2
 1962 078e AB       		.byte	-85
 1963 078f 02       		.byte	2
 1964 0790 D6       		.byte	-42
 1965 0791 40       		.byte	64
 1966 0792 EE       		.byte	-18
 1967 0793 80       		.byte	-128
 1968 0794 6B       		.byte	107
 1969 0795 80       		.byte	-128
 1970 0796 87       		.byte	-121
 1971 0797 80       		.byte	-128
 1972 0798 DC       		.byte	-36
 1973 0799 20       		.byte	32
 1974 079a E2       		.byte	-30
 1975 079b 40       		.byte	64
 1976 079c 04       		.byte	4
 1977 079d 80       		.byte	-128
 1978 079e 50       		.byte	80
 1979 079f 10       		.byte	16
 1980 07a0 C0       		.byte	-64
 1981 07a1 01       		.byte	1
 1982 07a2 D4       		.byte	-44
 1983 07a3 04       		.byte	4
 1984 07a4 94       		.byte	-108
 1985 07a5 20       		.byte	32
 1986 07a6 B4       		.byte	-76
 1987 07a7 40       		.byte	64
 1988 07a8 EE       		.byte	-18
 1989 07a9 08       		.byte	8
 1990 07aa 87       		.byte	-121
 1991 07ab 10       		.byte	16
 1992 07ac 94       		.byte	-108
 1993 07ad 20       		.byte	32
 1994 07ae 0B       		.byte	11
 1995 07af 20       		.byte	32
ARM GAS  C:\Users\addis\AppData\Local\Temp\ccoH2uzJ.s 			page 36


 1996 07b0 97       		.byte	-105
 1997 07b1 20       		.byte	32
 1998 07b2 B4       		.byte	-76
 1999 07b3 10       		.byte	16
 2000 07b4 C2       		.byte	-62
 2001 07b5 08       		.byte	8
 2002 07b6 EC       		.byte	-20
 2003 07b7 02       		.byte	2
 2004 07b8 12       		.byte	18
 2005 07b9 80       		.byte	-128
 2006 07ba 70       		.byte	112
 2007 07bb 01       		.byte	1
 2008 07bc 80       		.byte	-128
 2009 07bd 01       		.byte	1
 2010 07be 8E       		.byte	-114
 2011 07bf 80       		.byte	-128
 2012 07c0 C4       		.byte	-60
 2013 07c1 08       		.byte	8
 2014 07c2 DC       		.byte	-36
 2015 07c3 01       		.byte	1
 2016 07c4 E2       		.byte	-30
 2017 07c5 02       		.byte	2
 2018 07c6 00       		.byte	0
 2019 07c7 02       		.byte	2
 2020 07c8 0C       		.byte	12
 2021 07c9 02       		.byte	2
 2022 07ca 10       		.byte	16
 2023 07cb 02       		.byte	2
 2024 07cc 1C       		.byte	28
 2025 07cd 02       		.byte	2
 2026 07ce 00       		.byte	0
 2027 07cf 00       		.byte	0
 2028 07d0 80       		.byte	-128
 2029 07d1 00       		.byte	0
 2030 07d2 40       		.byte	64
 2031 07d3 80       		.byte	-128
 2032 07d4 80       		.byte	-128
 2033 07d5 00       		.byte	0
 2034 07d6 80       		.byte	-128
 2035 07d7 00       		.byte	0
 2036 07d8 00       		.byte	0
 2037 07d9 00       		.byte	0
 2038 07da 00       		.byte	0
 2039 07db 00       		.byte	0
 2040 07dc 10       		.byte	16
 2041 07dd 00       		.byte	0
 2042 07de 10       		.byte	16
 2043 07df 00       		.byte	0
 2044 07e0 00       		.byte	0
 2045 07e1 00       		.byte	0
 2046 07e2 00       		.byte	0
 2047 07e3 00       		.byte	0
 2048 07e4 08       		.byte	8
 2049 07e5 00       		.byte	0
 2050 07e6 08       		.byte	8
 2051 07e7 00       		.byte	0
 2052 07e8 08       		.byte	8
ARM GAS  C:\Users\addis\AppData\Local\Temp\ccoH2uzJ.s 			page 37


 2053 07e9 00       		.byte	0
 2054 07ea 00       		.byte	0
 2055 07eb 00       		.byte	0
 2056              		.section	.cywolatch,"a",%progbits
 2057              		.align	2
 2058              		.type	cy_meta_wonvl, %object
 2059              		.size	cy_meta_wonvl, 4
 2060              	cy_meta_wonvl:
 2061 0000 BC       		.byte	-68
 2062 0001 90       		.byte	-112
 2063 0002 AC       		.byte	-84
 2064 0003 AF       		.byte	-81
 2065              		.section	.cycustnvl,"a",%progbits
 2066              		.align	2
 2067              		.type	cy_meta_custnvl, %object
 2068              		.size	cy_meta_custnvl, 4
 2069              	cy_meta_custnvl:
 2070 0000 00       		.byte	0
 2071 0001 00       		.byte	0
 2072 0002 40       		.byte	64
 2073 0003 05       		.byte	5
 2074              		.section	.cymeta,"a",%progbits
 2075              		.align	2
 2076              		.type	cy_metadata, %object
 2077              		.size	cy_metadata, 12
 2078              	cy_metadata:
 2079 0000 00       		.byte	0
 2080 0001 01       		.byte	1
 2081 0002 2E       		.byte	46
 2082 0003 16       		.byte	22
 2083 0004 10       		.byte	16
 2084 0005 69       		.byte	105
 2085 0006 00       		.byte	0
 2086 0007 01       		.byte	1
 2087 0008 00       		.byte	0
 2088 0009 00       		.byte	0
 2089 000a 00       		.byte	0
 2090 000b 00       		.byte	0
 2091              		.section	.cyflashprotect,"a",%progbits
 2092              		.align	2
 2093              		.type	cy_meta_flashprotect, %object
 2094              		.size	cy_meta_flashprotect, 256
 2095              	cy_meta_flashprotect:
 2096 0000 00000000 		.space	256
 2096      00000000 
 2096      00000000 
 2096      00000000 
 2096      00000000 
 2097              		.text
 2098              	.Letext0:
 2099              		.file 1 ".\\Generated_Source\\PSoC5\\cymetadata.c"
 2100              		.file 2 ".\\Generated_Source\\PSoC5\\cytypes.h"
 2101              		.section	.debug_info,"",%progbits
 2102              	.Ldebug_info0:
 2103 0000 3B010000 		.4byte	0x13b
 2104 0004 0400     		.2byte	0x4
 2105 0006 00000000 		.4byte	.Ldebug_abbrev0
ARM GAS  C:\Users\addis\AppData\Local\Temp\ccoH2uzJ.s 			page 38


 2106 000a 04       		.byte	0x4
 2107 000b 01       		.uleb128 0x1
 2108 000c D8000000 		.4byte	.LASF18
 2109 0010 01       		.byte	0x1
 2110 0011 44000000 		.4byte	.LASF19
 2111 0015 00000000 		.4byte	.LASF20
 2112 0019 00000000 		.4byte	.Ldebug_line0
 2113 001d 02       		.uleb128 0x2
 2114 001e 01       		.byte	0x1
 2115 001f 06       		.byte	0x6
 2116 0020 E2010000 		.4byte	.LASF0
 2117 0024 02       		.uleb128 0x2
 2118 0025 01       		.byte	0x1
 2119 0026 08       		.byte	0x8
 2120 0027 7C000000 		.4byte	.LASF1
 2121 002b 02       		.uleb128 0x2
 2122 002c 02       		.byte	0x2
 2123 002d 05       		.byte	0x5
 2124 002e C9010000 		.4byte	.LASF2
 2125 0032 02       		.uleb128 0x2
 2126 0033 02       		.byte	0x2
 2127 0034 07       		.byte	0x7
 2128 0035 9C000000 		.4byte	.LASF3
 2129 0039 02       		.uleb128 0x2
 2130 003a 04       		.byte	0x4
 2131 003b 05       		.byte	0x5
 2132 003c D9010000 		.4byte	.LASF4
 2133 0040 02       		.uleb128 0x2
 2134 0041 04       		.byte	0x4
 2135 0042 07       		.byte	0x7
 2136 0043 8A000000 		.4byte	.LASF5
 2137 0047 02       		.uleb128 0x2
 2138 0048 08       		.byte	0x8
 2139 0049 05       		.byte	0x5
 2140 004a B6010000 		.4byte	.LASF6
 2141 004e 02       		.uleb128 0x2
 2142 004f 08       		.byte	0x8
 2143 0050 07       		.byte	0x7
 2144 0051 73010000 		.4byte	.LASF7
 2145 0055 03       		.uleb128 0x3
 2146 0056 04       		.byte	0x4
 2147 0057 05       		.byte	0x5
 2148 0058 696E7400 		.ascii	"int\000"
 2149 005c 02       		.uleb128 0x2
 2150 005d 04       		.byte	0x4
 2151 005e 07       		.byte	0x7
 2152 005f 66010000 		.4byte	.LASF8
 2153 0063 04       		.uleb128 0x4
 2154 0064 D3010000 		.4byte	.LASF21
 2155 0068 02       		.byte	0x2
 2156 0069 3801     		.2byte	0x138
 2157 006b 24000000 		.4byte	0x24
 2158 006f 02       		.uleb128 0x2
 2159 0070 04       		.byte	0x4
 2160 0071 04       		.byte	0x4
 2161 0072 76000000 		.4byte	.LASF9
 2162 0076 02       		.uleb128 0x2
ARM GAS  C:\Users\addis\AppData\Local\Temp\ccoH2uzJ.s 			page 39


 2163 0077 08       		.byte	0x8
 2164 0078 04       		.byte	0x4
 2165 0079 AF000000 		.4byte	.LASF10
 2166 007d 02       		.uleb128 0x2
 2167 007e 01       		.byte	0x1
 2168 007f 08       		.byte	0x8
 2169 0080 C4010000 		.4byte	.LASF11
 2170 0084 05       		.uleb128 0x5
 2171 0085 63000000 		.4byte	0x63
 2172 0089 95000000 		.4byte	0x95
 2173 008d 06       		.uleb128 0x6
 2174 008e 95000000 		.4byte	0x95
 2175 0092 EB07     		.2byte	0x7eb
 2176 0094 00       		.byte	0
 2177 0095 02       		.uleb128 0x2
 2178 0096 04       		.byte	0x4
 2179 0097 07       		.byte	0x7
 2180 0098 AD010000 		.4byte	.LASF12
 2181 009c 07       		.uleb128 0x7
 2182 009d C6000000 		.4byte	.LASF13
 2183 00a1 01       		.byte	0x1
 2184 00a2 1F       		.byte	0x1f
 2185 00a3 AD000000 		.4byte	0xad
 2186 00a7 05       		.uleb128 0x5
 2187 00a8 03       		.byte	0x3
 2188 00a9 00000000 		.4byte	cy_meta_configecc
 2189 00ad 08       		.uleb128 0x8
 2190 00ae 84000000 		.4byte	0x84
 2191 00b2 05       		.uleb128 0x5
 2192 00b3 63000000 		.4byte	0x63
 2193 00b7 C2000000 		.4byte	0xc2
 2194 00bb 09       		.uleb128 0x9
 2195 00bc 95000000 		.4byte	0x95
 2196 00c0 03       		.byte	0x3
 2197 00c1 00       		.byte	0
 2198 00c2 0A       		.uleb128 0xa
 2199 00c3 B6000000 		.4byte	.LASF14
 2200 00c7 01       		.byte	0x1
 2201 00c8 2A01     		.2byte	0x12a
 2202 00ca D4000000 		.4byte	0xd4
 2203 00ce 05       		.uleb128 0x5
 2204 00cf 03       		.byte	0x3
 2205 00d0 00000000 		.4byte	cy_meta_custnvl
 2206 00d4 08       		.uleb128 0x8
 2207 00d5 B2000000 		.4byte	0xb2
 2208 00d9 0A       		.uleb128 0xa
 2209 00da 9F010000 		.4byte	.LASF15
 2210 00de 01       		.byte	0x1
 2211 00df 3801     		.2byte	0x138
 2212 00e1 EB000000 		.4byte	0xeb
 2213 00e5 05       		.uleb128 0x5
 2214 00e6 03       		.byte	0x3
 2215 00e7 00000000 		.4byte	cy_meta_wonvl
 2216 00eb 08       		.uleb128 0x8
 2217 00ec B2000000 		.4byte	0xb2
 2218 00f0 05       		.uleb128 0x5
 2219 00f1 63000000 		.4byte	0x63
ARM GAS  C:\Users\addis\AppData\Local\Temp\ccoH2uzJ.s 			page 40


 2220 00f5 00010000 		.4byte	0x100
 2221 00f9 09       		.uleb128 0x9
 2222 00fa 95000000 		.4byte	0x95
 2223 00fe FF       		.byte	0xff
 2224 00ff 00       		.byte	0
 2225 0100 0A       		.uleb128 0xa
 2226 0101 8A010000 		.4byte	.LASF16
 2227 0105 01       		.byte	0x1
 2228 0106 4601     		.2byte	0x146
 2229 0108 12010000 		.4byte	0x112
 2230 010c 05       		.uleb128 0x5
 2231 010d 03       		.byte	0x3
 2232 010e 00000000 		.4byte	cy_meta_flashprotect
 2233 0112 08       		.uleb128 0x8
 2234 0113 F0000000 		.4byte	0xf0
 2235 0117 05       		.uleb128 0x5
 2236 0118 63000000 		.4byte	0x63
 2237 011c 27010000 		.4byte	0x127
 2238 0120 09       		.uleb128 0x9
 2239 0121 95000000 		.4byte	0x95
 2240 0125 0B       		.byte	0xb
 2241 0126 00       		.byte	0
 2242 0127 0A       		.uleb128 0xa
 2243 0128 6A000000 		.4byte	.LASF17
 2244 012c 01       		.byte	0x1
 2245 012d 7301     		.2byte	0x173
 2246 012f 39010000 		.4byte	0x139
 2247 0133 05       		.uleb128 0x5
 2248 0134 03       		.byte	0x3
 2249 0135 00000000 		.4byte	cy_metadata
 2250 0139 08       		.uleb128 0x8
 2251 013a 17010000 		.4byte	0x117
 2252 013e 00       		.byte	0
 2253              		.section	.debug_abbrev,"",%progbits
 2254              	.Ldebug_abbrev0:
 2255 0000 01       		.uleb128 0x1
 2256 0001 11       		.uleb128 0x11
 2257 0002 01       		.byte	0x1
 2258 0003 25       		.uleb128 0x25
 2259 0004 0E       		.uleb128 0xe
 2260 0005 13       		.uleb128 0x13
 2261 0006 0B       		.uleb128 0xb
 2262 0007 03       		.uleb128 0x3
 2263 0008 0E       		.uleb128 0xe
 2264 0009 1B       		.uleb128 0x1b
 2265 000a 0E       		.uleb128 0xe
 2266 000b 10       		.uleb128 0x10
 2267 000c 17       		.uleb128 0x17
 2268 000d 00       		.byte	0
 2269 000e 00       		.byte	0
 2270 000f 02       		.uleb128 0x2
 2271 0010 24       		.uleb128 0x24
 2272 0011 00       		.byte	0
 2273 0012 0B       		.uleb128 0xb
 2274 0013 0B       		.uleb128 0xb
 2275 0014 3E       		.uleb128 0x3e
 2276 0015 0B       		.uleb128 0xb
ARM GAS  C:\Users\addis\AppData\Local\Temp\ccoH2uzJ.s 			page 41


 2277 0016 03       		.uleb128 0x3
 2278 0017 0E       		.uleb128 0xe
 2279 0018 00       		.byte	0
 2280 0019 00       		.byte	0
 2281 001a 03       		.uleb128 0x3
 2282 001b 24       		.uleb128 0x24
 2283 001c 00       		.byte	0
 2284 001d 0B       		.uleb128 0xb
 2285 001e 0B       		.uleb128 0xb
 2286 001f 3E       		.uleb128 0x3e
 2287 0020 0B       		.uleb128 0xb
 2288 0021 03       		.uleb128 0x3
 2289 0022 08       		.uleb128 0x8
 2290 0023 00       		.byte	0
 2291 0024 00       		.byte	0
 2292 0025 04       		.uleb128 0x4
 2293 0026 16       		.uleb128 0x16
 2294 0027 00       		.byte	0
 2295 0028 03       		.uleb128 0x3
 2296 0029 0E       		.uleb128 0xe
 2297 002a 3A       		.uleb128 0x3a
 2298 002b 0B       		.uleb128 0xb
 2299 002c 3B       		.uleb128 0x3b
 2300 002d 05       		.uleb128 0x5
 2301 002e 49       		.uleb128 0x49
 2302 002f 13       		.uleb128 0x13
 2303 0030 00       		.byte	0
 2304 0031 00       		.byte	0
 2305 0032 05       		.uleb128 0x5
 2306 0033 01       		.uleb128 0x1
 2307 0034 01       		.byte	0x1
 2308 0035 49       		.uleb128 0x49
 2309 0036 13       		.uleb128 0x13
 2310 0037 01       		.uleb128 0x1
 2311 0038 13       		.uleb128 0x13
 2312 0039 00       		.byte	0
 2313 003a 00       		.byte	0
 2314 003b 06       		.uleb128 0x6
 2315 003c 21       		.uleb128 0x21
 2316 003d 00       		.byte	0
 2317 003e 49       		.uleb128 0x49
 2318 003f 13       		.uleb128 0x13
 2319 0040 2F       		.uleb128 0x2f
 2320 0041 05       		.uleb128 0x5
 2321 0042 00       		.byte	0
 2322 0043 00       		.byte	0
 2323 0044 07       		.uleb128 0x7
 2324 0045 34       		.uleb128 0x34
 2325 0046 00       		.byte	0
 2326 0047 03       		.uleb128 0x3
 2327 0048 0E       		.uleb128 0xe
 2328 0049 3A       		.uleb128 0x3a
 2329 004a 0B       		.uleb128 0xb
 2330 004b 3B       		.uleb128 0x3b
 2331 004c 0B       		.uleb128 0xb
 2332 004d 49       		.uleb128 0x49
 2333 004e 13       		.uleb128 0x13
ARM GAS  C:\Users\addis\AppData\Local\Temp\ccoH2uzJ.s 			page 42


 2334 004f 3F       		.uleb128 0x3f
 2335 0050 19       		.uleb128 0x19
 2336 0051 02       		.uleb128 0x2
 2337 0052 18       		.uleb128 0x18
 2338 0053 00       		.byte	0
 2339 0054 00       		.byte	0
 2340 0055 08       		.uleb128 0x8
 2341 0056 26       		.uleb128 0x26
 2342 0057 00       		.byte	0
 2343 0058 49       		.uleb128 0x49
 2344 0059 13       		.uleb128 0x13
 2345 005a 00       		.byte	0
 2346 005b 00       		.byte	0
 2347 005c 09       		.uleb128 0x9
 2348 005d 21       		.uleb128 0x21
 2349 005e 00       		.byte	0
 2350 005f 49       		.uleb128 0x49
 2351 0060 13       		.uleb128 0x13
 2352 0061 2F       		.uleb128 0x2f
 2353 0062 0B       		.uleb128 0xb
 2354 0063 00       		.byte	0
 2355 0064 00       		.byte	0
 2356 0065 0A       		.uleb128 0xa
 2357 0066 34       		.uleb128 0x34
 2358 0067 00       		.byte	0
 2359 0068 03       		.uleb128 0x3
 2360 0069 0E       		.uleb128 0xe
 2361 006a 3A       		.uleb128 0x3a
 2362 006b 0B       		.uleb128 0xb
 2363 006c 3B       		.uleb128 0x3b
 2364 006d 05       		.uleb128 0x5
 2365 006e 49       		.uleb128 0x49
 2366 006f 13       		.uleb128 0x13
 2367 0070 3F       		.uleb128 0x3f
 2368 0071 19       		.uleb128 0x19
 2369 0072 02       		.uleb128 0x2
 2370 0073 18       		.uleb128 0x18
 2371 0074 00       		.byte	0
 2372 0075 00       		.byte	0
 2373 0076 00       		.byte	0
 2374              		.section	.debug_aranges,"",%progbits
 2375 0000 14000000 		.4byte	0x14
 2376 0004 0200     		.2byte	0x2
 2377 0006 00000000 		.4byte	.Ldebug_info0
 2378 000a 04       		.byte	0x4
 2379 000b 00       		.byte	0
 2380 000c 0000     		.2byte	0
 2381 000e 0000     		.2byte	0
 2382 0010 00000000 		.4byte	0
 2383 0014 00000000 		.4byte	0
 2384              		.section	.debug_line,"",%progbits
 2385              	.Ldebug_line0:
 2386 0000 4F000000 		.section	.debug_str,"MS",%progbits,1
 2386      02004900 
 2386      00000201 
 2386      FB0E0D00 
 2386      01010101 
ARM GAS  C:\Users\addis\AppData\Local\Temp\ccoH2uzJ.s 			page 43


 2387              	.LASF20:
 2388 0000 433A5C55 		.ascii	"C:\\Users\\addis\\Documents\\PSoC Creator\\Workspac"
 2388      73657273 
 2388      5C616464 
 2388      69735C44 
 2388      6F63756D 
 2389 002e 6530325C 		.ascii	"e02\\PS2Keyboard.cydsn\000"
 2389      5053324B 
 2389      6579626F 
 2389      6172642E 
 2389      63796473 
 2390              	.LASF19:
 2391 0044 2E5C4765 		.ascii	".\\Generated_Source\\PSoC5\\cymetadata.c\000"
 2391      6E657261 
 2391      7465645F 
 2391      536F7572 
 2391      63655C50 
 2392              	.LASF17:
 2393 006a 63795F6D 		.ascii	"cy_metadata\000"
 2393      65746164 
 2393      61746100 
 2394              	.LASF9:
 2395 0076 666C6F61 		.ascii	"float\000"
 2395      7400
 2396              	.LASF1:
 2397 007c 756E7369 		.ascii	"unsigned char\000"
 2397      676E6564 
 2397      20636861 
 2397      7200
 2398              	.LASF5:
 2399 008a 6C6F6E67 		.ascii	"long unsigned int\000"
 2399      20756E73 
 2399      69676E65 
 2399      6420696E 
 2399      7400
 2400              	.LASF3:
 2401 009c 73686F72 		.ascii	"short unsigned int\000"
 2401      7420756E 
 2401      7369676E 
 2401      65642069 
 2401      6E7400
 2402              	.LASF10:
 2403 00af 646F7562 		.ascii	"double\000"
 2403      6C6500
 2404              	.LASF14:
 2405 00b6 63795F6D 		.ascii	"cy_meta_custnvl\000"
 2405      6574615F 
 2405      63757374 
 2405      6E766C00 
 2406              	.LASF13:
 2407 00c6 63795F6D 		.ascii	"cy_meta_configecc\000"
 2407      6574615F 
 2407      636F6E66 
 2407      69676563 
 2407      6300
 2408              	.LASF18:
 2409 00d8 474E5520 		.ascii	"GNU C 4.9.3 20150303 (release) [ARM/embedded-4_9-br"
ARM GAS  C:\Users\addis\AppData\Local\Temp\ccoH2uzJ.s 			page 44


 2409      4320342E 
 2409      392E3320 
 2409      32303135 
 2409      30333033 
 2410 010b 616E6368 		.ascii	"anch revision 221220] -mcpu=cortex-m3 -mthumb -g -O"
 2410      20726576 
 2410      6973696F 
 2410      6E203232 
 2410      31323230 
 2411 013e 67202D66 		.ascii	"g -ffunction-sections -ffat-lto-objects\000"
 2411      66756E63 
 2411      74696F6E 
 2411      2D736563 
 2411      74696F6E 
 2412              	.LASF8:
 2413 0166 756E7369 		.ascii	"unsigned int\000"
 2413      676E6564 
 2413      20696E74 
 2413      00
 2414              	.LASF7:
 2415 0173 6C6F6E67 		.ascii	"long long unsigned int\000"
 2415      206C6F6E 
 2415      6720756E 
 2415      7369676E 
 2415      65642069 
 2416              	.LASF16:
 2417 018a 63795F6D 		.ascii	"cy_meta_flashprotect\000"
 2417      6574615F 
 2417      666C6173 
 2417      6870726F 
 2417      74656374 
 2418              	.LASF15:
 2419 019f 63795F6D 		.ascii	"cy_meta_wonvl\000"
 2419      6574615F 
 2419      776F6E76 
 2419      6C00
 2420              	.LASF12:
 2421 01ad 73697A65 		.ascii	"sizetype\000"
 2421      74797065 
 2421      00
 2422              	.LASF6:
 2423 01b6 6C6F6E67 		.ascii	"long long int\000"
 2423      206C6F6E 
 2423      6720696E 
 2423      7400
 2424              	.LASF11:
 2425 01c4 63686172 		.ascii	"char\000"
 2425      00
 2426              	.LASF2:
 2427 01c9 73686F72 		.ascii	"short int\000"
 2427      7420696E 
 2427      7400
 2428              	.LASF21:
 2429 01d3 75696E74 		.ascii	"uint8\000"
 2429      3800
 2430              	.LASF4:
 2431 01d9 6C6F6E67 		.ascii	"long int\000"
ARM GAS  C:\Users\addis\AppData\Local\Temp\ccoH2uzJ.s 			page 45


 2431      20696E74 
 2431      00
 2432              	.LASF0:
 2433 01e2 7369676E 		.ascii	"signed char\000"
 2433      65642063 
 2433      68617200 
 2434              		.ident	"GCC: (GNU Tools for ARM Embedded Processors) 4.9.3 20150303 (release) [ARM/embedded-4_9-br
