ARM GAS  C:\Users\addis\AppData\Local\Temp\cc6CZda7.s 			page 1


   1              		.syntax unified
   2              		.cpu cortex-m3
   3              		.fpu softvfp
   4              		.eabi_attribute 20, 1
   5              		.eabi_attribute 21, 1
   6              		.eabi_attribute 23, 3
   7              		.eabi_attribute 24, 1
   8              		.eabi_attribute 25, 1
   9              		.eabi_attribute 26, 1
  10              		.eabi_attribute 30, 1
  11              		.eabi_attribute 34, 1
  12              		.eabi_attribute 18, 4
  13              		.thumb
  14              		.file	"LCD_SegStatic_1_Pins.c"
  15              		.text
  16              	.Ltext0:
  17              		.cfi_sections	.debug_frame
  18              		.section	.text.LCD_SegStatic_1_SegPort_SetDriveMode,"ax",%progbits
  19              		.align	2
  20              		.global	LCD_SegStatic_1_SegPort_SetDriveMode
  21              		.thumb
  22              		.thumb_func
  23              		.type	LCD_SegStatic_1_SegPort_SetDriveMode, %function
  24              	LCD_SegStatic_1_SegPort_SetDriveMode:
  25              	.LFB0:
  26              		.file 1 ".\\Generated_Source\\PSoC5\\LCD_SegStatic_1_Pins.c"
   1:.\Generated_Source\PSoC5/LCD_SegStatic_1_Pins.c **** /*******************************************************************************
   2:.\Generated_Source\PSoC5/LCD_SegStatic_1_Pins.c **** * File Name: LCD_SegStatic_1.c
   3:.\Generated_Source\PSoC5/LCD_SegStatic_1_Pins.c **** * Version 2.30
   4:.\Generated_Source\PSoC5/LCD_SegStatic_1_Pins.c **** *
   5:.\Generated_Source\PSoC5/LCD_SegStatic_1_Pins.c **** * Description:
   6:.\Generated_Source\PSoC5/LCD_SegStatic_1_Pins.c **** *  This file provides the pin API source code for the Static Segment LCD
   7:.\Generated_Source\PSoC5/LCD_SegStatic_1_Pins.c **** *  component.
   8:.\Generated_Source\PSoC5/LCD_SegStatic_1_Pins.c **** *
   9:.\Generated_Source\PSoC5/LCD_SegStatic_1_Pins.c **** * Note:
  10:.\Generated_Source\PSoC5/LCD_SegStatic_1_Pins.c **** *
  11:.\Generated_Source\PSoC5/LCD_SegStatic_1_Pins.c **** ********************************************************************************
  12:.\Generated_Source\PSoC5/LCD_SegStatic_1_Pins.c **** * Copyright 2008-2013, Cypress Semiconductor Corporation.  All rights reserved.
  13:.\Generated_Source\PSoC5/LCD_SegStatic_1_Pins.c **** * You may use this file only in accordance with the license, terms, conditions,
  14:.\Generated_Source\PSoC5/LCD_SegStatic_1_Pins.c **** * disclaimers, and limitations in the end user license agreement accompanying
  15:.\Generated_Source\PSoC5/LCD_SegStatic_1_Pins.c **** * the software package with which this file was provided.
  16:.\Generated_Source\PSoC5/LCD_SegStatic_1_Pins.c **** *******************************************************************************/
  17:.\Generated_Source\PSoC5/LCD_SegStatic_1_Pins.c **** 
  18:.\Generated_Source\PSoC5/LCD_SegStatic_1_Pins.c **** #include <LCD_SegStatic_1_Pins.h>
  19:.\Generated_Source\PSoC5/LCD_SegStatic_1_Pins.c **** 
  20:.\Generated_Source\PSoC5/LCD_SegStatic_1_Pins.c **** /*******************************************************************************
  21:.\Generated_Source\PSoC5/LCD_SegStatic_1_Pins.c **** * Function Name: LCD_SegStatic_1_SegPort_SetDriveMode 
  22:.\Generated_Source\PSoC5/LCD_SegStatic_1_Pins.c **** ********************************************************************************
  23:.\Generated_Source\PSoC5/LCD_SegStatic_1_Pins.c **** * Summary:
  24:.\Generated_Source\PSoC5/LCD_SegStatic_1_Pins.c **** *  Change the drive mode on the pins of the port.
  25:.\Generated_Source\PSoC5/LCD_SegStatic_1_Pins.c **** *
  26:.\Generated_Source\PSoC5/LCD_SegStatic_1_Pins.c **** * Parameters:
  27:.\Generated_Source\PSoC5/LCD_SegStatic_1_Pins.c **** *  mode: Changes the pins to this drive mode.
  28:.\Generated_Source\PSoC5/LCD_SegStatic_1_Pins.c **** *
  29:.\Generated_Source\PSoC5/LCD_SegStatic_1_Pins.c **** * Return:
  30:.\Generated_Source\PSoC5/LCD_SegStatic_1_Pins.c **** *  void
  31:.\Generated_Source\PSoC5/LCD_SegStatic_1_Pins.c **** *
ARM GAS  C:\Users\addis\AppData\Local\Temp\cc6CZda7.s 			page 2


  32:.\Generated_Source\PSoC5/LCD_SegStatic_1_Pins.c **** *******************************************************************************/
  33:.\Generated_Source\PSoC5/LCD_SegStatic_1_Pins.c **** void LCD_SegStatic_1_SegPort_SetDriveMode(uint8 mode) 
  34:.\Generated_Source\PSoC5/LCD_SegStatic_1_Pins.c **** {
  27              		.loc 1 34 0
  28              		.cfi_startproc
  29              		@ args = 0, pretend = 0, frame = 0
  30              		@ frame_needed = 0, uses_anonymous_args = 0
  31              		@ link register save eliminated.
  32              	.LVL0:
  35:.\Generated_Source\PSoC5/LCD_SegStatic_1_Pins.c ****     CyPins_SetPinDriveMode(LCD_SegStatic_1_SegPort_0, mode);
  33              		.loc 1 35 0
  34 0000 0D4A     		ldr	r2, .L2
  35 0002 1378     		ldrb	r3, [r2]	@ zero_extendqisi2
  36 0004 00F00E00 		and	r0, r0, #14
  37              	.LVL1:
  38 0008 03F0F103 		and	r3, r3, #241
  39 000c 0343     		orrs	r3, r3, r0
  40 000e 1370     		strb	r3, [r2]
  36:.\Generated_Source\PSoC5/LCD_SegStatic_1_Pins.c ****     CyPins_SetPinDriveMode(LCD_SegStatic_1_SegPort_1, mode);
  41              		.loc 1 36 0
  42 0010 0132     		adds	r2, r2, #1
  43 0012 1378     		ldrb	r3, [r2]	@ zero_extendqisi2
  44 0014 03F0F103 		and	r3, r3, #241
  45 0018 0343     		orrs	r3, r3, r0
  46 001a 1370     		strb	r3, [r2]
  37:.\Generated_Source\PSoC5/LCD_SegStatic_1_Pins.c ****     CyPins_SetPinDriveMode(LCD_SegStatic_1_SegPort_2, mode);
  47              		.loc 1 37 0
  48 001c 0132     		adds	r2, r2, #1
  49 001e 1378     		ldrb	r3, [r2]	@ zero_extendqisi2
  50 0020 03F0F103 		and	r3, r3, #241
  51 0024 0343     		orrs	r3, r3, r0
  52 0026 1370     		strb	r3, [r2]
  38:.\Generated_Source\PSoC5/LCD_SegStatic_1_Pins.c ****     CyPins_SetPinDriveMode(LCD_SegStatic_1_SegPort_3, mode);
  53              		.loc 1 38 0
  54 0028 0232     		adds	r2, r2, #2
  55 002a 1378     		ldrb	r3, [r2]	@ zero_extendqisi2
  56 002c 03F0F103 		and	r3, r3, #241
  57 0030 1843     		orrs	r0, r0, r3
  58 0032 1070     		strb	r0, [r2]
  59 0034 7047     		bx	lr
  60              	.L3:
  61 0036 00BF     		.align	2
  62              	.L2:
  63 0038 00500040 		.word	1073762304
  64              		.cfi_endproc
  65              	.LFE0:
  66              		.size	LCD_SegStatic_1_SegPort_SetDriveMode, .-LCD_SegStatic_1_SegPort_SetDriveMode
  67              		.section	.text.LCD_SegStatic_1_ComPort_SetDriveMode,"ax",%progbits
  68              		.align	2
  69              		.global	LCD_SegStatic_1_ComPort_SetDriveMode
  70              		.thumb
  71              		.thumb_func
  72              		.type	LCD_SegStatic_1_ComPort_SetDriveMode, %function
  73              	LCD_SegStatic_1_ComPort_SetDriveMode:
  74              	.LFB1:
  39:.\Generated_Source\PSoC5/LCD_SegStatic_1_Pins.c **** }
  40:.\Generated_Source\PSoC5/LCD_SegStatic_1_Pins.c **** 
ARM GAS  C:\Users\addis\AppData\Local\Temp\cc6CZda7.s 			page 3


  41:.\Generated_Source\PSoC5/LCD_SegStatic_1_Pins.c **** /*******************************************************************************
  42:.\Generated_Source\PSoC5/LCD_SegStatic_1_Pins.c **** * Function Name: LCD_SegStatic_1_ComPort_SetDriveMode 
  43:.\Generated_Source\PSoC5/LCD_SegStatic_1_Pins.c **** ********************************************************************************
  44:.\Generated_Source\PSoC5/LCD_SegStatic_1_Pins.c **** * Summary:
  45:.\Generated_Source\PSoC5/LCD_SegStatic_1_Pins.c **** *  Change the drive mode on the pins of the port.
  46:.\Generated_Source\PSoC5/LCD_SegStatic_1_Pins.c **** *
  47:.\Generated_Source\PSoC5/LCD_SegStatic_1_Pins.c **** * Parameters:
  48:.\Generated_Source\PSoC5/LCD_SegStatic_1_Pins.c **** *  mode: Changes the pins to this drive mode.
  49:.\Generated_Source\PSoC5/LCD_SegStatic_1_Pins.c **** *
  50:.\Generated_Source\PSoC5/LCD_SegStatic_1_Pins.c **** * Return:
  51:.\Generated_Source\PSoC5/LCD_SegStatic_1_Pins.c **** *  void
  52:.\Generated_Source\PSoC5/LCD_SegStatic_1_Pins.c **** *
  53:.\Generated_Source\PSoC5/LCD_SegStatic_1_Pins.c **** *******************************************************************************/
  54:.\Generated_Source\PSoC5/LCD_SegStatic_1_Pins.c **** void LCD_SegStatic_1_ComPort_SetDriveMode(uint8 mode) 
  55:.\Generated_Source\PSoC5/LCD_SegStatic_1_Pins.c **** {
  75              		.loc 1 55 0
  76              		.cfi_startproc
  77              		@ args = 0, pretend = 0, frame = 0
  78              		@ frame_needed = 0, uses_anonymous_args = 0
  79              		@ link register save eliminated.
  80              	.LVL2:
  56:.\Generated_Source\PSoC5/LCD_SegStatic_1_Pins.c ****     CyPins_SetPinDriveMode(LCD_SegStatic_1_ComPort_0, mode);
  81              		.loc 1 56 0
  82 0000 044A     		ldr	r2, .L5
  83 0002 1378     		ldrb	r3, [r2]	@ zero_extendqisi2
  84 0004 03F0F103 		and	r3, r3, #241
  85 0008 00F00E00 		and	r0, r0, #14
  86              	.LVL3:
  87 000c 1843     		orrs	r0, r0, r3
  88 000e 1070     		strb	r0, [r2]
  89 0010 7047     		bx	lr
  90              	.L6:
  91 0012 00BF     		.align	2
  92              	.L5:
  93 0014 03500040 		.word	1073762307
  94              		.cfi_endproc
  95              	.LFE1:
  96              		.size	LCD_SegStatic_1_ComPort_SetDriveMode, .-LCD_SegStatic_1_ComPort_SetDriveMode
  97              		.text
  98              	.Letext0:
  99              		.file 2 "Generated_Source\\PSoC5/cytypes.h"
 100              		.section	.debug_info,"",%progbits
 101              	.Ldebug_info0:
 102 0000 E0000000 		.4byte	0xe0
 103 0004 0400     		.2byte	0x4
 104 0006 00000000 		.4byte	.Ldebug_abbrev0
 105 000a 04       		.byte	0x4
 106 000b 01       		.uleb128 0x1
 107 000c AE000000 		.4byte	.LASF15
 108 0010 01       		.byte	0x1
 109 0011 65010000 		.4byte	.LASF16
 110 0015 00000000 		.4byte	.LASF17
 111 0019 00000000 		.4byte	.Ldebug_ranges0+0
 112 001d 00000000 		.4byte	0
 113 0021 00000000 		.4byte	.Ldebug_line0
 114 0025 02       		.uleb128 0x2
 115 0026 01       		.byte	0x1
ARM GAS  C:\Users\addis\AppData\Local\Temp\cc6CZda7.s 			page 4


 116 0027 06       		.byte	0x6
 117 0028 E6010000 		.4byte	.LASF0
 118 002c 02       		.uleb128 0x2
 119 002d 01       		.byte	0x1
 120 002e 08       		.byte	0x8
 121 002f 4A000000 		.4byte	.LASF1
 122 0033 02       		.uleb128 0x2
 123 0034 02       		.byte	0x2
 124 0035 05       		.byte	0x5
 125 0036 CD010000 		.4byte	.LASF2
 126 003a 02       		.uleb128 0x2
 127 003b 02       		.byte	0x2
 128 003c 07       		.byte	0x7
 129 003d 6F000000 		.4byte	.LASF3
 130 0041 02       		.uleb128 0x2
 131 0042 04       		.byte	0x4
 132 0043 05       		.byte	0x5
 133 0044 DD010000 		.4byte	.LASF4
 134 0048 02       		.uleb128 0x2
 135 0049 04       		.byte	0x4
 136 004a 07       		.byte	0x7
 137 004b 5D000000 		.4byte	.LASF5
 138 004f 02       		.uleb128 0x2
 139 0050 08       		.byte	0x8
 140 0051 05       		.byte	0x5
 141 0052 BA010000 		.4byte	.LASF6
 142 0056 02       		.uleb128 0x2
 143 0057 08       		.byte	0x8
 144 0058 07       		.byte	0x7
 145 0059 49010000 		.4byte	.LASF7
 146 005d 03       		.uleb128 0x3
 147 005e 04       		.byte	0x4
 148 005f 05       		.byte	0x5
 149 0060 696E7400 		.ascii	"int\000"
 150 0064 02       		.uleb128 0x2
 151 0065 04       		.byte	0x4
 152 0066 07       		.byte	0x7
 153 0067 3C010000 		.4byte	.LASF8
 154 006b 04       		.uleb128 0x4
 155 006c D7010000 		.4byte	.LASF12
 156 0070 02       		.byte	0x2
 157 0071 3801     		.2byte	0x138
 158 0073 2C000000 		.4byte	0x2c
 159 0077 02       		.uleb128 0x2
 160 0078 04       		.byte	0x4
 161 0079 04       		.byte	0x4
 162 007a 44000000 		.4byte	.LASF9
 163 007e 02       		.uleb128 0x2
 164 007f 08       		.byte	0x8
 165 0080 04       		.byte	0x4
 166 0081 A7000000 		.4byte	.LASF10
 167 0085 02       		.uleb128 0x2
 168 0086 01       		.byte	0x1
 169 0087 08       		.byte	0x8
 170 0088 C8010000 		.4byte	.LASF11
 171 008c 04       		.uleb128 0x4
 172 008d 58000000 		.4byte	.LASF13
ARM GAS  C:\Users\addis\AppData\Local\Temp\cc6CZda7.s 			page 5


 173 0091 02       		.byte	0x2
 174 0092 E201     		.2byte	0x1e2
 175 0094 98000000 		.4byte	0x98
 176 0098 05       		.uleb128 0x5
 177 0099 6B000000 		.4byte	0x6b
 178 009d 06       		.uleb128 0x6
 179 009e 95010000 		.4byte	.LASF18
 180 00a2 01       		.byte	0x1
 181 00a3 21       		.byte	0x21
 182 00a4 00000000 		.4byte	.LFB0
 183 00a8 3C000000 		.4byte	.LFE0-.LFB0
 184 00ac 01       		.uleb128 0x1
 185 00ad 9C       		.byte	0x9c
 186 00ae C2000000 		.4byte	0xc2
 187 00b2 07       		.uleb128 0x7
 188 00b3 60010000 		.4byte	.LASF14
 189 00b7 01       		.byte	0x1
 190 00b8 21       		.byte	0x21
 191 00b9 6B000000 		.4byte	0x6b
 192 00bd 00000000 		.4byte	.LLST0
 193 00c1 00       		.byte	0
 194 00c2 08       		.uleb128 0x8
 195 00c3 82000000 		.4byte	.LASF19
 196 00c7 01       		.byte	0x1
 197 00c8 36       		.byte	0x36
 198 00c9 00000000 		.4byte	.LFB1
 199 00cd 18000000 		.4byte	.LFE1-.LFB1
 200 00d1 01       		.uleb128 0x1
 201 00d2 9C       		.byte	0x9c
 202 00d3 07       		.uleb128 0x7
 203 00d4 60010000 		.4byte	.LASF14
 204 00d8 01       		.byte	0x1
 205 00d9 36       		.byte	0x36
 206 00da 6B000000 		.4byte	0x6b
 207 00de 21000000 		.4byte	.LLST1
 208 00e2 00       		.byte	0
 209 00e3 00       		.byte	0
 210              		.section	.debug_abbrev,"",%progbits
 211              	.Ldebug_abbrev0:
 212 0000 01       		.uleb128 0x1
 213 0001 11       		.uleb128 0x11
 214 0002 01       		.byte	0x1
 215 0003 25       		.uleb128 0x25
 216 0004 0E       		.uleb128 0xe
 217 0005 13       		.uleb128 0x13
 218 0006 0B       		.uleb128 0xb
 219 0007 03       		.uleb128 0x3
 220 0008 0E       		.uleb128 0xe
 221 0009 1B       		.uleb128 0x1b
 222 000a 0E       		.uleb128 0xe
 223 000b 55       		.uleb128 0x55
 224 000c 17       		.uleb128 0x17
 225 000d 11       		.uleb128 0x11
 226 000e 01       		.uleb128 0x1
 227 000f 10       		.uleb128 0x10
 228 0010 17       		.uleb128 0x17
 229 0011 00       		.byte	0
ARM GAS  C:\Users\addis\AppData\Local\Temp\cc6CZda7.s 			page 6


 230 0012 00       		.byte	0
 231 0013 02       		.uleb128 0x2
 232 0014 24       		.uleb128 0x24
 233 0015 00       		.byte	0
 234 0016 0B       		.uleb128 0xb
 235 0017 0B       		.uleb128 0xb
 236 0018 3E       		.uleb128 0x3e
 237 0019 0B       		.uleb128 0xb
 238 001a 03       		.uleb128 0x3
 239 001b 0E       		.uleb128 0xe
 240 001c 00       		.byte	0
 241 001d 00       		.byte	0
 242 001e 03       		.uleb128 0x3
 243 001f 24       		.uleb128 0x24
 244 0020 00       		.byte	0
 245 0021 0B       		.uleb128 0xb
 246 0022 0B       		.uleb128 0xb
 247 0023 3E       		.uleb128 0x3e
 248 0024 0B       		.uleb128 0xb
 249 0025 03       		.uleb128 0x3
 250 0026 08       		.uleb128 0x8
 251 0027 00       		.byte	0
 252 0028 00       		.byte	0
 253 0029 04       		.uleb128 0x4
 254 002a 16       		.uleb128 0x16
 255 002b 00       		.byte	0
 256 002c 03       		.uleb128 0x3
 257 002d 0E       		.uleb128 0xe
 258 002e 3A       		.uleb128 0x3a
 259 002f 0B       		.uleb128 0xb
 260 0030 3B       		.uleb128 0x3b
 261 0031 05       		.uleb128 0x5
 262 0032 49       		.uleb128 0x49
 263 0033 13       		.uleb128 0x13
 264 0034 00       		.byte	0
 265 0035 00       		.byte	0
 266 0036 05       		.uleb128 0x5
 267 0037 35       		.uleb128 0x35
 268 0038 00       		.byte	0
 269 0039 49       		.uleb128 0x49
 270 003a 13       		.uleb128 0x13
 271 003b 00       		.byte	0
 272 003c 00       		.byte	0
 273 003d 06       		.uleb128 0x6
 274 003e 2E       		.uleb128 0x2e
 275 003f 01       		.byte	0x1
 276 0040 3F       		.uleb128 0x3f
 277 0041 19       		.uleb128 0x19
 278 0042 03       		.uleb128 0x3
 279 0043 0E       		.uleb128 0xe
 280 0044 3A       		.uleb128 0x3a
 281 0045 0B       		.uleb128 0xb
 282 0046 3B       		.uleb128 0x3b
 283 0047 0B       		.uleb128 0xb
 284 0048 27       		.uleb128 0x27
 285 0049 19       		.uleb128 0x19
 286 004a 11       		.uleb128 0x11
ARM GAS  C:\Users\addis\AppData\Local\Temp\cc6CZda7.s 			page 7


 287 004b 01       		.uleb128 0x1
 288 004c 12       		.uleb128 0x12
 289 004d 06       		.uleb128 0x6
 290 004e 40       		.uleb128 0x40
 291 004f 18       		.uleb128 0x18
 292 0050 9742     		.uleb128 0x2117
 293 0052 19       		.uleb128 0x19
 294 0053 01       		.uleb128 0x1
 295 0054 13       		.uleb128 0x13
 296 0055 00       		.byte	0
 297 0056 00       		.byte	0
 298 0057 07       		.uleb128 0x7
 299 0058 05       		.uleb128 0x5
 300 0059 00       		.byte	0
 301 005a 03       		.uleb128 0x3
 302 005b 0E       		.uleb128 0xe
 303 005c 3A       		.uleb128 0x3a
 304 005d 0B       		.uleb128 0xb
 305 005e 3B       		.uleb128 0x3b
 306 005f 0B       		.uleb128 0xb
 307 0060 49       		.uleb128 0x49
 308 0061 13       		.uleb128 0x13
 309 0062 02       		.uleb128 0x2
 310 0063 17       		.uleb128 0x17
 311 0064 00       		.byte	0
 312 0065 00       		.byte	0
 313 0066 08       		.uleb128 0x8
 314 0067 2E       		.uleb128 0x2e
 315 0068 01       		.byte	0x1
 316 0069 3F       		.uleb128 0x3f
 317 006a 19       		.uleb128 0x19
 318 006b 03       		.uleb128 0x3
 319 006c 0E       		.uleb128 0xe
 320 006d 3A       		.uleb128 0x3a
 321 006e 0B       		.uleb128 0xb
 322 006f 3B       		.uleb128 0x3b
 323 0070 0B       		.uleb128 0xb
 324 0071 27       		.uleb128 0x27
 325 0072 19       		.uleb128 0x19
 326 0073 11       		.uleb128 0x11
 327 0074 01       		.uleb128 0x1
 328 0075 12       		.uleb128 0x12
 329 0076 06       		.uleb128 0x6
 330 0077 40       		.uleb128 0x40
 331 0078 18       		.uleb128 0x18
 332 0079 9742     		.uleb128 0x2117
 333 007b 19       		.uleb128 0x19
 334 007c 00       		.byte	0
 335 007d 00       		.byte	0
 336 007e 00       		.byte	0
 337              		.section	.debug_loc,"",%progbits
 338              	.Ldebug_loc0:
 339              	.LLST0:
 340 0000 00000000 		.4byte	.LVL0
 341 0004 08000000 		.4byte	.LVL1
 342 0008 0100     		.2byte	0x1
 343 000a 50       		.byte	0x50
ARM GAS  C:\Users\addis\AppData\Local\Temp\cc6CZda7.s 			page 8


 344 000b 08000000 		.4byte	.LVL1
 345 000f 3C000000 		.4byte	.LFE0
 346 0013 0400     		.2byte	0x4
 347 0015 F3       		.byte	0xf3
 348 0016 01       		.uleb128 0x1
 349 0017 50       		.byte	0x50
 350 0018 9F       		.byte	0x9f
 351 0019 00000000 		.4byte	0
 352 001d 00000000 		.4byte	0
 353              	.LLST1:
 354 0021 00000000 		.4byte	.LVL2
 355 0025 0C000000 		.4byte	.LVL3
 356 0029 0100     		.2byte	0x1
 357 002b 50       		.byte	0x50
 358 002c 0C000000 		.4byte	.LVL3
 359 0030 18000000 		.4byte	.LFE1
 360 0034 0400     		.2byte	0x4
 361 0036 F3       		.byte	0xf3
 362 0037 01       		.uleb128 0x1
 363 0038 50       		.byte	0x50
 364 0039 9F       		.byte	0x9f
 365 003a 00000000 		.4byte	0
 366 003e 00000000 		.4byte	0
 367              		.section	.debug_aranges,"",%progbits
 368 0000 24000000 		.4byte	0x24
 369 0004 0200     		.2byte	0x2
 370 0006 00000000 		.4byte	.Ldebug_info0
 371 000a 04       		.byte	0x4
 372 000b 00       		.byte	0
 373 000c 0000     		.2byte	0
 374 000e 0000     		.2byte	0
 375 0010 00000000 		.4byte	.LFB0
 376 0014 3C000000 		.4byte	.LFE0-.LFB0
 377 0018 00000000 		.4byte	.LFB1
 378 001c 18000000 		.4byte	.LFE1-.LFB1
 379 0020 00000000 		.4byte	0
 380 0024 00000000 		.4byte	0
 381              		.section	.debug_ranges,"",%progbits
 382              	.Ldebug_ranges0:
 383 0000 00000000 		.4byte	.LFB0
 384 0004 3C000000 		.4byte	.LFE0
 385 0008 00000000 		.4byte	.LFB1
 386 000c 18000000 		.4byte	.LFE1
 387 0010 00000000 		.4byte	0
 388 0014 00000000 		.4byte	0
 389              		.section	.debug_line,"",%progbits
 390              	.Ldebug_line0:
 391 0000 93000000 		.section	.debug_str,"MS",%progbits,1
 391      02006A00 
 391      00000201 
 391      FB0E0D00 
 391      01010101 
 392              	.LASF17:
 393 0000 433A5C55 		.ascii	"C:\\Users\\addis\\Documents\\PSoC Creator\\Workspac"
 393      73657273 
 393      5C616464 
 393      69735C44 
ARM GAS  C:\Users\addis\AppData\Local\Temp\cc6CZda7.s 			page 9


 393      6F63756D 
 394 002e 6530325C 		.ascii	"e02\\PS2Keyboard.cydsn\000"
 394      5053324B 
 394      6579626F 
 394      6172642E 
 394      63796473 
 395              	.LASF9:
 396 0044 666C6F61 		.ascii	"float\000"
 396      7400
 397              	.LASF1:
 398 004a 756E7369 		.ascii	"unsigned char\000"
 398      676E6564 
 398      20636861 
 398      7200
 399              	.LASF13:
 400 0058 72656738 		.ascii	"reg8\000"
 400      00
 401              	.LASF5:
 402 005d 6C6F6E67 		.ascii	"long unsigned int\000"
 402      20756E73 
 402      69676E65 
 402      6420696E 
 402      7400
 403              	.LASF3:
 404 006f 73686F72 		.ascii	"short unsigned int\000"
 404      7420756E 
 404      7369676E 
 404      65642069 
 404      6E7400
 405              	.LASF19:
 406 0082 4C43445F 		.ascii	"LCD_SegStatic_1_ComPort_SetDriveMode\000"
 406      53656753 
 406      74617469 
 406      635F315F 
 406      436F6D50 
 407              	.LASF10:
 408 00a7 646F7562 		.ascii	"double\000"
 408      6C6500
 409              	.LASF15:
 410 00ae 474E5520 		.ascii	"GNU C 4.9.3 20150303 (release) [ARM/embedded-4_9-br"
 410      4320342E 
 410      392E3320 
 410      32303135 
 410      30333033 
 411 00e1 616E6368 		.ascii	"anch revision 221220] -mcpu=cortex-m3 -mthumb -g -O"
 411      20726576 
 411      6973696F 
 411      6E203232 
 411      31323230 
 412 0114 67202D66 		.ascii	"g -ffunction-sections -ffat-lto-objects\000"
 412      66756E63 
 412      74696F6E 
 412      2D736563 
 412      74696F6E 
 413              	.LASF8:
 414 013c 756E7369 		.ascii	"unsigned int\000"
 414      676E6564 
ARM GAS  C:\Users\addis\AppData\Local\Temp\cc6CZda7.s 			page 10


 414      20696E74 
 414      00
 415              	.LASF7:
 416 0149 6C6F6E67 		.ascii	"long long unsigned int\000"
 416      206C6F6E 
 416      6720756E 
 416      7369676E 
 416      65642069 
 417              	.LASF14:
 418 0160 6D6F6465 		.ascii	"mode\000"
 418      00
 419              	.LASF16:
 420 0165 2E5C4765 		.ascii	".\\Generated_Source\\PSoC5\\LCD_SegStatic_1_Pins.c\000"
 420      6E657261 
 420      7465645F 
 420      536F7572 
 420      63655C50 
 421              	.LASF18:
 422 0195 4C43445F 		.ascii	"LCD_SegStatic_1_SegPort_SetDriveMode\000"
 422      53656753 
 422      74617469 
 422      635F315F 
 422      53656750 
 423              	.LASF6:
 424 01ba 6C6F6E67 		.ascii	"long long int\000"
 424      206C6F6E 
 424      6720696E 
 424      7400
 425              	.LASF11:
 426 01c8 63686172 		.ascii	"char\000"
 426      00
 427              	.LASF2:
 428 01cd 73686F72 		.ascii	"short int\000"
 428      7420696E 
 428      7400
 429              	.LASF12:
 430 01d7 75696E74 		.ascii	"uint8\000"
 430      3800
 431              	.LASF4:
 432 01dd 6C6F6E67 		.ascii	"long int\000"
 432      20696E74 
 432      00
 433              	.LASF0:
 434 01e6 7369676E 		.ascii	"signed char\000"
 434      65642063 
 434      68617200 
 435              		.ident	"GCC: (GNU Tools for ARM Embedded Processors) 4.9.3 20150303 (release) [ARM/embedded-4_9-br
