ARM GAS  C:\Users\addis\AppData\Local\Temp\cc8Ft58e.s 			page 1


   1              		.syntax unified
   2              		.cpu cortex-m3
   3              		.fpu softvfp
   4              		.eabi_attribute 20, 1
   5              		.eabi_attribute 21, 1
   6              		.eabi_attribute 23, 3
   7              		.eabi_attribute 24, 1
   8              		.eabi_attribute 25, 1
   9              		.eabi_attribute 26, 1
  10              		.eabi_attribute 30, 1
  11              		.eabi_attribute 34, 1
  12              		.eabi_attribute 18, 4
  13              		.thumb
  14              		.file	"LCD_SegStatic_1_PM.c"
  15              		.text
  16              	.Ltext0:
  17              		.cfi_sections	.debug_frame
  18              		.section	.text.LCD_SegStatic_1_SaveConfig,"ax",%progbits
  19              		.align	2
  20              		.global	LCD_SegStatic_1_SaveConfig
  21              		.thumb
  22              		.thumb_func
  23              		.type	LCD_SegStatic_1_SaveConfig, %function
  24              	LCD_SegStatic_1_SaveConfig:
  25              	.LFB0:
  26              		.file 1 ".\\Generated_Source\\PSoC5\\LCD_SegStatic_1_PM.c"
   1:.\Generated_Source\PSoC5/LCD_SegStatic_1_PM.c **** /*******************************************************************************
   2:.\Generated_Source\PSoC5/LCD_SegStatic_1_PM.c **** * File Name: LCD_SegStatic_1_PM.c
   3:.\Generated_Source\PSoC5/LCD_SegStatic_1_PM.c **** * Version 2.30
   4:.\Generated_Source\PSoC5/LCD_SegStatic_1_PM.c **** *
   5:.\Generated_Source\PSoC5/LCD_SegStatic_1_PM.c **** * Description:
   6:.\Generated_Source\PSoC5/LCD_SegStatic_1_PM.c **** *  This file provides the API source code for Power Management of the Static
   7:.\Generated_Source\PSoC5/LCD_SegStatic_1_PM.c **** *  Segment LCD component.
   8:.\Generated_Source\PSoC5/LCD_SegStatic_1_PM.c **** *
   9:.\Generated_Source\PSoC5/LCD_SegStatic_1_PM.c **** * Note:
  10:.\Generated_Source\PSoC5/LCD_SegStatic_1_PM.c **** *
  11:.\Generated_Source\PSoC5/LCD_SegStatic_1_PM.c **** ********************************************************************************
  12:.\Generated_Source\PSoC5/LCD_SegStatic_1_PM.c **** * Copyright 2008-2013, Cypress Semiconductor Corporation.  All rights reserved.
  13:.\Generated_Source\PSoC5/LCD_SegStatic_1_PM.c **** * You may use this file only in accordance with the license, terms, conditions,
  14:.\Generated_Source\PSoC5/LCD_SegStatic_1_PM.c **** * disclaimers, and limitations in the end user license agreement accompanying
  15:.\Generated_Source\PSoC5/LCD_SegStatic_1_PM.c **** * the software package with which this file was provided.
  16:.\Generated_Source\PSoC5/LCD_SegStatic_1_PM.c **** *******************************************************************************/
  17:.\Generated_Source\PSoC5/LCD_SegStatic_1_PM.c **** 
  18:.\Generated_Source\PSoC5/LCD_SegStatic_1_PM.c **** #include "LCD_SegStatic_1.h"
  19:.\Generated_Source\PSoC5/LCD_SegStatic_1_PM.c **** 
  20:.\Generated_Source\PSoC5/LCD_SegStatic_1_PM.c **** 
  21:.\Generated_Source\PSoC5/LCD_SegStatic_1_PM.c **** static LCD_SegStatic_1_BACKUP_STRUCT LCD_SegStatic_1_backup;
  22:.\Generated_Source\PSoC5/LCD_SegStatic_1_PM.c **** 
  23:.\Generated_Source\PSoC5/LCD_SegStatic_1_PM.c **** 
  24:.\Generated_Source\PSoC5/LCD_SegStatic_1_PM.c **** /*******************************************************************************
  25:.\Generated_Source\PSoC5/LCD_SegStatic_1_PM.c **** * Function Name: LCD_SegStatic_1_SaveConfig
  26:.\Generated_Source\PSoC5/LCD_SegStatic_1_PM.c **** ********************************************************************************
  27:.\Generated_Source\PSoC5/LCD_SegStatic_1_PM.c **** *
  28:.\Generated_Source\PSoC5/LCD_SegStatic_1_PM.c **** * Summary:
  29:.\Generated_Source\PSoC5/LCD_SegStatic_1_PM.c **** *  Does nothing, provided for consistency.
  30:.\Generated_Source\PSoC5/LCD_SegStatic_1_PM.c **** *
  31:.\Generated_Source\PSoC5/LCD_SegStatic_1_PM.c **** * Parameters:
ARM GAS  C:\Users\addis\AppData\Local\Temp\cc8Ft58e.s 			page 2


  32:.\Generated_Source\PSoC5/LCD_SegStatic_1_PM.c **** *  None.
  33:.\Generated_Source\PSoC5/LCD_SegStatic_1_PM.c **** *
  34:.\Generated_Source\PSoC5/LCD_SegStatic_1_PM.c **** * Return:
  35:.\Generated_Source\PSoC5/LCD_SegStatic_1_PM.c **** *  None.
  36:.\Generated_Source\PSoC5/LCD_SegStatic_1_PM.c **** *
  37:.\Generated_Source\PSoC5/LCD_SegStatic_1_PM.c **** *******************************************************************************/
  38:.\Generated_Source\PSoC5/LCD_SegStatic_1_PM.c **** void LCD_SegStatic_1_SaveConfig(void) 
  39:.\Generated_Source\PSoC5/LCD_SegStatic_1_PM.c **** {
  27              		.loc 1 39 0
  28              		.cfi_startproc
  29              		@ args = 0, pretend = 0, frame = 0
  30              		@ frame_needed = 0, uses_anonymous_args = 0
  31              		@ link register save eliminated.
  32 0000 7047     		bx	lr
  33              		.cfi_endproc
  34              	.LFE0:
  35              		.size	LCD_SegStatic_1_SaveConfig, .-LCD_SegStatic_1_SaveConfig
  36 0002 00BF     		.section	.text.LCD_SegStatic_1_RestoreConfig,"ax",%progbits
  37              		.align	2
  38              		.global	LCD_SegStatic_1_RestoreConfig
  39              		.thumb
  40              		.thumb_func
  41              		.type	LCD_SegStatic_1_RestoreConfig, %function
  42              	LCD_SegStatic_1_RestoreConfig:
  43              	.LFB1:
  40:.\Generated_Source\PSoC5/LCD_SegStatic_1_PM.c ****     /* Nothing to save in current version */
  41:.\Generated_Source\PSoC5/LCD_SegStatic_1_PM.c **** }
  42:.\Generated_Source\PSoC5/LCD_SegStatic_1_PM.c **** 
  43:.\Generated_Source\PSoC5/LCD_SegStatic_1_PM.c **** 
  44:.\Generated_Source\PSoC5/LCD_SegStatic_1_PM.c **** /*******************************************************************************
  45:.\Generated_Source\PSoC5/LCD_SegStatic_1_PM.c **** * Function Name: LCD_SegStatic_1_RestoreConfig
  46:.\Generated_Source\PSoC5/LCD_SegStatic_1_PM.c **** ********************************************************************************
  47:.\Generated_Source\PSoC5/LCD_SegStatic_1_PM.c **** *
  48:.\Generated_Source\PSoC5/LCD_SegStatic_1_PM.c **** * Summary:
  49:.\Generated_Source\PSoC5/LCD_SegStatic_1_PM.c **** *  Does nothing, provided for consistency.
  50:.\Generated_Source\PSoC5/LCD_SegStatic_1_PM.c **** *
  51:.\Generated_Source\PSoC5/LCD_SegStatic_1_PM.c **** * Parameters:
  52:.\Generated_Source\PSoC5/LCD_SegStatic_1_PM.c **** *  None.
  53:.\Generated_Source\PSoC5/LCD_SegStatic_1_PM.c **** *
  54:.\Generated_Source\PSoC5/LCD_SegStatic_1_PM.c **** * Return:
  55:.\Generated_Source\PSoC5/LCD_SegStatic_1_PM.c **** *  None.
  56:.\Generated_Source\PSoC5/LCD_SegStatic_1_PM.c **** *
  57:.\Generated_Source\PSoC5/LCD_SegStatic_1_PM.c **** *******************************************************************************/
  58:.\Generated_Source\PSoC5/LCD_SegStatic_1_PM.c **** void LCD_SegStatic_1_RestoreConfig(void) 
  59:.\Generated_Source\PSoC5/LCD_SegStatic_1_PM.c **** {
  44              		.loc 1 59 0
  45              		.cfi_startproc
  46              		@ args = 0, pretend = 0, frame = 0
  47              		@ frame_needed = 0, uses_anonymous_args = 0
  48              		@ link register save eliminated.
  49 0000 7047     		bx	lr
  50              		.cfi_endproc
  51              	.LFE1:
  52              		.size	LCD_SegStatic_1_RestoreConfig, .-LCD_SegStatic_1_RestoreConfig
  53 0002 00BF     		.section	.text.LCD_SegStatic_1_Sleep,"ax",%progbits
  54              		.align	2
  55              		.global	LCD_SegStatic_1_Sleep
ARM GAS  C:\Users\addis\AppData\Local\Temp\cc8Ft58e.s 			page 3


  56              		.thumb
  57              		.thumb_func
  58              		.type	LCD_SegStatic_1_Sleep, %function
  59              	LCD_SegStatic_1_Sleep:
  60              	.LFB2:
  60:.\Generated_Source\PSoC5/LCD_SegStatic_1_PM.c ****     /* Nothing to restore in current version */
  61:.\Generated_Source\PSoC5/LCD_SegStatic_1_PM.c **** }
  62:.\Generated_Source\PSoC5/LCD_SegStatic_1_PM.c **** 
  63:.\Generated_Source\PSoC5/LCD_SegStatic_1_PM.c **** 
  64:.\Generated_Source\PSoC5/LCD_SegStatic_1_PM.c **** /*******************************************************************************
  65:.\Generated_Source\PSoC5/LCD_SegStatic_1_PM.c **** * Function Name: LCD_SegStatic_1_Sleep
  66:.\Generated_Source\PSoC5/LCD_SegStatic_1_PM.c **** ********************************************************************************
  67:.\Generated_Source\PSoC5/LCD_SegStatic_1_PM.c **** *
  68:.\Generated_Source\PSoC5/LCD_SegStatic_1_PM.c **** * Summary:
  69:.\Generated_Source\PSoC5/LCD_SegStatic_1_PM.c **** *  Prepares component for entering the sleep mode.
  70:.\Generated_Source\PSoC5/LCD_SegStatic_1_PM.c **** *
  71:.\Generated_Source\PSoC5/LCD_SegStatic_1_PM.c **** * Parameters:
  72:.\Generated_Source\PSoC5/LCD_SegStatic_1_PM.c **** *  None.
  73:.\Generated_Source\PSoC5/LCD_SegStatic_1_PM.c **** 
  74:.\Generated_Source\PSoC5/LCD_SegStatic_1_PM.c **** *
  75:.\Generated_Source\PSoC5/LCD_SegStatic_1_PM.c **** * Return:
  76:.\Generated_Source\PSoC5/LCD_SegStatic_1_PM.c **** *  None.
  77:.\Generated_Source\PSoC5/LCD_SegStatic_1_PM.c **** *
  78:.\Generated_Source\PSoC5/LCD_SegStatic_1_PM.c **** * Global variables:
  79:.\Generated_Source\PSoC5/LCD_SegStatic_1_PM.c **** *  LCD_SegStatic_1_enableState - holds a state of the component that will be
  80:.\Generated_Source\PSoC5/LCD_SegStatic_1_PM.c **** *  stored in LCD_SegStatic_1_backup.
  81:.\Generated_Source\PSoC5/LCD_SegStatic_1_PM.c **** *
  82:.\Generated_Source\PSoC5/LCD_SegStatic_1_PM.c **** *  LCD_SegStatic_1_backup - stores the state of the component.
  83:.\Generated_Source\PSoC5/LCD_SegStatic_1_PM.c **** *
  84:.\Generated_Source\PSoC5/LCD_SegStatic_1_PM.c **** * Reentrant:
  85:.\Generated_Source\PSoC5/LCD_SegStatic_1_PM.c **** *  No.
  86:.\Generated_Source\PSoC5/LCD_SegStatic_1_PM.c **** *
  87:.\Generated_Source\PSoC5/LCD_SegStatic_1_PM.c **** *******************************************************************************/
  88:.\Generated_Source\PSoC5/LCD_SegStatic_1_PM.c **** void LCD_SegStatic_1_Sleep(void) 
  89:.\Generated_Source\PSoC5/LCD_SegStatic_1_PM.c **** {
  61              		.loc 1 89 0
  62              		.cfi_startproc
  63              		@ args = 0, pretend = 0, frame = 0
  64              		@ frame_needed = 0, uses_anonymous_args = 0
  65              		.loc 1 89 0
  66 0000 08B5     		push	{r3, lr}
  67              		.cfi_def_cfa_offset 8
  68              		.cfi_offset 3, -8
  69              		.cfi_offset 14, -4
  90:.\Generated_Source\PSoC5/LCD_SegStatic_1_PM.c ****     LCD_SegStatic_1_backup.enableState = LCD_SegStatic_1_enableState;
  70              		.loc 1 90 0
  71 0002 034B     		ldr	r3, .L5
  72 0004 1A78     		ldrb	r2, [r3]	@ zero_extendqisi2
  73 0006 034B     		ldr	r3, .L5+4
  74 0008 1A70     		strb	r2, [r3]
  91:.\Generated_Source\PSoC5/LCD_SegStatic_1_PM.c ****     LCD_SegStatic_1_SaveConfig();
  92:.\Generated_Source\PSoC5/LCD_SegStatic_1_PM.c ****     LCD_SegStatic_1_Stop();
  75              		.loc 1 92 0
  76 000a FFF7FEFF 		bl	LCD_SegStatic_1_Stop
  77              	.LVL0:
  78 000e 08BD     		pop	{r3, pc}
  79              	.L6:
ARM GAS  C:\Users\addis\AppData\Local\Temp\cc8Ft58e.s 			page 4


  80              		.align	2
  81              	.L5:
  82 0010 00000000 		.word	LCD_SegStatic_1_enableState
  83 0014 00000000 		.word	.LANCHOR0
  84              		.cfi_endproc
  85              	.LFE2:
  86              		.size	LCD_SegStatic_1_Sleep, .-LCD_SegStatic_1_Sleep
  87              		.section	.text.LCD_SegStatic_1_Wakeup,"ax",%progbits
  88              		.align	2
  89              		.global	LCD_SegStatic_1_Wakeup
  90              		.thumb
  91              		.thumb_func
  92              		.type	LCD_SegStatic_1_Wakeup, %function
  93              	LCD_SegStatic_1_Wakeup:
  94              	.LFB3:
  93:.\Generated_Source\PSoC5/LCD_SegStatic_1_PM.c **** }
  94:.\Generated_Source\PSoC5/LCD_SegStatic_1_PM.c **** 
  95:.\Generated_Source\PSoC5/LCD_SegStatic_1_PM.c **** 
  96:.\Generated_Source\PSoC5/LCD_SegStatic_1_PM.c **** /*******************************************************************************
  97:.\Generated_Source\PSoC5/LCD_SegStatic_1_PM.c **** * Function Name: LCD_SegStatic_1_Wakeup
  98:.\Generated_Source\PSoC5/LCD_SegStatic_1_PM.c **** ********************************************************************************
  99:.\Generated_Source\PSoC5/LCD_SegStatic_1_PM.c **** *
 100:.\Generated_Source\PSoC5/LCD_SegStatic_1_PM.c **** * Summary:
 101:.\Generated_Source\PSoC5/LCD_SegStatic_1_PM.c **** *  Wakes component from sleep mode. Configures DMA and enables the component for
 102:.\Generated_Source\PSoC5/LCD_SegStatic_1_PM.c **** *  normal operation.
 103:.\Generated_Source\PSoC5/LCD_SegStatic_1_PM.c **** *
 104:.\Generated_Source\PSoC5/LCD_SegStatic_1_PM.c **** * Parameters:
 105:.\Generated_Source\PSoC5/LCD_SegStatic_1_PM.c **** *  LCD_SegStatic_1_enableState - Global variable.
 106:.\Generated_Source\PSoC5/LCD_SegStatic_1_PM.c **** *
 107:.\Generated_Source\PSoC5/LCD_SegStatic_1_PM.c **** * Global variables:
 108:.\Generated_Source\PSoC5/LCD_SegStatic_1_PM.c **** *  LCD_SegStatic_1_backup - this API fetch the component state from the
 109:.\Generated_Source\PSoC5/LCD_SegStatic_1_PM.c **** *  structure to analyze and decide if the component should be enabled or not.
 110:.\Generated_Source\PSoC5/LCD_SegStatic_1_PM.c **** *
 111:.\Generated_Source\PSoC5/LCD_SegStatic_1_PM.c **** * Return:
 112:.\Generated_Source\PSoC5/LCD_SegStatic_1_PM.c **** *  Status one of standard status for PSoC3 Component:
 113:.\Generated_Source\PSoC5/LCD_SegStatic_1_PM.c **** *       CYRET_SUCCESS - Function completed successfully.
 114:.\Generated_Source\PSoC5/LCD_SegStatic_1_PM.c **** *       CYRET_LOCKED - The object was locked, already in use. Some of TDs or
 115:.\Generated_Source\PSoC5/LCD_SegStatic_1_PM.c **** *                      a channel already in use or the component was turned
 116:.\Generated_Source\PSoC5/LCD_SegStatic_1_PM.c **** *                      off by the user before entering to a sleep.
 117:.\Generated_Source\PSoC5/LCD_SegStatic_1_PM.c **** *
 118:.\Generated_Source\PSoC5/LCD_SegStatic_1_PM.c **** * Reentrant:
 119:.\Generated_Source\PSoC5/LCD_SegStatic_1_PM.c **** *  No.
 120:.\Generated_Source\PSoC5/LCD_SegStatic_1_PM.c **** *
 121:.\Generated_Source\PSoC5/LCD_SegStatic_1_PM.c **** *******************************************************************************/
 122:.\Generated_Source\PSoC5/LCD_SegStatic_1_PM.c **** uint8 LCD_SegStatic_1_Wakeup(void) 
 123:.\Generated_Source\PSoC5/LCD_SegStatic_1_PM.c **** {
  95              		.loc 1 123 0
  96              		.cfi_startproc
  97              		@ args = 0, pretend = 0, frame = 0
  98              		@ frame_needed = 0, uses_anonymous_args = 0
  99 0000 08B5     		push	{r3, lr}
 100              		.cfi_def_cfa_offset 8
 101              		.cfi_offset 3, -8
 102              		.cfi_offset 14, -4
 124:.\Generated_Source\PSoC5/LCD_SegStatic_1_PM.c ****     uint8 status;
 125:.\Generated_Source\PSoC5/LCD_SegStatic_1_PM.c **** 
 126:.\Generated_Source\PSoC5/LCD_SegStatic_1_PM.c ****     LCD_SegStatic_1_RestoreConfig();
ARM GAS  C:\Users\addis\AppData\Local\Temp\cc8Ft58e.s 			page 5


 127:.\Generated_Source\PSoC5/LCD_SegStatic_1_PM.c **** 
 128:.\Generated_Source\PSoC5/LCD_SegStatic_1_PM.c ****     if(LCD_SegStatic_1_backup.enableState == 1u)
 103              		.loc 1 128 0
 104 0002 044B     		ldr	r3, .L11
 105 0004 1B78     		ldrb	r3, [r3]	@ zero_extendqisi2
 106 0006 012B     		cmp	r3, #1
 107 0008 02D1     		bne	.L9
 129:.\Generated_Source\PSoC5/LCD_SegStatic_1_PM.c ****     {
 130:.\Generated_Source\PSoC5/LCD_SegStatic_1_PM.c ****        status = LCD_SegStatic_1_Enable();
 108              		.loc 1 130 0
 109 000a FFF7FEFF 		bl	LCD_SegStatic_1_Enable
 110              	.LVL1:
 111 000e 08BD     		pop	{r3, pc}
 112              	.LVL2:
 113              	.L9:
 131:.\Generated_Source\PSoC5/LCD_SegStatic_1_PM.c ****     }
 132:.\Generated_Source\PSoC5/LCD_SegStatic_1_PM.c ****     else
 133:.\Generated_Source\PSoC5/LCD_SegStatic_1_PM.c ****     {
 134:.\Generated_Source\PSoC5/LCD_SegStatic_1_PM.c ****         status = CYRET_LOCKED;
 114              		.loc 1 134 0
 115 0010 0420     		movs	r0, #4
 116              	.LVL3:
 135:.\Generated_Source\PSoC5/LCD_SegStatic_1_PM.c ****     }
 136:.\Generated_Source\PSoC5/LCD_SegStatic_1_PM.c **** 
 137:.\Generated_Source\PSoC5/LCD_SegStatic_1_PM.c ****     return(status);
 138:.\Generated_Source\PSoC5/LCD_SegStatic_1_PM.c **** }
 117              		.loc 1 138 0
 118 0012 08BD     		pop	{r3, pc}
 119              	.L12:
 120              		.align	2
 121              	.L11:
 122 0014 00000000 		.word	.LANCHOR0
 123              		.cfi_endproc
 124              	.LFE3:
 125              		.size	LCD_SegStatic_1_Wakeup, .-LCD_SegStatic_1_Wakeup
 126              		.bss
 127              		.align	2
 128              		.set	.LANCHOR0,. + 0
 129              		.type	LCD_SegStatic_1_backup, %object
 130              		.size	LCD_SegStatic_1_backup, 1
 131              	LCD_SegStatic_1_backup:
 132 0000 00       		.space	1
 133 0001 000000   		.text
 134              	.Letext0:
 135              		.file 2 ".\\Generated_Source\\PSoC5\\cytypes.h"
 136              		.file 3 ".\\Generated_Source\\PSoC5\\LCD_SegStatic_1.h"
 137              		.section	.debug_info,"",%progbits
 138              	.Ldebug_info0:
 139 0000 4A010000 		.4byte	0x14a
 140 0004 0400     		.2byte	0x4
 141 0006 00000000 		.4byte	.Ldebug_abbrev0
 142 000a 04       		.byte	0x4
 143 000b 01       		.uleb128 0x1
 144 000c 1E010000 		.4byte	.LASF18
 145 0010 01       		.byte	0x1
 146 0011 44000000 		.4byte	.LASF19
 147 0015 00000000 		.4byte	.LASF20
ARM GAS  C:\Users\addis\AppData\Local\Temp\cc8Ft58e.s 			page 6


 148 0019 00000000 		.4byte	.Ldebug_ranges0+0
 149 001d 00000000 		.4byte	0
 150 0021 00000000 		.4byte	.Ldebug_line0
 151 0025 02       		.uleb128 0x2
 152 0026 01       		.byte	0x1
 153 0027 06       		.byte	0x6
 154 0028 70020000 		.4byte	.LASF0
 155 002c 02       		.uleb128 0x2
 156 002d 01       		.byte	0x1
 157 002e 08       		.byte	0x8
 158 002f E4000000 		.4byte	.LASF1
 159 0033 02       		.uleb128 0x2
 160 0034 02       		.byte	0x2
 161 0035 05       		.byte	0x5
 162 0036 F8010000 		.4byte	.LASF2
 163 003a 02       		.uleb128 0x2
 164 003b 02       		.byte	0x2
 165 003c 07       		.byte	0x7
 166 003d 04010000 		.4byte	.LASF3
 167 0041 02       		.uleb128 0x2
 168 0042 04       		.byte	0x4
 169 0043 05       		.byte	0x5
 170 0044 44020000 		.4byte	.LASF4
 171 0048 02       		.uleb128 0x2
 172 0049 04       		.byte	0x4
 173 004a 07       		.byte	0x7
 174 004b F2000000 		.4byte	.LASF5
 175 004f 02       		.uleb128 0x2
 176 0050 08       		.byte	0x8
 177 0051 05       		.byte	0x5
 178 0052 E5010000 		.4byte	.LASF6
 179 0056 02       		.uleb128 0x2
 180 0057 08       		.byte	0x8
 181 0058 07       		.byte	0x7
 182 0059 B9010000 		.4byte	.LASF7
 183 005d 03       		.uleb128 0x3
 184 005e 04       		.byte	0x4
 185 005f 05       		.byte	0x5
 186 0060 696E7400 		.ascii	"int\000"
 187 0064 02       		.uleb128 0x2
 188 0065 04       		.byte	0x4
 189 0066 07       		.byte	0x7
 190 0067 AC010000 		.4byte	.LASF8
 191 006b 04       		.uleb128 0x4
 192 006c 02020000 		.4byte	.LASF12
 193 0070 02       		.byte	0x2
 194 0071 3801     		.2byte	0x138
 195 0073 2C000000 		.4byte	0x2c
 196 0077 02       		.uleb128 0x2
 197 0078 04       		.byte	0x4
 198 0079 04       		.byte	0x4
 199 007a AC000000 		.4byte	.LASF9
 200 007e 02       		.uleb128 0x2
 201 007f 08       		.byte	0x8
 202 0080 04       		.byte	0x4
 203 0081 17010000 		.4byte	.LASF10
 204 0085 02       		.uleb128 0x2
ARM GAS  C:\Users\addis\AppData\Local\Temp\cc8Ft58e.s 			page 7


 205 0086 01       		.byte	0x1
 206 0087 08       		.byte	0x8
 207 0088 F3010000 		.4byte	.LASF11
 208 008c 05       		.uleb128 0x5
 209 008d 01       		.byte	0x1
 210 008e 03       		.byte	0x3
 211 008f 2C       		.byte	0x2c
 212 0090 A1000000 		.4byte	0xa1
 213 0094 06       		.uleb128 0x6
 214 0095 4D020000 		.4byte	.LASF21
 215 0099 03       		.byte	0x3
 216 009a 2E       		.byte	0x2e
 217 009b 6B000000 		.4byte	0x6b
 218 009f 00       		.byte	0
 219 00a0 00       		.byte	0
 220 00a1 07       		.uleb128 0x7
 221 00a2 26020000 		.4byte	.LASF13
 222 00a6 03       		.byte	0x3
 223 00a7 2F       		.byte	0x2f
 224 00a8 8C000000 		.4byte	0x8c
 225 00ac 08       		.uleb128 0x8
 226 00ad C9000000 		.4byte	.LASF14
 227 00b1 01       		.byte	0x1
 228 00b2 26       		.byte	0x26
 229 00b3 00000000 		.4byte	.LFB0
 230 00b7 02000000 		.4byte	.LFE0-.LFB0
 231 00bb 01       		.uleb128 0x1
 232 00bc 9C       		.byte	0x9c
 233 00bd 08       		.uleb128 0x8
 234 00be 08020000 		.4byte	.LASF15
 235 00c2 01       		.byte	0x1
 236 00c3 3A       		.byte	0x3a
 237 00c4 00000000 		.4byte	.LFB1
 238 00c8 02000000 		.4byte	.LFE1-.LFB1
 239 00cc 01       		.uleb128 0x1
 240 00cd 9C       		.byte	0x9c
 241 00ce 09       		.uleb128 0x9
 242 00cf 7C020000 		.4byte	.LASF22
 243 00d3 01       		.byte	0x1
 244 00d4 58       		.byte	0x58
 245 00d5 00000000 		.4byte	.LFB2
 246 00d9 18000000 		.4byte	.LFE2-.LFB2
 247 00dd 01       		.uleb128 0x1
 248 00de 9C       		.byte	0x9c
 249 00df ED000000 		.4byte	0xed
 250 00e3 0A       		.uleb128 0xa
 251 00e4 0E000000 		.4byte	.LVL0
 252 00e8 3B010000 		.4byte	0x13b
 253 00ec 00       		.byte	0
 254 00ed 0B       		.uleb128 0xb
 255 00ee B2000000 		.4byte	.LASF23
 256 00f2 01       		.byte	0x1
 257 00f3 7A       		.byte	0x7a
 258 00f4 6B000000 		.4byte	0x6b
 259 00f8 00000000 		.4byte	.LFB3
 260 00fc 18000000 		.4byte	.LFE3-.LFB3
 261 0100 01       		.uleb128 0x1
ARM GAS  C:\Users\addis\AppData\Local\Temp\cc8Ft58e.s 			page 8


 262 0101 9C       		.byte	0x9c
 263 0102 1F010000 		.4byte	0x11f
 264 0106 0C       		.uleb128 0xc
 265 0107 89000000 		.4byte	.LASF16
 266 010b 01       		.byte	0x1
 267 010c 7C       		.byte	0x7c
 268 010d 6B000000 		.4byte	0x6b
 269 0111 00000000 		.4byte	.LLST0
 270 0115 0A       		.uleb128 0xa
 271 0116 0E000000 		.4byte	.LVL1
 272 011a 42010000 		.4byte	0x142
 273 011e 00       		.byte	0
 274 011f 0D       		.uleb128 0xd
 275 0120 72000000 		.4byte	.LASF17
 276 0124 01       		.byte	0x1
 277 0125 15       		.byte	0x15
 278 0126 A1000000 		.4byte	0xa1
 279 012a 05       		.uleb128 0x5
 280 012b 03       		.byte	0x3
 281 012c 00000000 		.4byte	LCD_SegStatic_1_backup
 282 0130 0E       		.uleb128 0xe
 283 0131 90000000 		.4byte	.LASF24
 284 0135 03       		.byte	0x3
 285 0136 5D       		.byte	0x5d
 286 0137 6B000000 		.4byte	0x6b
 287 013b 0F       		.uleb128 0xf
 288 013c D0010000 		.4byte	.LASF25
 289 0140 03       		.byte	0x3
 290 0141 40       		.byte	0x40
 291 0142 10       		.uleb128 0x10
 292 0143 59020000 		.4byte	.LASF26
 293 0147 03       		.byte	0x3
 294 0148 3E       		.byte	0x3e
 295 0149 6B000000 		.4byte	0x6b
 296 014d 00       		.byte	0
 297              		.section	.debug_abbrev,"",%progbits
 298              	.Ldebug_abbrev0:
 299 0000 01       		.uleb128 0x1
 300 0001 11       		.uleb128 0x11
 301 0002 01       		.byte	0x1
 302 0003 25       		.uleb128 0x25
 303 0004 0E       		.uleb128 0xe
 304 0005 13       		.uleb128 0x13
 305 0006 0B       		.uleb128 0xb
 306 0007 03       		.uleb128 0x3
 307 0008 0E       		.uleb128 0xe
 308 0009 1B       		.uleb128 0x1b
 309 000a 0E       		.uleb128 0xe
 310 000b 55       		.uleb128 0x55
 311 000c 17       		.uleb128 0x17
 312 000d 11       		.uleb128 0x11
 313 000e 01       		.uleb128 0x1
 314 000f 10       		.uleb128 0x10
 315 0010 17       		.uleb128 0x17
 316 0011 00       		.byte	0
 317 0012 00       		.byte	0
 318 0013 02       		.uleb128 0x2
ARM GAS  C:\Users\addis\AppData\Local\Temp\cc8Ft58e.s 			page 9


 319 0014 24       		.uleb128 0x24
 320 0015 00       		.byte	0
 321 0016 0B       		.uleb128 0xb
 322 0017 0B       		.uleb128 0xb
 323 0018 3E       		.uleb128 0x3e
 324 0019 0B       		.uleb128 0xb
 325 001a 03       		.uleb128 0x3
 326 001b 0E       		.uleb128 0xe
 327 001c 00       		.byte	0
 328 001d 00       		.byte	0
 329 001e 03       		.uleb128 0x3
 330 001f 24       		.uleb128 0x24
 331 0020 00       		.byte	0
 332 0021 0B       		.uleb128 0xb
 333 0022 0B       		.uleb128 0xb
 334 0023 3E       		.uleb128 0x3e
 335 0024 0B       		.uleb128 0xb
 336 0025 03       		.uleb128 0x3
 337 0026 08       		.uleb128 0x8
 338 0027 00       		.byte	0
 339 0028 00       		.byte	0
 340 0029 04       		.uleb128 0x4
 341 002a 16       		.uleb128 0x16
 342 002b 00       		.byte	0
 343 002c 03       		.uleb128 0x3
 344 002d 0E       		.uleb128 0xe
 345 002e 3A       		.uleb128 0x3a
 346 002f 0B       		.uleb128 0xb
 347 0030 3B       		.uleb128 0x3b
 348 0031 05       		.uleb128 0x5
 349 0032 49       		.uleb128 0x49
 350 0033 13       		.uleb128 0x13
 351 0034 00       		.byte	0
 352 0035 00       		.byte	0
 353 0036 05       		.uleb128 0x5
 354 0037 13       		.uleb128 0x13
 355 0038 01       		.byte	0x1
 356 0039 0B       		.uleb128 0xb
 357 003a 0B       		.uleb128 0xb
 358 003b 3A       		.uleb128 0x3a
 359 003c 0B       		.uleb128 0xb
 360 003d 3B       		.uleb128 0x3b
 361 003e 0B       		.uleb128 0xb
 362 003f 01       		.uleb128 0x1
 363 0040 13       		.uleb128 0x13
 364 0041 00       		.byte	0
 365 0042 00       		.byte	0
 366 0043 06       		.uleb128 0x6
 367 0044 0D       		.uleb128 0xd
 368 0045 00       		.byte	0
 369 0046 03       		.uleb128 0x3
 370 0047 0E       		.uleb128 0xe
 371 0048 3A       		.uleb128 0x3a
 372 0049 0B       		.uleb128 0xb
 373 004a 3B       		.uleb128 0x3b
 374 004b 0B       		.uleb128 0xb
 375 004c 49       		.uleb128 0x49
ARM GAS  C:\Users\addis\AppData\Local\Temp\cc8Ft58e.s 			page 10


 376 004d 13       		.uleb128 0x13
 377 004e 38       		.uleb128 0x38
 378 004f 0B       		.uleb128 0xb
 379 0050 00       		.byte	0
 380 0051 00       		.byte	0
 381 0052 07       		.uleb128 0x7
 382 0053 16       		.uleb128 0x16
 383 0054 00       		.byte	0
 384 0055 03       		.uleb128 0x3
 385 0056 0E       		.uleb128 0xe
 386 0057 3A       		.uleb128 0x3a
 387 0058 0B       		.uleb128 0xb
 388 0059 3B       		.uleb128 0x3b
 389 005a 0B       		.uleb128 0xb
 390 005b 49       		.uleb128 0x49
 391 005c 13       		.uleb128 0x13
 392 005d 00       		.byte	0
 393 005e 00       		.byte	0
 394 005f 08       		.uleb128 0x8
 395 0060 2E       		.uleb128 0x2e
 396 0061 00       		.byte	0
 397 0062 3F       		.uleb128 0x3f
 398 0063 19       		.uleb128 0x19
 399 0064 03       		.uleb128 0x3
 400 0065 0E       		.uleb128 0xe
 401 0066 3A       		.uleb128 0x3a
 402 0067 0B       		.uleb128 0xb
 403 0068 3B       		.uleb128 0x3b
 404 0069 0B       		.uleb128 0xb
 405 006a 27       		.uleb128 0x27
 406 006b 19       		.uleb128 0x19
 407 006c 11       		.uleb128 0x11
 408 006d 01       		.uleb128 0x1
 409 006e 12       		.uleb128 0x12
 410 006f 06       		.uleb128 0x6
 411 0070 40       		.uleb128 0x40
 412 0071 18       		.uleb128 0x18
 413 0072 9742     		.uleb128 0x2117
 414 0074 19       		.uleb128 0x19
 415 0075 00       		.byte	0
 416 0076 00       		.byte	0
 417 0077 09       		.uleb128 0x9
 418 0078 2E       		.uleb128 0x2e
 419 0079 01       		.byte	0x1
 420 007a 3F       		.uleb128 0x3f
 421 007b 19       		.uleb128 0x19
 422 007c 03       		.uleb128 0x3
 423 007d 0E       		.uleb128 0xe
 424 007e 3A       		.uleb128 0x3a
 425 007f 0B       		.uleb128 0xb
 426 0080 3B       		.uleb128 0x3b
 427 0081 0B       		.uleb128 0xb
 428 0082 27       		.uleb128 0x27
 429 0083 19       		.uleb128 0x19
 430 0084 11       		.uleb128 0x11
 431 0085 01       		.uleb128 0x1
 432 0086 12       		.uleb128 0x12
ARM GAS  C:\Users\addis\AppData\Local\Temp\cc8Ft58e.s 			page 11


 433 0087 06       		.uleb128 0x6
 434 0088 40       		.uleb128 0x40
 435 0089 18       		.uleb128 0x18
 436 008a 9742     		.uleb128 0x2117
 437 008c 19       		.uleb128 0x19
 438 008d 01       		.uleb128 0x1
 439 008e 13       		.uleb128 0x13
 440 008f 00       		.byte	0
 441 0090 00       		.byte	0
 442 0091 0A       		.uleb128 0xa
 443 0092 898201   		.uleb128 0x4109
 444 0095 00       		.byte	0
 445 0096 11       		.uleb128 0x11
 446 0097 01       		.uleb128 0x1
 447 0098 31       		.uleb128 0x31
 448 0099 13       		.uleb128 0x13
 449 009a 00       		.byte	0
 450 009b 00       		.byte	0
 451 009c 0B       		.uleb128 0xb
 452 009d 2E       		.uleb128 0x2e
 453 009e 01       		.byte	0x1
 454 009f 3F       		.uleb128 0x3f
 455 00a0 19       		.uleb128 0x19
 456 00a1 03       		.uleb128 0x3
 457 00a2 0E       		.uleb128 0xe
 458 00a3 3A       		.uleb128 0x3a
 459 00a4 0B       		.uleb128 0xb
 460 00a5 3B       		.uleb128 0x3b
 461 00a6 0B       		.uleb128 0xb
 462 00a7 27       		.uleb128 0x27
 463 00a8 19       		.uleb128 0x19
 464 00a9 49       		.uleb128 0x49
 465 00aa 13       		.uleb128 0x13
 466 00ab 11       		.uleb128 0x11
 467 00ac 01       		.uleb128 0x1
 468 00ad 12       		.uleb128 0x12
 469 00ae 06       		.uleb128 0x6
 470 00af 40       		.uleb128 0x40
 471 00b0 18       		.uleb128 0x18
 472 00b1 9742     		.uleb128 0x2117
 473 00b3 19       		.uleb128 0x19
 474 00b4 01       		.uleb128 0x1
 475 00b5 13       		.uleb128 0x13
 476 00b6 00       		.byte	0
 477 00b7 00       		.byte	0
 478 00b8 0C       		.uleb128 0xc
 479 00b9 34       		.uleb128 0x34
 480 00ba 00       		.byte	0
 481 00bb 03       		.uleb128 0x3
 482 00bc 0E       		.uleb128 0xe
 483 00bd 3A       		.uleb128 0x3a
 484 00be 0B       		.uleb128 0xb
 485 00bf 3B       		.uleb128 0x3b
 486 00c0 0B       		.uleb128 0xb
 487 00c1 49       		.uleb128 0x49
 488 00c2 13       		.uleb128 0x13
 489 00c3 02       		.uleb128 0x2
ARM GAS  C:\Users\addis\AppData\Local\Temp\cc8Ft58e.s 			page 12


 490 00c4 17       		.uleb128 0x17
 491 00c5 00       		.byte	0
 492 00c6 00       		.byte	0
 493 00c7 0D       		.uleb128 0xd
 494 00c8 34       		.uleb128 0x34
 495 00c9 00       		.byte	0
 496 00ca 03       		.uleb128 0x3
 497 00cb 0E       		.uleb128 0xe
 498 00cc 3A       		.uleb128 0x3a
 499 00cd 0B       		.uleb128 0xb
 500 00ce 3B       		.uleb128 0x3b
 501 00cf 0B       		.uleb128 0xb
 502 00d0 49       		.uleb128 0x49
 503 00d1 13       		.uleb128 0x13
 504 00d2 02       		.uleb128 0x2
 505 00d3 18       		.uleb128 0x18
 506 00d4 00       		.byte	0
 507 00d5 00       		.byte	0
 508 00d6 0E       		.uleb128 0xe
 509 00d7 34       		.uleb128 0x34
 510 00d8 00       		.byte	0
 511 00d9 03       		.uleb128 0x3
 512 00da 0E       		.uleb128 0xe
 513 00db 3A       		.uleb128 0x3a
 514 00dc 0B       		.uleb128 0xb
 515 00dd 3B       		.uleb128 0x3b
 516 00de 0B       		.uleb128 0xb
 517 00df 49       		.uleb128 0x49
 518 00e0 13       		.uleb128 0x13
 519 00e1 3F       		.uleb128 0x3f
 520 00e2 19       		.uleb128 0x19
 521 00e3 3C       		.uleb128 0x3c
 522 00e4 19       		.uleb128 0x19
 523 00e5 00       		.byte	0
 524 00e6 00       		.byte	0
 525 00e7 0F       		.uleb128 0xf
 526 00e8 2E       		.uleb128 0x2e
 527 00e9 00       		.byte	0
 528 00ea 3F       		.uleb128 0x3f
 529 00eb 19       		.uleb128 0x19
 530 00ec 03       		.uleb128 0x3
 531 00ed 0E       		.uleb128 0xe
 532 00ee 3A       		.uleb128 0x3a
 533 00ef 0B       		.uleb128 0xb
 534 00f0 3B       		.uleb128 0x3b
 535 00f1 0B       		.uleb128 0xb
 536 00f2 27       		.uleb128 0x27
 537 00f3 19       		.uleb128 0x19
 538 00f4 3C       		.uleb128 0x3c
 539 00f5 19       		.uleb128 0x19
 540 00f6 00       		.byte	0
 541 00f7 00       		.byte	0
 542 00f8 10       		.uleb128 0x10
 543 00f9 2E       		.uleb128 0x2e
 544 00fa 00       		.byte	0
 545 00fb 3F       		.uleb128 0x3f
 546 00fc 19       		.uleb128 0x19
ARM GAS  C:\Users\addis\AppData\Local\Temp\cc8Ft58e.s 			page 13


 547 00fd 03       		.uleb128 0x3
 548 00fe 0E       		.uleb128 0xe
 549 00ff 3A       		.uleb128 0x3a
 550 0100 0B       		.uleb128 0xb
 551 0101 3B       		.uleb128 0x3b
 552 0102 0B       		.uleb128 0xb
 553 0103 27       		.uleb128 0x27
 554 0104 19       		.uleb128 0x19
 555 0105 49       		.uleb128 0x49
 556 0106 13       		.uleb128 0x13
 557 0107 3C       		.uleb128 0x3c
 558 0108 19       		.uleb128 0x19
 559 0109 00       		.byte	0
 560 010a 00       		.byte	0
 561 010b 00       		.byte	0
 562              		.section	.debug_loc,"",%progbits
 563              	.Ldebug_loc0:
 564              	.LLST0:
 565 0000 0E000000 		.4byte	.LVL1
 566 0004 10000000 		.4byte	.LVL2
 567 0008 0100     		.2byte	0x1
 568 000a 50       		.byte	0x50
 569 000b 12000000 		.4byte	.LVL3
 570 000f 18000000 		.4byte	.LFE3
 571 0013 0100     		.2byte	0x1
 572 0015 50       		.byte	0x50
 573 0016 00000000 		.4byte	0
 574 001a 00000000 		.4byte	0
 575              		.section	.debug_aranges,"",%progbits
 576 0000 34000000 		.4byte	0x34
 577 0004 0200     		.2byte	0x2
 578 0006 00000000 		.4byte	.Ldebug_info0
 579 000a 04       		.byte	0x4
 580 000b 00       		.byte	0
 581 000c 0000     		.2byte	0
 582 000e 0000     		.2byte	0
 583 0010 00000000 		.4byte	.LFB0
 584 0014 02000000 		.4byte	.LFE0-.LFB0
 585 0018 00000000 		.4byte	.LFB1
 586 001c 02000000 		.4byte	.LFE1-.LFB1
 587 0020 00000000 		.4byte	.LFB2
 588 0024 18000000 		.4byte	.LFE2-.LFB2
 589 0028 00000000 		.4byte	.LFB3
 590 002c 18000000 		.4byte	.LFE3-.LFB3
 591 0030 00000000 		.4byte	0
 592 0034 00000000 		.4byte	0
 593              		.section	.debug_ranges,"",%progbits
 594              	.Ldebug_ranges0:
 595 0000 00000000 		.4byte	.LFB0
 596 0004 02000000 		.4byte	.LFE0
 597 0008 00000000 		.4byte	.LFB1
 598 000c 02000000 		.4byte	.LFE1
 599 0010 00000000 		.4byte	.LFB2
 600 0014 18000000 		.4byte	.LFE2
 601 0018 00000000 		.4byte	.LFB3
 602 001c 18000000 		.4byte	.LFE3
 603 0020 00000000 		.4byte	0
ARM GAS  C:\Users\addis\AppData\Local\Temp\cc8Ft58e.s 			page 14


 604 0024 00000000 		.4byte	0
 605              		.section	.debug_line,"",%progbits
 606              	.Ldebug_line0:
 607 0000 B1000000 		.section	.debug_str,"MS",%progbits,1
 607      02006600 
 607      00000201 
 607      FB0E0D00 
 607      01010101 
 608              	.LASF20:
 609 0000 433A5C55 		.ascii	"C:\\Users\\addis\\Documents\\PSoC Creator\\Workspac"
 609      73657273 
 609      5C616464 
 609      69735C44 
 609      6F63756D 
 610 002e 6530325C 		.ascii	"e02\\PS2Keyboard.cydsn\000"
 610      5053324B 
 610      6579626F 
 610      6172642E 
 610      63796473 
 611              	.LASF19:
 612 0044 2E5C4765 		.ascii	".\\Generated_Source\\PSoC5\\LCD_SegStatic_1_PM.c\000"
 612      6E657261 
 612      7465645F 
 612      536F7572 
 612      63655C50 
 613              	.LASF17:
 614 0072 4C43445F 		.ascii	"LCD_SegStatic_1_backup\000"
 614      53656753 
 614      74617469 
 614      635F315F 
 614      6261636B 
 615              	.LASF16:
 616 0089 73746174 		.ascii	"status\000"
 616      757300
 617              	.LASF24:
 618 0090 4C43445F 		.ascii	"LCD_SegStatic_1_enableState\000"
 618      53656753 
 618      74617469 
 618      635F315F 
 618      656E6162 
 619              	.LASF9:
 620 00ac 666C6F61 		.ascii	"float\000"
 620      7400
 621              	.LASF23:
 622 00b2 4C43445F 		.ascii	"LCD_SegStatic_1_Wakeup\000"
 622      53656753 
 622      74617469 
 622      635F315F 
 622      57616B65 
 623              	.LASF14:
 624 00c9 4C43445F 		.ascii	"LCD_SegStatic_1_SaveConfig\000"
 624      53656753 
 624      74617469 
 624      635F315F 
 624      53617665 
 625              	.LASF1:
 626 00e4 756E7369 		.ascii	"unsigned char\000"
ARM GAS  C:\Users\addis\AppData\Local\Temp\cc8Ft58e.s 			page 15


 626      676E6564 
 626      20636861 
 626      7200
 627              	.LASF5:
 628 00f2 6C6F6E67 		.ascii	"long unsigned int\000"
 628      20756E73 
 628      69676E65 
 628      6420696E 
 628      7400
 629              	.LASF3:
 630 0104 73686F72 		.ascii	"short unsigned int\000"
 630      7420756E 
 630      7369676E 
 630      65642069 
 630      6E7400
 631              	.LASF10:
 632 0117 646F7562 		.ascii	"double\000"
 632      6C6500
 633              	.LASF18:
 634 011e 474E5520 		.ascii	"GNU C 4.9.3 20150303 (release) [ARM/embedded-4_9-br"
 634      4320342E 
 634      392E3320 
 634      32303135 
 634      30333033 
 635 0151 616E6368 		.ascii	"anch revision 221220] -mcpu=cortex-m3 -mthumb -g -O"
 635      20726576 
 635      6973696F 
 635      6E203232 
 635      31323230 
 636 0184 67202D66 		.ascii	"g -ffunction-sections -ffat-lto-objects\000"
 636      66756E63 
 636      74696F6E 
 636      2D736563 
 636      74696F6E 
 637              	.LASF8:
 638 01ac 756E7369 		.ascii	"unsigned int\000"
 638      676E6564 
 638      20696E74 
 638      00
 639              	.LASF7:
 640 01b9 6C6F6E67 		.ascii	"long long unsigned int\000"
 640      206C6F6E 
 640      6720756E 
 640      7369676E 
 640      65642069 
 641              	.LASF25:
 642 01d0 4C43445F 		.ascii	"LCD_SegStatic_1_Stop\000"
 642      53656753 
 642      74617469 
 642      635F315F 
 642      53746F70 
 643              	.LASF6:
 644 01e5 6C6F6E67 		.ascii	"long long int\000"
 644      206C6F6E 
 644      6720696E 
 644      7400
 645              	.LASF11:
ARM GAS  C:\Users\addis\AppData\Local\Temp\cc8Ft58e.s 			page 16


 646 01f3 63686172 		.ascii	"char\000"
 646      00
 647              	.LASF2:
 648 01f8 73686F72 		.ascii	"short int\000"
 648      7420696E 
 648      7400
 649              	.LASF12:
 650 0202 75696E74 		.ascii	"uint8\000"
 650      3800
 651              	.LASF15:
 652 0208 4C43445F 		.ascii	"LCD_SegStatic_1_RestoreConfig\000"
 652      53656753 
 652      74617469 
 652      635F315F 
 652      52657374 
 653              	.LASF13:
 654 0226 4C43445F 		.ascii	"LCD_SegStatic_1_BACKUP_STRUCT\000"
 654      53656753 
 654      74617469 
 654      635F315F 
 654      4241434B 
 655              	.LASF4:
 656 0244 6C6F6E67 		.ascii	"long int\000"
 656      20696E74 
 656      00
 657              	.LASF21:
 658 024d 656E6162 		.ascii	"enableState\000"
 658      6C655374 
 658      61746500 
 659              	.LASF26:
 660 0259 4C43445F 		.ascii	"LCD_SegStatic_1_Enable\000"
 660      53656753 
 660      74617469 
 660      635F315F 
 660      456E6162 
 661              	.LASF0:
 662 0270 7369676E 		.ascii	"signed char\000"
 662      65642063 
 662      68617200 
 663              	.LASF22:
 664 027c 4C43445F 		.ascii	"LCD_SegStatic_1_Sleep\000"
 664      53656753 
 664      74617469 
 664      635F315F 
 664      536C6565 
 665              		.ident	"GCC: (GNU Tools for ARM Embedded Processors) 4.9.3 20150303 (release) [ARM/embedded-4_9-br
