ARM GAS  C:\Users\addis\AppData\Local\Temp\ccrKjclg.s 			page 1


   1              		.syntax unified
   2              		.cpu cortex-m3
   3              		.fpu softvfp
   4              		.eabi_attribute 20, 1
   5              		.eabi_attribute 21, 1
   6              		.eabi_attribute 23, 3
   7              		.eabi_attribute 24, 1
   8              		.eabi_attribute 25, 1
   9              		.eabi_attribute 26, 1
  10              		.eabi_attribute 30, 1
  11              		.eabi_attribute 34, 1
  12              		.eabi_attribute 18, 4
  13              		.thumb
  14              		.file	"main.c"
  15              		.text
  16              	.Ltext0:
  17              		.cfi_sections	.debug_frame
  18              		.section	.text.main,"ax",%progbits
  19              		.align	2
  20              		.global	main
  21              		.thumb
  22              		.thumb_func
  23              		.type	main, %function
  24              	main:
  25              	.LFB63:
  26              		.file 1 ".\\main.c"
   1:.\main.c      **** /* ========================================
   2:.\main.c      ****  *
   3:.\main.c      ****  * Copyright YOUR COMPANY, THE YEAR
   4:.\main.c      ****  * All Rights Reserved
   5:.\main.c      ****  * UNPUBLISHED, LICENSED SOFTWARE.
   6:.\main.c      ****  *
   7:.\main.c      ****  * CONFIDENTIAL AND PROPRIETARY INFORMATION
   8:.\main.c      ****  * WHICH IS THE PROPERTY OF your company.
   9:.\main.c      ****  *
  10:.\main.c      ****  * ========================================
  11:.\main.c      **** */
  12:.\main.c      **** #include <project.h>
  13:.\main.c      **** #include <stdlib.h>
  14:.\main.c      **** 
  15:.\main.c      **** int main()
  16:.\main.c      **** {
  27              		.loc 1 16 0
  28              		.cfi_startproc
  29              		@ args = 0, pretend = 0, frame = 16
  30              		@ frame_needed = 0, uses_anonymous_args = 0
  31 0000 00B5     		push	{lr}
  32              		.cfi_def_cfa_offset 4
  33              		.cfi_offset 14, -4
  34 0002 85B0     		sub	sp, sp, #20
  35              		.cfi_def_cfa_offset 24
  17:.\main.c      ****     uint8 status;
  18:.\main.c      **** 	uint8 byte;
  19:.\main.c      **** 	char test[10];
  20:.\main.c      **** 	uint8 cont;
  21:.\main.c      **** 	
  22:.\main.c      ****     CyGlobalIntEnable; /* Enable global interrupts. */
ARM GAS  C:\Users\addis\AppData\Local\Temp\ccrKjclg.s 			page 2


  36              		.loc 1 22 0
  37              	@ 22 ".\main.c" 1
  38 0004 62B6     		CPSIE   i
  39              	@ 0 "" 2
  23:.\main.c      **** 
  24:.\main.c      ****     /* Place your initialization/startup code here (e.g. MyInst_Start()) */
  25:.\main.c      ****     UART_Start();
  40              		.loc 1 25 0
  41              		.thumb
  42 0006 FFF7FEFF 		bl	UART_Start
  43              	.LVL0:
  26:.\main.c      ****     PS2_Start();
  44              		.loc 1 26 0
  45 000a FFF7FEFF 		bl	PS2_Start
  46              	.LVL1:
  47              	.L7:
  27:.\main.c      **** 	
  28:.\main.c      **** 	// Loop here until we detect a working PS/2 device
  29:.\main.c      **** 	while (1)
  30:.\main.c      **** 	{
  31:.\main.c      **** 		status = PS2_DetectDevice();
  48              		.loc 1 31 0
  49 000e FFF7FEFF 		bl	PS2_DetectDevice
  50              	.LVL2:
  32:.\main.c      **** 		if (status == PS2_SUCCESS)
  51              		.loc 1 32 0
  52 0012 18B9     		cbnz	r0, .L2
  33:.\main.c      **** 		{
  34:.\main.c      **** 			UART_PutString("Keyboard Ready\r\n");
  53              		.loc 1 34 0
  54 0014 2748     		ldr	r0, .L12
  55              	.LVL3:
  56 0016 FFF7FEFF 		bl	UART_PutString
  57              	.LVL4:
  35:.\main.c      **** 			break;
  58              		.loc 1 35 0
  59 001a 13E0     		b	.L3
  60              	.LVL5:
  61              	.L2:
  36:.\main.c      **** 		}
  37:.\main.c      **** 		else if (status == PS2_BAD_BAT)
  62              		.loc 1 37 0
  63 001c 0128     		cmp	r0, #1
  64 001e 03D1     		bne	.L4
  38:.\main.c      **** 			UART_PutString("Device BAT Error\r\n");
  65              		.loc 1 38 0
  66 0020 2548     		ldr	r0, .L12+4
  67              	.LVL6:
  68 0022 FFF7FEFF 		bl	UART_PutString
  69              	.LVL7:
  70 0026 08E0     		b	.L5
  71              	.LVL8:
  72              	.L4:
  39:.\main.c      **** 		else if (status == PS2_ERROR)
  73              		.loc 1 39 0
  74 0028 0328     		cmp	r0, #3
  75 002a 03D1     		bne	.L6
ARM GAS  C:\Users\addis\AppData\Local\Temp\ccrKjclg.s 			page 3


  40:.\main.c      **** 			UART_PutString("Device Error\r\n");
  76              		.loc 1 40 0
  77 002c 2348     		ldr	r0, .L12+8
  78              	.LVL9:
  79 002e FFF7FEFF 		bl	UART_PutString
  80              	.LVL10:
  81 0032 02E0     		b	.L5
  82              	.LVL11:
  83              	.L6:
  41:.\main.c      **** 		else
  42:.\main.c      **** 			UART_PutString("No Device\r\n");
  84              		.loc 1 42 0
  85 0034 2248     		ldr	r0, .L12+12
  86              	.LVL12:
  87 0036 FFF7FEFF 		bl	UART_PutString
  88              	.LVL13:
  89              	.L5:
  43:.\main.c      **** 			
  44:.\main.c      **** 		// If we had an error, wait 1 second and try again
  45:.\main.c      **** 		CyDelay(1000);
  90              		.loc 1 45 0
  91 003a 4FF47A70 		mov	r0, #1000
  92 003e FFF7FEFF 		bl	CyDelay
  93              	.LVL14:
  46:.\main.c      **** 	}
  94              		.loc 1 46 0
  95 0042 E4E7     		b	.L7
  96              	.L3:
  47:.\main.c      **** 	
  48:.\main.c      **** 	// Keyboard Main Loop
  49:.\main.c      ****     while (1)
  50:.\main.c      ****     {
  51:.\main.c      **** 		if (PS2_STATUS == PS2_STATUS_ERROR) // Error is most likely set because of bad parity, transmit a
  97              		.loc 1 51 0
  98 0044 FFF7FEFF 		bl	PS2_statusReg_Read
  99              	.LVL15:
 100 0048 0228     		cmp	r0, #2
 101 004a 12D1     		bne	.L8
  52:.\main.c      **** 		{
  53:.\main.c      **** 			UART_PutString("FixERROR!");
 102              		.loc 1 53 0
 103 004c 1D48     		ldr	r0, .L12+16
 104 004e FFF7FEFF 		bl	UART_PutString
 105              	.LVL16:
  54:.\main.c      **** 			PS2_RESET; // Reset the state machine
 106              		.loc 1 54 0
 107 0052 FFF7FEFF 		bl	PS2_controlReg_Read
 108              	.LVL17:
 109 0056 40F00200 		orr	r0, r0, #2
 110 005a C0B2     		uxtb	r0, r0
 111 005c FFF7FEFF 		bl	PS2_controlReg_Write
 112              	.LVL18:
 113 0060 FFF7FEFF 		bl	PS2_controlReg_Read
 114              	.LVL19:
 115 0064 00F0FD00 		and	r0, r0, #253
 116 0068 FFF7FEFF 		bl	PS2_controlReg_Write
 117              	.LVL20:
ARM GAS  C:\Users\addis\AppData\Local\Temp\ccrKjclg.s 			page 4


  55:.\main.c      **** 			PS2_WriteByte(0xFE); // 0xFE is a RESEND command
 118              		.loc 1 55 0
 119 006c FE20     		movs	r0, #254
 120 006e FFF7FEFF 		bl	PS2_WriteByte
 121              	.LVL21:
 122              	.L8:
  56:.\main.c      **** 		}
  57:.\main.c      **** 		
  58:.\main.c      **** 		if ((byte = PS2_cReadByte()))
 123              		.loc 1 58 0
 124 0072 FFF7FEFF 		bl	PS2_cReadByte
 125              	.LVL22:
 126 0076 68B1     		cbz	r0, .L9
  59:.\main.c      **** 		{
  60:.\main.c      **** 			// Useful stuff
  61:.\main.c      **** 			itoa(byte, test, 10);
 127              		.loc 1 61 0
 128 0078 01A9     		add	r1, sp, #4
 129 007a 0A22     		movs	r2, #10
 130 007c FFF7FEFF 		bl	itoa
 131              	.LVL23:
  62:.\main.c      **** 			UART_PutString("Byte: ");
 132              		.loc 1 62 0
 133 0080 1148     		ldr	r0, .L12+20
 134 0082 FFF7FEFF 		bl	UART_PutString
 135              	.LVL24:
  63:.\main.c      **** 			UART_PutString(test);
 136              		.loc 1 63 0
 137 0086 01A8     		add	r0, sp, #4
 138 0088 FFF7FEFF 		bl	UART_PutString
 139              	.LVL25:
  64:.\main.c      **** 			UART_PutString("\r\n");
 140              		.loc 1 64 0
 141 008c 0F48     		ldr	r0, .L12+24
 142 008e FFF7FEFF 		bl	UART_PutString
 143              	.LVL26:
 144 0092 D7E7     		b	.L3
 145              	.LVL27:
 146              	.L9:
  65:.\main.c      **** 		}
  66:.\main.c      **** 		else
  67:.\main.c      **** 		{
  68:.\main.c      **** 			itoa(PS2_STATE, test, 10);
 147              		.loc 1 68 0
 148 0094 FFF7FEFF 		bl	PS2_stateReg_Read
 149              	.LVL28:
 150 0098 01A9     		add	r1, sp, #4
 151 009a 0A22     		movs	r2, #10
 152 009c FFF7FEFF 		bl	itoa
 153              	.LVL29:
  69:.\main.c      **** 			UART_PutString("State: ");
 154              		.loc 1 69 0
 155 00a0 0B48     		ldr	r0, .L12+28
 156 00a2 FFF7FEFF 		bl	UART_PutString
 157              	.LVL30:
  70:.\main.c      **** 			UART_PutString(test);
 158              		.loc 1 70 0
ARM GAS  C:\Users\addis\AppData\Local\Temp\ccrKjclg.s 			page 5


 159 00a6 01A8     		add	r0, sp, #4
 160 00a8 FFF7FEFF 		bl	UART_PutString
 161              	.LVL31:
  71:.\main.c      **** 			UART_PutString("\r\n");
 162              		.loc 1 71 0
 163 00ac 0748     		ldr	r0, .L12+24
 164 00ae FFF7FEFF 		bl	UART_PutString
 165              	.LVL32:
 166 00b2 C7E7     		b	.L3
 167              	.L13:
 168              		.align	2
 169              	.L12:
 170 00b4 00000000 		.word	.LC0
 171 00b8 14000000 		.word	.LC1
 172 00bc 28000000 		.word	.LC2
 173 00c0 38000000 		.word	.LC3
 174 00c4 44000000 		.word	.LC4
 175 00c8 50000000 		.word	.LC5
 176 00cc 58000000 		.word	.LC6
 177 00d0 5C000000 		.word	.LC7
 178              		.cfi_endproc
 179              	.LFE63:
 180              		.size	main, .-main
 181              		.section	.rodata.str1.4,"aMS",%progbits,1
 182              		.align	2
 183              	.LC0:
 184 0000 4B657962 		.ascii	"Keyboard Ready\015\012\000"
 184      6F617264 
 184      20526561 
 184      64790D0A 
 184      00
 185 0011 000000   		.space	3
 186              	.LC1:
 187 0014 44657669 		.ascii	"Device BAT Error\015\012\000"
 187      63652042 
 187      41542045 
 187      72726F72 
 187      0D0A00
 188 0027 00       		.space	1
 189              	.LC2:
 190 0028 44657669 		.ascii	"Device Error\015\012\000"
 190      63652045 
 190      72726F72 
 190      0D0A00
 191 0037 00       		.space	1
 192              	.LC3:
 193 0038 4E6F2044 		.ascii	"No Device\015\012\000"
 193      65766963 
 193      650D0A00 
 194              	.LC4:
 195 0044 46697845 		.ascii	"FixERROR!\000"
 195      52524F52 
 195      2100
 196 004e 0000     		.space	2
 197              	.LC5:
 198 0050 42797465 		.ascii	"Byte: \000"
 198      3A2000
ARM GAS  C:\Users\addis\AppData\Local\Temp\ccrKjclg.s 			page 6


 199 0057 00       		.space	1
 200              	.LC6:
 201 0058 0D0A00   		.ascii	"\015\012\000"
 202 005b 00       		.space	1
 203              	.LC7:
 204 005c 53746174 		.ascii	"State: \000"
 204      653A2000 
 205              		.text
 206              	.Letext0:
 207              		.file 2 "c:\\program files (x86)\\cypress\\psoc creator\\3.3\\psoc creator\\import\\gnu\\arm\\4.9.
 208              		.file 3 "c:\\program files (x86)\\cypress\\psoc creator\\3.3\\psoc creator\\import\\gnu\\arm\\4.9.
 209              		.file 4 "Generated_Source\\PSoC5/cytypes.h"
 210              		.file 5 "Generated_Source\\PSoC5/UART.h"
 211              		.file 6 "Generated_Source\\PSoC5/PS2_ps2.h"
 212              		.file 7 "Generated_Source\\PSoC5/CyLib.h"
 213              		.file 8 "Generated_Source\\PSoC5/PS2_statusReg.h"
 214              		.file 9 "Generated_Source\\PSoC5/PS2_controlReg.h"
 215              		.file 10 "c:\\program files (x86)\\cypress\\psoc creator\\3.3\\psoc creator\\import\\gnu\\arm\\4.9
 216              		.file 11 "Generated_Source\\PSoC5/PS2_stateReg.h"
 217              		.file 12 "Generated_Source\\PSoC5/core_cm3.h"
 218              		.section	.debug_info,"",%progbits
 219              	.Ldebug_info0:
 220 0000 95030000 		.4byte	0x395
 221 0004 0400     		.2byte	0x4
 222 0006 00000000 		.4byte	.Ldebug_abbrev0
 223 000a 04       		.byte	0x4
 224 000b 01       		.uleb128 0x1
 225 000c 02010000 		.4byte	.LASF33
 226 0010 01       		.byte	0x1
 227 0011 6B000000 		.4byte	.LASF34
 228 0015 00000000 		.4byte	.LASF35
 229 0019 00000000 		.4byte	.Ldebug_ranges0+0
 230 001d 00000000 		.4byte	0
 231 0021 00000000 		.4byte	.Ldebug_line0
 232 0025 02       		.uleb128 0x2
 233 0026 01       		.byte	0x1
 234 0027 06       		.byte	0x6
 235 0028 50020000 		.4byte	.LASF0
 236 002c 02       		.uleb128 0x2
 237 002d 01       		.byte	0x1
 238 002e 08       		.byte	0x8
 239 002f 7F000000 		.4byte	.LASF1
 240 0033 02       		.uleb128 0x2
 241 0034 02       		.byte	0x2
 242 0035 05       		.byte	0x5
 243 0036 0D020000 		.4byte	.LASF2
 244 003a 02       		.uleb128 0x2
 245 003b 02       		.byte	0x2
 246 003c 07       		.byte	0x7
 247 003d A8000000 		.4byte	.LASF3
 248 0041 03       		.uleb128 0x3
 249 0042 44000000 		.4byte	.LASF9
 250 0046 02       		.byte	0x2
 251 0047 3F       		.byte	0x3f
 252 0048 4C000000 		.4byte	0x4c
 253 004c 02       		.uleb128 0x2
 254 004d 04       		.byte	0x4
ARM GAS  C:\Users\addis\AppData\Local\Temp\ccrKjclg.s 			page 7


 255 004e 05       		.byte	0x5
 256 004f 1D020000 		.4byte	.LASF4
 257 0053 02       		.uleb128 0x2
 258 0054 04       		.byte	0x4
 259 0055 07       		.byte	0x7
 260 0056 D3000000 		.4byte	.LASF5
 261 005a 02       		.uleb128 0x2
 262 005b 08       		.byte	0x8
 263 005c 05       		.byte	0x5
 264 005d FA010000 		.4byte	.LASF6
 265 0061 02       		.uleb128 0x2
 266 0062 08       		.byte	0x8
 267 0063 07       		.byte	0x7
 268 0064 A2010000 		.4byte	.LASF7
 269 0068 04       		.uleb128 0x4
 270 0069 04       		.byte	0x4
 271 006a 05       		.byte	0x5
 272 006b 696E7400 		.ascii	"int\000"
 273 006f 02       		.uleb128 0x2
 274 0070 04       		.byte	0x4
 275 0071 07       		.byte	0x7
 276 0072 95010000 		.4byte	.LASF8
 277 0076 03       		.uleb128 0x3
 278 0077 DB010000 		.4byte	.LASF10
 279 007b 03       		.byte	0x3
 280 007c 2C       		.byte	0x2c
 281 007d 41000000 		.4byte	0x41
 282 0081 05       		.uleb128 0x5
 283 0082 17020000 		.4byte	.LASF11
 284 0086 04       		.byte	0x4
 285 0087 3801     		.2byte	0x138
 286 0089 2C000000 		.4byte	0x2c
 287 008d 05       		.uleb128 0x5
 288 008e FB000000 		.4byte	.LASF12
 289 0092 04       		.byte	0x4
 290 0093 3A01     		.2byte	0x13a
 291 0095 53000000 		.4byte	0x53
 292 0099 02       		.uleb128 0x2
 293 009a 04       		.byte	0x4
 294 009b 04       		.byte	0x4
 295 009c 74000000 		.4byte	.LASF13
 296 00a0 02       		.uleb128 0x2
 297 00a1 08       		.byte	0x8
 298 00a2 04       		.byte	0x4
 299 00a3 4E000000 		.4byte	.LASF14
 300 00a7 05       		.uleb128 0x5
 301 00a8 8D000000 		.4byte	.LASF15
 302 00ac 04       		.byte	0x4
 303 00ad 4901     		.2byte	0x149
 304 00af B3000000 		.4byte	0xb3
 305 00b3 02       		.uleb128 0x2
 306 00b4 01       		.byte	0x1
 307 00b5 08       		.byte	0x8
 308 00b6 08020000 		.4byte	.LASF16
 309 00ba 02       		.uleb128 0x2
 310 00bb 04       		.byte	0x4
 311 00bc 07       		.byte	0x7
ARM GAS  C:\Users\addis\AppData\Local\Temp\ccrKjclg.s 			page 8


 312 00bd E3010000 		.4byte	.LASF17
 313 00c1 06       		.uleb128 0x6
 314 00c2 04       		.byte	0x4
 315 00c3 B3000000 		.4byte	0xb3
 316 00c7 07       		.uleb128 0x7
 317 00c8 F6000000 		.4byte	.LASF36
 318 00cc 01       		.byte	0x1
 319 00cd 0F       		.byte	0xf
 320 00ce 68000000 		.4byte	0x68
 321 00d2 00000000 		.4byte	.LFB63
 322 00d6 D4000000 		.4byte	.LFE63-.LFB63
 323 00da 01       		.uleb128 0x1
 324 00db 9C       		.byte	0x9c
 325 00dc C0020000 		.4byte	0x2c0
 326 00e0 08       		.uleb128 0x8
 327 00e1 5A000000 		.4byte	.LASF18
 328 00e5 01       		.byte	0x1
 329 00e6 11       		.byte	0x11
 330 00e7 81000000 		.4byte	0x81
 331 00eb 00000000 		.4byte	.LLST0
 332 00ef 08       		.uleb128 0x8
 333 00f0 55000000 		.4byte	.LASF19
 334 00f4 01       		.byte	0x1
 335 00f5 12       		.byte	0x12
 336 00f6 81000000 		.4byte	0x81
 337 00fa 34000000 		.4byte	.LLST1
 338 00fe 09       		.uleb128 0x9
 339 00ff 90010000 		.4byte	.LASF20
 340 0103 01       		.byte	0x1
 341 0104 13       		.byte	0x13
 342 0105 C0020000 		.4byte	0x2c0
 343 0109 02       		.uleb128 0x2
 344 010a 91       		.byte	0x91
 345 010b 6C       		.sleb128 -20
 346 010c 0A       		.uleb128 0xa
 347 010d 4B020000 		.4byte	.LASF37
 348 0111 01       		.byte	0x1
 349 0112 14       		.byte	0x14
 350 0113 81000000 		.4byte	0x81
 351 0117 0B       		.uleb128 0xb
 352 0118 0A000000 		.4byte	.LVL0
 353 011c E1020000 		.4byte	0x2e1
 354 0120 0B       		.uleb128 0xb
 355 0121 0E000000 		.4byte	.LVL1
 356 0125 E8020000 		.4byte	0x2e8
 357 0129 0B       		.uleb128 0xb
 358 012a 12000000 		.4byte	.LVL2
 359 012e EF020000 		.4byte	0x2ef
 360 0132 0C       		.uleb128 0xc
 361 0133 1A000000 		.4byte	.LVL4
 362 0137 FA020000 		.4byte	0x2fa
 363 013b 49010000 		.4byte	0x149
 364 013f 0D       		.uleb128 0xd
 365 0140 01       		.uleb128 0x1
 366 0141 50       		.byte	0x50
 367 0142 05       		.uleb128 0x5
 368 0143 03       		.byte	0x3
ARM GAS  C:\Users\addis\AppData\Local\Temp\ccrKjclg.s 			page 9


 369 0144 00000000 		.4byte	.LC0
 370 0148 00       		.byte	0
 371 0149 0C       		.uleb128 0xc
 372 014a 26000000 		.4byte	.LVL7
 373 014e FA020000 		.4byte	0x2fa
 374 0152 60010000 		.4byte	0x160
 375 0156 0D       		.uleb128 0xd
 376 0157 01       		.uleb128 0x1
 377 0158 50       		.byte	0x50
 378 0159 05       		.uleb128 0x5
 379 015a 03       		.byte	0x3
 380 015b 14000000 		.4byte	.LC1
 381 015f 00       		.byte	0
 382 0160 0C       		.uleb128 0xc
 383 0161 32000000 		.4byte	.LVL10
 384 0165 FA020000 		.4byte	0x2fa
 385 0169 77010000 		.4byte	0x177
 386 016d 0D       		.uleb128 0xd
 387 016e 01       		.uleb128 0x1
 388 016f 50       		.byte	0x50
 389 0170 05       		.uleb128 0x5
 390 0171 03       		.byte	0x3
 391 0172 28000000 		.4byte	.LC2
 392 0176 00       		.byte	0
 393 0177 0C       		.uleb128 0xc
 394 0178 3A000000 		.4byte	.LVL13
 395 017c FA020000 		.4byte	0x2fa
 396 0180 8E010000 		.4byte	0x18e
 397 0184 0D       		.uleb128 0xd
 398 0185 01       		.uleb128 0x1
 399 0186 50       		.byte	0x50
 400 0187 05       		.uleb128 0x5
 401 0188 03       		.byte	0x3
 402 0189 38000000 		.4byte	.LC3
 403 018d 00       		.byte	0
 404 018e 0C       		.uleb128 0xc
 405 018f 42000000 		.4byte	.LVL14
 406 0193 16030000 		.4byte	0x316
 407 0197 A3010000 		.4byte	0x1a3
 408 019b 0D       		.uleb128 0xd
 409 019c 01       		.uleb128 0x1
 410 019d 50       		.byte	0x50
 411 019e 03       		.uleb128 0x3
 412 019f 0A       		.byte	0xa
 413 01a0 E803     		.2byte	0x3e8
 414 01a2 00       		.byte	0
 415 01a3 0B       		.uleb128 0xb
 416 01a4 48000000 		.4byte	.LVL15
 417 01a8 27030000 		.4byte	0x327
 418 01ac 0C       		.uleb128 0xc
 419 01ad 52000000 		.4byte	.LVL16
 420 01b1 FA020000 		.4byte	0x2fa
 421 01b5 C3010000 		.4byte	0x1c3
 422 01b9 0D       		.uleb128 0xd
 423 01ba 01       		.uleb128 0x1
 424 01bb 50       		.byte	0x50
 425 01bc 05       		.uleb128 0x5
ARM GAS  C:\Users\addis\AppData\Local\Temp\ccrKjclg.s 			page 10


 426 01bd 03       		.byte	0x3
 427 01be 44000000 		.4byte	.LC4
 428 01c2 00       		.byte	0
 429 01c3 0B       		.uleb128 0xb
 430 01c4 56000000 		.4byte	.LVL17
 431 01c8 32030000 		.4byte	0x332
 432 01cc 0B       		.uleb128 0xb
 433 01cd 60000000 		.4byte	.LVL18
 434 01d1 3D030000 		.4byte	0x33d
 435 01d5 0B       		.uleb128 0xb
 436 01d6 64000000 		.4byte	.LVL19
 437 01da 32030000 		.4byte	0x332
 438 01de 0B       		.uleb128 0xb
 439 01df 6C000000 		.4byte	.LVL20
 440 01e3 3D030000 		.4byte	0x33d
 441 01e7 0C       		.uleb128 0xc
 442 01e8 72000000 		.4byte	.LVL21
 443 01ec 4E030000 		.4byte	0x34e
 444 01f0 FB010000 		.4byte	0x1fb
 445 01f4 0D       		.uleb128 0xd
 446 01f5 01       		.uleb128 0x1
 447 01f6 50       		.byte	0x50
 448 01f7 02       		.uleb128 0x2
 449 01f8 09       		.byte	0x9
 450 01f9 FE       		.byte	0xfe
 451 01fa 00       		.byte	0
 452 01fb 0B       		.uleb128 0xb
 453 01fc 76000000 		.4byte	.LVL22
 454 0200 63030000 		.4byte	0x363
 455 0204 0C       		.uleb128 0xc
 456 0205 80000000 		.4byte	.LVL23
 457 0209 6E030000 		.4byte	0x36e
 458 020d 1D020000 		.4byte	0x21d
 459 0211 0D       		.uleb128 0xd
 460 0212 01       		.uleb128 0x1
 461 0213 52       		.byte	0x52
 462 0214 01       		.uleb128 0x1
 463 0215 3A       		.byte	0x3a
 464 0216 0D       		.uleb128 0xd
 465 0217 01       		.uleb128 0x1
 466 0218 51       		.byte	0x51
 467 0219 02       		.uleb128 0x2
 468 021a 91       		.byte	0x91
 469 021b 6C       		.sleb128 -20
 470 021c 00       		.byte	0
 471 021d 0C       		.uleb128 0xc
 472 021e 86000000 		.4byte	.LVL24
 473 0222 FA020000 		.4byte	0x2fa
 474 0226 34020000 		.4byte	0x234
 475 022a 0D       		.uleb128 0xd
 476 022b 01       		.uleb128 0x1
 477 022c 50       		.byte	0x50
 478 022d 05       		.uleb128 0x5
 479 022e 03       		.byte	0x3
 480 022f 50000000 		.4byte	.LC5
 481 0233 00       		.byte	0
 482 0234 0C       		.uleb128 0xc
ARM GAS  C:\Users\addis\AppData\Local\Temp\ccrKjclg.s 			page 11


 483 0235 8C000000 		.4byte	.LVL25
 484 0239 FA020000 		.4byte	0x2fa
 485 023d 48020000 		.4byte	0x248
 486 0241 0D       		.uleb128 0xd
 487 0242 01       		.uleb128 0x1
 488 0243 50       		.byte	0x50
 489 0244 02       		.uleb128 0x2
 490 0245 91       		.byte	0x91
 491 0246 6C       		.sleb128 -20
 492 0247 00       		.byte	0
 493 0248 0C       		.uleb128 0xc
 494 0249 92000000 		.4byte	.LVL26
 495 024d FA020000 		.4byte	0x2fa
 496 0251 5F020000 		.4byte	0x25f
 497 0255 0D       		.uleb128 0xd
 498 0256 01       		.uleb128 0x1
 499 0257 50       		.byte	0x50
 500 0258 05       		.uleb128 0x5
 501 0259 03       		.byte	0x3
 502 025a 58000000 		.4byte	.LC6
 503 025e 00       		.byte	0
 504 025f 0B       		.uleb128 0xb
 505 0260 98000000 		.4byte	.LVL28
 506 0264 8D030000 		.4byte	0x38d
 507 0268 0C       		.uleb128 0xc
 508 0269 A0000000 		.4byte	.LVL29
 509 026d 6E030000 		.4byte	0x36e
 510 0271 81020000 		.4byte	0x281
 511 0275 0D       		.uleb128 0xd
 512 0276 01       		.uleb128 0x1
 513 0277 52       		.byte	0x52
 514 0278 01       		.uleb128 0x1
 515 0279 3A       		.byte	0x3a
 516 027a 0D       		.uleb128 0xd
 517 027b 01       		.uleb128 0x1
 518 027c 51       		.byte	0x51
 519 027d 02       		.uleb128 0x2
 520 027e 91       		.byte	0x91
 521 027f 6C       		.sleb128 -20
 522 0280 00       		.byte	0
 523 0281 0C       		.uleb128 0xc
 524 0282 A6000000 		.4byte	.LVL30
 525 0286 FA020000 		.4byte	0x2fa
 526 028a 98020000 		.4byte	0x298
 527 028e 0D       		.uleb128 0xd
 528 028f 01       		.uleb128 0x1
 529 0290 50       		.byte	0x50
 530 0291 05       		.uleb128 0x5
 531 0292 03       		.byte	0x3
 532 0293 5C000000 		.4byte	.LC7
 533 0297 00       		.byte	0
 534 0298 0C       		.uleb128 0xc
 535 0299 AC000000 		.4byte	.LVL31
 536 029d FA020000 		.4byte	0x2fa
 537 02a1 AC020000 		.4byte	0x2ac
 538 02a5 0D       		.uleb128 0xd
 539 02a6 01       		.uleb128 0x1
ARM GAS  C:\Users\addis\AppData\Local\Temp\ccrKjclg.s 			page 12


 540 02a7 50       		.byte	0x50
 541 02a8 02       		.uleb128 0x2
 542 02a9 91       		.byte	0x91
 543 02aa 6C       		.sleb128 -20
 544 02ab 00       		.byte	0
 545 02ac 0E       		.uleb128 0xe
 546 02ad B2000000 		.4byte	.LVL32
 547 02b1 FA020000 		.4byte	0x2fa
 548 02b5 0D       		.uleb128 0xd
 549 02b6 01       		.uleb128 0x1
 550 02b7 50       		.byte	0x50
 551 02b8 05       		.uleb128 0x5
 552 02b9 03       		.byte	0x3
 553 02ba 58000000 		.4byte	.LC6
 554 02be 00       		.byte	0
 555 02bf 00       		.byte	0
 556 02c0 0F       		.uleb128 0xf
 557 02c1 B3000000 		.4byte	0xb3
 558 02c5 D0020000 		.4byte	0x2d0
 559 02c9 10       		.uleb128 0x10
 560 02ca BA000000 		.4byte	0xba
 561 02ce 09       		.byte	0x9
 562 02cf 00       		.byte	0
 563 02d0 11       		.uleb128 0x11
 564 02d1 C6000000 		.4byte	.LASF38
 565 02d5 0C       		.byte	0xc
 566 02d6 5506     		.2byte	0x655
 567 02d8 DC020000 		.4byte	0x2dc
 568 02dc 12       		.uleb128 0x12
 569 02dd 76000000 		.4byte	0x76
 570 02e1 13       		.uleb128 0x13
 571 02e2 BB000000 		.4byte	.LASF21
 572 02e6 05       		.byte	0x5
 573 02e7 54       		.byte	0x54
 574 02e8 13       		.uleb128 0x13
 575 02e9 61000000 		.4byte	.LASF22
 576 02ed 06       		.byte	0x6
 577 02ee 72       		.byte	0x72
 578 02ef 14       		.uleb128 0x14
 579 02f0 E5000000 		.4byte	.LASF25
 580 02f4 06       		.byte	0x6
 581 02f5 73       		.byte	0x73
 582 02f6 81000000 		.4byte	0x81
 583 02fa 15       		.uleb128 0x15
 584 02fb 5C020000 		.4byte	.LASF23
 585 02ff 05       		.byte	0x5
 586 0300 8B       		.byte	0x8b
 587 0301 0B030000 		.4byte	0x30b
 588 0305 16       		.uleb128 0x16
 589 0306 0B030000 		.4byte	0x30b
 590 030a 00       		.byte	0
 591 030b 06       		.uleb128 0x6
 592 030c 04       		.byte	0x4
 593 030d 11030000 		.4byte	0x311
 594 0311 17       		.uleb128 0x17
 595 0312 A7000000 		.4byte	0xa7
 596 0316 15       		.uleb128 0x15
ARM GAS  C:\Users\addis\AppData\Local\Temp\ccrKjclg.s 			page 13


 597 0317 6B020000 		.4byte	.LASF24
 598 031b 07       		.byte	0x7
 599 031c 77       		.byte	0x77
 600 031d 27030000 		.4byte	0x327
 601 0321 16       		.uleb128 0x16
 602 0322 8D000000 		.4byte	0x8d
 603 0326 00       		.byte	0
 604 0327 14       		.uleb128 0x14
 605 0328 38020000 		.4byte	.LASF26
 606 032c 08       		.byte	0x8
 607 032d 28       		.byte	0x28
 608 032e 81000000 		.4byte	0x81
 609 0332 14       		.uleb128 0x14
 610 0333 B9010000 		.4byte	.LASF27
 611 0337 09       		.byte	0x9
 612 0338 28       		.byte	0x28
 613 0339 81000000 		.4byte	0x81
 614 033d 15       		.uleb128 0x15
 615 033e 93000000 		.4byte	.LASF28
 616 0342 09       		.byte	0x9
 617 0343 27       		.byte	0x27
 618 0344 4E030000 		.4byte	0x34e
 619 0348 16       		.uleb128 0x16
 620 0349 81000000 		.4byte	0x81
 621 034d 00       		.byte	0
 622 034e 18       		.uleb128 0x18
 623 034f EC010000 		.4byte	.LASF30
 624 0353 06       		.byte	0x6
 625 0354 74       		.byte	0x74
 626 0355 81000000 		.4byte	0x81
 627 0359 63030000 		.4byte	0x363
 628 035d 16       		.uleb128 0x16
 629 035e 81000000 		.4byte	0x81
 630 0362 00       		.byte	0
 631 0363 14       		.uleb128 0x14
 632 0364 CD010000 		.4byte	.LASF29
 633 0368 06       		.byte	0x6
 634 0369 77       		.byte	0x77
 635 036a 81000000 		.4byte	0x81
 636 036e 18       		.uleb128 0x18
 637 036f 7A000000 		.4byte	.LASF31
 638 0373 0A       		.byte	0xa
 639 0374 B7       		.byte	0xb7
 640 0375 C1000000 		.4byte	0xc1
 641 0379 8D030000 		.4byte	0x38d
 642 037d 16       		.uleb128 0x16
 643 037e 68000000 		.4byte	0x68
 644 0382 16       		.uleb128 0x16
 645 0383 C1000000 		.4byte	0xc1
 646 0387 16       		.uleb128 0x16
 647 0388 68000000 		.4byte	0x68
 648 038c 00       		.byte	0
 649 038d 14       		.uleb128 0x14
 650 038e 26020000 		.4byte	.LASF32
 651 0392 0B       		.byte	0xb
 652 0393 28       		.byte	0x28
 653 0394 81000000 		.4byte	0x81
ARM GAS  C:\Users\addis\AppData\Local\Temp\ccrKjclg.s 			page 14


 654 0398 00       		.byte	0
 655              		.section	.debug_abbrev,"",%progbits
 656              	.Ldebug_abbrev0:
 657 0000 01       		.uleb128 0x1
 658 0001 11       		.uleb128 0x11
 659 0002 01       		.byte	0x1
 660 0003 25       		.uleb128 0x25
 661 0004 0E       		.uleb128 0xe
 662 0005 13       		.uleb128 0x13
 663 0006 0B       		.uleb128 0xb
 664 0007 03       		.uleb128 0x3
 665 0008 0E       		.uleb128 0xe
 666 0009 1B       		.uleb128 0x1b
 667 000a 0E       		.uleb128 0xe
 668 000b 55       		.uleb128 0x55
 669 000c 17       		.uleb128 0x17
 670 000d 11       		.uleb128 0x11
 671 000e 01       		.uleb128 0x1
 672 000f 10       		.uleb128 0x10
 673 0010 17       		.uleb128 0x17
 674 0011 00       		.byte	0
 675 0012 00       		.byte	0
 676 0013 02       		.uleb128 0x2
 677 0014 24       		.uleb128 0x24
 678 0015 00       		.byte	0
 679 0016 0B       		.uleb128 0xb
 680 0017 0B       		.uleb128 0xb
 681 0018 3E       		.uleb128 0x3e
 682 0019 0B       		.uleb128 0xb
 683 001a 03       		.uleb128 0x3
 684 001b 0E       		.uleb128 0xe
 685 001c 00       		.byte	0
 686 001d 00       		.byte	0
 687 001e 03       		.uleb128 0x3
 688 001f 16       		.uleb128 0x16
 689 0020 00       		.byte	0
 690 0021 03       		.uleb128 0x3
 691 0022 0E       		.uleb128 0xe
 692 0023 3A       		.uleb128 0x3a
 693 0024 0B       		.uleb128 0xb
 694 0025 3B       		.uleb128 0x3b
 695 0026 0B       		.uleb128 0xb
 696 0027 49       		.uleb128 0x49
 697 0028 13       		.uleb128 0x13
 698 0029 00       		.byte	0
 699 002a 00       		.byte	0
 700 002b 04       		.uleb128 0x4
 701 002c 24       		.uleb128 0x24
 702 002d 00       		.byte	0
 703 002e 0B       		.uleb128 0xb
 704 002f 0B       		.uleb128 0xb
 705 0030 3E       		.uleb128 0x3e
 706 0031 0B       		.uleb128 0xb
 707 0032 03       		.uleb128 0x3
 708 0033 08       		.uleb128 0x8
 709 0034 00       		.byte	0
 710 0035 00       		.byte	0
ARM GAS  C:\Users\addis\AppData\Local\Temp\ccrKjclg.s 			page 15


 711 0036 05       		.uleb128 0x5
 712 0037 16       		.uleb128 0x16
 713 0038 00       		.byte	0
 714 0039 03       		.uleb128 0x3
 715 003a 0E       		.uleb128 0xe
 716 003b 3A       		.uleb128 0x3a
 717 003c 0B       		.uleb128 0xb
 718 003d 3B       		.uleb128 0x3b
 719 003e 05       		.uleb128 0x5
 720 003f 49       		.uleb128 0x49
 721 0040 13       		.uleb128 0x13
 722 0041 00       		.byte	0
 723 0042 00       		.byte	0
 724 0043 06       		.uleb128 0x6
 725 0044 0F       		.uleb128 0xf
 726 0045 00       		.byte	0
 727 0046 0B       		.uleb128 0xb
 728 0047 0B       		.uleb128 0xb
 729 0048 49       		.uleb128 0x49
 730 0049 13       		.uleb128 0x13
 731 004a 00       		.byte	0
 732 004b 00       		.byte	0
 733 004c 07       		.uleb128 0x7
 734 004d 2E       		.uleb128 0x2e
 735 004e 01       		.byte	0x1
 736 004f 3F       		.uleb128 0x3f
 737 0050 19       		.uleb128 0x19
 738 0051 03       		.uleb128 0x3
 739 0052 0E       		.uleb128 0xe
 740 0053 3A       		.uleb128 0x3a
 741 0054 0B       		.uleb128 0xb
 742 0055 3B       		.uleb128 0x3b
 743 0056 0B       		.uleb128 0xb
 744 0057 49       		.uleb128 0x49
 745 0058 13       		.uleb128 0x13
 746 0059 11       		.uleb128 0x11
 747 005a 01       		.uleb128 0x1
 748 005b 12       		.uleb128 0x12
 749 005c 06       		.uleb128 0x6
 750 005d 40       		.uleb128 0x40
 751 005e 18       		.uleb128 0x18
 752 005f 9742     		.uleb128 0x2117
 753 0061 19       		.uleb128 0x19
 754 0062 01       		.uleb128 0x1
 755 0063 13       		.uleb128 0x13
 756 0064 00       		.byte	0
 757 0065 00       		.byte	0
 758 0066 08       		.uleb128 0x8
 759 0067 34       		.uleb128 0x34
 760 0068 00       		.byte	0
 761 0069 03       		.uleb128 0x3
 762 006a 0E       		.uleb128 0xe
 763 006b 3A       		.uleb128 0x3a
 764 006c 0B       		.uleb128 0xb
 765 006d 3B       		.uleb128 0x3b
 766 006e 0B       		.uleb128 0xb
 767 006f 49       		.uleb128 0x49
ARM GAS  C:\Users\addis\AppData\Local\Temp\ccrKjclg.s 			page 16


 768 0070 13       		.uleb128 0x13
 769 0071 02       		.uleb128 0x2
 770 0072 17       		.uleb128 0x17
 771 0073 00       		.byte	0
 772 0074 00       		.byte	0
 773 0075 09       		.uleb128 0x9
 774 0076 34       		.uleb128 0x34
 775 0077 00       		.byte	0
 776 0078 03       		.uleb128 0x3
 777 0079 0E       		.uleb128 0xe
 778 007a 3A       		.uleb128 0x3a
 779 007b 0B       		.uleb128 0xb
 780 007c 3B       		.uleb128 0x3b
 781 007d 0B       		.uleb128 0xb
 782 007e 49       		.uleb128 0x49
 783 007f 13       		.uleb128 0x13
 784 0080 02       		.uleb128 0x2
 785 0081 18       		.uleb128 0x18
 786 0082 00       		.byte	0
 787 0083 00       		.byte	0
 788 0084 0A       		.uleb128 0xa
 789 0085 34       		.uleb128 0x34
 790 0086 00       		.byte	0
 791 0087 03       		.uleb128 0x3
 792 0088 0E       		.uleb128 0xe
 793 0089 3A       		.uleb128 0x3a
 794 008a 0B       		.uleb128 0xb
 795 008b 3B       		.uleb128 0x3b
 796 008c 0B       		.uleb128 0xb
 797 008d 49       		.uleb128 0x49
 798 008e 13       		.uleb128 0x13
 799 008f 00       		.byte	0
 800 0090 00       		.byte	0
 801 0091 0B       		.uleb128 0xb
 802 0092 898201   		.uleb128 0x4109
 803 0095 00       		.byte	0
 804 0096 11       		.uleb128 0x11
 805 0097 01       		.uleb128 0x1
 806 0098 31       		.uleb128 0x31
 807 0099 13       		.uleb128 0x13
 808 009a 00       		.byte	0
 809 009b 00       		.byte	0
 810 009c 0C       		.uleb128 0xc
 811 009d 898201   		.uleb128 0x4109
 812 00a0 01       		.byte	0x1
 813 00a1 11       		.uleb128 0x11
 814 00a2 01       		.uleb128 0x1
 815 00a3 31       		.uleb128 0x31
 816 00a4 13       		.uleb128 0x13
 817 00a5 01       		.uleb128 0x1
 818 00a6 13       		.uleb128 0x13
 819 00a7 00       		.byte	0
 820 00a8 00       		.byte	0
 821 00a9 0D       		.uleb128 0xd
 822 00aa 8A8201   		.uleb128 0x410a
 823 00ad 00       		.byte	0
 824 00ae 02       		.uleb128 0x2
ARM GAS  C:\Users\addis\AppData\Local\Temp\ccrKjclg.s 			page 17


 825 00af 18       		.uleb128 0x18
 826 00b0 9142     		.uleb128 0x2111
 827 00b2 18       		.uleb128 0x18
 828 00b3 00       		.byte	0
 829 00b4 00       		.byte	0
 830 00b5 0E       		.uleb128 0xe
 831 00b6 898201   		.uleb128 0x4109
 832 00b9 01       		.byte	0x1
 833 00ba 11       		.uleb128 0x11
 834 00bb 01       		.uleb128 0x1
 835 00bc 31       		.uleb128 0x31
 836 00bd 13       		.uleb128 0x13
 837 00be 00       		.byte	0
 838 00bf 00       		.byte	0
 839 00c0 0F       		.uleb128 0xf
 840 00c1 01       		.uleb128 0x1
 841 00c2 01       		.byte	0x1
 842 00c3 49       		.uleb128 0x49
 843 00c4 13       		.uleb128 0x13
 844 00c5 01       		.uleb128 0x1
 845 00c6 13       		.uleb128 0x13
 846 00c7 00       		.byte	0
 847 00c8 00       		.byte	0
 848 00c9 10       		.uleb128 0x10
 849 00ca 21       		.uleb128 0x21
 850 00cb 00       		.byte	0
 851 00cc 49       		.uleb128 0x49
 852 00cd 13       		.uleb128 0x13
 853 00ce 2F       		.uleb128 0x2f
 854 00cf 0B       		.uleb128 0xb
 855 00d0 00       		.byte	0
 856 00d1 00       		.byte	0
 857 00d2 11       		.uleb128 0x11
 858 00d3 34       		.uleb128 0x34
 859 00d4 00       		.byte	0
 860 00d5 03       		.uleb128 0x3
 861 00d6 0E       		.uleb128 0xe
 862 00d7 3A       		.uleb128 0x3a
 863 00d8 0B       		.uleb128 0xb
 864 00d9 3B       		.uleb128 0x3b
 865 00da 05       		.uleb128 0x5
 866 00db 49       		.uleb128 0x49
 867 00dc 13       		.uleb128 0x13
 868 00dd 3F       		.uleb128 0x3f
 869 00de 19       		.uleb128 0x19
 870 00df 3C       		.uleb128 0x3c
 871 00e0 19       		.uleb128 0x19
 872 00e1 00       		.byte	0
 873 00e2 00       		.byte	0
 874 00e3 12       		.uleb128 0x12
 875 00e4 35       		.uleb128 0x35
 876 00e5 00       		.byte	0
 877 00e6 49       		.uleb128 0x49
 878 00e7 13       		.uleb128 0x13
 879 00e8 00       		.byte	0
 880 00e9 00       		.byte	0
 881 00ea 13       		.uleb128 0x13
ARM GAS  C:\Users\addis\AppData\Local\Temp\ccrKjclg.s 			page 18


 882 00eb 2E       		.uleb128 0x2e
 883 00ec 00       		.byte	0
 884 00ed 3F       		.uleb128 0x3f
 885 00ee 19       		.uleb128 0x19
 886 00ef 03       		.uleb128 0x3
 887 00f0 0E       		.uleb128 0xe
 888 00f1 3A       		.uleb128 0x3a
 889 00f2 0B       		.uleb128 0xb
 890 00f3 3B       		.uleb128 0x3b
 891 00f4 0B       		.uleb128 0xb
 892 00f5 27       		.uleb128 0x27
 893 00f6 19       		.uleb128 0x19
 894 00f7 3C       		.uleb128 0x3c
 895 00f8 19       		.uleb128 0x19
 896 00f9 00       		.byte	0
 897 00fa 00       		.byte	0
 898 00fb 14       		.uleb128 0x14
 899 00fc 2E       		.uleb128 0x2e
 900 00fd 00       		.byte	0
 901 00fe 3F       		.uleb128 0x3f
 902 00ff 19       		.uleb128 0x19
 903 0100 03       		.uleb128 0x3
 904 0101 0E       		.uleb128 0xe
 905 0102 3A       		.uleb128 0x3a
 906 0103 0B       		.uleb128 0xb
 907 0104 3B       		.uleb128 0x3b
 908 0105 0B       		.uleb128 0xb
 909 0106 27       		.uleb128 0x27
 910 0107 19       		.uleb128 0x19
 911 0108 49       		.uleb128 0x49
 912 0109 13       		.uleb128 0x13
 913 010a 3C       		.uleb128 0x3c
 914 010b 19       		.uleb128 0x19
 915 010c 00       		.byte	0
 916 010d 00       		.byte	0
 917 010e 15       		.uleb128 0x15
 918 010f 2E       		.uleb128 0x2e
 919 0110 01       		.byte	0x1
 920 0111 3F       		.uleb128 0x3f
 921 0112 19       		.uleb128 0x19
 922 0113 03       		.uleb128 0x3
 923 0114 0E       		.uleb128 0xe
 924 0115 3A       		.uleb128 0x3a
 925 0116 0B       		.uleb128 0xb
 926 0117 3B       		.uleb128 0x3b
 927 0118 0B       		.uleb128 0xb
 928 0119 27       		.uleb128 0x27
 929 011a 19       		.uleb128 0x19
 930 011b 3C       		.uleb128 0x3c
 931 011c 19       		.uleb128 0x19
 932 011d 01       		.uleb128 0x1
 933 011e 13       		.uleb128 0x13
 934 011f 00       		.byte	0
 935 0120 00       		.byte	0
 936 0121 16       		.uleb128 0x16
 937 0122 05       		.uleb128 0x5
 938 0123 00       		.byte	0
ARM GAS  C:\Users\addis\AppData\Local\Temp\ccrKjclg.s 			page 19


 939 0124 49       		.uleb128 0x49
 940 0125 13       		.uleb128 0x13
 941 0126 00       		.byte	0
 942 0127 00       		.byte	0
 943 0128 17       		.uleb128 0x17
 944 0129 26       		.uleb128 0x26
 945 012a 00       		.byte	0
 946 012b 49       		.uleb128 0x49
 947 012c 13       		.uleb128 0x13
 948 012d 00       		.byte	0
 949 012e 00       		.byte	0
 950 012f 18       		.uleb128 0x18
 951 0130 2E       		.uleb128 0x2e
 952 0131 01       		.byte	0x1
 953 0132 3F       		.uleb128 0x3f
 954 0133 19       		.uleb128 0x19
 955 0134 03       		.uleb128 0x3
 956 0135 0E       		.uleb128 0xe
 957 0136 3A       		.uleb128 0x3a
 958 0137 0B       		.uleb128 0xb
 959 0138 3B       		.uleb128 0x3b
 960 0139 0B       		.uleb128 0xb
 961 013a 27       		.uleb128 0x27
 962 013b 19       		.uleb128 0x19
 963 013c 49       		.uleb128 0x49
 964 013d 13       		.uleb128 0x13
 965 013e 3C       		.uleb128 0x3c
 966 013f 19       		.uleb128 0x19
 967 0140 01       		.uleb128 0x1
 968 0141 13       		.uleb128 0x13
 969 0142 00       		.byte	0
 970 0143 00       		.byte	0
 971 0144 00       		.byte	0
 972              		.section	.debug_loc,"",%progbits
 973              	.Ldebug_loc0:
 974              	.LLST0:
 975 0000 12000000 		.4byte	.LVL2
 976 0004 16000000 		.4byte	.LVL3
 977 0008 0100     		.2byte	0x1
 978 000a 50       		.byte	0x50
 979 000b 1C000000 		.4byte	.LVL5
 980 000f 22000000 		.4byte	.LVL6
 981 0013 0100     		.2byte	0x1
 982 0015 50       		.byte	0x50
 983 0016 28000000 		.4byte	.LVL8
 984 001a 2E000000 		.4byte	.LVL9
 985 001e 0100     		.2byte	0x1
 986 0020 50       		.byte	0x50
 987 0021 34000000 		.4byte	.LVL11
 988 0025 36000000 		.4byte	.LVL12
 989 0029 0100     		.2byte	0x1
 990 002b 50       		.byte	0x50
 991 002c 00000000 		.4byte	0
 992 0030 00000000 		.4byte	0
 993              	.LLST1:
 994 0034 76000000 		.4byte	.LVL22
 995 0038 7F000000 		.4byte	.LVL23-1
ARM GAS  C:\Users\addis\AppData\Local\Temp\ccrKjclg.s 			page 20


 996 003c 0100     		.2byte	0x1
 997 003e 50       		.byte	0x50
 998 003f 94000000 		.4byte	.LVL27
 999 0043 97000000 		.4byte	.LVL28-1
 1000 0047 0100     		.2byte	0x1
 1001 0049 50       		.byte	0x50
 1002 004a 00000000 		.4byte	0
 1003 004e 00000000 		.4byte	0
 1004              		.section	.debug_aranges,"",%progbits
 1005 0000 1C000000 		.4byte	0x1c
 1006 0004 0200     		.2byte	0x2
 1007 0006 00000000 		.4byte	.Ldebug_info0
 1008 000a 04       		.byte	0x4
 1009 000b 00       		.byte	0
 1010 000c 0000     		.2byte	0
 1011 000e 0000     		.2byte	0
 1012 0010 00000000 		.4byte	.LFB63
 1013 0014 D4000000 		.4byte	.LFE63-.LFB63
 1014 0018 00000000 		.4byte	0
 1015 001c 00000000 		.4byte	0
 1016              		.section	.debug_ranges,"",%progbits
 1017              	.Ldebug_ranges0:
 1018 0000 00000000 		.4byte	.LFB63
 1019 0004 D4000000 		.4byte	.LFE63
 1020 0008 00000000 		.4byte	0
 1021 000c 00000000 		.4byte	0
 1022              		.section	.debug_line,"",%progbits
 1023              	.Ldebug_line0:
 1024 0000 E0010000 		.section	.debug_str,"MS",%progbits,1
 1024      0200B001 
 1024      00000201 
 1024      FB0E0D00 
 1024      01010101 
 1025              	.LASF35:
 1026 0000 433A5C55 		.ascii	"C:\\Users\\addis\\Documents\\PSoC Creator\\Workspac"
 1026      73657273 
 1026      5C616464 
 1026      69735C44 
 1026      6F63756D 
 1027 002e 6530325C 		.ascii	"e02\\PS2Keyboard.cydsn\000"
 1027      5053324B 
 1027      6579626F 
 1027      6172642E 
 1027      63796473 
 1028              	.LASF9:
 1029 0044 5F5F696E 		.ascii	"__int32_t\000"
 1029      7433325F 
 1029      7400
 1030              	.LASF14:
 1031 004e 646F7562 		.ascii	"double\000"
 1031      6C6500
 1032              	.LASF19:
 1033 0055 62797465 		.ascii	"byte\000"
 1033      00
 1034              	.LASF18:
 1035 005a 73746174 		.ascii	"status\000"
 1035      757300
ARM GAS  C:\Users\addis\AppData\Local\Temp\ccrKjclg.s 			page 21


 1036              	.LASF22:
 1037 0061 5053325F 		.ascii	"PS2_Start\000"
 1037      53746172 
 1037      7400
 1038              	.LASF34:
 1039 006b 2E5C6D61 		.ascii	".\\main.c\000"
 1039      696E2E63 
 1039      00
 1040              	.LASF13:
 1041 0074 666C6F61 		.ascii	"float\000"
 1041      7400
 1042              	.LASF31:
 1043 007a 69746F61 		.ascii	"itoa\000"
 1043      00
 1044              	.LASF1:
 1045 007f 756E7369 		.ascii	"unsigned char\000"
 1045      676E6564 
 1045      20636861 
 1045      7200
 1046              	.LASF15:
 1047 008d 63686172 		.ascii	"char8\000"
 1047      3800
 1048              	.LASF28:
 1049 0093 5053325F 		.ascii	"PS2_controlReg_Write\000"
 1049      636F6E74 
 1049      726F6C52 
 1049      65675F57 
 1049      72697465 
 1050              	.LASF3:
 1051 00a8 73686F72 		.ascii	"short unsigned int\000"
 1051      7420756E 
 1051      7369676E 
 1051      65642069 
 1051      6E7400
 1052              	.LASF21:
 1053 00bb 55415254 		.ascii	"UART_Start\000"
 1053      5F537461 
 1053      727400
 1054              	.LASF38:
 1055 00c6 49544D5F 		.ascii	"ITM_RxBuffer\000"
 1055      52784275 
 1055      66666572 
 1055      00
 1056              	.LASF5:
 1057 00d3 6C6F6E67 		.ascii	"long unsigned int\000"
 1057      20756E73 
 1057      69676E65 
 1057      6420696E 
 1057      7400
 1058              	.LASF25:
 1059 00e5 5053325F 		.ascii	"PS2_DetectDevice\000"
 1059      44657465 
 1059      63744465 
 1059      76696365 
 1059      00
 1060              	.LASF36:
 1061 00f6 6D61696E 		.ascii	"main\000"
ARM GAS  C:\Users\addis\AppData\Local\Temp\ccrKjclg.s 			page 22


 1061      00
 1062              	.LASF12:
 1063 00fb 75696E74 		.ascii	"uint32\000"
 1063      333200
 1064              	.LASF33:
 1065 0102 474E5520 		.ascii	"GNU C 4.9.3 20150303 (release) [ARM/embedded-4_9-br"
 1065      4320342E 
 1065      392E3320 
 1065      32303135 
 1065      30333033 
 1066 0135 616E6368 		.ascii	"anch revision 221220] -mcpu=cortex-m3 -mthumb -g -O"
 1066      20726576 
 1066      6973696F 
 1066      6E203232 
 1066      31323230 
 1067 0168 67202D66 		.ascii	"g -ffunction-sections -ffat-lto-objects\000"
 1067      66756E63 
 1067      74696F6E 
 1067      2D736563 
 1067      74696F6E 
 1068              	.LASF20:
 1069 0190 74657374 		.ascii	"test\000"
 1069      00
 1070              	.LASF8:
 1071 0195 756E7369 		.ascii	"unsigned int\000"
 1071      676E6564 
 1071      20696E74 
 1071      00
 1072              	.LASF7:
 1073 01a2 6C6F6E67 		.ascii	"long long unsigned int\000"
 1073      206C6F6E 
 1073      6720756E 
 1073      7369676E 
 1073      65642069 
 1074              	.LASF27:
 1075 01b9 5053325F 		.ascii	"PS2_controlReg_Read\000"
 1075      636F6E74 
 1075      726F6C52 
 1075      65675F52 
 1075      65616400 
 1076              	.LASF29:
 1077 01cd 5053325F 		.ascii	"PS2_cReadByte\000"
 1077      63526561 
 1077      64427974 
 1077      6500
 1078              	.LASF10:
 1079 01db 696E7433 		.ascii	"int32_t\000"
 1079      325F7400 
 1080              	.LASF17:
 1081 01e3 73697A65 		.ascii	"sizetype\000"
 1081      74797065 
 1081      00
 1082              	.LASF30:
 1083 01ec 5053325F 		.ascii	"PS2_WriteByte\000"
 1083      57726974 
 1083      65427974 
 1083      6500
ARM GAS  C:\Users\addis\AppData\Local\Temp\ccrKjclg.s 			page 23


 1084              	.LASF6:
 1085 01fa 6C6F6E67 		.ascii	"long long int\000"
 1085      206C6F6E 
 1085      6720696E 
 1085      7400
 1086              	.LASF16:
 1087 0208 63686172 		.ascii	"char\000"
 1087      00
 1088              	.LASF2:
 1089 020d 73686F72 		.ascii	"short int\000"
 1089      7420696E 
 1089      7400
 1090              	.LASF11:
 1091 0217 75696E74 		.ascii	"uint8\000"
 1091      3800
 1092              	.LASF4:
 1093 021d 6C6F6E67 		.ascii	"long int\000"
 1093      20696E74 
 1093      00
 1094              	.LASF32:
 1095 0226 5053325F 		.ascii	"PS2_stateReg_Read\000"
 1095      73746174 
 1095      65526567 
 1095      5F526561 
 1095      6400
 1096              	.LASF26:
 1097 0238 5053325F 		.ascii	"PS2_statusReg_Read\000"
 1097      73746174 
 1097      75735265 
 1097      675F5265 
 1097      616400
 1098              	.LASF37:
 1099 024b 636F6E74 		.ascii	"cont\000"
 1099      00
 1100              	.LASF0:
 1101 0250 7369676E 		.ascii	"signed char\000"
 1101      65642063 
 1101      68617200 
 1102              	.LASF23:
 1103 025c 55415254 		.ascii	"UART_PutString\000"
 1103      5F507574 
 1103      53747269 
 1103      6E6700
 1104              	.LASF24:
 1105 026b 43794465 		.ascii	"CyDelay\000"
 1105      6C617900 
 1106              		.ident	"GCC: (GNU Tools for ARM Embedded Processors) 4.9.3 20150303 (release) [ARM/embedded-4_9-br
