ARM GAS  C:\Users\addis\AppData\Local\Temp\ccwkH6Zx.s 			page 1


   1              		.syntax unified
   2              		.cpu cortex-m3
   3              		.fpu softvfp
   4              		.eabi_attribute 20, 1
   5              		.eabi_attribute 21, 1
   6              		.eabi_attribute 23, 3
   7              		.eabi_attribute 24, 1
   8              		.eabi_attribute 25, 1
   9              		.eabi_attribute 26, 1
  10              		.eabi_attribute 30, 1
  11              		.eabi_attribute 34, 1
  12              		.eabi_attribute 18, 4
  13              		.thumb
  14              		.file	"PS2_1_Counter_PM.c"
  15              		.text
  16              	.Ltext0:
  17              		.cfi_sections	.debug_frame
  18              		.section	.text.PS2_1_Counter_SaveConfig,"ax",%progbits
  19              		.align	2
  20              		.global	PS2_1_Counter_SaveConfig
  21              		.thumb
  22              		.thumb_func
  23              		.type	PS2_1_Counter_SaveConfig, %function
  24              	PS2_1_Counter_SaveConfig:
  25              	.LFB0:
  26              		.file 1 ".\\Generated_Source\\PSoC5\\PS2_1_Counter_PM.c"
   1:.\Generated_Source\PSoC5/PS2_1_Counter_PM.c **** /*******************************************************************************
   2:.\Generated_Source\PSoC5/PS2_1_Counter_PM.c **** * File Name: PS2_1_Counter_PM.c  
   3:.\Generated_Source\PSoC5/PS2_1_Counter_PM.c **** * Version 3.0
   4:.\Generated_Source\PSoC5/PS2_1_Counter_PM.c **** *
   5:.\Generated_Source\PSoC5/PS2_1_Counter_PM.c **** *  Description:
   6:.\Generated_Source\PSoC5/PS2_1_Counter_PM.c **** *    This file provides the power management source code to API for the
   7:.\Generated_Source\PSoC5/PS2_1_Counter_PM.c **** *    Counter.  
   8:.\Generated_Source\PSoC5/PS2_1_Counter_PM.c **** *
   9:.\Generated_Source\PSoC5/PS2_1_Counter_PM.c **** *   Note:
  10:.\Generated_Source\PSoC5/PS2_1_Counter_PM.c **** *     None
  11:.\Generated_Source\PSoC5/PS2_1_Counter_PM.c **** *
  12:.\Generated_Source\PSoC5/PS2_1_Counter_PM.c **** ********************************************************************************
  13:.\Generated_Source\PSoC5/PS2_1_Counter_PM.c **** * Copyright 2008-2012, Cypress Semiconductor Corporation.  All rights reserved.
  14:.\Generated_Source\PSoC5/PS2_1_Counter_PM.c **** * You may use this file only in accordance with the license, terms, conditions, 
  15:.\Generated_Source\PSoC5/PS2_1_Counter_PM.c **** * disclaimers, and limitations in the end user license agreement accompanying 
  16:.\Generated_Source\PSoC5/PS2_1_Counter_PM.c **** * the software package with which this file was provided.
  17:.\Generated_Source\PSoC5/PS2_1_Counter_PM.c **** *******************************************************************************/
  18:.\Generated_Source\PSoC5/PS2_1_Counter_PM.c **** 
  19:.\Generated_Source\PSoC5/PS2_1_Counter_PM.c **** #include "PS2_1_Counter.h"
  20:.\Generated_Source\PSoC5/PS2_1_Counter_PM.c **** 
  21:.\Generated_Source\PSoC5/PS2_1_Counter_PM.c **** static PS2_1_Counter_backupStruct PS2_1_Counter_backup;
  22:.\Generated_Source\PSoC5/PS2_1_Counter_PM.c **** 
  23:.\Generated_Source\PSoC5/PS2_1_Counter_PM.c **** 
  24:.\Generated_Source\PSoC5/PS2_1_Counter_PM.c **** /*******************************************************************************
  25:.\Generated_Source\PSoC5/PS2_1_Counter_PM.c **** * Function Name: PS2_1_Counter_SaveConfig
  26:.\Generated_Source\PSoC5/PS2_1_Counter_PM.c **** ********************************************************************************
  27:.\Generated_Source\PSoC5/PS2_1_Counter_PM.c **** * Summary:
  28:.\Generated_Source\PSoC5/PS2_1_Counter_PM.c **** *     Save the current user configuration
  29:.\Generated_Source\PSoC5/PS2_1_Counter_PM.c **** *
  30:.\Generated_Source\PSoC5/PS2_1_Counter_PM.c **** * Parameters:  
  31:.\Generated_Source\PSoC5/PS2_1_Counter_PM.c **** *  void
ARM GAS  C:\Users\addis\AppData\Local\Temp\ccwkH6Zx.s 			page 2


  32:.\Generated_Source\PSoC5/PS2_1_Counter_PM.c **** *
  33:.\Generated_Source\PSoC5/PS2_1_Counter_PM.c **** * Return: 
  34:.\Generated_Source\PSoC5/PS2_1_Counter_PM.c **** *  void
  35:.\Generated_Source\PSoC5/PS2_1_Counter_PM.c **** *
  36:.\Generated_Source\PSoC5/PS2_1_Counter_PM.c **** * Global variables:
  37:.\Generated_Source\PSoC5/PS2_1_Counter_PM.c **** *  PS2_1_Counter_backup:  Variables of this global structure are modified to 
  38:.\Generated_Source\PSoC5/PS2_1_Counter_PM.c **** *  store the values of non retention configuration registers when Sleep() API is 
  39:.\Generated_Source\PSoC5/PS2_1_Counter_PM.c **** *  called.
  40:.\Generated_Source\PSoC5/PS2_1_Counter_PM.c **** *
  41:.\Generated_Source\PSoC5/PS2_1_Counter_PM.c **** *******************************************************************************/
  42:.\Generated_Source\PSoC5/PS2_1_Counter_PM.c **** void PS2_1_Counter_SaveConfig(void) 
  43:.\Generated_Source\PSoC5/PS2_1_Counter_PM.c **** {
  27              		.loc 1 43 0
  28              		.cfi_startproc
  29              		@ args = 0, pretend = 0, frame = 0
  30              		@ frame_needed = 0, uses_anonymous_args = 0
  31              		@ link register save eliminated.
  32 0000 7047     		bx	lr
  33              		.cfi_endproc
  34              	.LFE0:
  35              		.size	PS2_1_Counter_SaveConfig, .-PS2_1_Counter_SaveConfig
  36 0002 00BF     		.section	.text.PS2_1_Counter_RestoreConfig,"ax",%progbits
  37              		.align	2
  38              		.global	PS2_1_Counter_RestoreConfig
  39              		.thumb
  40              		.thumb_func
  41              		.type	PS2_1_Counter_RestoreConfig, %function
  42              	PS2_1_Counter_RestoreConfig:
  43              	.LFB1:
  44:.\Generated_Source\PSoC5/PS2_1_Counter_PM.c ****     #if (!PS2_1_Counter_UsingFixedFunction)
  45:.\Generated_Source\PSoC5/PS2_1_Counter_PM.c **** 
  46:.\Generated_Source\PSoC5/PS2_1_Counter_PM.c ****         PS2_1_Counter_backup.CounterUdb = PS2_1_Counter_ReadCounter();
  47:.\Generated_Source\PSoC5/PS2_1_Counter_PM.c **** 
  48:.\Generated_Source\PSoC5/PS2_1_Counter_PM.c ****         #if(!PS2_1_Counter_ControlRegRemoved)
  49:.\Generated_Source\PSoC5/PS2_1_Counter_PM.c ****             PS2_1_Counter_backup.CounterControlRegister = PS2_1_Counter_ReadControlRegister();
  50:.\Generated_Source\PSoC5/PS2_1_Counter_PM.c ****         #endif /* (!PS2_1_Counter_ControlRegRemoved) */
  51:.\Generated_Source\PSoC5/PS2_1_Counter_PM.c **** 
  52:.\Generated_Source\PSoC5/PS2_1_Counter_PM.c ****     #endif /* (!PS2_1_Counter_UsingFixedFunction) */
  53:.\Generated_Source\PSoC5/PS2_1_Counter_PM.c **** }
  54:.\Generated_Source\PSoC5/PS2_1_Counter_PM.c **** 
  55:.\Generated_Source\PSoC5/PS2_1_Counter_PM.c **** 
  56:.\Generated_Source\PSoC5/PS2_1_Counter_PM.c **** /*******************************************************************************
  57:.\Generated_Source\PSoC5/PS2_1_Counter_PM.c **** * Function Name: PS2_1_Counter_RestoreConfig
  58:.\Generated_Source\PSoC5/PS2_1_Counter_PM.c **** ********************************************************************************
  59:.\Generated_Source\PSoC5/PS2_1_Counter_PM.c **** *
  60:.\Generated_Source\PSoC5/PS2_1_Counter_PM.c **** * Summary:
  61:.\Generated_Source\PSoC5/PS2_1_Counter_PM.c **** *  Restores the current user configuration.
  62:.\Generated_Source\PSoC5/PS2_1_Counter_PM.c **** *
  63:.\Generated_Source\PSoC5/PS2_1_Counter_PM.c **** * Parameters:  
  64:.\Generated_Source\PSoC5/PS2_1_Counter_PM.c **** *  void
  65:.\Generated_Source\PSoC5/PS2_1_Counter_PM.c **** *
  66:.\Generated_Source\PSoC5/PS2_1_Counter_PM.c **** * Return: 
  67:.\Generated_Source\PSoC5/PS2_1_Counter_PM.c **** *  void
  68:.\Generated_Source\PSoC5/PS2_1_Counter_PM.c **** *
  69:.\Generated_Source\PSoC5/PS2_1_Counter_PM.c **** * Global variables:
  70:.\Generated_Source\PSoC5/PS2_1_Counter_PM.c **** *  PS2_1_Counter_backup:  Variables of this global structure are used to 
  71:.\Generated_Source\PSoC5/PS2_1_Counter_PM.c **** *  restore the values of non retention registers on wakeup from sleep mode.
ARM GAS  C:\Users\addis\AppData\Local\Temp\ccwkH6Zx.s 			page 3


  72:.\Generated_Source\PSoC5/PS2_1_Counter_PM.c **** *
  73:.\Generated_Source\PSoC5/PS2_1_Counter_PM.c **** *******************************************************************************/
  74:.\Generated_Source\PSoC5/PS2_1_Counter_PM.c **** void PS2_1_Counter_RestoreConfig(void) 
  75:.\Generated_Source\PSoC5/PS2_1_Counter_PM.c **** {      
  44              		.loc 1 75 0
  45              		.cfi_startproc
  46              		@ args = 0, pretend = 0, frame = 0
  47              		@ frame_needed = 0, uses_anonymous_args = 0
  48              		@ link register save eliminated.
  49 0000 7047     		bx	lr
  50              		.cfi_endproc
  51              	.LFE1:
  52              		.size	PS2_1_Counter_RestoreConfig, .-PS2_1_Counter_RestoreConfig
  53 0002 00BF     		.section	.text.PS2_1_Counter_Sleep,"ax",%progbits
  54              		.align	2
  55              		.global	PS2_1_Counter_Sleep
  56              		.thumb
  57              		.thumb_func
  58              		.type	PS2_1_Counter_Sleep, %function
  59              	PS2_1_Counter_Sleep:
  60              	.LFB2:
  76:.\Generated_Source\PSoC5/PS2_1_Counter_PM.c ****     #if (!PS2_1_Counter_UsingFixedFunction)
  77:.\Generated_Source\PSoC5/PS2_1_Counter_PM.c **** 
  78:.\Generated_Source\PSoC5/PS2_1_Counter_PM.c ****        PS2_1_Counter_WriteCounter(PS2_1_Counter_backup.CounterUdb);
  79:.\Generated_Source\PSoC5/PS2_1_Counter_PM.c **** 
  80:.\Generated_Source\PSoC5/PS2_1_Counter_PM.c ****         #if(!PS2_1_Counter_ControlRegRemoved)
  81:.\Generated_Source\PSoC5/PS2_1_Counter_PM.c ****             PS2_1_Counter_WriteControlRegister(PS2_1_Counter_backup.CounterControlRegister);
  82:.\Generated_Source\PSoC5/PS2_1_Counter_PM.c ****         #endif /* (!PS2_1_Counter_ControlRegRemoved) */
  83:.\Generated_Source\PSoC5/PS2_1_Counter_PM.c **** 
  84:.\Generated_Source\PSoC5/PS2_1_Counter_PM.c ****     #endif /* (!PS2_1_Counter_UsingFixedFunction) */
  85:.\Generated_Source\PSoC5/PS2_1_Counter_PM.c **** }
  86:.\Generated_Source\PSoC5/PS2_1_Counter_PM.c **** 
  87:.\Generated_Source\PSoC5/PS2_1_Counter_PM.c **** 
  88:.\Generated_Source\PSoC5/PS2_1_Counter_PM.c **** /*******************************************************************************
  89:.\Generated_Source\PSoC5/PS2_1_Counter_PM.c **** * Function Name: PS2_1_Counter_Sleep
  90:.\Generated_Source\PSoC5/PS2_1_Counter_PM.c **** ********************************************************************************
  91:.\Generated_Source\PSoC5/PS2_1_Counter_PM.c **** * Summary:
  92:.\Generated_Source\PSoC5/PS2_1_Counter_PM.c **** *     Stop and Save the user configuration
  93:.\Generated_Source\PSoC5/PS2_1_Counter_PM.c **** *
  94:.\Generated_Source\PSoC5/PS2_1_Counter_PM.c **** * Parameters:  
  95:.\Generated_Source\PSoC5/PS2_1_Counter_PM.c **** *  void
  96:.\Generated_Source\PSoC5/PS2_1_Counter_PM.c **** *
  97:.\Generated_Source\PSoC5/PS2_1_Counter_PM.c **** * Return: 
  98:.\Generated_Source\PSoC5/PS2_1_Counter_PM.c **** *  void
  99:.\Generated_Source\PSoC5/PS2_1_Counter_PM.c **** *
 100:.\Generated_Source\PSoC5/PS2_1_Counter_PM.c **** * Global variables:
 101:.\Generated_Source\PSoC5/PS2_1_Counter_PM.c **** *  PS2_1_Counter_backup.enableState:  Is modified depending on the enable 
 102:.\Generated_Source\PSoC5/PS2_1_Counter_PM.c **** *  state of the block before entering sleep mode.
 103:.\Generated_Source\PSoC5/PS2_1_Counter_PM.c **** *
 104:.\Generated_Source\PSoC5/PS2_1_Counter_PM.c **** *******************************************************************************/
 105:.\Generated_Source\PSoC5/PS2_1_Counter_PM.c **** void PS2_1_Counter_Sleep(void) 
 106:.\Generated_Source\PSoC5/PS2_1_Counter_PM.c **** {
  61              		.loc 1 106 0
  62              		.cfi_startproc
  63              		@ args = 0, pretend = 0, frame = 0
  64              		@ frame_needed = 0, uses_anonymous_args = 0
  65              		.loc 1 106 0
ARM GAS  C:\Users\addis\AppData\Local\Temp\ccwkH6Zx.s 			page 4


  66 0000 08B5     		push	{r3, lr}
  67              		.cfi_def_cfa_offset 8
  68              		.cfi_offset 3, -8
  69              		.cfi_offset 14, -4
 107:.\Generated_Source\PSoC5/PS2_1_Counter_PM.c ****     #if(!PS2_1_Counter_ControlRegRemoved)
 108:.\Generated_Source\PSoC5/PS2_1_Counter_PM.c ****         /* Save Counter's enable state */
 109:.\Generated_Source\PSoC5/PS2_1_Counter_PM.c ****         if(PS2_1_Counter_CTRL_ENABLE == (PS2_1_Counter_CONTROL & PS2_1_Counter_CTRL_ENABLE))
  70              		.loc 1 109 0
  71 0002 074B     		ldr	r3, .L7
  72 0004 1B78     		ldrb	r3, [r3]	@ zero_extendqisi2
  73 0006 13F0010F 		tst	r3, #1
  74 000a 03D0     		beq	.L4
 110:.\Generated_Source\PSoC5/PS2_1_Counter_PM.c ****         {
 111:.\Generated_Source\PSoC5/PS2_1_Counter_PM.c ****             /* Counter is enabled */
 112:.\Generated_Source\PSoC5/PS2_1_Counter_PM.c ****             PS2_1_Counter_backup.CounterEnableState = 1u;
  75              		.loc 1 112 0
  76 000c 0122     		movs	r2, #1
  77 000e 054B     		ldr	r3, .L7+4
  78 0010 1A70     		strb	r2, [r3]
  79 0012 02E0     		b	.L5
  80              	.L4:
 113:.\Generated_Source\PSoC5/PS2_1_Counter_PM.c ****         }
 114:.\Generated_Source\PSoC5/PS2_1_Counter_PM.c ****         else
 115:.\Generated_Source\PSoC5/PS2_1_Counter_PM.c ****         {
 116:.\Generated_Source\PSoC5/PS2_1_Counter_PM.c ****             /* Counter is disabled */
 117:.\Generated_Source\PSoC5/PS2_1_Counter_PM.c ****             PS2_1_Counter_backup.CounterEnableState = 0u;
  81              		.loc 1 117 0
  82 0014 0022     		movs	r2, #0
  83 0016 034B     		ldr	r3, .L7+4
  84 0018 1A70     		strb	r2, [r3]
  85              	.L5:
 118:.\Generated_Source\PSoC5/PS2_1_Counter_PM.c ****         }
 119:.\Generated_Source\PSoC5/PS2_1_Counter_PM.c ****     #else
 120:.\Generated_Source\PSoC5/PS2_1_Counter_PM.c ****         PS2_1_Counter_backup.CounterEnableState = 1u;
 121:.\Generated_Source\PSoC5/PS2_1_Counter_PM.c ****         if(PS2_1_Counter_backup.CounterEnableState != 0u)
 122:.\Generated_Source\PSoC5/PS2_1_Counter_PM.c ****         {
 123:.\Generated_Source\PSoC5/PS2_1_Counter_PM.c ****             PS2_1_Counter_backup.CounterEnableState = 0u;
 124:.\Generated_Source\PSoC5/PS2_1_Counter_PM.c ****         }
 125:.\Generated_Source\PSoC5/PS2_1_Counter_PM.c ****     #endif /* (!PS2_1_Counter_ControlRegRemoved) */
 126:.\Generated_Source\PSoC5/PS2_1_Counter_PM.c ****     
 127:.\Generated_Source\PSoC5/PS2_1_Counter_PM.c ****     PS2_1_Counter_Stop();
  86              		.loc 1 127 0
  87 001a FFF7FEFF 		bl	PS2_1_Counter_Stop
  88              	.LVL0:
  89 001e 08BD     		pop	{r3, pc}
  90              	.L8:
  91              		.align	2
  92              	.L7:
  93 0020 004F0040 		.word	1073762048
  94 0024 00000000 		.word	.LANCHOR0
  95              		.cfi_endproc
  96              	.LFE2:
  97              		.size	PS2_1_Counter_Sleep, .-PS2_1_Counter_Sleep
  98              		.section	.text.PS2_1_Counter_Wakeup,"ax",%progbits
  99              		.align	2
 100              		.global	PS2_1_Counter_Wakeup
 101              		.thumb
ARM GAS  C:\Users\addis\AppData\Local\Temp\ccwkH6Zx.s 			page 5


 102              		.thumb_func
 103              		.type	PS2_1_Counter_Wakeup, %function
 104              	PS2_1_Counter_Wakeup:
 105              	.LFB3:
 128:.\Generated_Source\PSoC5/PS2_1_Counter_PM.c ****     PS2_1_Counter_SaveConfig();
 129:.\Generated_Source\PSoC5/PS2_1_Counter_PM.c **** }
 130:.\Generated_Source\PSoC5/PS2_1_Counter_PM.c **** 
 131:.\Generated_Source\PSoC5/PS2_1_Counter_PM.c **** 
 132:.\Generated_Source\PSoC5/PS2_1_Counter_PM.c **** /*******************************************************************************
 133:.\Generated_Source\PSoC5/PS2_1_Counter_PM.c **** * Function Name: PS2_1_Counter_Wakeup
 134:.\Generated_Source\PSoC5/PS2_1_Counter_PM.c **** ********************************************************************************
 135:.\Generated_Source\PSoC5/PS2_1_Counter_PM.c **** *
 136:.\Generated_Source\PSoC5/PS2_1_Counter_PM.c **** * Summary:
 137:.\Generated_Source\PSoC5/PS2_1_Counter_PM.c **** *  Restores and enables the user configuration
 138:.\Generated_Source\PSoC5/PS2_1_Counter_PM.c **** *  
 139:.\Generated_Source\PSoC5/PS2_1_Counter_PM.c **** * Parameters:  
 140:.\Generated_Source\PSoC5/PS2_1_Counter_PM.c **** *  void
 141:.\Generated_Source\PSoC5/PS2_1_Counter_PM.c **** *
 142:.\Generated_Source\PSoC5/PS2_1_Counter_PM.c **** * Return: 
 143:.\Generated_Source\PSoC5/PS2_1_Counter_PM.c **** *  void
 144:.\Generated_Source\PSoC5/PS2_1_Counter_PM.c **** *
 145:.\Generated_Source\PSoC5/PS2_1_Counter_PM.c **** * Global variables:
 146:.\Generated_Source\PSoC5/PS2_1_Counter_PM.c **** *  PS2_1_Counter_backup.enableState:  Is used to restore the enable state of 
 147:.\Generated_Source\PSoC5/PS2_1_Counter_PM.c **** *  block on wakeup from sleep mode.
 148:.\Generated_Source\PSoC5/PS2_1_Counter_PM.c **** *
 149:.\Generated_Source\PSoC5/PS2_1_Counter_PM.c **** *******************************************************************************/
 150:.\Generated_Source\PSoC5/PS2_1_Counter_PM.c **** void PS2_1_Counter_Wakeup(void) 
 151:.\Generated_Source\PSoC5/PS2_1_Counter_PM.c **** {
 106              		.loc 1 151 0
 107              		.cfi_startproc
 108              		@ args = 0, pretend = 0, frame = 0
 109              		@ frame_needed = 0, uses_anonymous_args = 0
 110 0000 08B5     		push	{r3, lr}
 111              		.cfi_def_cfa_offset 8
 112              		.cfi_offset 3, -8
 113              		.cfi_offset 14, -4
 152:.\Generated_Source\PSoC5/PS2_1_Counter_PM.c ****     PS2_1_Counter_RestoreConfig();
 153:.\Generated_Source\PSoC5/PS2_1_Counter_PM.c ****     #if(!PS2_1_Counter_ControlRegRemoved)
 154:.\Generated_Source\PSoC5/PS2_1_Counter_PM.c ****         if(PS2_1_Counter_backup.CounterEnableState == 1u)
 114              		.loc 1 154 0
 115 0002 034B     		ldr	r3, .L12
 116 0004 1B78     		ldrb	r3, [r3]	@ zero_extendqisi2
 117 0006 012B     		cmp	r3, #1
 118 0008 01D1     		bne	.L9
 155:.\Generated_Source\PSoC5/PS2_1_Counter_PM.c ****         {
 156:.\Generated_Source\PSoC5/PS2_1_Counter_PM.c ****             /* Enable Counter's operation */
 157:.\Generated_Source\PSoC5/PS2_1_Counter_PM.c ****             PS2_1_Counter_Enable();
 119              		.loc 1 157 0
 120 000a FFF7FEFF 		bl	PS2_1_Counter_Enable
 121              	.LVL1:
 122              	.L9:
 123 000e 08BD     		pop	{r3, pc}
 124              	.L13:
 125              		.align	2
 126              	.L12:
 127 0010 00000000 		.word	.LANCHOR0
 128              		.cfi_endproc
ARM GAS  C:\Users\addis\AppData\Local\Temp\ccwkH6Zx.s 			page 6


 129              	.LFE3:
 130              		.size	PS2_1_Counter_Wakeup, .-PS2_1_Counter_Wakeup
 131              		.bss
 132              		.align	2
 133              		.set	.LANCHOR0,. + 0
 134              		.type	PS2_1_Counter_backup, %object
 135              		.size	PS2_1_Counter_backup, 3
 136              	PS2_1_Counter_backup:
 137 0000 000000   		.space	3
 138 0003 00       		.text
 139              	.Letext0:
 140              		.file 2 ".\\Generated_Source\\PSoC5\\cytypes.h"
 141              		.file 3 ".\\Generated_Source\\PSoC5\\PS2_1_Counter.h"
 142              		.section	.debug_info,"",%progbits
 143              	.Ldebug_info0:
 144 0000 58010000 		.4byte	0x158
 145 0004 0400     		.2byte	0x4
 146 0006 00000000 		.4byte	.Ldebug_abbrev0
 147 000a 04       		.byte	0x4
 148 000b 01       		.uleb128 0x1
 149 000c AC000000 		.4byte	.LASF25
 150 0010 01       		.byte	0x1
 151 0011 C8010000 		.4byte	.LASF26
 152 0015 3A010000 		.4byte	.LASF27
 153 0019 00000000 		.4byte	.Ldebug_ranges0+0
 154 001d 00000000 		.4byte	0
 155 0021 00000000 		.4byte	.Ldebug_line0
 156 0025 02       		.uleb128 0x2
 157 0026 01       		.byte	0x1
 158 0027 06       		.byte	0x6
 159 0028 25020000 		.4byte	.LASF0
 160 002c 02       		.uleb128 0x2
 161 002d 01       		.byte	0x1
 162 002e 08       		.byte	0x8
 163 002f 7E010000 		.4byte	.LASF1
 164 0033 02       		.uleb128 0x2
 165 0034 02       		.byte	0x2
 166 0035 05       		.byte	0x5
 167 0036 70020000 		.4byte	.LASF2
 168 003a 02       		.uleb128 0x2
 169 003b 02       		.byte	0x2
 170 003c 07       		.byte	0x7
 171 003d 0E000000 		.4byte	.LASF3
 172 0041 02       		.uleb128 0x2
 173 0042 04       		.byte	0x4
 174 0043 05       		.byte	0x5
 175 0044 91010000 		.4byte	.LASF4
 176 0048 02       		.uleb128 0x2
 177 0049 04       		.byte	0x4
 178 004a 07       		.byte	0x7
 179 004b 68000000 		.4byte	.LASF5
 180 004f 02       		.uleb128 0x2
 181 0050 08       		.byte	0x8
 182 0051 05       		.byte	0x5
 183 0052 00000000 		.4byte	.LASF6
 184 0056 02       		.uleb128 0x2
 185 0057 08       		.byte	0x8
ARM GAS  C:\Users\addis\AppData\Local\Temp\ccwkH6Zx.s 			page 7


 186 0058 07       		.byte	0x7
 187 0059 7A000000 		.4byte	.LASF7
 188 005d 03       		.uleb128 0x3
 189 005e 04       		.byte	0x4
 190 005f 05       		.byte	0x5
 191 0060 696E7400 		.ascii	"int\000"
 192 0064 02       		.uleb128 0x2
 193 0065 04       		.byte	0x4
 194 0066 07       		.byte	0x7
 195 0067 21000000 		.4byte	.LASF8
 196 006b 04       		.uleb128 0x4
 197 006c 2E000000 		.4byte	.LASF12
 198 0070 02       		.byte	0x2
 199 0071 3801     		.2byte	0x138
 200 0073 2C000000 		.4byte	0x2c
 201 0077 02       		.uleb128 0x2
 202 0078 04       		.byte	0x4
 203 0079 04       		.byte	0x4
 204 007a 91000000 		.4byte	.LASF9
 205 007e 02       		.uleb128 0x2
 206 007f 08       		.byte	0x8
 207 0080 04       		.byte	0x4
 208 0081 C1010000 		.4byte	.LASF10
 209 0085 02       		.uleb128 0x2
 210 0086 01       		.byte	0x1
 211 0087 08       		.byte	0x8
 212 0088 8C010000 		.4byte	.LASF11
 213 008c 04       		.uleb128 0x4
 214 008d 7A020000 		.4byte	.LASF13
 215 0091 02       		.byte	0x2
 216 0092 E201     		.2byte	0x1e2
 217 0094 98000000 		.4byte	0x98
 218 0098 05       		.uleb128 0x5
 219 0099 6B000000 		.4byte	0x6b
 220 009d 02       		.uleb128 0x2
 221 009e 04       		.byte	0x4
 222 009f 07       		.byte	0x7
 223 00a0 8A020000 		.4byte	.LASF14
 224 00a4 06       		.uleb128 0x6
 225 00a5 03       		.byte	0x3
 226 00a6 03       		.byte	0x3
 227 00a7 40       		.byte	0x40
 228 00a8 D1000000 		.4byte	0xd1
 229 00ac 07       		.uleb128 0x7
 230 00ad AE010000 		.4byte	.LASF15
 231 00b1 03       		.byte	0x3
 232 00b2 42       		.byte	0x42
 233 00b3 6B000000 		.4byte	0x6b
 234 00b7 00       		.byte	0
 235 00b8 07       		.uleb128 0x7
 236 00b9 7F020000 		.4byte	.LASF16
 237 00bd 03       		.byte	0x3
 238 00be 43       		.byte	0x43
 239 00bf 6B000000 		.4byte	0x6b
 240 00c3 01       		.byte	0x1
 241 00c4 07       		.uleb128 0x7
 242 00c5 44020000 		.4byte	.LASF17
ARM GAS  C:\Users\addis\AppData\Local\Temp\ccwkH6Zx.s 			page 8


 243 00c9 03       		.byte	0x3
 244 00ca 46       		.byte	0x46
 245 00cb 6B000000 		.4byte	0x6b
 246 00cf 02       		.byte	0x2
 247 00d0 00       		.byte	0
 248 00d1 08       		.uleb128 0x8
 249 00d2 34000000 		.4byte	.LASF18
 250 00d6 03       		.byte	0x3
 251 00d7 49       		.byte	0x49
 252 00d8 A4000000 		.4byte	0xa4
 253 00dc 09       		.uleb128 0x9
 254 00dd 4F000000 		.4byte	.LASF19
 255 00e1 01       		.byte	0x1
 256 00e2 2A       		.byte	0x2a
 257 00e3 00000000 		.4byte	.LFB0
 258 00e7 02000000 		.4byte	.LFE0-.LFB0
 259 00eb 01       		.uleb128 0x1
 260 00ec 9C       		.byte	0x9c
 261 00ed 09       		.uleb128 0x9
 262 00ee 09020000 		.4byte	.LASF20
 263 00f2 01       		.byte	0x1
 264 00f3 4A       		.byte	0x4a
 265 00f4 00000000 		.4byte	.LFB1
 266 00f8 02000000 		.4byte	.LFE1-.LFB1
 267 00fc 01       		.uleb128 0x1
 268 00fd 9C       		.byte	0x9c
 269 00fe 0A       		.uleb128 0xa
 270 00ff 9A010000 		.4byte	.LASF21
 271 0103 01       		.byte	0x1
 272 0104 69       		.byte	0x69
 273 0105 00000000 		.4byte	.LFB2
 274 0109 28000000 		.4byte	.LFE2-.LFB2
 275 010d 01       		.uleb128 0x1
 276 010e 9C       		.byte	0x9c
 277 010f 1D010000 		.4byte	0x11d
 278 0113 0B       		.uleb128 0xb
 279 0114 1E000000 		.4byte	.LVL0
 280 0118 4D010000 		.4byte	0x14d
 281 011c 00       		.byte	0
 282 011d 0A       		.uleb128 0xa
 283 011e 5B020000 		.4byte	.LASF22
 284 0122 01       		.byte	0x1
 285 0123 96       		.byte	0x96
 286 0124 00000000 		.4byte	.LFB3
 287 0128 14000000 		.4byte	.LFE3-.LFB3
 288 012c 01       		.uleb128 0x1
 289 012d 9C       		.byte	0x9c
 290 012e 3C010000 		.4byte	0x13c
 291 0132 0B       		.uleb128 0xb
 292 0133 0E000000 		.4byte	.LVL1
 293 0137 54010000 		.4byte	0x154
 294 013b 00       		.byte	0
 295 013c 0C       		.uleb128 0xc
 296 013d 97000000 		.4byte	.LASF28
 297 0141 01       		.byte	0x1
 298 0142 15       		.byte	0x15
 299 0143 D1000000 		.4byte	0xd1
ARM GAS  C:\Users\addis\AppData\Local\Temp\ccwkH6Zx.s 			page 9


 300 0147 05       		.uleb128 0x5
 301 0148 03       		.byte	0x3
 302 0149 00000000 		.4byte	PS2_1_Counter_backup
 303 014d 0D       		.uleb128 0xd
 304 014e 31020000 		.4byte	.LASF23
 305 0152 03       		.byte	0x3
 306 0153 50       		.byte	0x50
 307 0154 0D       		.uleb128 0xd
 308 0155 F4010000 		.4byte	.LASF24
 309 0159 03       		.byte	0x3
 310 015a 71       		.byte	0x71
 311 015b 00       		.byte	0
 312              		.section	.debug_abbrev,"",%progbits
 313              	.Ldebug_abbrev0:
 314 0000 01       		.uleb128 0x1
 315 0001 11       		.uleb128 0x11
 316 0002 01       		.byte	0x1
 317 0003 25       		.uleb128 0x25
 318 0004 0E       		.uleb128 0xe
 319 0005 13       		.uleb128 0x13
 320 0006 0B       		.uleb128 0xb
 321 0007 03       		.uleb128 0x3
 322 0008 0E       		.uleb128 0xe
 323 0009 1B       		.uleb128 0x1b
 324 000a 0E       		.uleb128 0xe
 325 000b 55       		.uleb128 0x55
 326 000c 17       		.uleb128 0x17
 327 000d 11       		.uleb128 0x11
 328 000e 01       		.uleb128 0x1
 329 000f 10       		.uleb128 0x10
 330 0010 17       		.uleb128 0x17
 331 0011 00       		.byte	0
 332 0012 00       		.byte	0
 333 0013 02       		.uleb128 0x2
 334 0014 24       		.uleb128 0x24
 335 0015 00       		.byte	0
 336 0016 0B       		.uleb128 0xb
 337 0017 0B       		.uleb128 0xb
 338 0018 3E       		.uleb128 0x3e
 339 0019 0B       		.uleb128 0xb
 340 001a 03       		.uleb128 0x3
 341 001b 0E       		.uleb128 0xe
 342 001c 00       		.byte	0
 343 001d 00       		.byte	0
 344 001e 03       		.uleb128 0x3
 345 001f 24       		.uleb128 0x24
 346 0020 00       		.byte	0
 347 0021 0B       		.uleb128 0xb
 348 0022 0B       		.uleb128 0xb
 349 0023 3E       		.uleb128 0x3e
 350 0024 0B       		.uleb128 0xb
 351 0025 03       		.uleb128 0x3
 352 0026 08       		.uleb128 0x8
 353 0027 00       		.byte	0
 354 0028 00       		.byte	0
 355 0029 04       		.uleb128 0x4
 356 002a 16       		.uleb128 0x16
ARM GAS  C:\Users\addis\AppData\Local\Temp\ccwkH6Zx.s 			page 10


 357 002b 00       		.byte	0
 358 002c 03       		.uleb128 0x3
 359 002d 0E       		.uleb128 0xe
 360 002e 3A       		.uleb128 0x3a
 361 002f 0B       		.uleb128 0xb
 362 0030 3B       		.uleb128 0x3b
 363 0031 05       		.uleb128 0x5
 364 0032 49       		.uleb128 0x49
 365 0033 13       		.uleb128 0x13
 366 0034 00       		.byte	0
 367 0035 00       		.byte	0
 368 0036 05       		.uleb128 0x5
 369 0037 35       		.uleb128 0x35
 370 0038 00       		.byte	0
 371 0039 49       		.uleb128 0x49
 372 003a 13       		.uleb128 0x13
 373 003b 00       		.byte	0
 374 003c 00       		.byte	0
 375 003d 06       		.uleb128 0x6
 376 003e 13       		.uleb128 0x13
 377 003f 01       		.byte	0x1
 378 0040 0B       		.uleb128 0xb
 379 0041 0B       		.uleb128 0xb
 380 0042 3A       		.uleb128 0x3a
 381 0043 0B       		.uleb128 0xb
 382 0044 3B       		.uleb128 0x3b
 383 0045 0B       		.uleb128 0xb
 384 0046 01       		.uleb128 0x1
 385 0047 13       		.uleb128 0x13
 386 0048 00       		.byte	0
 387 0049 00       		.byte	0
 388 004a 07       		.uleb128 0x7
 389 004b 0D       		.uleb128 0xd
 390 004c 00       		.byte	0
 391 004d 03       		.uleb128 0x3
 392 004e 0E       		.uleb128 0xe
 393 004f 3A       		.uleb128 0x3a
 394 0050 0B       		.uleb128 0xb
 395 0051 3B       		.uleb128 0x3b
 396 0052 0B       		.uleb128 0xb
 397 0053 49       		.uleb128 0x49
 398 0054 13       		.uleb128 0x13
 399 0055 38       		.uleb128 0x38
 400 0056 0B       		.uleb128 0xb
 401 0057 00       		.byte	0
 402 0058 00       		.byte	0
 403 0059 08       		.uleb128 0x8
 404 005a 16       		.uleb128 0x16
 405 005b 00       		.byte	0
 406 005c 03       		.uleb128 0x3
 407 005d 0E       		.uleb128 0xe
 408 005e 3A       		.uleb128 0x3a
 409 005f 0B       		.uleb128 0xb
 410 0060 3B       		.uleb128 0x3b
 411 0061 0B       		.uleb128 0xb
 412 0062 49       		.uleb128 0x49
 413 0063 13       		.uleb128 0x13
ARM GAS  C:\Users\addis\AppData\Local\Temp\ccwkH6Zx.s 			page 11


 414 0064 00       		.byte	0
 415 0065 00       		.byte	0
 416 0066 09       		.uleb128 0x9
 417 0067 2E       		.uleb128 0x2e
 418 0068 00       		.byte	0
 419 0069 3F       		.uleb128 0x3f
 420 006a 19       		.uleb128 0x19
 421 006b 03       		.uleb128 0x3
 422 006c 0E       		.uleb128 0xe
 423 006d 3A       		.uleb128 0x3a
 424 006e 0B       		.uleb128 0xb
 425 006f 3B       		.uleb128 0x3b
 426 0070 0B       		.uleb128 0xb
 427 0071 27       		.uleb128 0x27
 428 0072 19       		.uleb128 0x19
 429 0073 11       		.uleb128 0x11
 430 0074 01       		.uleb128 0x1
 431 0075 12       		.uleb128 0x12
 432 0076 06       		.uleb128 0x6
 433 0077 40       		.uleb128 0x40
 434 0078 18       		.uleb128 0x18
 435 0079 9742     		.uleb128 0x2117
 436 007b 19       		.uleb128 0x19
 437 007c 00       		.byte	0
 438 007d 00       		.byte	0
 439 007e 0A       		.uleb128 0xa
 440 007f 2E       		.uleb128 0x2e
 441 0080 01       		.byte	0x1
 442 0081 3F       		.uleb128 0x3f
 443 0082 19       		.uleb128 0x19
 444 0083 03       		.uleb128 0x3
 445 0084 0E       		.uleb128 0xe
 446 0085 3A       		.uleb128 0x3a
 447 0086 0B       		.uleb128 0xb
 448 0087 3B       		.uleb128 0x3b
 449 0088 0B       		.uleb128 0xb
 450 0089 27       		.uleb128 0x27
 451 008a 19       		.uleb128 0x19
 452 008b 11       		.uleb128 0x11
 453 008c 01       		.uleb128 0x1
 454 008d 12       		.uleb128 0x12
 455 008e 06       		.uleb128 0x6
 456 008f 40       		.uleb128 0x40
 457 0090 18       		.uleb128 0x18
 458 0091 9742     		.uleb128 0x2117
 459 0093 19       		.uleb128 0x19
 460 0094 01       		.uleb128 0x1
 461 0095 13       		.uleb128 0x13
 462 0096 00       		.byte	0
 463 0097 00       		.byte	0
 464 0098 0B       		.uleb128 0xb
 465 0099 898201   		.uleb128 0x4109
 466 009c 00       		.byte	0
 467 009d 11       		.uleb128 0x11
 468 009e 01       		.uleb128 0x1
 469 009f 31       		.uleb128 0x31
 470 00a0 13       		.uleb128 0x13
ARM GAS  C:\Users\addis\AppData\Local\Temp\ccwkH6Zx.s 			page 12


 471 00a1 00       		.byte	0
 472 00a2 00       		.byte	0
 473 00a3 0C       		.uleb128 0xc
 474 00a4 34       		.uleb128 0x34
 475 00a5 00       		.byte	0
 476 00a6 03       		.uleb128 0x3
 477 00a7 0E       		.uleb128 0xe
 478 00a8 3A       		.uleb128 0x3a
 479 00a9 0B       		.uleb128 0xb
 480 00aa 3B       		.uleb128 0x3b
 481 00ab 0B       		.uleb128 0xb
 482 00ac 49       		.uleb128 0x49
 483 00ad 13       		.uleb128 0x13
 484 00ae 02       		.uleb128 0x2
 485 00af 18       		.uleb128 0x18
 486 00b0 00       		.byte	0
 487 00b1 00       		.byte	0
 488 00b2 0D       		.uleb128 0xd
 489 00b3 2E       		.uleb128 0x2e
 490 00b4 00       		.byte	0
 491 00b5 3F       		.uleb128 0x3f
 492 00b6 19       		.uleb128 0x19
 493 00b7 03       		.uleb128 0x3
 494 00b8 0E       		.uleb128 0xe
 495 00b9 3A       		.uleb128 0x3a
 496 00ba 0B       		.uleb128 0xb
 497 00bb 3B       		.uleb128 0x3b
 498 00bc 0B       		.uleb128 0xb
 499 00bd 27       		.uleb128 0x27
 500 00be 19       		.uleb128 0x19
 501 00bf 3C       		.uleb128 0x3c
 502 00c0 19       		.uleb128 0x19
 503 00c1 00       		.byte	0
 504 00c2 00       		.byte	0
 505 00c3 00       		.byte	0
 506              		.section	.debug_aranges,"",%progbits
 507 0000 34000000 		.4byte	0x34
 508 0004 0200     		.2byte	0x2
 509 0006 00000000 		.4byte	.Ldebug_info0
 510 000a 04       		.byte	0x4
 511 000b 00       		.byte	0
 512 000c 0000     		.2byte	0
 513 000e 0000     		.2byte	0
 514 0010 00000000 		.4byte	.LFB0
 515 0014 02000000 		.4byte	.LFE0-.LFB0
 516 0018 00000000 		.4byte	.LFB1
 517 001c 02000000 		.4byte	.LFE1-.LFB1
 518 0020 00000000 		.4byte	.LFB2
 519 0024 28000000 		.4byte	.LFE2-.LFB2
 520 0028 00000000 		.4byte	.LFB3
 521 002c 14000000 		.4byte	.LFE3-.LFB3
 522 0030 00000000 		.4byte	0
 523 0034 00000000 		.4byte	0
 524              		.section	.debug_ranges,"",%progbits
 525              	.Ldebug_ranges0:
 526 0000 00000000 		.4byte	.LFB0
 527 0004 02000000 		.4byte	.LFE0
ARM GAS  C:\Users\addis\AppData\Local\Temp\ccwkH6Zx.s 			page 13


 528 0008 00000000 		.4byte	.LFB1
 529 000c 02000000 		.4byte	.LFE1
 530 0010 00000000 		.4byte	.LFB2
 531 0014 28000000 		.4byte	.LFE2
 532 0018 00000000 		.4byte	.LFB3
 533 001c 14000000 		.4byte	.LFE3
 534 0020 00000000 		.4byte	0
 535 0024 00000000 		.4byte	0
 536              		.section	.debug_line,"",%progbits
 537              	.Ldebug_line0:
 538 0000 B0000000 		.section	.debug_str,"MS",%progbits,1
 538      02006200 
 538      00000201 
 538      FB0E0D00 
 538      01010101 
 539              	.LASF6:
 540 0000 6C6F6E67 		.ascii	"long long int\000"
 540      206C6F6E 
 540      6720696E 
 540      7400
 541              	.LASF3:
 542 000e 73686F72 		.ascii	"short unsigned int\000"
 542      7420756E 
 542      7369676E 
 542      65642069 
 542      6E7400
 543              	.LASF8:
 544 0021 756E7369 		.ascii	"unsigned int\000"
 544      676E6564 
 544      20696E74 
 544      00
 545              	.LASF12:
 546 002e 75696E74 		.ascii	"uint8\000"
 546      3800
 547              	.LASF18:
 548 0034 5053325F 		.ascii	"PS2_1_Counter_backupStruct\000"
 548      315F436F 
 548      756E7465 
 548      725F6261 
 548      636B7570 
 549              	.LASF19:
 550 004f 5053325F 		.ascii	"PS2_1_Counter_SaveConfig\000"
 550      315F436F 
 550      756E7465 
 550      725F5361 
 550      7665436F 
 551              	.LASF5:
 552 0068 6C6F6E67 		.ascii	"long unsigned int\000"
 552      20756E73 
 552      69676E65 
 552      6420696E 
 552      7400
 553              	.LASF7:
 554 007a 6C6F6E67 		.ascii	"long long unsigned int\000"
 554      206C6F6E 
 554      6720756E 
 554      7369676E 
ARM GAS  C:\Users\addis\AppData\Local\Temp\ccwkH6Zx.s 			page 14


 554      65642069 
 555              	.LASF9:
 556 0091 666C6F61 		.ascii	"float\000"
 556      7400
 557              	.LASF28:
 558 0097 5053325F 		.ascii	"PS2_1_Counter_backup\000"
 558      315F436F 
 558      756E7465 
 558      725F6261 
 558      636B7570 
 559              	.LASF25:
 560 00ac 474E5520 		.ascii	"GNU C 4.9.3 20150303 (release) [ARM/embedded-4_9-br"
 560      4320342E 
 560      392E3320 
 560      32303135 
 560      30333033 
 561 00df 616E6368 		.ascii	"anch revision 221220] -mcpu=cortex-m3 -mthumb -g -O"
 561      20726576 
 561      6973696F 
 561      6E203232 
 561      31323230 
 562 0112 67202D66 		.ascii	"g -ffunction-sections -ffat-lto-objects\000"
 562      66756E63 
 562      74696F6E 
 562      2D736563 
 562      74696F6E 
 563              	.LASF27:
 564 013a 433A5C55 		.ascii	"C:\\Users\\addis\\Documents\\PSoC Creator\\Workspac"
 564      73657273 
 564      5C616464 
 564      69735C44 
 564      6F63756D 
 565 0168 6530325C 		.ascii	"e02\\PS2Keyboard.cydsn\000"
 565      5053324B 
 565      6579626F 
 565      6172642E 
 565      63796473 
 566              	.LASF1:
 567 017e 756E7369 		.ascii	"unsigned char\000"
 567      676E6564 
 567      20636861 
 567      7200
 568              	.LASF11:
 569 018c 63686172 		.ascii	"char\000"
 569      00
 570              	.LASF4:
 571 0191 6C6F6E67 		.ascii	"long int\000"
 571      20696E74 
 571      00
 572              	.LASF21:
 573 019a 5053325F 		.ascii	"PS2_1_Counter_Sleep\000"
 573      315F436F 
 573      756E7465 
 573      725F536C 
 573      65657000 
 574              	.LASF15:
 575 01ae 436F756E 		.ascii	"CounterEnableState\000"
ARM GAS  C:\Users\addis\AppData\Local\Temp\ccwkH6Zx.s 			page 15


 575      74657245 
 575      6E61626C 
 575      65537461 
 575      746500
 576              	.LASF10:
 577 01c1 646F7562 		.ascii	"double\000"
 577      6C6500
 578              	.LASF26:
 579 01c8 2E5C4765 		.ascii	".\\Generated_Source\\PSoC5\\PS2_1_Counter_PM.c\000"
 579      6E657261 
 579      7465645F 
 579      536F7572 
 579      63655C50 
 580              	.LASF24:
 581 01f4 5053325F 		.ascii	"PS2_1_Counter_Enable\000"
 581      315F436F 
 581      756E7465 
 581      725F456E 
 581      61626C65 
 582              	.LASF20:
 583 0209 5053325F 		.ascii	"PS2_1_Counter_RestoreConfig\000"
 583      315F436F 
 583      756E7465 
 583      725F5265 
 583      73746F72 
 584              	.LASF0:
 585 0225 7369676E 		.ascii	"signed char\000"
 585      65642063 
 585      68617200 
 586              	.LASF23:
 587 0231 5053325F 		.ascii	"PS2_1_Counter_Stop\000"
 587      315F436F 
 587      756E7465 
 587      725F5374 
 587      6F7000
 588              	.LASF17:
 589 0244 436F756E 		.ascii	"CounterControlRegister\000"
 589      74657243 
 589      6F6E7472 
 589      6F6C5265 
 589      67697374 
 590              	.LASF22:
 591 025b 5053325F 		.ascii	"PS2_1_Counter_Wakeup\000"
 591      315F436F 
 591      756E7465 
 591      725F5761 
 591      6B657570 
 592              	.LASF2:
 593 0270 73686F72 		.ascii	"short int\000"
 593      7420696E 
 593      7400
 594              	.LASF13:
 595 027a 72656738 		.ascii	"reg8\000"
 595      00
 596              	.LASF16:
 597 027f 436F756E 		.ascii	"CounterUdb\000"
 597      74657255 
ARM GAS  C:\Users\addis\AppData\Local\Temp\ccwkH6Zx.s 			page 16


 597      646200
 598              	.LASF14:
 599 028a 73697A65 		.ascii	"sizetype\000"
 599      74797065 
 599      00
 600              		.ident	"GCC: (GNU Tools for ARM Embedded Processors) 4.9.3 20150303 (release) [ARM/embedded-4_9-br
