ARM GAS  C:\Users\addis\AppData\Local\Temp\ccq8bz8F.s 			page 1


   1              		.syntax unified
   2              		.cpu cortex-m3
   3              		.fpu softvfp
   4              		.eabi_attribute 20, 1
   5              		.eabi_attribute 21, 1
   6              		.eabi_attribute 23, 3
   7              		.eabi_attribute 24, 1
   8              		.eabi_attribute 25, 1
   9              		.eabi_attribute 26, 1
  10              		.eabi_attribute 30, 1
  11              		.eabi_attribute 34, 1
  12              		.eabi_attribute 18, 4
  13              		.thumb
  14              		.file	"PS2_1_ps2.c"
  15              		.text
  16              	.Ltext0:
  17              		.cfi_sections	.debug_frame
  18              		.section	.text.PS2_1_COUNTER,"ax",%progbits
  19              		.align	2
  20              		.global	PS2_1_COUNTER
  21              		.thumb
  22              		.thumb_func
  23              		.type	PS2_1_COUNTER, %function
  24              	PS2_1_COUNTER:
  25              	.LFB0:
  26              		.file 1 ".\\Generated_Source\\PSoC5\\PS2_1_ps2.c"
   1:.\Generated_Source\PSoC5/PS2_1_ps2.c **** /* ========================================
   2:.\Generated_Source\PSoC5/PS2_1_ps2.c ****  *
   3:.\Generated_Source\PSoC5/PS2_1_ps2.c ****  * Copyright YOUR COMPANY, THE YEAR
   4:.\Generated_Source\PSoC5/PS2_1_ps2.c ****  * All Rights Reserved
   5:.\Generated_Source\PSoC5/PS2_1_ps2.c ****  * UNPUBLISHED, LICENSED SOFTWARE.
   6:.\Generated_Source\PSoC5/PS2_1_ps2.c ****  *
   7:.\Generated_Source\PSoC5/PS2_1_ps2.c ****  * CONFIDENTIAL AND PROPRIETARY INFORMATION
   8:.\Generated_Source\PSoC5/PS2_1_ps2.c ****  * WHICH IS THE PROPERTY OF your company.
   9:.\Generated_Source\PSoC5/PS2_1_ps2.c ****  *
  10:.\Generated_Source\PSoC5/PS2_1_ps2.c ****  * ========================================
  11:.\Generated_Source\PSoC5/PS2_1_ps2.c **** */
  12:.\Generated_Source\PSoC5/PS2_1_ps2.c **** 
  13:.\Generated_Source\PSoC5/PS2_1_ps2.c **** #include "PS2_1_ps2.h"
  14:.\Generated_Source\PSoC5/PS2_1_ps2.c **** 
  15:.\Generated_Source\PSoC5/PS2_1_ps2.c **** uint8 PS2_1_counter_trigger;
  16:.\Generated_Source\PSoC5/PS2_1_ps2.c **** uint8 PS2_1_initVar;
  17:.\Generated_Source\PSoC5/PS2_1_ps2.c **** 
  18:.\Generated_Source\PSoC5/PS2_1_ps2.c **** CY_ISR(PS2_1_COUNTER)
  19:.\Generated_Source\PSoC5/PS2_1_ps2.c **** {
  27              		.loc 1 19 0
  28              		.cfi_startproc
  29              		@ args = 0, pretend = 0, frame = 0
  30              		@ frame_needed = 0, uses_anonymous_args = 0
  31              		@ link register save eliminated.
  20:.\Generated_Source\PSoC5/PS2_1_ps2.c ****     PS2_1_counter_trigger = 1;    
  32              		.loc 1 20 0
  33 0000 0122     		movs	r2, #1
  34 0002 014B     		ldr	r3, .L2
  35 0004 1A70     		strb	r2, [r3]
  36 0006 7047     		bx	lr
  37              	.L3:
ARM GAS  C:\Users\addis\AppData\Local\Temp\ccq8bz8F.s 			page 2


  38              		.align	2
  39              	.L2:
  40 0008 00000000 		.word	PS2_1_counter_trigger
  41              		.cfi_endproc
  42              	.LFE0:
  43              		.size	PS2_1_COUNTER, .-PS2_1_COUNTER
  44              		.section	.text.PS2_1_Init,"ax",%progbits
  45              		.align	2
  46              		.global	PS2_1_Init
  47              		.thumb
  48              		.thumb_func
  49              		.type	PS2_1_Init, %function
  50              	PS2_1_Init:
  51              	.LFB1:
  21:.\Generated_Source\PSoC5/PS2_1_ps2.c **** }
  22:.\Generated_Source\PSoC5/PS2_1_ps2.c **** 
  23:.\Generated_Source\PSoC5/PS2_1_ps2.c **** void PS2_1_Init(void) 
  24:.\Generated_Source\PSoC5/PS2_1_ps2.c **** {
  52              		.loc 1 24 0
  53              		.cfi_startproc
  54              		@ args = 0, pretend = 0, frame = 0
  55              		@ frame_needed = 0, uses_anonymous_args = 0
  56              		@ link register save eliminated.
  25:.\Generated_Source\PSoC5/PS2_1_ps2.c ****     PS2_1_counter_trigger = 0; 
  57              		.loc 1 25 0
  58 0000 0022     		movs	r2, #0
  59 0002 014B     		ldr	r3, .L5
  60 0004 1A70     		strb	r2, [r3]
  61 0006 7047     		bx	lr
  62              	.L6:
  63              		.align	2
  64              	.L5:
  65 0008 00000000 		.word	PS2_1_counter_trigger
  66              		.cfi_endproc
  67              	.LFE1:
  68              		.size	PS2_1_Init, .-PS2_1_Init
  69              		.section	.text.PS2_1_Start,"ax",%progbits
  70              		.align	2
  71              		.global	PS2_1_Start
  72              		.thumb
  73              		.thumb_func
  74              		.type	PS2_1_Start, %function
  75              	PS2_1_Start:
  76              	.LFB2:
  26:.\Generated_Source\PSoC5/PS2_1_ps2.c **** }
  27:.\Generated_Source\PSoC5/PS2_1_ps2.c **** 
  28:.\Generated_Source\PSoC5/PS2_1_ps2.c **** void PS2_1_Start(void) 
  29:.\Generated_Source\PSoC5/PS2_1_ps2.c **** {
  77              		.loc 1 29 0
  78              		.cfi_startproc
  79              		@ args = 0, pretend = 0, frame = 0
  80              		@ frame_needed = 0, uses_anonymous_args = 0
  81 0000 08B5     		push	{r3, lr}
  82              		.cfi_def_cfa_offset 8
  83              		.cfi_offset 3, -8
  84              		.cfi_offset 14, -4
  30:.\Generated_Source\PSoC5/PS2_1_ps2.c ****     if(0u == PS2_1_initVar)
ARM GAS  C:\Users\addis\AppData\Local\Temp\ccq8bz8F.s 			page 3


  85              		.loc 1 30 0
  86 0002 044B     		ldr	r3, .L10
  87 0004 1B78     		ldrb	r3, [r3]	@ zero_extendqisi2
  88 0006 23B9     		cbnz	r3, .L7
  31:.\Generated_Source\PSoC5/PS2_1_ps2.c ****     {
  32:.\Generated_Source\PSoC5/PS2_1_ps2.c ****         PS2_1_Init();
  89              		.loc 1 32 0
  90 0008 FFF7FEFF 		bl	PS2_1_Init
  91              	.LVL0:
  33:.\Generated_Source\PSoC5/PS2_1_ps2.c ****         PS2_1_initVar = 1u; /* Component initialized */
  92              		.loc 1 33 0
  93 000c 0122     		movs	r2, #1
  94 000e 014B     		ldr	r3, .L10
  95 0010 1A70     		strb	r2, [r3]
  96              	.L7:
  97 0012 08BD     		pop	{r3, pc}
  98              	.L11:
  99              		.align	2
 100              	.L10:
 101 0014 00000000 		.word	PS2_1_initVar
 102              		.cfi_endproc
 103              	.LFE2:
 104              		.size	PS2_1_Start, .-PS2_1_Start
 105              		.section	.text.PS2_1_DetectDevice,"ax",%progbits
 106              		.align	2
 107              		.global	PS2_1_DetectDevice
 108              		.thumb
 109              		.thumb_func
 110              		.type	PS2_1_DetectDevice, %function
 111              	PS2_1_DetectDevice:
 112              	.LFB3:
  34:.\Generated_Source\PSoC5/PS2_1_ps2.c ****     }
  35:.\Generated_Source\PSoC5/PS2_1_ps2.c **** 
  36:.\Generated_Source\PSoC5/PS2_1_ps2.c ****     //PS2_1_Enable();
  37:.\Generated_Source\PSoC5/PS2_1_ps2.c ****     //PS2_1_EnableInt();
  38:.\Generated_Source\PSoC5/PS2_1_ps2.c **** }
  39:.\Generated_Source\PSoC5/PS2_1_ps2.c **** 
  40:.\Generated_Source\PSoC5/PS2_1_ps2.c **** uint8 PS2_1_DetectDevice(void) 
  41:.\Generated_Source\PSoC5/PS2_1_ps2.c **** {
 113              		.loc 1 41 0
 114              		.cfi_startproc
 115              		@ args = 0, pretend = 0, frame = 0
 116              		@ frame_needed = 0, uses_anonymous_args = 0
 117 0000 08B5     		push	{r3, lr}
 118              		.cfi_def_cfa_offset 8
 119              		.cfi_offset 3, -8
 120              		.cfi_offset 14, -4
  42:.\Generated_Source\PSoC5/PS2_1_ps2.c ****     PS2_1_TIMER_START(200); // Set a timer for 1000ms
 121              		.loc 1 42 0
 122 0002 0022     		movs	r2, #0
 123 0004 0E4B     		ldr	r3, .L18
 124 0006 1A70     		strb	r2, [r3]
 125 0008 C820     		movs	r0, #200
 126 000a FFF7FEFF 		bl	PS2_1_Counter_WritePeriod
 127              	.LVL1:
 128 000e FFF7FEFF 		bl	PS2_1_Counter_Start
 129              	.LVL2:
ARM GAS  C:\Users\addis\AppData\Local\Temp\ccq8bz8F.s 			page 4


  43:.\Generated_Source\PSoC5/PS2_1_ps2.c ****     
  44:.\Generated_Source\PSoC5/PS2_1_ps2.c ****     PS2_1_READ; // Make sure the state machine knows to read
 130              		.loc 1 44 0
 131 0012 FFF7FEFF 		bl	PS2_1_controlReg_Read
 132              	.LVL3:
 133 0016 00F0FD00 		and	r0, r0, #253
 134 001a FFF7FEFF 		bl	PS2_1_controlReg_Write
 135              	.LVL4:
 136              	.L14:
  45:.\Generated_Source\PSoC5/PS2_1_ps2.c ****     
  46:.\Generated_Source\PSoC5/PS2_1_ps2.c ****     while (PS2_1_STATUS != PS2_1_STATUS_PENDING && !PS2_1_counter_trigger); // Wait until timeout o
 137              		.loc 1 46 0 discriminator 2
 138 001e FFF7FEFF 		bl	PS2_1_statusReg_Read
 139              	.LVL5:
 140 0022 18B1     		cbz	r0, .L13
 141              		.loc 1 46 0 is_stmt 0 discriminator 1
 142 0024 064B     		ldr	r3, .L18
 143 0026 1B78     		ldrb	r3, [r3]	@ zero_extendqisi2
 144 0028 002B     		cmp	r3, #0
 145 002a F8D0     		beq	.L14
 146              	.L13:
  47:.\Generated_Source\PSoC5/PS2_1_ps2.c ****     if (PS2_1_STATUS == PS2_1_STATUS_DONE)
 147              		.loc 1 47 0 is_stmt 1
 148 002c FFF7FEFF 		bl	PS2_1_statusReg_Read
 149              	.LVL6:
 150 0030 0128     		cmp	r0, #1
 151 0032 04D0     		beq	.L15
  48:.\Generated_Source\PSoC5/PS2_1_ps2.c ****     {
  49:.\Generated_Source\PSoC5/PS2_1_ps2.c ****         return 1;
  50:.\Generated_Source\PSoC5/PS2_1_ps2.c ****     }
  51:.\Generated_Source\PSoC5/PS2_1_ps2.c ****     else if (PS2_1_STATUS == PS2_1_STATUS_ERROR)
 152              		.loc 1 51 0
 153 0034 FFF7FEFF 		bl	PS2_1_statusReg_Read
 154              	.LVL7:
 155 0038 0228     		cmp	r0, #2
 156 003a 00D0     		beq	.L15
  52:.\Generated_Source\PSoC5/PS2_1_ps2.c ****     {
  53:.\Generated_Source\PSoC5/PS2_1_ps2.c ****         return 2;
  54:.\Generated_Source\PSoC5/PS2_1_ps2.c ****     }
  55:.\Generated_Source\PSoC5/PS2_1_ps2.c ****     else
  56:.\Generated_Source\PSoC5/PS2_1_ps2.c ****     {
  57:.\Generated_Source\PSoC5/PS2_1_ps2.c ****         return 3;   
 157              		.loc 1 57 0
 158 003c 0320     		movs	r0, #3
 159              	.L15:
  58:.\Generated_Source\PSoC5/PS2_1_ps2.c ****     }
  59:.\Generated_Source\PSoC5/PS2_1_ps2.c **** }
 160              		.loc 1 59 0
 161 003e 08BD     		pop	{r3, pc}
 162              	.L19:
 163              		.align	2
 164              	.L18:
 165 0040 00000000 		.word	PS2_1_counter_trigger
 166              		.cfi_endproc
 167              	.LFE3:
 168              		.size	PS2_1_DetectDevice, .-PS2_1_DetectDevice
 169              		.comm	PS2_1_initVar,1,1
ARM GAS  C:\Users\addis\AppData\Local\Temp\ccq8bz8F.s 			page 5


 170              		.comm	PS2_1_counter_trigger,1,1
 171              		.text
 172              	.Letext0:
 173              		.file 2 ".\\Generated_Source\\PSoC5\\PS2_1_Counter.h"
 174              		.file 3 ".\\Generated_Source\\PSoC5\\PS2_1_controlReg.h"
 175              		.file 4 ".\\Generated_Source\\PSoC5\\PS2_1_statusReg.h"
 176              		.file 5 ".\\Generated_Source\\PSoC5\\cytypes.h"
 177              		.section	.debug_info,"",%progbits
 178              	.Ldebug_info0:
 179 0000 96010000 		.4byte	0x196
 180 0004 0400     		.2byte	0x4
 181 0006 00000000 		.4byte	.Ldebug_abbrev0
 182 000a 04       		.byte	0x4
 183 000b 01       		.uleb128 0x1
 184 000c 8B000000 		.4byte	.LASF21
 185 0010 01       		.byte	0x1
 186 0011 D9010000 		.4byte	.LASF22
 187 0015 1E010000 		.4byte	.LASF23
 188 0019 00000000 		.4byte	.Ldebug_ranges0+0
 189 001d 00000000 		.4byte	0
 190 0021 00000000 		.4byte	.Ldebug_line0
 191 0025 02       		.uleb128 0x2
 192 0026 01       		.byte	0x1
 193 0027 06       		.byte	0x6
 194 0028 CD010000 		.4byte	.LASF0
 195 002c 02       		.uleb128 0x2
 196 002d 01       		.byte	0x1
 197 002e 08       		.byte	0x8
 198 002f 32000000 		.4byte	.LASF1
 199 0033 02       		.uleb128 0x2
 200 0034 02       		.byte	0x2
 201 0035 05       		.byte	0x5
 202 0036 3B020000 		.4byte	.LASF2
 203 003a 02       		.uleb128 0x2
 204 003b 02       		.byte	0x2
 205 003c 07       		.byte	0x7
 206 003d BA010000 		.4byte	.LASF3
 207 0041 02       		.uleb128 0x2
 208 0042 04       		.byte	0x4
 209 0043 05       		.byte	0x5
 210 0044 8B010000 		.4byte	.LASF4
 211 0048 02       		.uleb128 0x2
 212 0049 04       		.byte	0x4
 213 004a 07       		.byte	0x7
 214 004b 54000000 		.4byte	.LASF5
 215 004f 02       		.uleb128 0x2
 216 0050 08       		.byte	0x8
 217 0051 05       		.byte	0x5
 218 0052 00000000 		.4byte	.LASF6
 219 0056 02       		.uleb128 0x2
 220 0057 08       		.byte	0x8
 221 0058 07       		.byte	0x7
 222 0059 66000000 		.4byte	.LASF7
 223 005d 03       		.uleb128 0x3
 224 005e 04       		.byte	0x4
 225 005f 05       		.byte	0x5
 226 0060 696E7400 		.ascii	"int\000"
ARM GAS  C:\Users\addis\AppData\Local\Temp\ccq8bz8F.s 			page 6


 227 0064 02       		.uleb128 0x2
 228 0065 04       		.byte	0x4
 229 0066 07       		.byte	0x7
 230 0067 25000000 		.4byte	.LASF8
 231 006b 04       		.uleb128 0x4
 232 006c 4E000000 		.4byte	.LASF24
 233 0070 05       		.byte	0x5
 234 0071 3801     		.2byte	0x138
 235 0073 2C000000 		.4byte	0x2c
 236 0077 02       		.uleb128 0x2
 237 0078 04       		.byte	0x4
 238 0079 04       		.byte	0x4
 239 007a 20020000 		.4byte	.LASF9
 240 007e 02       		.uleb128 0x2
 241 007f 08       		.byte	0x8
 242 0080 04       		.byte	0x4
 243 0081 94010000 		.4byte	.LASF10
 244 0085 02       		.uleb128 0x2
 245 0086 01       		.byte	0x1
 246 0087 08       		.byte	0x8
 247 0088 19010000 		.4byte	.LASF11
 248 008c 02       		.uleb128 0x2
 249 008d 04       		.byte	0x4
 250 008e 07       		.byte	0x7
 251 008f 45020000 		.4byte	.LASF12
 252 0093 05       		.uleb128 0x5
 253 0094 40000000 		.4byte	.LASF13
 254 0098 01       		.byte	0x1
 255 0099 12       		.byte	0x12
 256 009a 00000000 		.4byte	.LFB0
 257 009e 0C000000 		.4byte	.LFE0-.LFB0
 258 00a2 01       		.uleb128 0x1
 259 00a3 9C       		.byte	0x9c
 260 00a4 05       		.uleb128 0x5
 261 00a5 9B010000 		.4byte	.LASF14
 262 00a9 01       		.byte	0x1
 263 00aa 17       		.byte	0x17
 264 00ab 00000000 		.4byte	.LFB1
 265 00af 0C000000 		.4byte	.LFE1-.LFB1
 266 00b3 01       		.uleb128 0x1
 267 00b4 9C       		.byte	0x9c
 268 00b5 06       		.uleb128 0x6
 269 00b6 FE010000 		.4byte	.LASF25
 270 00ba 01       		.byte	0x1
 271 00bb 1C       		.byte	0x1c
 272 00bc 00000000 		.4byte	.LFB2
 273 00c0 18000000 		.4byte	.LFE2-.LFB2
 274 00c4 01       		.uleb128 0x1
 275 00c5 9C       		.byte	0x9c
 276 00c6 D4000000 		.4byte	0xd4
 277 00ca 07       		.uleb128 0x7
 278 00cb 0C000000 		.4byte	.LVL0
 279 00cf A4000000 		.4byte	0xa4
 280 00d3 00       		.byte	0
 281 00d4 08       		.uleb128 0x8
 282 00d5 78010000 		.4byte	.LASF26
 283 00d9 01       		.byte	0x1
ARM GAS  C:\Users\addis\AppData\Local\Temp\ccq8bz8F.s 			page 7


 284 00da 28       		.byte	0x28
 285 00db 6B000000 		.4byte	0x6b
 286 00df 00000000 		.4byte	.LFB3
 287 00e3 44000000 		.4byte	.LFE3-.LFB3
 288 00e7 01       		.uleb128 0x1
 289 00e8 9C       		.byte	0x9c
 290 00e9 38010000 		.4byte	0x138
 291 00ed 09       		.uleb128 0x9
 292 00ee 0E000000 		.4byte	.LVL1
 293 00f2 5A010000 		.4byte	0x15a
 294 00f6 01010000 		.4byte	0x101
 295 00fa 0A       		.uleb128 0xa
 296 00fb 01       		.uleb128 0x1
 297 00fc 50       		.byte	0x50
 298 00fd 02       		.uleb128 0x2
 299 00fe 09       		.byte	0x9
 300 00ff C8       		.byte	0xc8
 301 0100 00       		.byte	0
 302 0101 07       		.uleb128 0x7
 303 0102 12000000 		.4byte	.LVL2
 304 0106 6B010000 		.4byte	0x16b
 305 010a 07       		.uleb128 0x7
 306 010b 16000000 		.4byte	.LVL3
 307 010f 72010000 		.4byte	0x172
 308 0113 07       		.uleb128 0x7
 309 0114 1E000000 		.4byte	.LVL4
 310 0118 7D010000 		.4byte	0x17d
 311 011c 07       		.uleb128 0x7
 312 011d 22000000 		.4byte	.LVL5
 313 0121 8E010000 		.4byte	0x18e
 314 0125 07       		.uleb128 0x7
 315 0126 30000000 		.4byte	.LVL6
 316 012a 8E010000 		.4byte	0x18e
 317 012e 07       		.uleb128 0x7
 318 012f 38000000 		.4byte	.LVL7
 319 0133 8E010000 		.4byte	0x18e
 320 0137 00       		.byte	0
 321 0138 0B       		.uleb128 0xb
 322 0139 62010000 		.4byte	.LASF15
 323 013d 01       		.byte	0x1
 324 013e 0F       		.byte	0xf
 325 013f 6B000000 		.4byte	0x6b
 326 0143 05       		.uleb128 0x5
 327 0144 03       		.byte	0x3
 328 0145 00000000 		.4byte	PS2_1_counter_trigger
 329 0149 0B       		.uleb128 0xb
 330 014a 7D000000 		.4byte	.LASF16
 331 014e 01       		.byte	0x1
 332 014f 10       		.byte	0x10
 333 0150 6B000000 		.4byte	0x6b
 334 0154 05       		.uleb128 0x5
 335 0155 03       		.byte	0x3
 336 0156 00000000 		.4byte	PS2_1_initVar
 337 015a 0C       		.uleb128 0xc
 338 015b 4E020000 		.4byte	.LASF17
 339 015f 02       		.byte	0x2
 340 0160 5F       		.byte	0x5f
ARM GAS  C:\Users\addis\AppData\Local\Temp\ccq8bz8F.s 			page 8


 341 0161 6B010000 		.4byte	0x16b
 342 0165 0D       		.uleb128 0xd
 343 0166 6B000000 		.4byte	0x6b
 344 016a 00       		.byte	0
 345 016b 0E       		.uleb128 0xe
 346 016c A6010000 		.4byte	.LASF27
 347 0170 02       		.byte	0x2
 348 0171 4F       		.byte	0x4f
 349 0172 0F       		.uleb128 0xf
 350 0173 0A020000 		.4byte	.LASF19
 351 0177 03       		.byte	0x3
 352 0178 28       		.byte	0x28
 353 0179 6B000000 		.4byte	0x6b
 354 017d 0C       		.uleb128 0xc
 355 017e 0E000000 		.4byte	.LASF18
 356 0182 03       		.byte	0x3
 357 0183 27       		.byte	0x27
 358 0184 8E010000 		.4byte	0x18e
 359 0188 0D       		.uleb128 0xd
 360 0189 6B000000 		.4byte	0x6b
 361 018d 00       		.byte	0
 362 018e 0F       		.uleb128 0xf
 363 018f 26020000 		.4byte	.LASF20
 364 0193 04       		.byte	0x4
 365 0194 28       		.byte	0x28
 366 0195 6B000000 		.4byte	0x6b
 367 0199 00       		.byte	0
 368              		.section	.debug_abbrev,"",%progbits
 369              	.Ldebug_abbrev0:
 370 0000 01       		.uleb128 0x1
 371 0001 11       		.uleb128 0x11
 372 0002 01       		.byte	0x1
 373 0003 25       		.uleb128 0x25
 374 0004 0E       		.uleb128 0xe
 375 0005 13       		.uleb128 0x13
 376 0006 0B       		.uleb128 0xb
 377 0007 03       		.uleb128 0x3
 378 0008 0E       		.uleb128 0xe
 379 0009 1B       		.uleb128 0x1b
 380 000a 0E       		.uleb128 0xe
 381 000b 55       		.uleb128 0x55
 382 000c 17       		.uleb128 0x17
 383 000d 11       		.uleb128 0x11
 384 000e 01       		.uleb128 0x1
 385 000f 10       		.uleb128 0x10
 386 0010 17       		.uleb128 0x17
 387 0011 00       		.byte	0
 388 0012 00       		.byte	0
 389 0013 02       		.uleb128 0x2
 390 0014 24       		.uleb128 0x24
 391 0015 00       		.byte	0
 392 0016 0B       		.uleb128 0xb
 393 0017 0B       		.uleb128 0xb
 394 0018 3E       		.uleb128 0x3e
 395 0019 0B       		.uleb128 0xb
 396 001a 03       		.uleb128 0x3
 397 001b 0E       		.uleb128 0xe
ARM GAS  C:\Users\addis\AppData\Local\Temp\ccq8bz8F.s 			page 9


 398 001c 00       		.byte	0
 399 001d 00       		.byte	0
 400 001e 03       		.uleb128 0x3
 401 001f 24       		.uleb128 0x24
 402 0020 00       		.byte	0
 403 0021 0B       		.uleb128 0xb
 404 0022 0B       		.uleb128 0xb
 405 0023 3E       		.uleb128 0x3e
 406 0024 0B       		.uleb128 0xb
 407 0025 03       		.uleb128 0x3
 408 0026 08       		.uleb128 0x8
 409 0027 00       		.byte	0
 410 0028 00       		.byte	0
 411 0029 04       		.uleb128 0x4
 412 002a 16       		.uleb128 0x16
 413 002b 00       		.byte	0
 414 002c 03       		.uleb128 0x3
 415 002d 0E       		.uleb128 0xe
 416 002e 3A       		.uleb128 0x3a
 417 002f 0B       		.uleb128 0xb
 418 0030 3B       		.uleb128 0x3b
 419 0031 05       		.uleb128 0x5
 420 0032 49       		.uleb128 0x49
 421 0033 13       		.uleb128 0x13
 422 0034 00       		.byte	0
 423 0035 00       		.byte	0
 424 0036 05       		.uleb128 0x5
 425 0037 2E       		.uleb128 0x2e
 426 0038 00       		.byte	0
 427 0039 3F       		.uleb128 0x3f
 428 003a 19       		.uleb128 0x19
 429 003b 03       		.uleb128 0x3
 430 003c 0E       		.uleb128 0xe
 431 003d 3A       		.uleb128 0x3a
 432 003e 0B       		.uleb128 0xb
 433 003f 3B       		.uleb128 0x3b
 434 0040 0B       		.uleb128 0xb
 435 0041 27       		.uleb128 0x27
 436 0042 19       		.uleb128 0x19
 437 0043 11       		.uleb128 0x11
 438 0044 01       		.uleb128 0x1
 439 0045 12       		.uleb128 0x12
 440 0046 06       		.uleb128 0x6
 441 0047 40       		.uleb128 0x40
 442 0048 18       		.uleb128 0x18
 443 0049 9742     		.uleb128 0x2117
 444 004b 19       		.uleb128 0x19
 445 004c 00       		.byte	0
 446 004d 00       		.byte	0
 447 004e 06       		.uleb128 0x6
 448 004f 2E       		.uleb128 0x2e
 449 0050 01       		.byte	0x1
 450 0051 3F       		.uleb128 0x3f
 451 0052 19       		.uleb128 0x19
 452 0053 03       		.uleb128 0x3
 453 0054 0E       		.uleb128 0xe
 454 0055 3A       		.uleb128 0x3a
ARM GAS  C:\Users\addis\AppData\Local\Temp\ccq8bz8F.s 			page 10


 455 0056 0B       		.uleb128 0xb
 456 0057 3B       		.uleb128 0x3b
 457 0058 0B       		.uleb128 0xb
 458 0059 27       		.uleb128 0x27
 459 005a 19       		.uleb128 0x19
 460 005b 11       		.uleb128 0x11
 461 005c 01       		.uleb128 0x1
 462 005d 12       		.uleb128 0x12
 463 005e 06       		.uleb128 0x6
 464 005f 40       		.uleb128 0x40
 465 0060 18       		.uleb128 0x18
 466 0061 9742     		.uleb128 0x2117
 467 0063 19       		.uleb128 0x19
 468 0064 01       		.uleb128 0x1
 469 0065 13       		.uleb128 0x13
 470 0066 00       		.byte	0
 471 0067 00       		.byte	0
 472 0068 07       		.uleb128 0x7
 473 0069 898201   		.uleb128 0x4109
 474 006c 00       		.byte	0
 475 006d 11       		.uleb128 0x11
 476 006e 01       		.uleb128 0x1
 477 006f 31       		.uleb128 0x31
 478 0070 13       		.uleb128 0x13
 479 0071 00       		.byte	0
 480 0072 00       		.byte	0
 481 0073 08       		.uleb128 0x8
 482 0074 2E       		.uleb128 0x2e
 483 0075 01       		.byte	0x1
 484 0076 3F       		.uleb128 0x3f
 485 0077 19       		.uleb128 0x19
 486 0078 03       		.uleb128 0x3
 487 0079 0E       		.uleb128 0xe
 488 007a 3A       		.uleb128 0x3a
 489 007b 0B       		.uleb128 0xb
 490 007c 3B       		.uleb128 0x3b
 491 007d 0B       		.uleb128 0xb
 492 007e 27       		.uleb128 0x27
 493 007f 19       		.uleb128 0x19
 494 0080 49       		.uleb128 0x49
 495 0081 13       		.uleb128 0x13
 496 0082 11       		.uleb128 0x11
 497 0083 01       		.uleb128 0x1
 498 0084 12       		.uleb128 0x12
 499 0085 06       		.uleb128 0x6
 500 0086 40       		.uleb128 0x40
 501 0087 18       		.uleb128 0x18
 502 0088 9742     		.uleb128 0x2117
 503 008a 19       		.uleb128 0x19
 504 008b 01       		.uleb128 0x1
 505 008c 13       		.uleb128 0x13
 506 008d 00       		.byte	0
 507 008e 00       		.byte	0
 508 008f 09       		.uleb128 0x9
 509 0090 898201   		.uleb128 0x4109
 510 0093 01       		.byte	0x1
 511 0094 11       		.uleb128 0x11
ARM GAS  C:\Users\addis\AppData\Local\Temp\ccq8bz8F.s 			page 11


 512 0095 01       		.uleb128 0x1
 513 0096 31       		.uleb128 0x31
 514 0097 13       		.uleb128 0x13
 515 0098 01       		.uleb128 0x1
 516 0099 13       		.uleb128 0x13
 517 009a 00       		.byte	0
 518 009b 00       		.byte	0
 519 009c 0A       		.uleb128 0xa
 520 009d 8A8201   		.uleb128 0x410a
 521 00a0 00       		.byte	0
 522 00a1 02       		.uleb128 0x2
 523 00a2 18       		.uleb128 0x18
 524 00a3 9142     		.uleb128 0x2111
 525 00a5 18       		.uleb128 0x18
 526 00a6 00       		.byte	0
 527 00a7 00       		.byte	0
 528 00a8 0B       		.uleb128 0xb
 529 00a9 34       		.uleb128 0x34
 530 00aa 00       		.byte	0
 531 00ab 03       		.uleb128 0x3
 532 00ac 0E       		.uleb128 0xe
 533 00ad 3A       		.uleb128 0x3a
 534 00ae 0B       		.uleb128 0xb
 535 00af 3B       		.uleb128 0x3b
 536 00b0 0B       		.uleb128 0xb
 537 00b1 49       		.uleb128 0x49
 538 00b2 13       		.uleb128 0x13
 539 00b3 3F       		.uleb128 0x3f
 540 00b4 19       		.uleb128 0x19
 541 00b5 02       		.uleb128 0x2
 542 00b6 18       		.uleb128 0x18
 543 00b7 00       		.byte	0
 544 00b8 00       		.byte	0
 545 00b9 0C       		.uleb128 0xc
 546 00ba 2E       		.uleb128 0x2e
 547 00bb 01       		.byte	0x1
 548 00bc 3F       		.uleb128 0x3f
 549 00bd 19       		.uleb128 0x19
 550 00be 03       		.uleb128 0x3
 551 00bf 0E       		.uleb128 0xe
 552 00c0 3A       		.uleb128 0x3a
 553 00c1 0B       		.uleb128 0xb
 554 00c2 3B       		.uleb128 0x3b
 555 00c3 0B       		.uleb128 0xb
 556 00c4 27       		.uleb128 0x27
 557 00c5 19       		.uleb128 0x19
 558 00c6 3C       		.uleb128 0x3c
 559 00c7 19       		.uleb128 0x19
 560 00c8 01       		.uleb128 0x1
 561 00c9 13       		.uleb128 0x13
 562 00ca 00       		.byte	0
 563 00cb 00       		.byte	0
 564 00cc 0D       		.uleb128 0xd
 565 00cd 05       		.uleb128 0x5
 566 00ce 00       		.byte	0
 567 00cf 49       		.uleb128 0x49
 568 00d0 13       		.uleb128 0x13
ARM GAS  C:\Users\addis\AppData\Local\Temp\ccq8bz8F.s 			page 12


 569 00d1 00       		.byte	0
 570 00d2 00       		.byte	0
 571 00d3 0E       		.uleb128 0xe
 572 00d4 2E       		.uleb128 0x2e
 573 00d5 00       		.byte	0
 574 00d6 3F       		.uleb128 0x3f
 575 00d7 19       		.uleb128 0x19
 576 00d8 03       		.uleb128 0x3
 577 00d9 0E       		.uleb128 0xe
 578 00da 3A       		.uleb128 0x3a
 579 00db 0B       		.uleb128 0xb
 580 00dc 3B       		.uleb128 0x3b
 581 00dd 0B       		.uleb128 0xb
 582 00de 27       		.uleb128 0x27
 583 00df 19       		.uleb128 0x19
 584 00e0 3C       		.uleb128 0x3c
 585 00e1 19       		.uleb128 0x19
 586 00e2 00       		.byte	0
 587 00e3 00       		.byte	0
 588 00e4 0F       		.uleb128 0xf
 589 00e5 2E       		.uleb128 0x2e
 590 00e6 00       		.byte	0
 591 00e7 3F       		.uleb128 0x3f
 592 00e8 19       		.uleb128 0x19
 593 00e9 03       		.uleb128 0x3
 594 00ea 0E       		.uleb128 0xe
 595 00eb 3A       		.uleb128 0x3a
 596 00ec 0B       		.uleb128 0xb
 597 00ed 3B       		.uleb128 0x3b
 598 00ee 0B       		.uleb128 0xb
 599 00ef 27       		.uleb128 0x27
 600 00f0 19       		.uleb128 0x19
 601 00f1 49       		.uleb128 0x49
 602 00f2 13       		.uleb128 0x13
 603 00f3 3C       		.uleb128 0x3c
 604 00f4 19       		.uleb128 0x19
 605 00f5 00       		.byte	0
 606 00f6 00       		.byte	0
 607 00f7 00       		.byte	0
 608              		.section	.debug_aranges,"",%progbits
 609 0000 34000000 		.4byte	0x34
 610 0004 0200     		.2byte	0x2
 611 0006 00000000 		.4byte	.Ldebug_info0
 612 000a 04       		.byte	0x4
 613 000b 00       		.byte	0
 614 000c 0000     		.2byte	0
 615 000e 0000     		.2byte	0
 616 0010 00000000 		.4byte	.LFB0
 617 0014 0C000000 		.4byte	.LFE0-.LFB0
 618 0018 00000000 		.4byte	.LFB1
 619 001c 0C000000 		.4byte	.LFE1-.LFB1
 620 0020 00000000 		.4byte	.LFB2
 621 0024 18000000 		.4byte	.LFE2-.LFB2
 622 0028 00000000 		.4byte	.LFB3
 623 002c 44000000 		.4byte	.LFE3-.LFB3
 624 0030 00000000 		.4byte	0
 625 0034 00000000 		.4byte	0
ARM GAS  C:\Users\addis\AppData\Local\Temp\ccq8bz8F.s 			page 13


 626              		.section	.debug_ranges,"",%progbits
 627              	.Ldebug_ranges0:
 628 0000 00000000 		.4byte	.LFB0
 629 0004 0C000000 		.4byte	.LFE0
 630 0008 00000000 		.4byte	.LFB1
 631 000c 0C000000 		.4byte	.LFE1
 632 0010 00000000 		.4byte	.LFB2
 633 0014 18000000 		.4byte	.LFE2
 634 0018 00000000 		.4byte	.LFB3
 635 001c 44000000 		.4byte	.LFE3
 636 0020 00000000 		.4byte	0
 637 0024 00000000 		.4byte	0
 638              		.section	.debug_line,"",%progbits
 639              	.Ldebug_line0:
 640 0000 DF000000 		.section	.debug_str,"MS",%progbits,1
 640      02008600 
 640      00000201 
 640      FB0E0D00 
 640      01010101 
 641              	.LASF6:
 642 0000 6C6F6E67 		.ascii	"long long int\000"
 642      206C6F6E 
 642      6720696E 
 642      7400
 643              	.LASF18:
 644 000e 5053325F 		.ascii	"PS2_1_controlReg_Write\000"
 644      315F636F 
 644      6E74726F 
 644      6C526567 
 644      5F577269 
 645              	.LASF8:
 646 0025 756E7369 		.ascii	"unsigned int\000"
 646      676E6564 
 646      20696E74 
 646      00
 647              	.LASF1:
 648 0032 756E7369 		.ascii	"unsigned char\000"
 648      676E6564 
 648      20636861 
 648      7200
 649              	.LASF13:
 650 0040 5053325F 		.ascii	"PS2_1_COUNTER\000"
 650      315F434F 
 650      554E5445 
 650      5200
 651              	.LASF24:
 652 004e 75696E74 		.ascii	"uint8\000"
 652      3800
 653              	.LASF5:
 654 0054 6C6F6E67 		.ascii	"long unsigned int\000"
 654      20756E73 
 654      69676E65 
 654      6420696E 
 654      7400
 655              	.LASF7:
 656 0066 6C6F6E67 		.ascii	"long long unsigned int\000"
 656      206C6F6E 
ARM GAS  C:\Users\addis\AppData\Local\Temp\ccq8bz8F.s 			page 14


 656      6720756E 
 656      7369676E 
 656      65642069 
 657              	.LASF16:
 658 007d 5053325F 		.ascii	"PS2_1_initVar\000"
 658      315F696E 
 658      69745661 
 658      7200
 659              	.LASF21:
 660 008b 474E5520 		.ascii	"GNU C 4.9.3 20150303 (release) [ARM/embedded-4_9-br"
 660      4320342E 
 660      392E3320 
 660      32303135 
 660      30333033 
 661 00be 616E6368 		.ascii	"anch revision 221220] -mcpu=cortex-m3 -mthumb -g -O"
 661      20726576 
 661      6973696F 
 661      6E203232 
 661      31323230 
 662 00f1 67202D66 		.ascii	"g -ffunction-sections -ffat-lto-objects\000"
 662      66756E63 
 662      74696F6E 
 662      2D736563 
 662      74696F6E 
 663              	.LASF11:
 664 0119 63686172 		.ascii	"char\000"
 664      00
 665              	.LASF23:
 666 011e 433A5C55 		.ascii	"C:\\Users\\addis\\Documents\\PSoC Creator\\Workspac"
 666      73657273 
 666      5C616464 
 666      69735C44 
 666      6F63756D 
 667 014c 6530325C 		.ascii	"e02\\PS2Keyboard.cydsn\000"
 667      5053324B 
 667      6579626F 
 667      6172642E 
 667      63796473 
 668              	.LASF15:
 669 0162 5053325F 		.ascii	"PS2_1_counter_trigger\000"
 669      315F636F 
 669      756E7465 
 669      725F7472 
 669      69676765 
 670              	.LASF26:
 671 0178 5053325F 		.ascii	"PS2_1_DetectDevice\000"
 671      315F4465 
 671      74656374 
 671      44657669 
 671      636500
 672              	.LASF4:
 673 018b 6C6F6E67 		.ascii	"long int\000"
 673      20696E74 
 673      00
 674              	.LASF10:
 675 0194 646F7562 		.ascii	"double\000"
 675      6C6500
ARM GAS  C:\Users\addis\AppData\Local\Temp\ccq8bz8F.s 			page 15


 676              	.LASF14:
 677 019b 5053325F 		.ascii	"PS2_1_Init\000"
 677      315F496E 
 677      697400
 678              	.LASF27:
 679 01a6 5053325F 		.ascii	"PS2_1_Counter_Start\000"
 679      315F436F 
 679      756E7465 
 679      725F5374 
 679      61727400 
 680              	.LASF3:
 681 01ba 73686F72 		.ascii	"short unsigned int\000"
 681      7420756E 
 681      7369676E 
 681      65642069 
 681      6E7400
 682              	.LASF0:
 683 01cd 7369676E 		.ascii	"signed char\000"
 683      65642063 
 683      68617200 
 684              	.LASF22:
 685 01d9 2E5C4765 		.ascii	".\\Generated_Source\\PSoC5\\PS2_1_ps2.c\000"
 685      6E657261 
 685      7465645F 
 685      536F7572 
 685      63655C50 
 686              	.LASF25:
 687 01fe 5053325F 		.ascii	"PS2_1_Start\000"
 687      315F5374 
 687      61727400 
 688              	.LASF19:
 689 020a 5053325F 		.ascii	"PS2_1_controlReg_Read\000"
 689      315F636F 
 689      6E74726F 
 689      6C526567 
 689      5F526561 
 690              	.LASF9:
 691 0220 666C6F61 		.ascii	"float\000"
 691      7400
 692              	.LASF20:
 693 0226 5053325F 		.ascii	"PS2_1_statusReg_Read\000"
 693      315F7374 
 693      61747573 
 693      5265675F 
 693      52656164 
 694              	.LASF2:
 695 023b 73686F72 		.ascii	"short int\000"
 695      7420696E 
 695      7400
 696              	.LASF12:
 697 0245 73697A65 		.ascii	"sizetype\000"
 697      74797065 
 697      00
 698              	.LASF17:
 699 024e 5053325F 		.ascii	"PS2_1_Counter_WritePeriod\000"
 699      315F436F 
 699      756E7465 
ARM GAS  C:\Users\addis\AppData\Local\Temp\ccq8bz8F.s 			page 16


 699      725F5772 
 699      69746550 
 700              		.ident	"GCC: (GNU Tools for ARM Embedded Processors) 4.9.3 20150303 (release) [ARM/embedded-4_9-br
