ARM GAS  C:\Users\addis\AppData\Local\Temp\ccGFRSDo.s 			page 1


   1              		.syntax unified
   2              		.cpu cortex-m3
   3              		.fpu softvfp
   4              		.eabi_attribute 20, 1
   5              		.eabi_attribute 21, 1
   6              		.eabi_attribute 23, 3
   7              		.eabi_attribute 24, 1
   8              		.eabi_attribute 25, 1
   9              		.eabi_attribute 26, 1
  10              		.eabi_attribute 30, 1
  11              		.eabi_attribute 34, 1
  12              		.eabi_attribute 18, 4
  13              		.thumb
  14              		.file	"cymetadata.c"
  15              		.text
  16              	.Ltext0:
  17              		.cfi_sections	.debug_frame
  18              		.global	cy_metadata
  19              		.global	cy_meta_flashprotect
  20              		.global	cy_meta_wonvl
  21              		.global	cy_meta_custnvl
  22              		.global	cy_meta_configecc
  23              		.section	.cyconfigecc,"a",%progbits
  24              		.align	2
  25              		.type	cy_meta_configecc, %object
  26              		.size	cy_meta_configecc, 92
  27              	cy_meta_configecc:
  28 0000 01       		.byte	1
  29 0001 45       		.byte	69
  30 0002 00       		.byte	0
  31 0003 40       		.byte	64
  32 0004 01       		.byte	1
  33 0005 52       		.byte	82
  34 0006 00       		.byte	0
  35 0007 40       		.byte	64
  36 0008 01       		.byte	1
  37 0009 17       		.byte	23
  38 000a 01       		.byte	1
  39 000b 40       		.byte	64
  40 000c 01       		.byte	1
  41 000d 19       		.byte	25
  42 000e 01       		.byte	1
  43 000f 40       		.byte	64
  44 0010 02       		.byte	2
  45 0011 40       		.byte	64
  46 0012 01       		.byte	1
  47 0013 40       		.byte	64
  48 0014 01       		.byte	1
  49 0015 41       		.byte	65
  50 0016 01       		.byte	1
  51 0017 40       		.byte	64
  52 0018 01       		.byte	1
  53 0019 42       		.byte	66
  54 001a 01       		.byte	1
  55 001b 40       		.byte	64
  56 001c 01       		.byte	1
  57 001d 43       		.byte	67
ARM GAS  C:\Users\addis\AppData\Local\Temp\ccGFRSDo.s 			page 2


  58 001e 01       		.byte	1
  59 001f 40       		.byte	64
  60 0020 02       		.byte	2
  61 0021 47       		.byte	71
  62 0022 01       		.byte	1
  63 0023 40       		.byte	64
  64 0024 02       		.byte	2
  65 0025 48       		.byte	72
  66 0026 01       		.byte	1
  67 0027 40       		.byte	64
  68 0028 01       		.byte	1
  69 0029 4C       		.byte	76
  70 002a 01       		.byte	1
  71 002b 40       		.byte	64
  72 002c 01       		.byte	1
  73 002d 51       		.byte	81
  74 002e 01       		.byte	1
  75 002f 40       		.byte	64
  76 0030 7E       		.byte	126
  77 0031 02       		.byte	2
  78 0032 7C       		.byte	124
  79 0033 40       		.byte	64
  80 0034 EE       		.byte	-18
  81 0035 08       		.byte	8
  82 0036 EE       		.byte	-18
  83 0037 08       		.byte	8
  84 0038 33       		.byte	51
  85 0039 80       		.byte	-128
  86 003a CC       		.byte	-52
  87 003b 10       		.byte	16
  88 003c A7       		.byte	-89
  89 003d 80       		.byte	-128
  90 003e A7       		.byte	-89
  91 003f 80       		.byte	-128
  92 0040 A7       		.byte	-89
  93 0041 80       		.byte	-128
  94 0042 08       		.byte	8
  95 0043 08       		.byte	8
  96 0044 C2       		.byte	-62
  97 0045 08       		.byte	8
  98 0046 AF       		.byte	-81
  99 0047 80       		.byte	-128
 100 0048 EE       		.byte	-18
 101 0049 10       		.byte	16
 102 004a AC       		.byte	-84
 103 004b 08       		.byte	8
 104 004c 00       		.byte	0
 105 004d 02       		.byte	2
 106 004e 00       		.byte	0
 107 004f 00       		.byte	0
 108 0050 40       		.byte	64
 109 0051 00       		.byte	0
 110 0052 00       		.byte	0
 111 0053 00       		.byte	0
 112 0054 00       		.byte	0
 113 0055 00       		.byte	0
 114 0056 00       		.byte	0
ARM GAS  C:\Users\addis\AppData\Local\Temp\ccGFRSDo.s 			page 3


 115 0057 00       		.byte	0
 116 0058 C0       		.byte	-64
 117 0059 00       		.byte	0
 118 005a 00       		.byte	0
 119 005b 00       		.byte	0
 120              		.section	.cywolatch,"a",%progbits
 121              		.align	2
 122              		.type	cy_meta_wonvl, %object
 123              		.size	cy_meta_wonvl, 4
 124              	cy_meta_wonvl:
 125 0000 BC       		.byte	-68
 126 0001 90       		.byte	-112
 127 0002 AC       		.byte	-84
 128 0003 AF       		.byte	-81
 129              		.section	.cycustnvl,"a",%progbits
 130              		.align	2
 131              		.type	cy_meta_custnvl, %object
 132              		.size	cy_meta_custnvl, 4
 133              	cy_meta_custnvl:
 134 0000 00       		.byte	0
 135 0001 00       		.byte	0
 136 0002 40       		.byte	64
 137 0003 05       		.byte	5
 138              		.section	.cymeta,"a",%progbits
 139              		.align	2
 140              		.type	cy_metadata, %object
 141              		.size	cy_metadata, 12
 142              	cy_metadata:
 143 0000 00       		.byte	0
 144 0001 01       		.byte	1
 145 0002 2E       		.byte	46
 146 0003 16       		.byte	22
 147 0004 10       		.byte	16
 148 0005 69       		.byte	105
 149 0006 00       		.byte	0
 150 0007 01       		.byte	1
 151 0008 00       		.byte	0
 152 0009 00       		.byte	0
 153 000a 00       		.byte	0
 154 000b 00       		.byte	0
 155              		.section	.cyflashprotect,"a",%progbits
 156              		.align	2
 157              		.type	cy_meta_flashprotect, %object
 158              		.size	cy_meta_flashprotect, 256
 159              	cy_meta_flashprotect:
 160 0000 00000000 		.space	256
 160      00000000 
 160      00000000 
 160      00000000 
 160      00000000 
 161              		.text
 162              	.Letext0:
 163              		.file 1 ".\\Generated_Source\\PSoC5\\cymetadata.c"
 164              		.file 2 ".\\Generated_Source\\PSoC5\\cytypes.h"
 165              		.section	.debug_info,"",%progbits
 166              	.Ldebug_info0:
 167 0000 36010000 		.4byte	0x136
ARM GAS  C:\Users\addis\AppData\Local\Temp\ccGFRSDo.s 			page 4


 168 0004 0400     		.2byte	0x4
 169 0006 00000000 		.4byte	.Ldebug_abbrev0
 170 000a 04       		.byte	0x4
 171 000b 01       		.uleb128 0x1
 172 000c D8000000 		.4byte	.LASF18
 173 0010 01       		.byte	0x1
 174 0011 00000000 		.4byte	.LASF19
 175 0015 46000000 		.4byte	.LASF20
 176 0019 00000000 		.4byte	.Ldebug_line0
 177 001d 02       		.uleb128 0x2
 178 001e 01       		.byte	0x1
 179 001f 06       		.byte	0x6
 180 0020 E2010000 		.4byte	.LASF0
 181 0024 02       		.uleb128 0x2
 182 0025 01       		.byte	0x1
 183 0026 08       		.byte	0x8
 184 0027 38000000 		.4byte	.LASF1
 185 002b 02       		.uleb128 0x2
 186 002c 02       		.byte	0x2
 187 002d 05       		.byte	0x5
 188 002e C9010000 		.4byte	.LASF2
 189 0032 02       		.uleb128 0x2
 190 0033 02       		.byte	0x2
 191 0034 07       		.byte	0x7
 192 0035 9C000000 		.4byte	.LASF3
 193 0039 02       		.uleb128 0x2
 194 003a 04       		.byte	0x4
 195 003b 05       		.byte	0x5
 196 003c D9010000 		.4byte	.LASF4
 197 0040 02       		.uleb128 0x2
 198 0041 04       		.byte	0x4
 199 0042 07       		.byte	0x7
 200 0043 8A000000 		.4byte	.LASF5
 201 0047 02       		.uleb128 0x2
 202 0048 08       		.byte	0x8
 203 0049 05       		.byte	0x5
 204 004a B6010000 		.4byte	.LASF6
 205 004e 02       		.uleb128 0x2
 206 004f 08       		.byte	0x8
 207 0050 07       		.byte	0x7
 208 0051 73010000 		.4byte	.LASF7
 209 0055 03       		.uleb128 0x3
 210 0056 04       		.byte	0x4
 211 0057 05       		.byte	0x5
 212 0058 696E7400 		.ascii	"int\000"
 213 005c 02       		.uleb128 0x2
 214 005d 04       		.byte	0x4
 215 005e 07       		.byte	0x7
 216 005f 66010000 		.4byte	.LASF8
 217 0063 04       		.uleb128 0x4
 218 0064 D3010000 		.4byte	.LASF21
 219 0068 02       		.byte	0x2
 220 0069 3801     		.2byte	0x138
 221 006b 24000000 		.4byte	0x24
 222 006f 02       		.uleb128 0x2
 223 0070 04       		.byte	0x4
 224 0071 04       		.byte	0x4
ARM GAS  C:\Users\addis\AppData\Local\Temp\ccGFRSDo.s 			page 5


 225 0072 32000000 		.4byte	.LASF9
 226 0076 02       		.uleb128 0x2
 227 0077 08       		.byte	0x8
 228 0078 04       		.byte	0x4
 229 0079 AF000000 		.4byte	.LASF10
 230 007d 02       		.uleb128 0x2
 231 007e 01       		.byte	0x1
 232 007f 08       		.byte	0x8
 233 0080 C4010000 		.4byte	.LASF11
 234 0084 05       		.uleb128 0x5
 235 0085 63000000 		.4byte	0x63
 236 0089 94000000 		.4byte	0x94
 237 008d 06       		.uleb128 0x6
 238 008e 94000000 		.4byte	0x94
 239 0092 5B       		.byte	0x5b
 240 0093 00       		.byte	0
 241 0094 02       		.uleb128 0x2
 242 0095 04       		.byte	0x4
 243 0096 07       		.byte	0x7
 244 0097 AD010000 		.4byte	.LASF12
 245 009b 07       		.uleb128 0x7
 246 009c C6000000 		.4byte	.LASF13
 247 00a0 01       		.byte	0x1
 248 00a1 1F       		.byte	0x1f
 249 00a2 AC000000 		.4byte	0xac
 250 00a6 05       		.uleb128 0x5
 251 00a7 03       		.byte	0x3
 252 00a8 00000000 		.4byte	cy_meta_configecc
 253 00ac 08       		.uleb128 0x8
 254 00ad 84000000 		.4byte	0x84
 255 00b1 05       		.uleb128 0x5
 256 00b2 63000000 		.4byte	0x63
 257 00b6 C1000000 		.4byte	0xc1
 258 00ba 06       		.uleb128 0x6
 259 00bb 94000000 		.4byte	0x94
 260 00bf 03       		.byte	0x3
 261 00c0 00       		.byte	0
 262 00c1 07       		.uleb128 0x7
 263 00c2 B6000000 		.4byte	.LASF14
 264 00c6 01       		.byte	0x1
 265 00c7 38       		.byte	0x38
 266 00c8 D2000000 		.4byte	0xd2
 267 00cc 05       		.uleb128 0x5
 268 00cd 03       		.byte	0x3
 269 00ce 00000000 		.4byte	cy_meta_custnvl
 270 00d2 08       		.uleb128 0x8
 271 00d3 B1000000 		.4byte	0xb1
 272 00d7 07       		.uleb128 0x7
 273 00d8 9F010000 		.4byte	.LASF15
 274 00dc 01       		.byte	0x1
 275 00dd 46       		.byte	0x46
 276 00de E8000000 		.4byte	0xe8
 277 00e2 05       		.uleb128 0x5
 278 00e3 03       		.byte	0x3
 279 00e4 00000000 		.4byte	cy_meta_wonvl
 280 00e8 08       		.uleb128 0x8
 281 00e9 B1000000 		.4byte	0xb1
ARM GAS  C:\Users\addis\AppData\Local\Temp\ccGFRSDo.s 			page 6


 282 00ed 05       		.uleb128 0x5
 283 00ee 63000000 		.4byte	0x63
 284 00f2 FD000000 		.4byte	0xfd
 285 00f6 06       		.uleb128 0x6
 286 00f7 94000000 		.4byte	0x94
 287 00fb FF       		.byte	0xff
 288 00fc 00       		.byte	0
 289 00fd 07       		.uleb128 0x7
 290 00fe 8A010000 		.4byte	.LASF16
 291 0102 01       		.byte	0x1
 292 0103 54       		.byte	0x54
 293 0104 0E010000 		.4byte	0x10e
 294 0108 05       		.uleb128 0x5
 295 0109 03       		.byte	0x3
 296 010a 00000000 		.4byte	cy_meta_flashprotect
 297 010e 08       		.uleb128 0x8
 298 010f ED000000 		.4byte	0xed
 299 0113 05       		.uleb128 0x5
 300 0114 63000000 		.4byte	0x63
 301 0118 23010000 		.4byte	0x123
 302 011c 06       		.uleb128 0x6
 303 011d 94000000 		.4byte	0x94
 304 0121 0B       		.byte	0xb
 305 0122 00       		.byte	0
 306 0123 07       		.uleb128 0x7
 307 0124 26000000 		.4byte	.LASF17
 308 0128 01       		.byte	0x1
 309 0129 81       		.byte	0x81
 310 012a 34010000 		.4byte	0x134
 311 012e 05       		.uleb128 0x5
 312 012f 03       		.byte	0x3
 313 0130 00000000 		.4byte	cy_metadata
 314 0134 08       		.uleb128 0x8
 315 0135 13010000 		.4byte	0x113
 316 0139 00       		.byte	0
 317              		.section	.debug_abbrev,"",%progbits
 318              	.Ldebug_abbrev0:
 319 0000 01       		.uleb128 0x1
 320 0001 11       		.uleb128 0x11
 321 0002 01       		.byte	0x1
 322 0003 25       		.uleb128 0x25
 323 0004 0E       		.uleb128 0xe
 324 0005 13       		.uleb128 0x13
 325 0006 0B       		.uleb128 0xb
 326 0007 03       		.uleb128 0x3
 327 0008 0E       		.uleb128 0xe
 328 0009 1B       		.uleb128 0x1b
 329 000a 0E       		.uleb128 0xe
 330 000b 10       		.uleb128 0x10
 331 000c 17       		.uleb128 0x17
 332 000d 00       		.byte	0
 333 000e 00       		.byte	0
 334 000f 02       		.uleb128 0x2
 335 0010 24       		.uleb128 0x24
 336 0011 00       		.byte	0
 337 0012 0B       		.uleb128 0xb
 338 0013 0B       		.uleb128 0xb
ARM GAS  C:\Users\addis\AppData\Local\Temp\ccGFRSDo.s 			page 7


 339 0014 3E       		.uleb128 0x3e
 340 0015 0B       		.uleb128 0xb
 341 0016 03       		.uleb128 0x3
 342 0017 0E       		.uleb128 0xe
 343 0018 00       		.byte	0
 344 0019 00       		.byte	0
 345 001a 03       		.uleb128 0x3
 346 001b 24       		.uleb128 0x24
 347 001c 00       		.byte	0
 348 001d 0B       		.uleb128 0xb
 349 001e 0B       		.uleb128 0xb
 350 001f 3E       		.uleb128 0x3e
 351 0020 0B       		.uleb128 0xb
 352 0021 03       		.uleb128 0x3
 353 0022 08       		.uleb128 0x8
 354 0023 00       		.byte	0
 355 0024 00       		.byte	0
 356 0025 04       		.uleb128 0x4
 357 0026 16       		.uleb128 0x16
 358 0027 00       		.byte	0
 359 0028 03       		.uleb128 0x3
 360 0029 0E       		.uleb128 0xe
 361 002a 3A       		.uleb128 0x3a
 362 002b 0B       		.uleb128 0xb
 363 002c 3B       		.uleb128 0x3b
 364 002d 05       		.uleb128 0x5
 365 002e 49       		.uleb128 0x49
 366 002f 13       		.uleb128 0x13
 367 0030 00       		.byte	0
 368 0031 00       		.byte	0
 369 0032 05       		.uleb128 0x5
 370 0033 01       		.uleb128 0x1
 371 0034 01       		.byte	0x1
 372 0035 49       		.uleb128 0x49
 373 0036 13       		.uleb128 0x13
 374 0037 01       		.uleb128 0x1
 375 0038 13       		.uleb128 0x13
 376 0039 00       		.byte	0
 377 003a 00       		.byte	0
 378 003b 06       		.uleb128 0x6
 379 003c 21       		.uleb128 0x21
 380 003d 00       		.byte	0
 381 003e 49       		.uleb128 0x49
 382 003f 13       		.uleb128 0x13
 383 0040 2F       		.uleb128 0x2f
 384 0041 0B       		.uleb128 0xb
 385 0042 00       		.byte	0
 386 0043 00       		.byte	0
 387 0044 07       		.uleb128 0x7
 388 0045 34       		.uleb128 0x34
 389 0046 00       		.byte	0
 390 0047 03       		.uleb128 0x3
 391 0048 0E       		.uleb128 0xe
 392 0049 3A       		.uleb128 0x3a
 393 004a 0B       		.uleb128 0xb
 394 004b 3B       		.uleb128 0x3b
 395 004c 0B       		.uleb128 0xb
ARM GAS  C:\Users\addis\AppData\Local\Temp\ccGFRSDo.s 			page 8


 396 004d 49       		.uleb128 0x49
 397 004e 13       		.uleb128 0x13
 398 004f 3F       		.uleb128 0x3f
 399 0050 19       		.uleb128 0x19
 400 0051 02       		.uleb128 0x2
 401 0052 18       		.uleb128 0x18
 402 0053 00       		.byte	0
 403 0054 00       		.byte	0
 404 0055 08       		.uleb128 0x8
 405 0056 26       		.uleb128 0x26
 406 0057 00       		.byte	0
 407 0058 49       		.uleb128 0x49
 408 0059 13       		.uleb128 0x13
 409 005a 00       		.byte	0
 410 005b 00       		.byte	0
 411 005c 00       		.byte	0
 412              		.section	.debug_aranges,"",%progbits
 413 0000 14000000 		.4byte	0x14
 414 0004 0200     		.2byte	0x2
 415 0006 00000000 		.4byte	.Ldebug_info0
 416 000a 04       		.byte	0x4
 417 000b 00       		.byte	0
 418 000c 0000     		.2byte	0
 419 000e 0000     		.2byte	0
 420 0010 00000000 		.4byte	0
 421 0014 00000000 		.4byte	0
 422              		.section	.debug_line,"",%progbits
 423              	.Ldebug_line0:
 424 0000 4F000000 		.section	.debug_str,"MS",%progbits,1
 424      02004900 
 424      00000201 
 424      FB0E0D00 
 424      01010101 
 425              	.LASF19:
 426 0000 2E5C4765 		.ascii	".\\Generated_Source\\PSoC5\\cymetadata.c\000"
 426      6E657261 
 426      7465645F 
 426      536F7572 
 426      63655C50 
 427              	.LASF17:
 428 0026 63795F6D 		.ascii	"cy_metadata\000"
 428      65746164 
 428      61746100 
 429              	.LASF9:
 430 0032 666C6F61 		.ascii	"float\000"
 430      7400
 431              	.LASF1:
 432 0038 756E7369 		.ascii	"unsigned char\000"
 432      676E6564 
 432      20636861 
 432      7200
 433              	.LASF20:
 434 0046 433A5C55 		.ascii	"C:\\Users\\addis\\Documents\\PSoC Creator\\Workspac"
 434      73657273 
 434      5C616464 
 434      69735C44 
 434      6F63756D 
ARM GAS  C:\Users\addis\AppData\Local\Temp\ccGFRSDo.s 			page 9


 435 0074 6530325C 		.ascii	"e02\\USBKeyboard.cydsn\000"
 435      5553424B 
 435      6579626F 
 435      6172642E 
 435      63796473 
 436              	.LASF5:
 437 008a 6C6F6E67 		.ascii	"long unsigned int\000"
 437      20756E73 
 437      69676E65 
 437      6420696E 
 437      7400
 438              	.LASF3:
 439 009c 73686F72 		.ascii	"short unsigned int\000"
 439      7420756E 
 439      7369676E 
 439      65642069 
 439      6E7400
 440              	.LASF10:
 441 00af 646F7562 		.ascii	"double\000"
 441      6C6500
 442              	.LASF14:
 443 00b6 63795F6D 		.ascii	"cy_meta_custnvl\000"
 443      6574615F 
 443      63757374 
 443      6E766C00 
 444              	.LASF13:
 445 00c6 63795F6D 		.ascii	"cy_meta_configecc\000"
 445      6574615F 
 445      636F6E66 
 445      69676563 
 445      6300
 446              	.LASF18:
 447 00d8 474E5520 		.ascii	"GNU C 4.9.3 20150303 (release) [ARM/embedded-4_9-br"
 447      4320342E 
 447      392E3320 
 447      32303135 
 447      30333033 
 448 010b 616E6368 		.ascii	"anch revision 221220] -mcpu=cortex-m3 -mthumb -g -O"
 448      20726576 
 448      6973696F 
 448      6E203232 
 448      31323230 
 449 013e 67202D66 		.ascii	"g -ffunction-sections -ffat-lto-objects\000"
 449      66756E63 
 449      74696F6E 
 449      2D736563 
 449      74696F6E 
 450              	.LASF8:
 451 0166 756E7369 		.ascii	"unsigned int\000"
 451      676E6564 
 451      20696E74 
 451      00
 452              	.LASF7:
 453 0173 6C6F6E67 		.ascii	"long long unsigned int\000"
 453      206C6F6E 
 453      6720756E 
 453      7369676E 
ARM GAS  C:\Users\addis\AppData\Local\Temp\ccGFRSDo.s 			page 10


 453      65642069 
 454              	.LASF16:
 455 018a 63795F6D 		.ascii	"cy_meta_flashprotect\000"
 455      6574615F 
 455      666C6173 
 455      6870726F 
 455      74656374 
 456              	.LASF15:
 457 019f 63795F6D 		.ascii	"cy_meta_wonvl\000"
 457      6574615F 
 457      776F6E76 
 457      6C00
 458              	.LASF12:
 459 01ad 73697A65 		.ascii	"sizetype\000"
 459      74797065 
 459      00
 460              	.LASF6:
 461 01b6 6C6F6E67 		.ascii	"long long int\000"
 461      206C6F6E 
 461      6720696E 
 461      7400
 462              	.LASF11:
 463 01c4 63686172 		.ascii	"char\000"
 463      00
 464              	.LASF2:
 465 01c9 73686F72 		.ascii	"short int\000"
 465      7420696E 
 465      7400
 466              	.LASF21:
 467 01d3 75696E74 		.ascii	"uint8\000"
 467      3800
 468              	.LASF4:
 469 01d9 6C6F6E67 		.ascii	"long int\000"
 469      20696E74 
 469      00
 470              	.LASF0:
 471 01e2 7369676E 		.ascii	"signed char\000"
 471      65642063 
 471      68617200 
 472              		.ident	"GCC: (GNU Tools for ARM Embedded Processors) 4.9.3 20150303 (release) [ARM/embedded-4_9-br
