ARM GAS  C:\Users\addis\AppData\Local\Temp\ccJVbO02.s 			page 1


   1              		.syntax unified
   2              		.cpu cortex-m3
   3              		.fpu softvfp
   4              		.eabi_attribute 20, 1
   5              		.eabi_attribute 21, 1
   6              		.eabi_attribute 23, 3
   7              		.eabi_attribute 24, 1
   8              		.eabi_attribute 25, 1
   9              		.eabi_attribute 26, 1
  10              		.eabi_attribute 30, 1
  11              		.eabi_attribute 34, 1
  12              		.eabi_attribute 18, 4
  13              		.thumb
  14              		.file	"main.c"
  15              		.text
  16              	.Ltext0:
  17              		.cfi_sections	.debug_frame
  18              		.section	.text.main,"ax",%progbits
  19              		.align	2
  20              		.global	main
  21              		.thumb
  22              		.thumb_func
  23              		.type	main, %function
  24              	main:
  25              	.LFB63:
  26              		.file 1 ".\\main.c"
   1:.\main.c      **** /* ========================================
   2:.\main.c      ****  *
   3:.\main.c      ****  * Copyright YOUR COMPANY, THE YEAR
   4:.\main.c      ****  * All Rights Reserved
   5:.\main.c      ****  * UNPUBLISHED, LICENSED SOFTWARE.
   6:.\main.c      ****  *
   7:.\main.c      ****  * CONFIDENTIAL AND PROPRIETARY INFORMATION
   8:.\main.c      ****  * WHICH IS THE PROPERTY OF your company.
   9:.\main.c      ****  *
  10:.\main.c      ****  * ========================================
  11:.\main.c      **** */
  12:.\main.c      **** #include <project.h>
  13:.\main.c      **** 
  14:.\main.c      **** #define KBD_DATA_LEN		8
  15:.\main.c      **** #define KBD_ENDPT			1
  16:.\main.c      **** 
  17:.\main.c      **** /* Keyboard packet array:  */
  18:.\main.c      **** uint8 keyboardPacket[KBD_DATA_LEN] = {0x20, 0x00, 0x04, 0, 0, 0, 0, 0};
  19:.\main.c      **** 
  20:.\main.c      **** int main()
  21:.\main.c      **** {
  27              		.loc 1 21 0
  28              		.cfi_startproc
  29              		@ Volatile: function does not return.
  30              		@ args = 0, pretend = 0, frame = 0
  31              		@ frame_needed = 0, uses_anonymous_args = 0
  32 0000 08B5     		push	{r3, lr}
  33              		.cfi_def_cfa_offset 8
  34              		.cfi_offset 3, -8
  35              		.cfi_offset 14, -4
  22:.\main.c      **** 	CyGlobalIntEnable;
ARM GAS  C:\Users\addis\AppData\Local\Temp\ccJVbO02.s 			page 2


  36              		.loc 1 22 0
  37              	@ 22 ".\main.c" 1
  38 0002 62B6     		CPSIE   i
  39              	@ 0 "" 2
  23:.\main.c      **** 	
  24:.\main.c      **** 	// Start USBFS operation with 5-V operation
  25:.\main.c      **** 	USBFS_Start(0X00, USBFS_5V_OPERATION);
  40              		.loc 1 25 0
  41              		.thumb
  42 0004 0020     		movs	r0, #0
  43 0006 0121     		movs	r1, #1
  44 0008 FFF7FEFF 		bl	USBFS_Start
  45              	.LVL0:
  46              	.L2:
  26:.\main.c      **** 
  27:.\main.c      **** 	// Wait for device to enumerate
  28:.\main.c      **** 	while (!USBFS_GetConfiguration());
  47              		.loc 1 28 0 discriminator 1
  48 000c FFF7FEFF 		bl	USBFS_GetConfiguration
  49              	.LVL1:
  50 0010 0028     		cmp	r0, #0
  51 0012 FBD0     		beq	.L2
  52              	.L4:
  29:.\main.c      **** 
  30:.\main.c      **** 	while (1)
  31:.\main.c      **** 	{
  32:.\main.c      **** 		// Load in data to keyboard
  33:.\main.c      **** 		USBFS_LoadInEP(KBD_ENDPT, keyboardPacket, KBD_DATA_LEN);
  53              		.loc 1 33 0
  54 0014 0120     		movs	r0, #1
  55 0016 0749     		ldr	r1, .L6
  56 0018 0822     		movs	r2, #8
  57 001a FFF7FEFF 		bl	USBFS_LoadInEP
  58              	.LVL2:
  59              	.L3:
  34:.\main.c      **** 		
  35:.\main.c      **** 		// Wait for an ACK
  36:.\main.c      **** 		while (!USBFS_GetEPAckState(KBD_ENDPT));
  60              		.loc 1 36 0 discriminator 1
  61 001e 0120     		movs	r0, #1
  62 0020 FFF7FEFF 		bl	USBFS_GetEPAckState
  63              	.LVL3:
  64 0024 0028     		cmp	r0, #0
  65 0026 FAD0     		beq	.L3
  37:.\main.c      **** 		
  38:.\main.c      **** 		CyDelay(3000);
  66              		.loc 1 38 0
  67 0028 40F6B830 		movw	r0, #3000
  68 002c FFF7FEFF 		bl	CyDelay
  69              	.LVL4:
  39:.\main.c      **** 	}
  70              		.loc 1 39 0
  71 0030 F0E7     		b	.L4
  72              	.L7:
  73 0032 00BF     		.align	2
  74              	.L6:
  75 0034 00000000 		.word	.LANCHOR0
ARM GAS  C:\Users\addis\AppData\Local\Temp\ccJVbO02.s 			page 3


  76              		.cfi_endproc
  77              	.LFE63:
  78              		.size	main, .-main
  79              		.global	keyboardPacket
  80              		.data
  81              		.align	2
  82              		.set	.LANCHOR0,. + 0
  83              		.type	keyboardPacket, %object
  84              		.size	keyboardPacket, 8
  85              	keyboardPacket:
  86 0000 20       		.byte	32
  87 0001 00       		.byte	0
  88 0002 04       		.byte	4
  89 0003 00       		.byte	0
  90 0004 00       		.byte	0
  91 0005 00       		.byte	0
  92 0006 00       		.byte	0
  93 0007 00       		.byte	0
  94              		.text
  95              	.Letext0:
  96              		.file 2 "c:\\program files (x86)\\cypress\\psoc creator\\3.3\\psoc creator\\import\\gnu\\arm\\4.9.
  97              		.file 3 "c:\\program files (x86)\\cypress\\psoc creator\\3.3\\psoc creator\\import\\gnu\\arm\\4.9.
  98              		.file 4 "Generated_Source\\PSoC5/cytypes.h"
  99              		.file 5 "Generated_Source\\PSoC5/core_cm3.h"
 100              		.file 6 "Generated_Source\\PSoC5/USBFS.h"
 101              		.file 7 "Generated_Source\\PSoC5/CyLib.h"
 102              		.section	.debug_info,"",%progbits
 103              	.Ldebug_info0:
 104 0000 DD010000 		.4byte	0x1dd
 105 0004 0400     		.2byte	0x4
 106 0006 00000000 		.4byte	.Ldebug_abbrev0
 107 000a 04       		.byte	0x4
 108 000b 01       		.uleb128 0x1
 109 000c 52010000 		.4byte	.LASF22
 110 0010 01       		.byte	0x1
 111 0011 70000000 		.4byte	.LASF23
 112 0015 F8000000 		.4byte	.LASF24
 113 0019 00000000 		.4byte	.Ldebug_ranges0+0
 114 001d 00000000 		.4byte	0
 115 0021 00000000 		.4byte	.Ldebug_line0
 116 0025 02       		.uleb128 0x2
 117 0026 01       		.byte	0x1
 118 0027 06       		.byte	0x6
 119 0028 3C010000 		.4byte	.LASF0
 120 002c 02       		.uleb128 0x2
 121 002d 01       		.byte	0x1
 122 002e 08       		.byte	0x8
 123 002f AF000000 		.4byte	.LASF1
 124 0033 02       		.uleb128 0x2
 125 0034 02       		.byte	0x2
 126 0035 05       		.byte	0x5
 127 0036 E6010000 		.4byte	.LASF2
 128 003a 02       		.uleb128 0x2
 129 003b 02       		.byte	0x2
 130 003c 07       		.byte	0x7
 131 003d 90000000 		.4byte	.LASF3
 132 0041 03       		.uleb128 0x3
ARM GAS  C:\Users\addis\AppData\Local\Temp\ccJVbO02.s 			page 4


 133 0042 48010000 		.4byte	.LASF9
 134 0046 02       		.byte	0x2
 135 0047 3F       		.byte	0x3f
 136 0048 4C000000 		.4byte	0x4c
 137 004c 02       		.uleb128 0x2
 138 004d 04       		.byte	0x4
 139 004e 05       		.byte	0x5
 140 004f C2000000 		.4byte	.LASF4
 141 0053 02       		.uleb128 0x2
 142 0054 04       		.byte	0x4
 143 0055 07       		.byte	0x7
 144 0056 D2000000 		.4byte	.LASF5
 145 005a 02       		.uleb128 0x2
 146 005b 08       		.byte	0x8
 147 005c 05       		.byte	0x5
 148 005d 00000000 		.4byte	.LASF6
 149 0061 02       		.uleb128 0x2
 150 0062 08       		.byte	0x8
 151 0063 07       		.byte	0x7
 152 0064 79000000 		.4byte	.LASF7
 153 0068 04       		.uleb128 0x4
 154 0069 04       		.byte	0x4
 155 006a 05       		.byte	0x5
 156 006b 696E7400 		.ascii	"int\000"
 157 006f 02       		.uleb128 0x2
 158 0070 04       		.byte	0x4
 159 0071 07       		.byte	0x7
 160 0072 24000000 		.4byte	.LASF8
 161 0076 03       		.uleb128 0x3
 162 0077 51000000 		.4byte	.LASF10
 163 007b 03       		.byte	0x3
 164 007c 2C       		.byte	0x2c
 165 007d 41000000 		.4byte	0x41
 166 0081 05       		.uleb128 0x5
 167 0082 36000000 		.4byte	.LASF11
 168 0086 04       		.byte	0x4
 169 0087 3801     		.2byte	0x138
 170 0089 2C000000 		.4byte	0x2c
 171 008d 05       		.uleb128 0x5
 172 008e F0010000 		.4byte	.LASF12
 173 0092 04       		.byte	0x4
 174 0093 3901     		.2byte	0x139
 175 0095 3A000000 		.4byte	0x3a
 176 0099 05       		.uleb128 0x5
 177 009a 0E000000 		.4byte	.LASF13
 178 009e 04       		.byte	0x4
 179 009f 3A01     		.2byte	0x13a
 180 00a1 53000000 		.4byte	0x53
 181 00a5 02       		.uleb128 0x2
 182 00a6 04       		.byte	0x4
 183 00a7 04       		.byte	0x4
 184 00a8 E0010000 		.4byte	.LASF14
 185 00ac 02       		.uleb128 0x2
 186 00ad 08       		.byte	0x8
 187 00ae 04       		.byte	0x4
 188 00af CB000000 		.4byte	.LASF15
 189 00b3 02       		.uleb128 0x2
ARM GAS  C:\Users\addis\AppData\Local\Temp\ccJVbO02.s 			page 5


 190 00b4 01       		.byte	0x1
 191 00b5 08       		.byte	0x8
 192 00b6 BD000000 		.4byte	.LASF16
 193 00ba 02       		.uleb128 0x2
 194 00bb 04       		.byte	0x4
 195 00bc 07       		.byte	0x7
 196 00bd 06020000 		.4byte	.LASF17
 197 00c1 06       		.uleb128 0x6
 198 00c2 81000000 		.4byte	0x81
 199 00c6 D1000000 		.4byte	0xd1
 200 00ca 07       		.uleb128 0x7
 201 00cb BA000000 		.4byte	0xba
 202 00cf 07       		.byte	0x7
 203 00d0 00       		.byte	0
 204 00d1 08       		.uleb128 0x8
 205 00d2 31000000 		.4byte	.LASF25
 206 00d6 01       		.byte	0x1
 207 00d7 14       		.byte	0x14
 208 00d8 68000000 		.4byte	0x68
 209 00dc 00000000 		.4byte	.LFB63
 210 00e0 38000000 		.4byte	.LFE63-.LFB63
 211 00e4 01       		.uleb128 0x1
 212 00e5 9C       		.byte	0x9c
 213 00e6 51010000 		.4byte	0x151
 214 00ea 09       		.uleb128 0x9
 215 00eb 0C000000 		.4byte	.LVL0
 216 00ef 73010000 		.4byte	0x173
 217 00f3 02010000 		.4byte	0x102
 218 00f7 0A       		.uleb128 0xa
 219 00f8 01       		.uleb128 0x1
 220 00f9 51       		.byte	0x51
 221 00fa 01       		.uleb128 0x1
 222 00fb 31       		.byte	0x31
 223 00fc 0A       		.uleb128 0xa
 224 00fd 01       		.uleb128 0x1
 225 00fe 50       		.byte	0x50
 226 00ff 01       		.uleb128 0x1
 227 0100 30       		.byte	0x30
 228 0101 00       		.byte	0
 229 0102 0B       		.uleb128 0xb
 230 0103 10000000 		.4byte	.LVL1
 231 0107 8A010000 		.4byte	0x18a
 232 010b 09       		.uleb128 0x9
 233 010c 1E000000 		.4byte	.LVL2
 234 0110 96010000 		.4byte	0x196
 235 0114 2C010000 		.4byte	0x12c
 236 0118 0A       		.uleb128 0xa
 237 0119 01       		.uleb128 0x1
 238 011a 52       		.byte	0x52
 239 011b 01       		.uleb128 0x1
 240 011c 38       		.byte	0x38
 241 011d 0A       		.uleb128 0xa
 242 011e 01       		.uleb128 0x1
 243 011f 51       		.byte	0x51
 244 0120 05       		.uleb128 0x5
 245 0121 03       		.byte	0x3
 246 0122 00000000 		.4byte	.LANCHOR0
ARM GAS  C:\Users\addis\AppData\Local\Temp\ccJVbO02.s 			page 6


 247 0126 0A       		.uleb128 0xa
 248 0127 01       		.uleb128 0x1
 249 0128 50       		.byte	0x50
 250 0129 01       		.uleb128 0x1
 251 012a 31       		.byte	0x31
 252 012b 00       		.byte	0
 253 012c 09       		.uleb128 0x9
 254 012d 24000000 		.4byte	.LVL3
 255 0131 BD010000 		.4byte	0x1bd
 256 0135 3F010000 		.4byte	0x13f
 257 0139 0A       		.uleb128 0xa
 258 013a 01       		.uleb128 0x1
 259 013b 50       		.byte	0x50
 260 013c 01       		.uleb128 0x1
 261 013d 31       		.byte	0x31
 262 013e 00       		.byte	0
 263 013f 0C       		.uleb128 0xc
 264 0140 30000000 		.4byte	.LVL4
 265 0144 D3010000 		.4byte	0x1d3
 266 0148 0A       		.uleb128 0xa
 267 0149 01       		.uleb128 0x1
 268 014a 50       		.byte	0x50
 269 014b 03       		.uleb128 0x3
 270 014c 0A       		.byte	0xa
 271 014d B80B     		.2byte	0xbb8
 272 014f 00       		.byte	0
 273 0150 00       		.byte	0
 274 0151 0D       		.uleb128 0xd
 275 0152 3C000000 		.4byte	.LASF18
 276 0156 05       		.byte	0x5
 277 0157 5506     		.2byte	0x655
 278 0159 5D010000 		.4byte	0x15d
 279 015d 0E       		.uleb128 0xe
 280 015e 76000000 		.4byte	0x76
 281 0162 0F       		.uleb128 0xf
 282 0163 15000000 		.4byte	.LASF19
 283 0167 01       		.byte	0x1
 284 0168 12       		.byte	0x12
 285 0169 C1000000 		.4byte	0xc1
 286 016d 05       		.uleb128 0x5
 287 016e 03       		.byte	0x3
 288 016f 00000000 		.4byte	keyboardPacket
 289 0173 10       		.uleb128 0x10
 290 0174 A3000000 		.4byte	.LASF20
 291 0178 06       		.byte	0x6
 292 0179 2F01     		.2byte	0x12f
 293 017b 8A010000 		.4byte	0x18a
 294 017f 11       		.uleb128 0x11
 295 0180 81000000 		.4byte	0x81
 296 0184 11       		.uleb128 0x11
 297 0185 81000000 		.4byte	0x81
 298 0189 00       		.byte	0
 299 018a 12       		.uleb128 0x12
 300 018b 59000000 		.4byte	.LASF26
 301 018f 06       		.byte	0x6
 302 0190 3201     		.2byte	0x132
 303 0192 81000000 		.4byte	0x81
ARM GAS  C:\Users\addis\AppData\Local\Temp\ccJVbO02.s 			page 7


 304 0196 10       		.uleb128 0x10
 305 0197 F7010000 		.4byte	.LASF21
 306 019b 06       		.byte	0x6
 307 019c 3701     		.2byte	0x137
 308 019e B2010000 		.4byte	0x1b2
 309 01a2 11       		.uleb128 0x11
 310 01a3 81000000 		.4byte	0x81
 311 01a7 11       		.uleb128 0x11
 312 01a8 B2010000 		.4byte	0x1b2
 313 01ac 11       		.uleb128 0x11
 314 01ad 8D000000 		.4byte	0x8d
 315 01b1 00       		.byte	0
 316 01b2 13       		.uleb128 0x13
 317 01b3 04       		.byte	0x4
 318 01b4 B8010000 		.4byte	0x1b8
 319 01b8 14       		.uleb128 0x14
 320 01b9 81000000 		.4byte	0x81
 321 01bd 15       		.uleb128 0x15
 322 01be E4000000 		.4byte	.LASF27
 323 01c2 06       		.byte	0x6
 324 01c3 3E01     		.2byte	0x13e
 325 01c5 81000000 		.4byte	0x81
 326 01c9 D3010000 		.4byte	0x1d3
 327 01cd 11       		.uleb128 0x11
 328 01ce 81000000 		.4byte	0x81
 329 01d2 00       		.byte	0
 330 01d3 16       		.uleb128 0x16
 331 01d4 49000000 		.4byte	.LASF28
 332 01d8 07       		.byte	0x7
 333 01d9 77       		.byte	0x77
 334 01da 11       		.uleb128 0x11
 335 01db 99000000 		.4byte	0x99
 336 01df 00       		.byte	0
 337 01e0 00       		.byte	0
 338              		.section	.debug_abbrev,"",%progbits
 339              	.Ldebug_abbrev0:
 340 0000 01       		.uleb128 0x1
 341 0001 11       		.uleb128 0x11
 342 0002 01       		.byte	0x1
 343 0003 25       		.uleb128 0x25
 344 0004 0E       		.uleb128 0xe
 345 0005 13       		.uleb128 0x13
 346 0006 0B       		.uleb128 0xb
 347 0007 03       		.uleb128 0x3
 348 0008 0E       		.uleb128 0xe
 349 0009 1B       		.uleb128 0x1b
 350 000a 0E       		.uleb128 0xe
 351 000b 55       		.uleb128 0x55
 352 000c 17       		.uleb128 0x17
 353 000d 11       		.uleb128 0x11
 354 000e 01       		.uleb128 0x1
 355 000f 10       		.uleb128 0x10
 356 0010 17       		.uleb128 0x17
 357 0011 00       		.byte	0
 358 0012 00       		.byte	0
 359 0013 02       		.uleb128 0x2
 360 0014 24       		.uleb128 0x24
ARM GAS  C:\Users\addis\AppData\Local\Temp\ccJVbO02.s 			page 8


 361 0015 00       		.byte	0
 362 0016 0B       		.uleb128 0xb
 363 0017 0B       		.uleb128 0xb
 364 0018 3E       		.uleb128 0x3e
 365 0019 0B       		.uleb128 0xb
 366 001a 03       		.uleb128 0x3
 367 001b 0E       		.uleb128 0xe
 368 001c 00       		.byte	0
 369 001d 00       		.byte	0
 370 001e 03       		.uleb128 0x3
 371 001f 16       		.uleb128 0x16
 372 0020 00       		.byte	0
 373 0021 03       		.uleb128 0x3
 374 0022 0E       		.uleb128 0xe
 375 0023 3A       		.uleb128 0x3a
 376 0024 0B       		.uleb128 0xb
 377 0025 3B       		.uleb128 0x3b
 378 0026 0B       		.uleb128 0xb
 379 0027 49       		.uleb128 0x49
 380 0028 13       		.uleb128 0x13
 381 0029 00       		.byte	0
 382 002a 00       		.byte	0
 383 002b 04       		.uleb128 0x4
 384 002c 24       		.uleb128 0x24
 385 002d 00       		.byte	0
 386 002e 0B       		.uleb128 0xb
 387 002f 0B       		.uleb128 0xb
 388 0030 3E       		.uleb128 0x3e
 389 0031 0B       		.uleb128 0xb
 390 0032 03       		.uleb128 0x3
 391 0033 08       		.uleb128 0x8
 392 0034 00       		.byte	0
 393 0035 00       		.byte	0
 394 0036 05       		.uleb128 0x5
 395 0037 16       		.uleb128 0x16
 396 0038 00       		.byte	0
 397 0039 03       		.uleb128 0x3
 398 003a 0E       		.uleb128 0xe
 399 003b 3A       		.uleb128 0x3a
 400 003c 0B       		.uleb128 0xb
 401 003d 3B       		.uleb128 0x3b
 402 003e 05       		.uleb128 0x5
 403 003f 49       		.uleb128 0x49
 404 0040 13       		.uleb128 0x13
 405 0041 00       		.byte	0
 406 0042 00       		.byte	0
 407 0043 06       		.uleb128 0x6
 408 0044 01       		.uleb128 0x1
 409 0045 01       		.byte	0x1
 410 0046 49       		.uleb128 0x49
 411 0047 13       		.uleb128 0x13
 412 0048 01       		.uleb128 0x1
 413 0049 13       		.uleb128 0x13
 414 004a 00       		.byte	0
 415 004b 00       		.byte	0
 416 004c 07       		.uleb128 0x7
 417 004d 21       		.uleb128 0x21
ARM GAS  C:\Users\addis\AppData\Local\Temp\ccJVbO02.s 			page 9


 418 004e 00       		.byte	0
 419 004f 49       		.uleb128 0x49
 420 0050 13       		.uleb128 0x13
 421 0051 2F       		.uleb128 0x2f
 422 0052 0B       		.uleb128 0xb
 423 0053 00       		.byte	0
 424 0054 00       		.byte	0
 425 0055 08       		.uleb128 0x8
 426 0056 2E       		.uleb128 0x2e
 427 0057 01       		.byte	0x1
 428 0058 3F       		.uleb128 0x3f
 429 0059 19       		.uleb128 0x19
 430 005a 03       		.uleb128 0x3
 431 005b 0E       		.uleb128 0xe
 432 005c 3A       		.uleb128 0x3a
 433 005d 0B       		.uleb128 0xb
 434 005e 3B       		.uleb128 0x3b
 435 005f 0B       		.uleb128 0xb
 436 0060 49       		.uleb128 0x49
 437 0061 13       		.uleb128 0x13
 438 0062 11       		.uleb128 0x11
 439 0063 01       		.uleb128 0x1
 440 0064 12       		.uleb128 0x12
 441 0065 06       		.uleb128 0x6
 442 0066 40       		.uleb128 0x40
 443 0067 18       		.uleb128 0x18
 444 0068 9742     		.uleb128 0x2117
 445 006a 19       		.uleb128 0x19
 446 006b 01       		.uleb128 0x1
 447 006c 13       		.uleb128 0x13
 448 006d 00       		.byte	0
 449 006e 00       		.byte	0
 450 006f 09       		.uleb128 0x9
 451 0070 898201   		.uleb128 0x4109
 452 0073 01       		.byte	0x1
 453 0074 11       		.uleb128 0x11
 454 0075 01       		.uleb128 0x1
 455 0076 31       		.uleb128 0x31
 456 0077 13       		.uleb128 0x13
 457 0078 01       		.uleb128 0x1
 458 0079 13       		.uleb128 0x13
 459 007a 00       		.byte	0
 460 007b 00       		.byte	0
 461 007c 0A       		.uleb128 0xa
 462 007d 8A8201   		.uleb128 0x410a
 463 0080 00       		.byte	0
 464 0081 02       		.uleb128 0x2
 465 0082 18       		.uleb128 0x18
 466 0083 9142     		.uleb128 0x2111
 467 0085 18       		.uleb128 0x18
 468 0086 00       		.byte	0
 469 0087 00       		.byte	0
 470 0088 0B       		.uleb128 0xb
 471 0089 898201   		.uleb128 0x4109
 472 008c 00       		.byte	0
 473 008d 11       		.uleb128 0x11
 474 008e 01       		.uleb128 0x1
ARM GAS  C:\Users\addis\AppData\Local\Temp\ccJVbO02.s 			page 10


 475 008f 31       		.uleb128 0x31
 476 0090 13       		.uleb128 0x13
 477 0091 00       		.byte	0
 478 0092 00       		.byte	0
 479 0093 0C       		.uleb128 0xc
 480 0094 898201   		.uleb128 0x4109
 481 0097 01       		.byte	0x1
 482 0098 11       		.uleb128 0x11
 483 0099 01       		.uleb128 0x1
 484 009a 31       		.uleb128 0x31
 485 009b 13       		.uleb128 0x13
 486 009c 00       		.byte	0
 487 009d 00       		.byte	0
 488 009e 0D       		.uleb128 0xd
 489 009f 34       		.uleb128 0x34
 490 00a0 00       		.byte	0
 491 00a1 03       		.uleb128 0x3
 492 00a2 0E       		.uleb128 0xe
 493 00a3 3A       		.uleb128 0x3a
 494 00a4 0B       		.uleb128 0xb
 495 00a5 3B       		.uleb128 0x3b
 496 00a6 05       		.uleb128 0x5
 497 00a7 49       		.uleb128 0x49
 498 00a8 13       		.uleb128 0x13
 499 00a9 3F       		.uleb128 0x3f
 500 00aa 19       		.uleb128 0x19
 501 00ab 3C       		.uleb128 0x3c
 502 00ac 19       		.uleb128 0x19
 503 00ad 00       		.byte	0
 504 00ae 00       		.byte	0
 505 00af 0E       		.uleb128 0xe
 506 00b0 35       		.uleb128 0x35
 507 00b1 00       		.byte	0
 508 00b2 49       		.uleb128 0x49
 509 00b3 13       		.uleb128 0x13
 510 00b4 00       		.byte	0
 511 00b5 00       		.byte	0
 512 00b6 0F       		.uleb128 0xf
 513 00b7 34       		.uleb128 0x34
 514 00b8 00       		.byte	0
 515 00b9 03       		.uleb128 0x3
 516 00ba 0E       		.uleb128 0xe
 517 00bb 3A       		.uleb128 0x3a
 518 00bc 0B       		.uleb128 0xb
 519 00bd 3B       		.uleb128 0x3b
 520 00be 0B       		.uleb128 0xb
 521 00bf 49       		.uleb128 0x49
 522 00c0 13       		.uleb128 0x13
 523 00c1 3F       		.uleb128 0x3f
 524 00c2 19       		.uleb128 0x19
 525 00c3 02       		.uleb128 0x2
 526 00c4 18       		.uleb128 0x18
 527 00c5 00       		.byte	0
 528 00c6 00       		.byte	0
 529 00c7 10       		.uleb128 0x10
 530 00c8 2E       		.uleb128 0x2e
 531 00c9 01       		.byte	0x1
ARM GAS  C:\Users\addis\AppData\Local\Temp\ccJVbO02.s 			page 11


 532 00ca 3F       		.uleb128 0x3f
 533 00cb 19       		.uleb128 0x19
 534 00cc 03       		.uleb128 0x3
 535 00cd 0E       		.uleb128 0xe
 536 00ce 3A       		.uleb128 0x3a
 537 00cf 0B       		.uleb128 0xb
 538 00d0 3B       		.uleb128 0x3b
 539 00d1 05       		.uleb128 0x5
 540 00d2 27       		.uleb128 0x27
 541 00d3 19       		.uleb128 0x19
 542 00d4 3C       		.uleb128 0x3c
 543 00d5 19       		.uleb128 0x19
 544 00d6 01       		.uleb128 0x1
 545 00d7 13       		.uleb128 0x13
 546 00d8 00       		.byte	0
 547 00d9 00       		.byte	0
 548 00da 11       		.uleb128 0x11
 549 00db 05       		.uleb128 0x5
 550 00dc 00       		.byte	0
 551 00dd 49       		.uleb128 0x49
 552 00de 13       		.uleb128 0x13
 553 00df 00       		.byte	0
 554 00e0 00       		.byte	0
 555 00e1 12       		.uleb128 0x12
 556 00e2 2E       		.uleb128 0x2e
 557 00e3 00       		.byte	0
 558 00e4 3F       		.uleb128 0x3f
 559 00e5 19       		.uleb128 0x19
 560 00e6 03       		.uleb128 0x3
 561 00e7 0E       		.uleb128 0xe
 562 00e8 3A       		.uleb128 0x3a
 563 00e9 0B       		.uleb128 0xb
 564 00ea 3B       		.uleb128 0x3b
 565 00eb 05       		.uleb128 0x5
 566 00ec 27       		.uleb128 0x27
 567 00ed 19       		.uleb128 0x19
 568 00ee 49       		.uleb128 0x49
 569 00ef 13       		.uleb128 0x13
 570 00f0 3C       		.uleb128 0x3c
 571 00f1 19       		.uleb128 0x19
 572 00f2 00       		.byte	0
 573 00f3 00       		.byte	0
 574 00f4 13       		.uleb128 0x13
 575 00f5 0F       		.uleb128 0xf
 576 00f6 00       		.byte	0
 577 00f7 0B       		.uleb128 0xb
 578 00f8 0B       		.uleb128 0xb
 579 00f9 49       		.uleb128 0x49
 580 00fa 13       		.uleb128 0x13
 581 00fb 00       		.byte	0
 582 00fc 00       		.byte	0
 583 00fd 14       		.uleb128 0x14
 584 00fe 26       		.uleb128 0x26
 585 00ff 00       		.byte	0
 586 0100 49       		.uleb128 0x49
 587 0101 13       		.uleb128 0x13
 588 0102 00       		.byte	0
ARM GAS  C:\Users\addis\AppData\Local\Temp\ccJVbO02.s 			page 12


 589 0103 00       		.byte	0
 590 0104 15       		.uleb128 0x15
 591 0105 2E       		.uleb128 0x2e
 592 0106 01       		.byte	0x1
 593 0107 3F       		.uleb128 0x3f
 594 0108 19       		.uleb128 0x19
 595 0109 03       		.uleb128 0x3
 596 010a 0E       		.uleb128 0xe
 597 010b 3A       		.uleb128 0x3a
 598 010c 0B       		.uleb128 0xb
 599 010d 3B       		.uleb128 0x3b
 600 010e 05       		.uleb128 0x5
 601 010f 27       		.uleb128 0x27
 602 0110 19       		.uleb128 0x19
 603 0111 49       		.uleb128 0x49
 604 0112 13       		.uleb128 0x13
 605 0113 3C       		.uleb128 0x3c
 606 0114 19       		.uleb128 0x19
 607 0115 01       		.uleb128 0x1
 608 0116 13       		.uleb128 0x13
 609 0117 00       		.byte	0
 610 0118 00       		.byte	0
 611 0119 16       		.uleb128 0x16
 612 011a 2E       		.uleb128 0x2e
 613 011b 01       		.byte	0x1
 614 011c 3F       		.uleb128 0x3f
 615 011d 19       		.uleb128 0x19
 616 011e 03       		.uleb128 0x3
 617 011f 0E       		.uleb128 0xe
 618 0120 3A       		.uleb128 0x3a
 619 0121 0B       		.uleb128 0xb
 620 0122 3B       		.uleb128 0x3b
 621 0123 0B       		.uleb128 0xb
 622 0124 27       		.uleb128 0x27
 623 0125 19       		.uleb128 0x19
 624 0126 3C       		.uleb128 0x3c
 625 0127 19       		.uleb128 0x19
 626 0128 00       		.byte	0
 627 0129 00       		.byte	0
 628 012a 00       		.byte	0
 629              		.section	.debug_aranges,"",%progbits
 630 0000 1C000000 		.4byte	0x1c
 631 0004 0200     		.2byte	0x2
 632 0006 00000000 		.4byte	.Ldebug_info0
 633 000a 04       		.byte	0x4
 634 000b 00       		.byte	0
 635 000c 0000     		.2byte	0
 636 000e 0000     		.2byte	0
 637 0010 00000000 		.4byte	.LFB63
 638 0014 38000000 		.4byte	.LFE63-.LFB63
 639 0018 00000000 		.4byte	0
 640 001c 00000000 		.4byte	0
 641              		.section	.debug_ranges,"",%progbits
 642              	.Ldebug_ranges0:
 643 0000 00000000 		.4byte	.LFB63
 644 0004 38000000 		.4byte	.LFE63
 645 0008 00000000 		.4byte	0
ARM GAS  C:\Users\addis\AppData\Local\Temp\ccJVbO02.s 			page 13


 646 000c 00000000 		.4byte	0
 647              		.section	.debug_line,"",%progbits
 648              	.Ldebug_line0:
 649 0000 83010000 		.section	.debug_str,"MS",%progbits,1
 649      02005F01 
 649      00000201 
 649      FB0E0D00 
 649      01010101 
 650              	.LASF6:
 651 0000 6C6F6E67 		.ascii	"long long int\000"
 651      206C6F6E 
 651      6720696E 
 651      7400
 652              	.LASF13:
 653 000e 75696E74 		.ascii	"uint32\000"
 653      333200
 654              	.LASF19:
 655 0015 6B657962 		.ascii	"keyboardPacket\000"
 655      6F617264 
 655      5061636B 
 655      657400
 656              	.LASF8:
 657 0024 756E7369 		.ascii	"unsigned int\000"
 657      676E6564 
 657      20696E74 
 657      00
 658              	.LASF25:
 659 0031 6D61696E 		.ascii	"main\000"
 659      00
 660              	.LASF11:
 661 0036 75696E74 		.ascii	"uint8\000"
 661      3800
 662              	.LASF18:
 663 003c 49544D5F 		.ascii	"ITM_RxBuffer\000"
 663      52784275 
 663      66666572 
 663      00
 664              	.LASF28:
 665 0049 43794465 		.ascii	"CyDelay\000"
 665      6C617900 
 666              	.LASF10:
 667 0051 696E7433 		.ascii	"int32_t\000"
 667      325F7400 
 668              	.LASF26:
 669 0059 55534246 		.ascii	"USBFS_GetConfiguration\000"
 669      535F4765 
 669      74436F6E 
 669      66696775 
 669      72617469 
 670              	.LASF23:
 671 0070 2E5C6D61 		.ascii	".\\main.c\000"
 671      696E2E63 
 671      00
 672              	.LASF7:
 673 0079 6C6F6E67 		.ascii	"long long unsigned int\000"
 673      206C6F6E 
 673      6720756E 
ARM GAS  C:\Users\addis\AppData\Local\Temp\ccJVbO02.s 			page 14


 673      7369676E 
 673      65642069 
 674              	.LASF3:
 675 0090 73686F72 		.ascii	"short unsigned int\000"
 675      7420756E 
 675      7369676E 
 675      65642069 
 675      6E7400
 676              	.LASF20:
 677 00a3 55534246 		.ascii	"USBFS_Start\000"
 677      535F5374 
 677      61727400 
 678              	.LASF1:
 679 00af 756E7369 		.ascii	"unsigned char\000"
 679      676E6564 
 679      20636861 
 679      7200
 680              	.LASF16:
 681 00bd 63686172 		.ascii	"char\000"
 681      00
 682              	.LASF4:
 683 00c2 6C6F6E67 		.ascii	"long int\000"
 683      20696E74 
 683      00
 684              	.LASF15:
 685 00cb 646F7562 		.ascii	"double\000"
 685      6C6500
 686              	.LASF5:
 687 00d2 6C6F6E67 		.ascii	"long unsigned int\000"
 687      20756E73 
 687      69676E65 
 687      6420696E 
 687      7400
 688              	.LASF27:
 689 00e4 55534246 		.ascii	"USBFS_GetEPAckState\000"
 689      535F4765 
 689      74455041 
 689      636B5374 
 689      61746500 
 690              	.LASF24:
 691 00f8 433A5C55 		.ascii	"C:\\Users\\addis\\Documents\\PSoC Creator\\Workspac"
 691      73657273 
 691      5C616464 
 691      69735C44 
 691      6F63756D 
 692 0126 6530325C 		.ascii	"e02\\USBKeyboard.cydsn\000"
 692      5553424B 
 692      6579626F 
 692      6172642E 
 692      63796473 
 693              	.LASF0:
 694 013c 7369676E 		.ascii	"signed char\000"
 694      65642063 
 694      68617200 
 695              	.LASF9:
 696 0148 5F5F696E 		.ascii	"__int32_t\000"
 696      7433325F 
ARM GAS  C:\Users\addis\AppData\Local\Temp\ccJVbO02.s 			page 15


 696      7400
 697              	.LASF22:
 698 0152 474E5520 		.ascii	"GNU C 4.9.3 20150303 (release) [ARM/embedded-4_9-br"
 698      4320342E 
 698      392E3320 
 698      32303135 
 698      30333033 
 699 0185 616E6368 		.ascii	"anch revision 221220] -mcpu=cortex-m3 -mthumb -g -O"
 699      20726576 
 699      6973696F 
 699      6E203232 
 699      31323230 
 700 01b8 67202D66 		.ascii	"g -ffunction-sections -ffat-lto-objects\000"
 700      66756E63 
 700      74696F6E 
 700      2D736563 
 700      74696F6E 
 701              	.LASF14:
 702 01e0 666C6F61 		.ascii	"float\000"
 702      7400
 703              	.LASF2:
 704 01e6 73686F72 		.ascii	"short int\000"
 704      7420696E 
 704      7400
 705              	.LASF12:
 706 01f0 75696E74 		.ascii	"uint16\000"
 706      313600
 707              	.LASF21:
 708 01f7 55534246 		.ascii	"USBFS_LoadInEP\000"
 708      535F4C6F 
 708      6164496E 
 708      455000
 709              	.LASF17:
 710 0206 73697A65 		.ascii	"sizetype\000"
 710      74797065 
 710      00
 711              		.ident	"GCC: (GNU Tools for ARM Embedded Processors) 4.9.3 20150303 (release) [ARM/embedded-4_9-br
